----------------------------------------
Timestamp: 6/22/2023 10:01:09 AM

Message: Scheduler: Task executed: 'Telerik.Sitefinity.ABTesting.Scheduling.ABTestsSyncTask'. Start time: 6/22/2023 10:01:09 AM. End time: 6/22/2023 10:01:09 AM. Task data: ''


----------------------------------------
----------------------------------------
Timestamp: 6/22/2023 4:00:04 PM

Message: Scheduler: Task executed: 'Telerik.Sitefinity.Services.Notifications.Scheduling.NotificationsCleanupTask'. Start time: 6/22/2023 4:00:04 PM. End time: 6/22/2023 4:00:04 PM. Task data: ''


----------------------------------------
----------------------------------------
Timestamp: 6/22/2023 4:00:04 PM

Message: Scheduler: Task executed: 'Telerik.Sitefinity.Authentication.Data.TransientDataCleanupTask'. Start time: 6/22/2023 4:00:04 PM. End time: 6/22/2023 4:00:04 PM. Task data: ''


----------------------------------------
----------------------------------------
Timestamp: 6/22/2023 4:00:04 PM

Message: Scheduler: Task executed: 'Telerik.Sitefinity.ServiceHooks.Scheduling.ServiceHooksActivitiesCleanupTask'. Start time: 6/22/2023 4:00:04 PM. End time: 6/22/2023 4:00:04 PM. Task data: ''


----------------------------------------
----------------------------------------
Timestamp: 6/22/2023 4:00:04 PM

Message: Scheduler: Task executed: 'Telerik.Sitefinity.ExternalNotifications.ExternalNotificationsRetrieverTask'. Start time: 6/22/2023 4:00:04 PM. End time: 6/22/2023 4:00:04 PM. Task data: '{}'


----------------------------------------
----------------------------------------
Timestamp: 6/22/2023 4:00:04 PM

Message: Scheduler: Task executed: 'Telerik.Sitefinity.Translations.Synchronization.TranslationSyncTask'. Start time: 6/22/2023 4:00:04 PM. End time: 6/22/2023 4:00:04 PM. Task data: ''


----------------------------------------
----------------------------------------
Timestamp: 6/22/2023 4:00:09 PM

Message: Scheduler: Task executed: 'Telerik.Sitefinity.Translations.Synchronization.TranslationImportTask'. Start time: 6/22/2023 4:00:09 PM. End time: 6/22/2023 4:00:09 PM. Task data: ''


----------------------------------------
----------------------------------------
Timestamp: 6/22/2023 4:01:00 PM

Message: Scheduler: Task executed: 'Telerik.Sitefinity.ABTesting.Scheduling.ABTestsSyncTask'. Start time: 6/22/2023 4:01:00 PM. End time: 6/22/2023 4:01:00 PM. Task data: ''


----------------------------------------
----------------------------------------
Timestamp: 6/22/2023 10:01:08 PM

Message: Scheduler: Task executed: 'Telerik.Sitefinity.ABTesting.Scheduling.ABTestsSyncTask'. Start time: 6/22/2023 10:01:08 PM. End time: 6/22/2023 10:01:08 PM. Task data: ''


----------------------------------------
----------------------------------------
Timestamp: 6/23/2023 1:00:00 AM

Message: Scheduler: Task executed: 'Telerik.Sitefinity.Versioning.Cleaner.VersioningCleanerTask'. Start time: 6/23/2023 1:00:00 AM. End time: 6/23/2023 1:00:00 AM. Task data: ''


----------------------------------------
----------------------------------------
Timestamp: 6/23/2023 4:01:08 AM

Message: Scheduler: Task executed: 'Telerik.Sitefinity.ABTesting.Scheduling.ABTestsSyncTask'. Start time: 6/23/2023 4:01:08 AM. End time: 6/23/2023 4:01:08 AM. Task data: ''


----------------------------------------
----------------------------------------
Timestamp: 6/23/2023 9:44:42 AM

Message: contentType : Telerik.Sitefinity.Pages.Model.PageNode action : Updated


----------------------------------------
----------------------------------------
Timestamp: 23/06/2023 09.44.42

Message: Page url id updated


----------------------------------------
----------------------------------------
Timestamp: 6/23/2023 9:54:36 AM

Message: contentType : Telerik.Sitefinity.Pages.Model.PageNode action : Updated


----------------------------------------
----------------------------------------
Timestamp: 23/06/2023 09.54.36

Message: Page url id updated


----------------------------------------
----------------------------------------
Timestamp: 6/23/2023 10:01:07 AM

Message: Scheduler: Task executed: 'Telerik.Sitefinity.ABTesting.Scheduling.ABTestsSyncTask'. Start time: 6/23/2023 10:01:07 AM. End time: 6/23/2023 10:01:07 AM. Task data: ''


----------------------------------------
