----------------------------------------
Timestamp: 6/21/2023 7:29:26 AM

Message: PCMC DOC NOT NULL


----------------------------------------
----------------------------------------
Timestamp: 6/21/2023 7:29:26 AM

Message: PCMC: 121


----------------------------------------
----------------------------------------
Timestamp: 6/21/2023 7:29:26 AM

Message: PCMC doctor not null


----------------------------------------
----------------------------------------
Timestamp: 6/21/2023 7:29:26 AM

Message: ImageUrl: DR-ZABEDAH-OTHMAN-1


----------------------------------------
----------------------------------------
Timestamp: 6/21/2023 7:29:26 AM

Message: PCMC doctor not null


----------------------------------------
----------------------------------------
Timestamp: 6/21/2023 7:29:26 AM

Message: ImageUrl: DR-JANMEET-KAUR-BALI-1


----------------------------------------
----------------------------------------
Timestamp: 6/21/2023 7:29:26 AM

Message: PCMC doctor not null


----------------------------------------
----------------------------------------
Timestamp: 6/21/2023 7:29:26 AM

Message: ImageUrl: DR-SARINAH-BASRO-1


----------------------------------------
----------------------------------------
Timestamp: 6/21/2023 7:29:26 AM

Message: PCMC doctor not null


----------------------------------------
----------------------------------------
Timestamp: 6/21/2023 7:29:26 AM

Message: ImageUrl: DR-MUHD-ZANAPIAH-1


----------------------------------------
----------------------------------------
Timestamp: 6/21/2023 7:29:26 AM

Message: PCMC doctor not null


----------------------------------------
----------------------------------------
Timestamp: 6/21/2023 7:29:26 AM

Message: ImageUrl: DATO-DR-GHANDHIRAJ-SOMASUNDRAM-6


----------------------------------------
----------------------------------------
Timestamp: 6/21/2023 7:29:26 AM

Message: PCMC doctor not null


----------------------------------------
----------------------------------------
Timestamp: 6/21/2023 7:29:26 AM

Message: ImageUrl: DR-RANJINI-1


----------------------------------------
----------------------------------------
Timestamp: 6/21/2023 7:29:26 AM

Message: PCMC doctor not null


----------------------------------------
----------------------------------------
Timestamp: 6/21/2023 7:29:26 AM

Message: ImageUrl: DR-OZLAN-1


----------------------------------------
----------------------------------------
Timestamp: 6/21/2023 7:29:26 AM

Message: PCMC doctor not null


----------------------------------------
----------------------------------------
Timestamp: 6/21/2023 7:29:26 AM

Message: ImageUrl: DR-MAIZA-V2


----------------------------------------
----------------------------------------
Timestamp: 6/21/2023 7:29:26 AM

Message: PCMC doctor not null


----------------------------------------
----------------------------------------
Timestamp: 6/21/2023 7:29:26 AM

Message: ImageUrl: DR-MOHD-FAISAL-JABAR-1


----------------------------------------
----------------------------------------
Timestamp: 6/21/2023 7:29:26 AM

Message: PCMC doctor not null


----------------------------------------
----------------------------------------
Timestamp: 6/21/2023 7:29:26 AM

Message: ImageUrl: DR-TONG-SHEAU-WANN


----------------------------------------
----------------------------------------
Timestamp: 6/21/2023 7:29:26 AM

Message: PCMC doctor not null


----------------------------------------
----------------------------------------
Timestamp: 6/21/2023 7:29:26 AM

Message: ImageUrl: DR-RUKMANIKANTHAN-1


----------------------------------------
----------------------------------------
Timestamp: 6/21/2023 7:29:26 AM

Message: PCMC doctor not null


----------------------------------------
----------------------------------------
Timestamp: 6/21/2023 7:29:26 AM

Message: ImageUrl: Hamdan-Leman


----------------------------------------
----------------------------------------
Timestamp: 6/21/2023 7:29:27 AM

Message: PCMC doctor not null


----------------------------------------
----------------------------------------
Timestamp: 6/21/2023 7:29:27 AM

Message: ImageUrl: DR-LILIK-INDRAWATI-1


----------------------------------------
----------------------------------------
Timestamp: 6/21/2023 7:29:27 AM

Message: PCMC doctor not null


----------------------------------------
----------------------------------------
Timestamp: 6/21/2023 7:29:27 AM

Message: ImageUrl: DR-KK-ISWARAN-1


----------------------------------------
----------------------------------------
Timestamp: 6/21/2023 7:29:27 AM

Message: PCMC doctor not null


----------------------------------------
----------------------------------------
Timestamp: 6/21/2023 7:29:27 AM

Message: ImageUrl: DR-SHANKER-2


----------------------------------------
----------------------------------------
Timestamp: 6/21/2023 7:29:27 AM

Message: PCMC doctor not null


----------------------------------------
----------------------------------------
Timestamp: 6/21/2023 7:29:27 AM

Message: ImageUrl: DR-JOHAN-RIZWAL-ISMAIL-3


----------------------------------------
----------------------------------------
Timestamp: 6/21/2023 7:29:27 AM

Message: PCMC doctor not null


----------------------------------------
----------------------------------------
Timestamp: 6/21/2023 7:29:27 AM

Message: ImageUrl: DR-FARIZA-NGAH


----------------------------------------
----------------------------------------
Timestamp: 6/21/2023 7:29:27 AM

Message: PCMC doctor not null


----------------------------------------
----------------------------------------
Timestamp: 6/21/2023 7:29:27 AM

Message: ImageUrl: DR-HILMI-LOCKMAN-1


----------------------------------------
----------------------------------------
Timestamp: 6/21/2023 7:29:27 AM

Message: PCMC doctor not null


----------------------------------------
----------------------------------------
Timestamp: 6/21/2023 7:29:27 AM

Message: ImageUrl: DR-RAVINDRAN-2


----------------------------------------
----------------------------------------
Timestamp: 6/21/2023 7:29:27 AM

Message: PCMC doctor not null


----------------------------------------
----------------------------------------
Timestamp: 6/21/2023 7:29:27 AM

Message: ImageUrl: URMILAH-DASS


----------------------------------------
----------------------------------------
Timestamp: 6/21/2023 7:29:27 AM

Message: PCMC doctor not null


----------------------------------------
----------------------------------------
Timestamp: 6/21/2023 7:29:27 AM

Message: ImageUrl: DR-RAMEEZAN-1


----------------------------------------
----------------------------------------
Timestamp: 6/21/2023 7:29:27 AM

Message: PCMC doctor not null


----------------------------------------
----------------------------------------
Timestamp: 6/21/2023 7:29:27 AM

Message: ImageUrl: DATO-DR-TIKFU-GEE-1


----------------------------------------
----------------------------------------
Timestamp: 6/21/2023 7:29:27 AM

Message: PCMC doctor not null


----------------------------------------
----------------------------------------
Timestamp: 6/21/2023 7:29:27 AM

Message: ImageUrl: DR-SHAMALA-GANESAN-1


----------------------------------------
----------------------------------------
Timestamp: 6/21/2023 7:29:27 AM

Message: PCMC doctor not null


----------------------------------------
----------------------------------------
Timestamp: 6/21/2023 7:29:27 AM

Message: ImageUrl: DATUK-DR-KULJIT-SINGH-2


----------------------------------------
----------------------------------------
Timestamp: 6/21/2023 7:29:27 AM

Message: PCMC doctor not null


----------------------------------------
----------------------------------------
Timestamp: 6/21/2023 7:29:27 AM

Message: ImageUrl: Mohamad-Zaimi-Abdul-Wahab


----------------------------------------
----------------------------------------
Timestamp: 6/21/2023 7:29:27 AM

Message: PCMC doctor not null


----------------------------------------
----------------------------------------
Timestamp: 6/21/2023 7:29:27 AM

Message: ImageUrl: DR-HUNG-LIANG-CHOO-V2


----------------------------------------
----------------------------------------
Timestamp: 6/21/2023 7:29:27 AM

Message: PCMC doctor not null


----------------------------------------
----------------------------------------
Timestamp: 6/21/2023 7:29:27 AM

Message: ImageUrl: DR-AZURA-RAMLEE-1


----------------------------------------
----------------------------------------
Timestamp: 6/21/2023 7:29:27 AM

Message: PCMC doctor not null


----------------------------------------
----------------------------------------
Timestamp: 6/21/2023 7:29:27 AM

Message: ImageUrl: DR-ANTHONY-JAMES-MANSUL-1


----------------------------------------
----------------------------------------
Timestamp: 6/21/2023 7:29:27 AM

Message: PCMC doctor not null


----------------------------------------
----------------------------------------
Timestamp: 6/21/2023 7:29:27 AM

Message: ImageUrl: Dr-Malini-2


----------------------------------------
----------------------------------------
Timestamp: 6/21/2023 7:29:27 AM

Message: PCMC doctor not null


----------------------------------------
----------------------------------------
Timestamp: 6/21/2023 7:29:27 AM

Message: ImageUrl: Dr-Goh-Eng-Hong_web


----------------------------------------
----------------------------------------
Timestamp: 6/21/2023 7:29:27 AM

Message: PCMC doctor not null


----------------------------------------
----------------------------------------
Timestamp: 6/21/2023 7:29:27 AM

Message: ImageUrl: DR-YAP-LOK-HUEI-Doctor-Website-Pic-1080x1080-1


----------------------------------------
----------------------------------------
Timestamp: 6/21/2023 7:29:27 AM

Message: PCMC doctor not null


----------------------------------------
----------------------------------------
Timestamp: 6/21/2023 7:29:27 AM

Message: ImageUrl: DR-DAYANG-ZURAINI-1


----------------------------------------
----------------------------------------
Timestamp: 6/21/2023 7:29:27 AM

Message: PCMC doctor not null


----------------------------------------
----------------------------------------
Timestamp: 6/21/2023 7:29:27 AM

Message: ImageUrl: DR-ANURA-3


----------------------------------------
----------------------------------------
Timestamp: 6/21/2023 7:29:27 AM

Message: PCMC doctor not null


----------------------------------------
----------------------------------------
Timestamp: 6/21/2023 7:29:27 AM

Message: ImageUrl: DR-DAVID-CUMBERLAND-1


----------------------------------------
----------------------------------------
Timestamp: 6/21/2023 7:29:27 AM

Message: PCMC doctor not null


----------------------------------------
----------------------------------------
Timestamp: 6/21/2023 7:29:28 AM

Message: Json Err System.ArgumentOutOfRangeException: Index was out of range. Must be non-negative and less than the size of the collection.
Parameter name: index
   at System.ThrowHelper.ThrowArgumentOutOfRangeException(ExceptionArgument argument, ExceptionResource resource)
   at System.Collections.Generic.List`1.get_Item(Int32 index)
   at Newtonsoft.Json.Linq.JContainer.GetItem(Int32 index)
   at Newtonsoft.Json.Linq.JArray.get_Item(Object key)
   at SitefinityWebApp.PatchDoctor.Patch_Doctor_Image_PCMC(Object sender, EventArgs e) in C:\Users\SIYI\Desktop\Projects\IHH-Demo-ver2\PatchDoctor.aspx.cs:line 696


----------------------------------------
----------------------------------------
Timestamp: 6/21/2023 7:30:25 AM

Message: PCMC DOC NOT NULL


----------------------------------------
----------------------------------------
Timestamp: 6/21/2023 7:30:25 AM

Message: PCMC: 121


----------------------------------------
----------------------------------------
Timestamp: 6/21/2023 7:30:25 AM

Message: PCMC doctor not null


----------------------------------------
----------------------------------------
Timestamp: 6/21/2023 7:30:25 AM

Message: ImageUrl: DR-ZABEDAH-OTHMAN-1


----------------------------------------
----------------------------------------
Timestamp: 6/21/2023 7:30:25 AM

Message: PCMC doctor not null


----------------------------------------
----------------------------------------
Timestamp: 6/21/2023 7:30:25 AM

Message: ImageUrl: DR-JANMEET-KAUR-BALI-1


----------------------------------------
----------------------------------------
Timestamp: 6/21/2023 7:30:25 AM

Message: PCMC doctor not null


----------------------------------------
----------------------------------------
Timestamp: 6/21/2023 7:30:25 AM

Message: ImageUrl: DR-SARINAH-BASRO-1


----------------------------------------
----------------------------------------
Timestamp: 6/21/2023 7:30:25 AM

Message: PCMC doctor not null


----------------------------------------
----------------------------------------
Timestamp: 6/21/2023 7:30:25 AM

Message: ImageUrl: DR-MUHD-ZANAPIAH-1


----------------------------------------
----------------------------------------
Timestamp: 6/21/2023 7:30:25 AM

Message: PCMC doctor not null


----------------------------------------
----------------------------------------
Timestamp: 6/21/2023 7:30:25 AM

Message: ImageUrl: DATO-DR-GHANDHIRAJ-SOMASUNDRAM-6


----------------------------------------
----------------------------------------
Timestamp: 6/21/2023 7:30:26 AM

Message: PCMC doctor not null


----------------------------------------
----------------------------------------
Timestamp: 6/21/2023 7:30:26 AM

Message: ImageUrl: DR-RANJINI-1


----------------------------------------
----------------------------------------
Timestamp: 6/21/2023 7:30:26 AM

Message: PCMC doctor not null


----------------------------------------
----------------------------------------
Timestamp: 6/21/2023 7:30:26 AM

Message: ImageUrl: DR-OZLAN-1


----------------------------------------
----------------------------------------
Timestamp: 6/21/2023 7:30:26 AM

Message: PCMC doctor not null


----------------------------------------
----------------------------------------
Timestamp: 6/21/2023 7:30:26 AM

Message: ImageUrl: DR-MAIZA-V2


----------------------------------------
----------------------------------------
Timestamp: 6/21/2023 7:30:26 AM

Message: PCMC doctor not null


----------------------------------------
----------------------------------------
Timestamp: 6/21/2023 7:30:26 AM

Message: ImageUrl: DR-MOHD-FAISAL-JABAR-1


----------------------------------------
----------------------------------------
Timestamp: 6/21/2023 7:30:26 AM

Message: PCMC doctor not null


----------------------------------------
----------------------------------------
Timestamp: 6/21/2023 7:30:26 AM

Message: ImageUrl: DR-TONG-SHEAU-WANN


----------------------------------------
----------------------------------------
Timestamp: 6/21/2023 7:30:26 AM

Message: PCMC doctor not null


----------------------------------------
----------------------------------------
Timestamp: 6/21/2023 7:30:26 AM

Message: ImageUrl: DR-RUKMANIKANTHAN-1


----------------------------------------
----------------------------------------
Timestamp: 6/21/2023 7:30:26 AM

Message: PCMC doctor not null


----------------------------------------
----------------------------------------
Timestamp: 6/21/2023 7:30:26 AM

Message: ImageUrl: Hamdan-Leman


----------------------------------------
----------------------------------------
Timestamp: 6/21/2023 7:30:26 AM

Message: PCMC doctor not null


----------------------------------------
----------------------------------------
Timestamp: 6/21/2023 7:30:26 AM

Message: ImageUrl: DR-LILIK-INDRAWATI-1


----------------------------------------
----------------------------------------
Timestamp: 6/21/2023 7:30:26 AM

Message: PCMC doctor not null


----------------------------------------
----------------------------------------
Timestamp: 6/21/2023 7:30:26 AM

Message: ImageUrl: DR-KK-ISWARAN-1


----------------------------------------
----------------------------------------
Timestamp: 6/21/2023 7:30:26 AM

Message: PCMC doctor not null


----------------------------------------
----------------------------------------
Timestamp: 6/21/2023 7:30:26 AM

Message: ImageUrl: DR-SHANKER-2


----------------------------------------
----------------------------------------
Timestamp: 6/21/2023 7:30:26 AM

Message: PCMC doctor not null


----------------------------------------
----------------------------------------
Timestamp: 6/21/2023 7:30:26 AM

Message: ImageUrl: DR-JOHAN-RIZWAL-ISMAIL-3


----------------------------------------
----------------------------------------
Timestamp: 6/21/2023 7:30:26 AM

Message: PCMC doctor not null


----------------------------------------
----------------------------------------
Timestamp: 6/21/2023 7:30:26 AM

Message: ImageUrl: DR-FARIZA-NGAH


----------------------------------------
----------------------------------------
Timestamp: 6/21/2023 7:30:26 AM

Message: PCMC doctor not null


----------------------------------------
----------------------------------------
Timestamp: 6/21/2023 7:30:26 AM

Message: ImageUrl: DR-HILMI-LOCKMAN-1


----------------------------------------
----------------------------------------
Timestamp: 6/21/2023 7:30:26 AM

Message: PCMC doctor not null


----------------------------------------
----------------------------------------
Timestamp: 6/21/2023 7:30:26 AM

Message: ImageUrl: DR-RAVINDRAN-2


----------------------------------------
----------------------------------------
Timestamp: 6/21/2023 7:30:26 AM

Message: PCMC doctor not null


----------------------------------------
----------------------------------------
Timestamp: 6/21/2023 7:30:26 AM

Message: ImageUrl: URMILAH-DASS


----------------------------------------
----------------------------------------
Timestamp: 6/21/2023 7:30:26 AM

Message: PCMC doctor not null


----------------------------------------
----------------------------------------
Timestamp: 6/21/2023 7:30:26 AM

Message: ImageUrl: DR-RAMEEZAN-1


----------------------------------------
----------------------------------------
Timestamp: 6/21/2023 7:30:26 AM

Message: PCMC doctor not null


----------------------------------------
----------------------------------------
Timestamp: 6/21/2023 7:30:26 AM

Message: ImageUrl: DATO-DR-TIKFU-GEE-1


----------------------------------------
----------------------------------------
Timestamp: 6/21/2023 7:30:26 AM

Message: PCMC doctor not null


----------------------------------------
----------------------------------------
Timestamp: 6/21/2023 7:30:26 AM

Message: ImageUrl: DR-SHAMALA-GANESAN-1


----------------------------------------
----------------------------------------
Timestamp: 6/21/2023 7:30:26 AM

Message: PCMC doctor not null


----------------------------------------
----------------------------------------
Timestamp: 6/21/2023 7:30:26 AM

Message: ImageUrl: DATUK-DR-KULJIT-SINGH-2


----------------------------------------
----------------------------------------
Timestamp: 6/21/2023 7:30:26 AM

Message: PCMC doctor not null


----------------------------------------
----------------------------------------
Timestamp: 6/21/2023 7:30:26 AM

Message: ImageUrl: Mohamad-Zaimi-Abdul-Wahab


----------------------------------------
----------------------------------------
Timestamp: 6/21/2023 7:30:26 AM

Message: PCMC doctor not null


----------------------------------------
----------------------------------------
Timestamp: 6/21/2023 7:30:26 AM

Message: ImageUrl: DR-HUNG-LIANG-CHOO-V2


----------------------------------------
----------------------------------------
Timestamp: 6/21/2023 7:30:26 AM

Message: PCMC doctor not null


----------------------------------------
----------------------------------------
Timestamp: 6/21/2023 7:30:26 AM

Message: ImageUrl: DR-AZURA-RAMLEE-1


----------------------------------------
----------------------------------------
Timestamp: 6/21/2023 7:30:26 AM

Message: PCMC doctor not null


----------------------------------------
----------------------------------------
Timestamp: 6/21/2023 7:30:26 AM

Message: ImageUrl: DR-ANTHONY-JAMES-MANSUL-1


----------------------------------------
----------------------------------------
Timestamp: 6/21/2023 7:30:26 AM

Message: PCMC doctor not null


----------------------------------------
----------------------------------------
Timestamp: 6/21/2023 7:30:26 AM

Message: ImageUrl: Dr-Malini-2


----------------------------------------
----------------------------------------
Timestamp: 6/21/2023 7:30:26 AM

Message: PCMC doctor not null


----------------------------------------
----------------------------------------
Timestamp: 6/21/2023 7:30:26 AM

Message: ImageUrl: Dr-Goh-Eng-Hong_web


----------------------------------------
----------------------------------------
Timestamp: 6/21/2023 7:30:26 AM

Message: PCMC doctor not null


----------------------------------------
----------------------------------------
Timestamp: 6/21/2023 7:30:26 AM

Message: ImageUrl: DR-YAP-LOK-HUEI-Doctor-Website-Pic-1080x1080-1


----------------------------------------
----------------------------------------
Timestamp: 6/21/2023 7:30:26 AM

Message: PCMC doctor not null


----------------------------------------
----------------------------------------
Timestamp: 6/21/2023 7:30:26 AM

Message: ImageUrl: DR-DAYANG-ZURAINI-1


----------------------------------------
----------------------------------------
Timestamp: 6/21/2023 7:30:26 AM

Message: PCMC doctor not null


----------------------------------------
----------------------------------------
Timestamp: 6/21/2023 7:30:26 AM

Message: ImageUrl: DR-ANURA-3


----------------------------------------
----------------------------------------
Timestamp: 6/21/2023 7:30:26 AM

Message: PCMC doctor not null


----------------------------------------
----------------------------------------
Timestamp: 6/21/2023 7:30:26 AM

Message: ImageUrl: DR-DAVID-CUMBERLAND-1


----------------------------------------
----------------------------------------
Timestamp: 6/21/2023 7:30:26 AM

Message: PCMC doctor not null


----------------------------------------
----------------------------------------
Timestamp: 6/21/2023 7:30:26 AM

Message: Json Err System.ArgumentOutOfRangeException: Index was out of range. Must be non-negative and less than the size of the collection.
Parameter name: index
   at System.ThrowHelper.ThrowArgumentOutOfRangeException(ExceptionArgument argument, ExceptionResource resource)
   at System.Collections.Generic.List`1.get_Item(Int32 index)
   at Newtonsoft.Json.Linq.JContainer.GetItem(Int32 index)
   at Newtonsoft.Json.Linq.JArray.get_Item(Object key)
   at SitefinityWebApp.PatchDoctor.Patch_Doctor_Image_PCMC(Object sender, EventArgs e) in C:\Users\SIYI\Desktop\Projects\IHH-Demo-ver2\PatchDoctor.aspx.cs:line 696


----------------------------------------
----------------------------------------
Timestamp: 6/21/2023 7:34:56 AM

Message: PCMC DOC NOT NULL


----------------------------------------
----------------------------------------
Timestamp: 6/21/2023 7:34:56 AM

Message: PCMC: 121


----------------------------------------
----------------------------------------
Timestamp: 6/21/2023 7:34:56 AM

Message: PCMC doctor not null


----------------------------------------
----------------------------------------
Timestamp: 6/21/2023 7:34:56 AM

Message: ImageUrl: DR-ZABEDAH-OTHMAN-1


----------------------------------------
----------------------------------------
Timestamp: 6/21/2023 7:34:56 AM

Message: PCMC doctor not null


----------------------------------------
----------------------------------------
Timestamp: 6/21/2023 7:34:56 AM

Message: ImageUrl: DR-JANMEET-KAUR-BALI-1


----------------------------------------
----------------------------------------
Timestamp: 6/21/2023 7:34:56 AM

Message: PCMC doctor not null


----------------------------------------
----------------------------------------
Timestamp: 6/21/2023 7:34:56 AM

Message: ImageUrl: DR-SARINAH-BASRO-1


----------------------------------------
----------------------------------------
Timestamp: 6/21/2023 7:34:56 AM

Message: PCMC doctor not null


----------------------------------------
----------------------------------------
Timestamp: 6/21/2023 7:34:56 AM

Message: ImageUrl: DR-MUHD-ZANAPIAH-1


----------------------------------------
----------------------------------------
Timestamp: 6/21/2023 7:34:56 AM

Message: PCMC doctor not null


----------------------------------------
----------------------------------------
Timestamp: 6/21/2023 7:34:56 AM

Message: ImageUrl: DATO-DR-GHANDHIRAJ-SOMASUNDRAM-6


----------------------------------------
----------------------------------------
Timestamp: 6/21/2023 7:34:56 AM

Message: PCMC doctor not null


----------------------------------------
----------------------------------------
Timestamp: 6/21/2023 7:34:56 AM

Message: ImageUrl: DR-RANJINI-1


----------------------------------------
----------------------------------------
Timestamp: 6/21/2023 7:34:57 AM

Message: PCMC doctor not null


----------------------------------------
----------------------------------------
Timestamp: 6/21/2023 7:34:57 AM

Message: ImageUrl: DR-OZLAN-1


----------------------------------------
----------------------------------------
Timestamp: 6/21/2023 7:34:57 AM

Message: PCMC doctor not null


----------------------------------------
----------------------------------------
Timestamp: 6/21/2023 7:34:57 AM

Message: ImageUrl: DR-MAIZA-V2


----------------------------------------
----------------------------------------
Timestamp: 6/21/2023 7:34:57 AM

Message: PCMC doctor not null


----------------------------------------
----------------------------------------
Timestamp: 6/21/2023 7:34:57 AM

Message: ImageUrl: DR-MOHD-FAISAL-JABAR-1


----------------------------------------
----------------------------------------
Timestamp: 6/21/2023 7:34:57 AM

Message: PCMC doctor not null


----------------------------------------
----------------------------------------
Timestamp: 6/21/2023 7:34:57 AM

Message: ImageUrl: DR-TONG-SHEAU-WANN


----------------------------------------
----------------------------------------
Timestamp: 6/21/2023 7:34:57 AM

Message: PCMC doctor not null


----------------------------------------
----------------------------------------
Timestamp: 6/21/2023 7:34:57 AM

Message: ImageUrl: DR-RUKMANIKANTHAN-1


----------------------------------------
----------------------------------------
Timestamp: 6/21/2023 7:34:57 AM

Message: PCMC doctor not null


----------------------------------------
----------------------------------------
Timestamp: 6/21/2023 7:34:57 AM

Message: ImageUrl: Hamdan-Leman


----------------------------------------
----------------------------------------
Timestamp: 6/21/2023 7:34:57 AM

Message: PCMC doctor not null


----------------------------------------
----------------------------------------
Timestamp: 6/21/2023 7:34:57 AM

Message: ImageUrl: DR-LILIK-INDRAWATI-1


----------------------------------------
----------------------------------------
Timestamp: 6/21/2023 7:34:57 AM

Message: PCMC doctor not null


----------------------------------------
----------------------------------------
Timestamp: 6/21/2023 7:34:57 AM

Message: ImageUrl: DR-KK-ISWARAN-1


----------------------------------------
----------------------------------------
Timestamp: 6/21/2023 7:34:57 AM

Message: PCMC doctor not null


----------------------------------------
----------------------------------------
Timestamp: 6/21/2023 7:34:57 AM

Message: ImageUrl: DR-SHANKER-2


----------------------------------------
----------------------------------------
Timestamp: 6/21/2023 7:34:57 AM

Message: PCMC doctor not null


----------------------------------------
----------------------------------------
Timestamp: 6/21/2023 7:34:57 AM

Message: ImageUrl: DR-JOHAN-RIZWAL-ISMAIL-3


----------------------------------------
----------------------------------------
Timestamp: 6/21/2023 7:34:57 AM

Message: PCMC doctor not null


----------------------------------------
----------------------------------------
Timestamp: 6/21/2023 7:34:57 AM

Message: ImageUrl: DR-FARIZA-NGAH


----------------------------------------
----------------------------------------
Timestamp: 6/21/2023 7:34:57 AM

Message: PCMC doctor not null


----------------------------------------
----------------------------------------
Timestamp: 6/21/2023 7:34:57 AM

Message: ImageUrl: DR-HILMI-LOCKMAN-1


----------------------------------------
----------------------------------------
Timestamp: 6/21/2023 7:34:57 AM

Message: PCMC doctor not null


----------------------------------------
----------------------------------------
Timestamp: 6/21/2023 7:34:57 AM

Message: ImageUrl: DR-RAVINDRAN-2


----------------------------------------
----------------------------------------
Timestamp: 6/21/2023 7:34:57 AM

Message: PCMC doctor not null


----------------------------------------
----------------------------------------
Timestamp: 6/21/2023 7:34:57 AM

Message: ImageUrl: URMILAH-DASS


----------------------------------------
----------------------------------------
Timestamp: 6/21/2023 7:34:57 AM

Message: PCMC doctor not null


----------------------------------------
----------------------------------------
Timestamp: 6/21/2023 7:34:57 AM

Message: ImageUrl: DR-RAMEEZAN-1


----------------------------------------
----------------------------------------
Timestamp: 6/21/2023 7:34:57 AM

Message: PCMC doctor not null


----------------------------------------
----------------------------------------
Timestamp: 6/21/2023 7:34:57 AM

Message: ImageUrl: DATO-DR-TIKFU-GEE-1


----------------------------------------
----------------------------------------
Timestamp: 6/21/2023 7:34:57 AM

Message: PCMC doctor not null


----------------------------------------
----------------------------------------
Timestamp: 6/21/2023 7:34:57 AM

Message: ImageUrl: DR-SHAMALA-GANESAN-1


----------------------------------------
----------------------------------------
Timestamp: 6/21/2023 7:34:57 AM

Message: PCMC doctor not null


----------------------------------------
----------------------------------------
Timestamp: 6/21/2023 7:34:57 AM

Message: ImageUrl: DATUK-DR-KULJIT-SINGH-2


----------------------------------------
----------------------------------------
Timestamp: 6/21/2023 7:34:57 AM

Message: PCMC doctor not null


----------------------------------------
----------------------------------------
Timestamp: 6/21/2023 7:34:57 AM

Message: ImageUrl: Mohamad-Zaimi-Abdul-Wahab


----------------------------------------
----------------------------------------
Timestamp: 6/21/2023 7:34:57 AM

Message: PCMC doctor not null


----------------------------------------
----------------------------------------
Timestamp: 6/21/2023 7:34:57 AM

Message: ImageUrl: DR-HUNG-LIANG-CHOO-V2


----------------------------------------
----------------------------------------
Timestamp: 6/21/2023 7:34:57 AM

Message: PCMC doctor not null


----------------------------------------
----------------------------------------
Timestamp: 6/21/2023 7:34:57 AM

Message: ImageUrl: DR-AZURA-RAMLEE-1


----------------------------------------
----------------------------------------
Timestamp: 6/21/2023 7:34:57 AM

Message: PCMC doctor not null


----------------------------------------
----------------------------------------
Timestamp: 6/21/2023 7:34:57 AM

Message: ImageUrl: DR-ANTHONY-JAMES-MANSUL-1


----------------------------------------
----------------------------------------
Timestamp: 6/21/2023 7:34:57 AM

Message: PCMC doctor not null


----------------------------------------
----------------------------------------
Timestamp: 6/21/2023 7:34:57 AM

Message: ImageUrl: Dr-Malini-2


----------------------------------------
----------------------------------------
Timestamp: 6/21/2023 7:34:57 AM

Message: PCMC doctor not null


----------------------------------------
----------------------------------------
Timestamp: 6/21/2023 7:34:57 AM

Message: ImageUrl: Dr-Goh-Eng-Hong_web


----------------------------------------
----------------------------------------
Timestamp: 6/21/2023 7:34:57 AM

Message: PCMC doctor not null


----------------------------------------
----------------------------------------
Timestamp: 6/21/2023 7:34:57 AM

Message: ImageUrl: DR-YAP-LOK-HUEI-Doctor-Website-Pic-1080x1080-1


----------------------------------------
----------------------------------------
Timestamp: 6/21/2023 7:34:57 AM

Message: PCMC doctor not null


----------------------------------------
----------------------------------------
Timestamp: 6/21/2023 7:34:57 AM

Message: ImageUrl: DR-DAYANG-ZURAINI-1


----------------------------------------
----------------------------------------
Timestamp: 6/21/2023 7:34:57 AM

Message: PCMC doctor not null


----------------------------------------
----------------------------------------
Timestamp: 6/21/2023 7:34:57 AM

Message: ImageUrl: DR-ANURA-3


----------------------------------------
----------------------------------------
Timestamp: 6/21/2023 7:34:57 AM

Message: PCMC doctor not null


----------------------------------------
----------------------------------------
Timestamp: 6/21/2023 7:34:57 AM

Message: ImageUrl: DR-DAVID-CUMBERLAND-1


----------------------------------------
----------------------------------------
Timestamp: 6/21/2023 7:34:57 AM

Message: PCMC doctor not null


----------------------------------------
----------------------------------------
Timestamp: 6/21/2023 7:34:57 AM

Message: ImageUrl: Chong-Kheng-Ling


----------------------------------------
----------------------------------------
Timestamp: 6/21/2023 7:34:57 AM

Message: PCMC doctor not null


----------------------------------------
----------------------------------------
Timestamp: 6/21/2023 7:34:57 AM

Message: ImageUrl: DR-FEIZEL-1


----------------------------------------
----------------------------------------
Timestamp: 6/21/2023 7:34:57 AM

Message: PCMC doctor not null


----------------------------------------
----------------------------------------
Timestamp: 6/21/2023 7:34:57 AM

Message: ImageUrl: DR-DANIEL-ZAINAL-1


----------------------------------------
----------------------------------------
Timestamp: 6/21/2023 7:34:57 AM

Message: PCMC doctor not null


----------------------------------------
----------------------------------------
Timestamp: 6/21/2023 7:34:57 AM

Message: ImageUrl: DR-DEEPAK-SINGH-1


----------------------------------------
----------------------------------------
Timestamp: 6/21/2023 7:34:57 AM

Message: PCMC doctor not null


----------------------------------------
----------------------------------------
Timestamp: 6/21/2023 7:34:57 AM

Message: ImageUrl: DR-NORAZLINA-2-1


----------------------------------------
----------------------------------------
Timestamp: 6/21/2023 7:34:57 AM

Message: PCMC doctor not null


----------------------------------------
----------------------------------------
Timestamp: 6/21/2023 7:34:57 AM

Message: ImageUrl: DR-LIM-YAM-NGO-1


----------------------------------------
----------------------------------------
Timestamp: 6/21/2023 7:34:57 AM

Message: PCMC doctor not null


----------------------------------------
----------------------------------------
Timestamp: 6/21/2023 7:34:57 AM

Message: ImageUrl: DATO-DR-JAGDEEP-NANRA


----------------------------------------
----------------------------------------
Timestamp: 6/21/2023 7:34:57 AM

Message: PCMC doctor not null


----------------------------------------
----------------------------------------
Timestamp: 6/21/2023 7:34:57 AM

Message: ImageUrl: DR-SURAIYA-1


----------------------------------------
----------------------------------------
Timestamp: 6/21/2023 7:34:58 AM

Message: PCMC doctor not null


----------------------------------------
----------------------------------------
Timestamp: 6/21/2023 7:34:58 AM

Message: ImageUrl: DR-YEO-SEK-WEE-1


----------------------------------------
----------------------------------------
Timestamp: 6/21/2023 7:34:58 AM

Message: PCMC doctor not null


----------------------------------------
----------------------------------------
Timestamp: 6/21/2023 7:34:58 AM

Message: ImageUrl: DR-HJ-HAMIDON-BASRI


----------------------------------------
----------------------------------------
Timestamp: 6/21/2023 7:34:58 AM

Message: PCMC doctor not null


----------------------------------------
----------------------------------------
Timestamp: 6/21/2023 7:34:58 AM

Message: ImageUrl: DR-TAN-NIAP-MING-2


----------------------------------------
----------------------------------------
Timestamp: 6/21/2023 7:34:58 AM

Message: PCMC doctor not null


----------------------------------------
----------------------------------------
Timestamp: 6/21/2023 7:34:58 AM

Message: ImageUrl: DR-ANANDA-DORAI-1


----------------------------------------
----------------------------------------
Timestamp: 6/21/2023 7:34:58 AM

Message: PCMC doctor not null


----------------------------------------
----------------------------------------
Timestamp: 6/21/2023 7:34:58 AM

Message: ImageUrl: DR-SHARMILA-KYLASAM-V2


----------------------------------------
----------------------------------------
Timestamp: 6/21/2023 7:34:58 AM

Message: PCMC doctor not null


----------------------------------------
----------------------------------------
Timestamp: 6/21/2023 7:34:58 AM

Message: ImageUrl: DR-SURESH-CHIDAMBARAM


----------------------------------------
----------------------------------------
Timestamp: 6/21/2023 7:34:58 AM

Message: PCMC doctor not null


----------------------------------------
----------------------------------------
Timestamp: 6/21/2023 7:34:58 AM

Message: ImageUrl: DR-GURUNATHAN-2


----------------------------------------
----------------------------------------
Timestamp: 6/21/2023 7:34:58 AM

Message: PCMC doctor not null


----------------------------------------
----------------------------------------
Timestamp: 6/21/2023 7:34:58 AM

Message: ImageUrl: Dr.-Vigneswaran-OG


----------------------------------------
----------------------------------------
Timestamp: 6/21/2023 7:34:58 AM

Message: Get Image Error: System.UriFormatException: Invalid URI: The format of the URI could not be determined.
   at System.Uri.CreateThis(String uri, Boolean dontEscape, UriKind uriKind)
   at System.Uri..ctor(String uriString)
   at System.Net.WebRequest.Create(String requestUriString)
   at SitefinityWebApp.Helpers.ImageHelper.GetImage(String url) in C:\Users\SIYI\Desktop\Projects\IHH-Demo-ver2\Helpers\ImageHelper.cs:line 178


----------------------------------------
----------------------------------------
Timestamp: 6/21/2023 7:34:58 AM

Message: Json Err System.ArgumentNullException: Buffer cannot be null.
Parameter name: buffer
   at System.IO.MemoryStream..ctor(Byte[] buffer, Boolean writable)
   at System.IO.MemoryStream..ctor(Byte[] buffer)
   at SitefinityWebApp.Helpers.ImageHelper.GetImage(String url) in C:\Users\SIYI\Desktop\Projects\IHH-Demo-ver2\Helpers\ImageHelper.cs:line 199
   at SitefinityWebApp.PatchDoctor.Patch_Doctor_Image_PCMC(Object sender, EventArgs e) in C:\Users\SIYI\Desktop\Projects\IHH-Demo-ver2\PatchDoctor.aspx.cs:line 709


----------------------------------------
----------------------------------------
Timestamp: 6/21/2023 7:36:48 AM

Message: PCMC DOC NOT NULL


----------------------------------------
----------------------------------------
Timestamp: 6/21/2023 7:36:48 AM

Message: PCMC: 121


----------------------------------------
----------------------------------------
Timestamp: 6/21/2023 7:36:48 AM

Message: PCMC doctor not null


----------------------------------------
----------------------------------------
Timestamp: 6/21/2023 7:36:48 AM

Message: ImageUrl: DR-ZABEDAH-OTHMAN-1


----------------------------------------
----------------------------------------
Timestamp: 6/21/2023 7:36:48 AM

Message: PCMC doctor not null


----------------------------------------
----------------------------------------
Timestamp: 6/21/2023 7:36:48 AM

Message: ImageUrl: DR-JANMEET-KAUR-BALI-1


----------------------------------------
----------------------------------------
Timestamp: 6/21/2023 7:36:48 AM

Message: PCMC doctor not null


----------------------------------------
----------------------------------------
Timestamp: 6/21/2023 7:36:48 AM

Message: ImageUrl: DR-SARINAH-BASRO-1


----------------------------------------
----------------------------------------
Timestamp: 6/21/2023 7:36:48 AM

Message: PCMC doctor not null


----------------------------------------
----------------------------------------
Timestamp: 6/21/2023 7:36:48 AM

Message: ImageUrl: DR-MUHD-ZANAPIAH-1


----------------------------------------
----------------------------------------
Timestamp: 6/21/2023 7:36:48 AM

Message: PCMC doctor not null


----------------------------------------
----------------------------------------
Timestamp: 6/21/2023 7:36:48 AM

Message: ImageUrl: DATO-DR-GHANDHIRAJ-SOMASUNDRAM-6


----------------------------------------
----------------------------------------
Timestamp: 6/21/2023 7:36:48 AM

Message: PCMC doctor not null


----------------------------------------
----------------------------------------
Timestamp: 6/21/2023 7:36:48 AM

Message: ImageUrl: DR-RANJINI-1


----------------------------------------
----------------------------------------
Timestamp: 6/21/2023 7:36:48 AM

Message: PCMC doctor not null


----------------------------------------
----------------------------------------
Timestamp: 6/21/2023 7:36:48 AM

Message: ImageUrl: DR-OZLAN-1


----------------------------------------
----------------------------------------
Timestamp: 6/21/2023 7:36:48 AM

Message: PCMC doctor not null


----------------------------------------
----------------------------------------
Timestamp: 6/21/2023 7:36:48 AM

Message: ImageUrl: DR-MAIZA-V2


----------------------------------------
----------------------------------------
Timestamp: 6/21/2023 7:36:48 AM

Message: PCMC doctor not null


----------------------------------------
----------------------------------------
Timestamp: 6/21/2023 7:36:48 AM

Message: ImageUrl: DR-MOHD-FAISAL-JABAR-1


----------------------------------------
----------------------------------------
Timestamp: 6/21/2023 7:36:48 AM

Message: PCMC doctor not null


----------------------------------------
----------------------------------------
Timestamp: 6/21/2023 7:36:48 AM

Message: ImageUrl: DR-TONG-SHEAU-WANN


----------------------------------------
----------------------------------------
Timestamp: 6/21/2023 7:36:48 AM

Message: PCMC doctor not null


----------------------------------------
----------------------------------------
Timestamp: 6/21/2023 7:36:48 AM

Message: ImageUrl: DR-RUKMANIKANTHAN-1


----------------------------------------
----------------------------------------
Timestamp: 6/21/2023 7:36:48 AM

Message: PCMC doctor not null


----------------------------------------
----------------------------------------
Timestamp: 6/21/2023 7:36:48 AM

Message: ImageUrl: Hamdan-Leman


----------------------------------------
----------------------------------------
Timestamp: 6/21/2023 7:36:48 AM

Message: PCMC doctor not null


----------------------------------------
----------------------------------------
Timestamp: 6/21/2023 7:36:48 AM

Message: ImageUrl: DR-LILIK-INDRAWATI-1


----------------------------------------
----------------------------------------
Timestamp: 6/21/2023 7:36:48 AM

Message: PCMC doctor not null


----------------------------------------
----------------------------------------
Timestamp: 6/21/2023 7:36:48 AM

Message: ImageUrl: DR-KK-ISWARAN-1


----------------------------------------
----------------------------------------
Timestamp: 6/21/2023 7:36:48 AM

Message: PCMC doctor not null


----------------------------------------
----------------------------------------
Timestamp: 6/21/2023 7:36:48 AM

Message: ImageUrl: DR-SHANKER-2


----------------------------------------
----------------------------------------
Timestamp: 6/21/2023 7:36:48 AM

Message: PCMC doctor not null


----------------------------------------
----------------------------------------
Timestamp: 6/21/2023 7:36:48 AM

Message: ImageUrl: DR-JOHAN-RIZWAL-ISMAIL-3


----------------------------------------
----------------------------------------
Timestamp: 6/21/2023 7:36:48 AM

Message: PCMC doctor not null


----------------------------------------
----------------------------------------
Timestamp: 6/21/2023 7:36:48 AM

Message: ImageUrl: DR-FARIZA-NGAH


----------------------------------------
----------------------------------------
Timestamp: 6/21/2023 7:36:48 AM

Message: PCMC doctor not null


----------------------------------------
----------------------------------------
Timestamp: 6/21/2023 7:36:48 AM

Message: ImageUrl: DR-HILMI-LOCKMAN-1


----------------------------------------
----------------------------------------
Timestamp: 6/21/2023 7:36:49 AM

Message: PCMC doctor not null


----------------------------------------
----------------------------------------
Timestamp: 6/21/2023 7:36:49 AM

Message: ImageUrl: DR-RAVINDRAN-2


----------------------------------------
----------------------------------------
Timestamp: 6/21/2023 7:36:49 AM

Message: PCMC doctor not null


----------------------------------------
----------------------------------------
Timestamp: 6/21/2023 7:36:49 AM

Message: ImageUrl: URMILAH-DASS


----------------------------------------
----------------------------------------
Timestamp: 6/21/2023 7:36:49 AM

Message: PCMC doctor not null


----------------------------------------
----------------------------------------
Timestamp: 6/21/2023 7:36:49 AM

Message: ImageUrl: DR-RAMEEZAN-1


----------------------------------------
----------------------------------------
Timestamp: 6/21/2023 7:36:49 AM

Message: PCMC doctor not null


----------------------------------------
----------------------------------------
Timestamp: 6/21/2023 7:36:49 AM

Message: ImageUrl: DATO-DR-TIKFU-GEE-1


----------------------------------------
----------------------------------------
Timestamp: 6/21/2023 7:36:49 AM

Message: PCMC doctor not null


----------------------------------------
----------------------------------------
Timestamp: 6/21/2023 7:36:49 AM

Message: ImageUrl: DR-SHAMALA-GANESAN-1


----------------------------------------
----------------------------------------
Timestamp: 6/21/2023 7:36:49 AM

Message: PCMC doctor not null


----------------------------------------
----------------------------------------
Timestamp: 6/21/2023 7:36:49 AM

Message: ImageUrl: DATUK-DR-KULJIT-SINGH-2


----------------------------------------
----------------------------------------
Timestamp: 6/21/2023 7:36:49 AM

Message: PCMC doctor not null


----------------------------------------
----------------------------------------
Timestamp: 6/21/2023 7:36:49 AM

Message: ImageUrl: Mohamad-Zaimi-Abdul-Wahab


----------------------------------------
----------------------------------------
Timestamp: 6/21/2023 7:36:49 AM

Message: PCMC doctor not null


----------------------------------------
----------------------------------------
Timestamp: 6/21/2023 7:36:49 AM

Message: ImageUrl: DR-HUNG-LIANG-CHOO-V2


----------------------------------------
----------------------------------------
Timestamp: 6/21/2023 7:36:49 AM

Message: PCMC doctor not null


----------------------------------------
----------------------------------------
Timestamp: 6/21/2023 7:36:49 AM

Message: ImageUrl: DR-AZURA-RAMLEE-1


----------------------------------------
----------------------------------------
Timestamp: 6/21/2023 7:36:49 AM

Message: PCMC doctor not null


----------------------------------------
----------------------------------------
Timestamp: 6/21/2023 7:36:49 AM

Message: ImageUrl: DR-ANTHONY-JAMES-MANSUL-1


----------------------------------------
----------------------------------------
Timestamp: 6/21/2023 7:36:49 AM

Message: PCMC doctor not null


----------------------------------------
----------------------------------------
Timestamp: 6/21/2023 7:36:49 AM

Message: ImageUrl: Dr-Malini-2


----------------------------------------
----------------------------------------
Timestamp: 6/21/2023 7:36:49 AM

Message: PCMC doctor not null


----------------------------------------
----------------------------------------
Timestamp: 6/21/2023 7:36:49 AM

Message: ImageUrl: Dr-Goh-Eng-Hong_web


----------------------------------------
----------------------------------------
Timestamp: 6/21/2023 7:36:49 AM

Message: PCMC doctor not null


----------------------------------------
----------------------------------------
Timestamp: 6/21/2023 7:36:49 AM

Message: ImageUrl: DR-YAP-LOK-HUEI-Doctor-Website-Pic-1080x1080-1


----------------------------------------
----------------------------------------
Timestamp: 6/21/2023 7:36:49 AM

Message: PCMC doctor not null


----------------------------------------
----------------------------------------
Timestamp: 6/21/2023 7:36:49 AM

Message: ImageUrl: DR-DAYANG-ZURAINI-1


----------------------------------------
----------------------------------------
Timestamp: 6/21/2023 7:36:49 AM

Message: PCMC doctor not null


----------------------------------------
----------------------------------------
Timestamp: 6/21/2023 7:36:49 AM

Message: ImageUrl: DR-ANURA-3


----------------------------------------
----------------------------------------
Timestamp: 6/21/2023 7:36:49 AM

Message: PCMC doctor not null


----------------------------------------
----------------------------------------
Timestamp: 6/21/2023 7:36:49 AM

Message: ImageUrl: DR-DAVID-CUMBERLAND-1


----------------------------------------
----------------------------------------
Timestamp: 6/21/2023 7:36:49 AM

Message: PCMC doctor not null


----------------------------------------
----------------------------------------
Timestamp: 6/21/2023 7:36:49 AM

Message: ImageUrl: Chong-Kheng-Ling


----------------------------------------
----------------------------------------
Timestamp: 6/21/2023 7:36:49 AM

Message: PCMC doctor not null


----------------------------------------
----------------------------------------
Timestamp: 6/21/2023 7:36:49 AM

Message: ImageUrl: DR-FEIZEL-1


----------------------------------------
----------------------------------------
Timestamp: 6/21/2023 7:36:49 AM

Message: PCMC doctor not null


----------------------------------------
----------------------------------------
Timestamp: 6/21/2023 7:36:49 AM

Message: ImageUrl: DR-DANIEL-ZAINAL-1


----------------------------------------
----------------------------------------
Timestamp: 6/21/2023 7:36:49 AM

Message: PCMC doctor not null


----------------------------------------
----------------------------------------
Timestamp: 6/21/2023 7:36:49 AM

Message: ImageUrl: DR-DEEPAK-SINGH-1


----------------------------------------
----------------------------------------
Timestamp: 6/21/2023 7:36:49 AM

Message: PCMC doctor not null


----------------------------------------
----------------------------------------
Timestamp: 6/21/2023 7:36:49 AM

Message: ImageUrl: DR-NORAZLINA-2-1


----------------------------------------
----------------------------------------
Timestamp: 6/21/2023 7:36:49 AM

Message: PCMC doctor not null


----------------------------------------
----------------------------------------
Timestamp: 6/21/2023 7:36:49 AM

Message: ImageUrl: DR-LIM-YAM-NGO-1


----------------------------------------
----------------------------------------
Timestamp: 6/21/2023 7:36:49 AM

Message: PCMC doctor not null


----------------------------------------
----------------------------------------
Timestamp: 6/21/2023 7:36:49 AM

Message: ImageUrl: DATO-DR-JAGDEEP-NANRA


----------------------------------------
----------------------------------------
Timestamp: 6/21/2023 7:36:49 AM

Message: PCMC doctor not null


----------------------------------------
----------------------------------------
Timestamp: 6/21/2023 7:36:49 AM

Message: ImageUrl: DR-SURAIYA-1


----------------------------------------
----------------------------------------
Timestamp: 6/21/2023 7:36:49 AM

Message: PCMC doctor not null


----------------------------------------
----------------------------------------
Timestamp: 6/21/2023 7:36:49 AM

Message: ImageUrl: DR-YEO-SEK-WEE-1


----------------------------------------
----------------------------------------
Timestamp: 6/21/2023 7:36:49 AM

Message: PCMC doctor not null


----------------------------------------
----------------------------------------
Timestamp: 6/21/2023 7:36:49 AM

Message: ImageUrl: DR-HJ-HAMIDON-BASRI


----------------------------------------
----------------------------------------
Timestamp: 6/21/2023 7:36:49 AM

Message: PCMC doctor not null


----------------------------------------
----------------------------------------
Timestamp: 6/21/2023 7:36:49 AM

Message: ImageUrl: DR-TAN-NIAP-MING-2


----------------------------------------
----------------------------------------
Timestamp: 6/21/2023 7:36:49 AM

Message: PCMC doctor not null


----------------------------------------
----------------------------------------
Timestamp: 6/21/2023 7:36:49 AM

Message: ImageUrl: DR-ANANDA-DORAI-1


----------------------------------------
----------------------------------------
Timestamp: 6/21/2023 7:36:49 AM

Message: PCMC doctor not null


----------------------------------------
----------------------------------------
Timestamp: 6/21/2023 7:36:49 AM

Message: ImageUrl: DR-SHARMILA-KYLASAM-V2


----------------------------------------
----------------------------------------
Timestamp: 6/21/2023 7:36:49 AM

Message: PCMC doctor not null


----------------------------------------
----------------------------------------
Timestamp: 6/21/2023 7:36:49 AM

Message: ImageUrl: DR-SURESH-CHIDAMBARAM


----------------------------------------
----------------------------------------
Timestamp: 6/21/2023 7:36:49 AM

Message: PCMC doctor not null


----------------------------------------
----------------------------------------
Timestamp: 6/21/2023 7:36:49 AM

Message: ImageUrl: DR-GURUNATHAN-2


----------------------------------------
----------------------------------------
Timestamp: 6/21/2023 7:36:49 AM

Message: PCMC doctor not null


----------------------------------------
----------------------------------------
Timestamp: 6/21/2023 7:36:49 AM

Message: ImageUrl: Dr.-Vigneswaran-OG


----------------------------------------
----------------------------------------
Timestamp: 6/21/2023 7:36:49 AM

Message: Get Image Error: System.UriFormatException: Invalid URI: The format of the URI could not be determined.
   at System.Uri.CreateThis(String uri, Boolean dontEscape, UriKind uriKind)
   at System.Uri..ctor(String uriString)
   at System.Net.WebRequest.Create(String requestUriString)
   at SitefinityWebApp.Helpers.ImageHelper.GetImage(String url) in C:\Users\SIYI\Desktop\Projects\IHH-Demo-ver2\Helpers\ImageHelper.cs:line 178


----------------------------------------
----------------------------------------
Timestamp: 6/21/2023 7:36:49 AM

Message: Json Err System.ArgumentNullException: Buffer cannot be null.
Parameter name: buffer
   at System.IO.MemoryStream..ctor(Byte[] buffer, Boolean writable)
   at System.IO.MemoryStream..ctor(Byte[] buffer)
   at SitefinityWebApp.Helpers.ImageHelper.GetImage(String url) in C:\Users\SIYI\Desktop\Projects\IHH-Demo-ver2\Helpers\ImageHelper.cs:line 199
   at SitefinityWebApp.PatchDoctor.Patch_Doctor_Image_PCMC(Object sender, EventArgs e) in C:\Users\SIYI\Desktop\Projects\IHH-Demo-ver2\PatchDoctor.aspx.cs:line 709


----------------------------------------
----------------------------------------
Timestamp: 6/21/2023 7:38:19 AM

Message: PCMC DOC NOT NULL


----------------------------------------
----------------------------------------
Timestamp: 6/21/2023 7:38:19 AM

Message: PCMC: 121


----------------------------------------
----------------------------------------
Timestamp: 6/21/2023 7:38:19 AM

Message: PCMC doctor not null


----------------------------------------
----------------------------------------
Timestamp: 6/21/2023 7:38:19 AM

Message: ImageUrl: DR-ZABEDAH-OTHMAN-1


----------------------------------------
----------------------------------------
Timestamp: 6/21/2023 7:38:19 AM

Message: PCMC doctor not null


----------------------------------------
----------------------------------------
Timestamp: 6/21/2023 7:38:19 AM

Message: ImageUrl: DR-JANMEET-KAUR-BALI-1


----------------------------------------
----------------------------------------
Timestamp: 6/21/2023 7:38:19 AM

Message: PCMC doctor not null


----------------------------------------
----------------------------------------
Timestamp: 6/21/2023 7:38:19 AM

Message: ImageUrl: DR-SARINAH-BASRO-1


----------------------------------------
----------------------------------------
Timestamp: 6/21/2023 7:38:19 AM

Message: PCMC doctor not null


----------------------------------------
----------------------------------------
Timestamp: 6/21/2023 7:38:19 AM

Message: ImageUrl: DR-MUHD-ZANAPIAH-1


----------------------------------------
----------------------------------------
Timestamp: 6/21/2023 7:38:19 AM

Message: PCMC doctor not null


----------------------------------------
----------------------------------------
Timestamp: 6/21/2023 7:38:19 AM

Message: ImageUrl: DATO-DR-GHANDHIRAJ-SOMASUNDRAM-6


----------------------------------------
----------------------------------------
Timestamp: 6/21/2023 7:38:19 AM

Message: PCMC doctor not null


----------------------------------------
----------------------------------------
Timestamp: 6/21/2023 7:38:19 AM

Message: ImageUrl: DR-RANJINI-1


----------------------------------------
----------------------------------------
Timestamp: 6/21/2023 7:38:19 AM

Message: PCMC doctor not null


----------------------------------------
----------------------------------------
Timestamp: 6/21/2023 7:38:19 AM

Message: ImageUrl: DR-OZLAN-1


----------------------------------------
----------------------------------------
Timestamp: 6/21/2023 7:38:19 AM

Message: PCMC doctor not null


----------------------------------------
----------------------------------------
Timestamp: 6/21/2023 7:38:19 AM

Message: ImageUrl: DR-MAIZA-V2


----------------------------------------
----------------------------------------
Timestamp: 6/21/2023 7:38:19 AM

Message: PCMC doctor not null


----------------------------------------
----------------------------------------
Timestamp: 6/21/2023 7:38:19 AM

Message: ImageUrl: DR-MOHD-FAISAL-JABAR-1


----------------------------------------
----------------------------------------
Timestamp: 6/21/2023 7:38:19 AM

Message: PCMC doctor not null


----------------------------------------
----------------------------------------
Timestamp: 6/21/2023 7:38:19 AM

Message: ImageUrl: DR-TONG-SHEAU-WANN


----------------------------------------
----------------------------------------
Timestamp: 6/21/2023 7:38:19 AM

Message: PCMC doctor not null


----------------------------------------
----------------------------------------
Timestamp: 6/21/2023 7:38:19 AM

Message: ImageUrl: DR-RUKMANIKANTHAN-1


----------------------------------------
----------------------------------------
Timestamp: 6/21/2023 7:38:19 AM

Message: PCMC doctor not null


----------------------------------------
----------------------------------------
Timestamp: 6/21/2023 7:38:19 AM

Message: ImageUrl: Hamdan-Leman


----------------------------------------
----------------------------------------
Timestamp: 6/21/2023 7:38:19 AM

Message: PCMC doctor not null


----------------------------------------
----------------------------------------
Timestamp: 6/21/2023 7:38:19 AM

Message: ImageUrl: DR-LILIK-INDRAWATI-1


----------------------------------------
----------------------------------------
Timestamp: 6/21/2023 7:38:19 AM

Message: PCMC doctor not null


----------------------------------------
----------------------------------------
Timestamp: 6/21/2023 7:38:19 AM

Message: ImageUrl: DR-KK-ISWARAN-1


----------------------------------------
----------------------------------------
Timestamp: 6/21/2023 7:38:19 AM

Message: PCMC doctor not null


----------------------------------------
----------------------------------------
Timestamp: 6/21/2023 7:38:19 AM

Message: ImageUrl: DR-SHANKER-2


----------------------------------------
----------------------------------------
Timestamp: 6/21/2023 7:38:19 AM

Message: PCMC doctor not null


----------------------------------------
----------------------------------------
Timestamp: 6/21/2023 7:38:19 AM

Message: ImageUrl: DR-JOHAN-RIZWAL-ISMAIL-3


----------------------------------------
----------------------------------------
Timestamp: 6/21/2023 7:38:19 AM

Message: PCMC doctor not null


----------------------------------------
----------------------------------------
Timestamp: 6/21/2023 7:38:19 AM

Message: ImageUrl: DR-FARIZA-NGAH


----------------------------------------
----------------------------------------
Timestamp: 6/21/2023 7:38:19 AM

Message: PCMC doctor not null


----------------------------------------
----------------------------------------
Timestamp: 6/21/2023 7:38:19 AM

Message: ImageUrl: DR-HILMI-LOCKMAN-1


----------------------------------------
----------------------------------------
Timestamp: 6/21/2023 7:38:19 AM

Message: PCMC doctor not null


----------------------------------------
----------------------------------------
Timestamp: 6/21/2023 7:38:19 AM

Message: ImageUrl: DR-RAVINDRAN-2


----------------------------------------
----------------------------------------
Timestamp: 6/21/2023 7:38:19 AM

Message: PCMC doctor not null


----------------------------------------
----------------------------------------
Timestamp: 6/21/2023 7:38:19 AM

Message: ImageUrl: URMILAH-DASS


----------------------------------------
----------------------------------------
Timestamp: 6/21/2023 7:38:19 AM

Message: PCMC doctor not null


----------------------------------------
----------------------------------------
Timestamp: 6/21/2023 7:38:19 AM

Message: ImageUrl: DR-RAMEEZAN-1


----------------------------------------
----------------------------------------
Timestamp: 6/21/2023 7:38:19 AM

Message: PCMC doctor not null


----------------------------------------
----------------------------------------
Timestamp: 6/21/2023 7:38:19 AM

Message: ImageUrl: DATO-DR-TIKFU-GEE-1


----------------------------------------
----------------------------------------
Timestamp: 6/21/2023 7:38:19 AM

Message: PCMC doctor not null


----------------------------------------
----------------------------------------
Timestamp: 6/21/2023 7:38:19 AM

Message: ImageUrl: DR-SHAMALA-GANESAN-1


----------------------------------------
----------------------------------------
Timestamp: 6/21/2023 7:38:19 AM

Message: PCMC doctor not null


----------------------------------------
----------------------------------------
Timestamp: 6/21/2023 7:38:19 AM

Message: ImageUrl: DATUK-DR-KULJIT-SINGH-2


----------------------------------------
----------------------------------------
Timestamp: 6/21/2023 7:38:19 AM

Message: PCMC doctor not null


----------------------------------------
----------------------------------------
Timestamp: 6/21/2023 7:38:19 AM

Message: ImageUrl: Mohamad-Zaimi-Abdul-Wahab


----------------------------------------
----------------------------------------
Timestamp: 6/21/2023 7:38:19 AM

Message: PCMC doctor not null


----------------------------------------
----------------------------------------
Timestamp: 6/21/2023 7:38:19 AM

Message: ImageUrl: DR-HUNG-LIANG-CHOO-V2


----------------------------------------
----------------------------------------
Timestamp: 6/21/2023 7:38:19 AM

Message: PCMC doctor not null


----------------------------------------
----------------------------------------
Timestamp: 6/21/2023 7:38:19 AM

Message: ImageUrl: DR-AZURA-RAMLEE-1


----------------------------------------
----------------------------------------
Timestamp: 6/21/2023 7:38:20 AM

Message: PCMC doctor not null


----------------------------------------
----------------------------------------
Timestamp: 6/21/2023 7:38:20 AM

Message: ImageUrl: DR-ANTHONY-JAMES-MANSUL-1


----------------------------------------
----------------------------------------
Timestamp: 6/21/2023 7:38:20 AM

Message: PCMC doctor not null


----------------------------------------
----------------------------------------
Timestamp: 6/21/2023 7:38:20 AM

Message: ImageUrl: Dr-Malini-2


----------------------------------------
----------------------------------------
Timestamp: 6/21/2023 7:38:20 AM

Message: PCMC doctor not null


----------------------------------------
----------------------------------------
Timestamp: 6/21/2023 7:38:20 AM

Message: ImageUrl: Dr-Goh-Eng-Hong_web


----------------------------------------
----------------------------------------
Timestamp: 6/21/2023 7:38:20 AM

Message: PCMC doctor not null


----------------------------------------
----------------------------------------
Timestamp: 6/21/2023 7:38:20 AM

Message: ImageUrl: DR-YAP-LOK-HUEI-Doctor-Website-Pic-1080x1080-1


----------------------------------------
----------------------------------------
Timestamp: 6/21/2023 7:38:20 AM

Message: PCMC doctor not null


----------------------------------------
----------------------------------------
Timestamp: 6/21/2023 7:38:20 AM

Message: ImageUrl: DR-DAYANG-ZURAINI-1


----------------------------------------
----------------------------------------
Timestamp: 6/21/2023 7:38:20 AM

Message: PCMC doctor not null


----------------------------------------
----------------------------------------
Timestamp: 6/21/2023 7:38:20 AM

Message: ImageUrl: DR-ANURA-3


----------------------------------------
----------------------------------------
Timestamp: 6/21/2023 7:38:20 AM

Message: PCMC doctor not null


----------------------------------------
----------------------------------------
Timestamp: 6/21/2023 7:38:20 AM

Message: ImageUrl: DR-DAVID-CUMBERLAND-1


----------------------------------------
----------------------------------------
Timestamp: 6/21/2023 7:38:20 AM

Message: PCMC doctor not null


----------------------------------------
----------------------------------------
Timestamp: 6/21/2023 7:38:20 AM

Message: ImageUrl: Chong-Kheng-Ling


----------------------------------------
----------------------------------------
Timestamp: 6/21/2023 7:38:20 AM

Message: PCMC doctor not null


----------------------------------------
----------------------------------------
Timestamp: 6/21/2023 7:38:20 AM

Message: ImageUrl: DR-FEIZEL-1


----------------------------------------
----------------------------------------
Timestamp: 6/21/2023 7:38:20 AM

Message: PCMC doctor not null


----------------------------------------
----------------------------------------
Timestamp: 6/21/2023 7:38:20 AM

Message: ImageUrl: DR-DANIEL-ZAINAL-1


----------------------------------------
----------------------------------------
Timestamp: 6/21/2023 7:38:20 AM

Message: PCMC doctor not null


----------------------------------------
----------------------------------------
Timestamp: 6/21/2023 7:38:20 AM

Message: ImageUrl: DR-DEEPAK-SINGH-1


----------------------------------------
----------------------------------------
Timestamp: 6/21/2023 7:38:20 AM

Message: PCMC doctor not null


----------------------------------------
----------------------------------------
Timestamp: 6/21/2023 7:38:20 AM

Message: ImageUrl: DR-NORAZLINA-2-1


----------------------------------------
----------------------------------------
Timestamp: 6/21/2023 7:38:20 AM

Message: PCMC doctor not null


----------------------------------------
----------------------------------------
Timestamp: 6/21/2023 7:38:20 AM

Message: ImageUrl: DR-LIM-YAM-NGO-1


----------------------------------------
----------------------------------------
Timestamp: 6/21/2023 7:38:20 AM

Message: PCMC doctor not null


----------------------------------------
----------------------------------------
Timestamp: 6/21/2023 7:38:20 AM

Message: ImageUrl: DATO-DR-JAGDEEP-NANRA


----------------------------------------
----------------------------------------
Timestamp: 6/21/2023 7:38:20 AM

Message: PCMC doctor not null


----------------------------------------
----------------------------------------
Timestamp: 6/21/2023 7:38:20 AM

Message: ImageUrl: DR-SURAIYA-1


----------------------------------------
----------------------------------------
Timestamp: 6/21/2023 7:38:20 AM

Message: PCMC doctor not null


----------------------------------------
----------------------------------------
Timestamp: 6/21/2023 7:38:20 AM

Message: ImageUrl: DR-YEO-SEK-WEE-1


----------------------------------------
----------------------------------------
Timestamp: 6/21/2023 7:38:20 AM

Message: PCMC doctor not null


----------------------------------------
----------------------------------------
Timestamp: 6/21/2023 7:38:20 AM

Message: ImageUrl: DR-HJ-HAMIDON-BASRI


----------------------------------------
----------------------------------------
Timestamp: 6/21/2023 7:38:20 AM

Message: PCMC doctor not null


----------------------------------------
----------------------------------------
Timestamp: 6/21/2023 7:38:20 AM

Message: ImageUrl: DR-TAN-NIAP-MING-2


----------------------------------------
----------------------------------------
Timestamp: 6/21/2023 7:38:20 AM

Message: PCMC doctor not null


----------------------------------------
----------------------------------------
Timestamp: 6/21/2023 7:38:20 AM

Message: ImageUrl: DR-ANANDA-DORAI-1


----------------------------------------
----------------------------------------
Timestamp: 6/21/2023 7:38:20 AM

Message: PCMC doctor not null


----------------------------------------
----------------------------------------
Timestamp: 6/21/2023 7:38:20 AM

Message: ImageUrl: DR-SHARMILA-KYLASAM-V2


----------------------------------------
----------------------------------------
Timestamp: 6/21/2023 7:38:20 AM

Message: PCMC doctor not null


----------------------------------------
----------------------------------------
Timestamp: 6/21/2023 7:38:20 AM

Message: ImageUrl: DR-SURESH-CHIDAMBARAM


----------------------------------------
----------------------------------------
Timestamp: 6/21/2023 7:38:20 AM

Message: PCMC doctor not null


----------------------------------------
----------------------------------------
Timestamp: 6/21/2023 7:38:20 AM

Message: ImageUrl: DR-GURUNATHAN-2


----------------------------------------
----------------------------------------
Timestamp: 6/21/2023 7:38:20 AM

Message: PCMC doctor not null


----------------------------------------
----------------------------------------
Timestamp: 6/21/2023 7:38:20 AM

Message: ImageUrl: Dr.-Vigneswaran-OG


----------------------------------------
----------------------------------------
Timestamp: 6/21/2023 7:38:20 AM

Message: Get Image Error: System.UriFormatException: Invalid URI: The format of the URI could not be determined.
   at System.Uri.CreateThis(String uri, Boolean dontEscape, UriKind uriKind)
   at System.Uri..ctor(String uriString)
   at System.Net.WebRequest.Create(String requestUriString)
   at SitefinityWebApp.Helpers.ImageHelper.GetImage(String url) in C:\Users\SIYI\Desktop\Projects\IHH-Demo-ver2\Helpers\ImageHelper.cs:line 178


----------------------------------------
----------------------------------------
Timestamp: 6/21/2023 7:38:20 AM

Message: Json Err System.ArgumentNullException: Buffer cannot be null.
Parameter name: buffer
   at System.IO.MemoryStream..ctor(Byte[] buffer, Boolean writable)
   at System.IO.MemoryStream..ctor(Byte[] buffer)
   at SitefinityWebApp.Helpers.ImageHelper.GetImage(String url) in C:\Users\SIYI\Desktop\Projects\IHH-Demo-ver2\Helpers\ImageHelper.cs:line 199
   at SitefinityWebApp.PatchDoctor.Patch_Doctor_Image_PCMC(Object sender, EventArgs e) in C:\Users\SIYI\Desktop\Projects\IHH-Demo-ver2\PatchDoctor.aspx.cs:line 709


----------------------------------------
