----------------------------------------
Timestamp: 6/23/2023 10:01:46 AM

Message: contentType : Telerik.Sitefinity.Pages.Model.PageNode action : Updated


----------------------------------------
----------------------------------------
Timestamp: 23/06/2023 10.01.46

Message: Page url id updated


----------------------------------------
----------------------------------------
Timestamp: 6/23/2023 10:05:34 AM

Message: contentType : Telerik.Sitefinity.Pages.Model.PageNode action : Updated


----------------------------------------
----------------------------------------
Timestamp: 23/06/2023 10.05.34

Message: Page url id updated


----------------------------------------
----------------------------------------
Timestamp: 6/23/2023 10:10:23 AM

Message: contentType : Telerik.Sitefinity.Pages.Model.PageNode action : Updated


----------------------------------------
----------------------------------------
Timestamp: 23/06/2023 10.10.23

Message: Page url id updated


----------------------------------------
----------------------------------------
Timestamp: 6/23/2023 10:16:06 AM

Message: contentType : Telerik.Sitefinity.Pages.Model.PageNode action : Updated


----------------------------------------
----------------------------------------
Timestamp: 23/06/2023 10.16.06

Message: Page url id updated


----------------------------------------
----------------------------------------
Timestamp: 6/23/2023 1:05:21 PM

Message: contentType : Telerik.Sitefinity.Pages.Model.PageNode action : Updated


----------------------------------------
----------------------------------------
Timestamp: 6/23/2023 1:23:11 PM

Message: contentType : Telerik.Sitefinity.Pages.Model.PageNode action : Updated


----------------------------------------
----------------------------------------
Timestamp: 6/23/2023 1:25:12 PM

Message: contentType : Telerik.Sitefinity.Pages.Model.PageNode action : Updated


----------------------------------------
----------------------------------------
Timestamp: 6/23/2023 1:31:46 PM

Message: contentType : Telerik.Sitefinity.Pages.Model.PageNode action : Updated


----------------------------------------
----------------------------------------
Timestamp: 6/23/2023 1:34:31 PM

Message: contentType : Telerik.Sitefinity.Pages.Model.PageNode action : Updated


----------------------------------------
----------------------------------------
Timestamp: 6/23/2023 1:44:49 PM

Message: contentType : Telerik.Sitefinity.Pages.Model.PageNode action : Updated


----------------------------------------
----------------------------------------
Timestamp: 6/23/2023 1:51:09 PM

Message: contentType : Telerik.Sitefinity.Pages.Model.PageNode action : Updated


----------------------------------------
----------------------------------------
Timestamp: 6/23/2023 2:12:03 PM

Message: contentType : Telerik.Sitefinity.Pages.Model.PageNode action : Updated


----------------------------------------
----------------------------------------
Timestamp: 6/23/2023 2:26:40 PM

Message: contentType : Telerik.Sitefinity.Pages.Model.PageNode action : Updated


----------------------------------------
----------------------------------------
Timestamp: 6/23/2023 2:30:15 PM

Message: contentType : Telerik.Sitefinity.Pages.Model.PageNode action : Updated


----------------------------------------
----------------------------------------
Timestamp: 6/23/2023 2:36:13 PM

Message: contentType : Telerik.Sitefinity.Pages.Model.PageNode action : Updated


----------------------------------------
----------------------------------------
Timestamp: 6/23/2023 2:40:33 PM

Message: contentType : Telerik.Sitefinity.Pages.Model.PageTemplate action : Updated


----------------------------------------
----------------------------------------
Timestamp: 6/23/2023 2:44:39 PM

Message: contentType : Telerik.Sitefinity.Pages.Model.PageTemplate action : Updated


----------------------------------------
----------------------------------------
Timestamp: 6/23/2023 2:44:46 PM

Message: contentType : Telerik.Sitefinity.Pages.Model.PageNode action : Updated


----------------------------------------
----------------------------------------
Timestamp: 6/23/2023 2:51:07 PM

Message: contentType : Telerik.Sitefinity.Pages.Model.PageNode action : Updated


----------------------------------------
----------------------------------------
Timestamp: 6/23/2023 2:52:11 PM

Message: contentType : Telerik.Sitefinity.Pages.Model.PageNode action : Updated


----------------------------------------
----------------------------------------
Timestamp: 6/23/2023 3:07:24 PM

Message: contentType : Telerik.Sitefinity.Pages.Model.PageNode action : Updated


----------------------------------------
----------------------------------------
Timestamp: 6/23/2023 3:11:27 PM

Message: contentType : Telerik.Sitefinity.Pages.Model.PageNode action : Updated


----------------------------------------
----------------------------------------
Timestamp: 6/23/2023 4:00:06 PM

Message: Scheduler: Task executed: 'Telerik.Sitefinity.Translations.Synchronization.TranslationSyncTask'. Start time: 6/23/2023 4:00:06 PM. End time: 6/23/2023 4:00:06 PM. Task data: ''


----------------------------------------
----------------------------------------
Timestamp: 6/23/2023 4:00:06 PM

Message: Scheduler: Task executed: 'Telerik.Sitefinity.ExternalNotifications.ExternalNotificationsRetrieverTask'. Start time: 6/23/2023 4:00:06 PM. End time: 6/23/2023 4:00:06 PM. Task data: '{}'


----------------------------------------
----------------------------------------
Timestamp: 6/23/2023 4:00:06 PM

Message: Scheduler: Task executed: 'Telerik.Sitefinity.Authentication.Data.TransientDataCleanupTask'. Start time: 6/23/2023 4:00:06 PM. End time: 6/23/2023 4:00:06 PM. Task data: ''


----------------------------------------
----------------------------------------
Timestamp: 6/23/2023 4:00:06 PM

Message: Scheduler: Task executed: 'Telerik.Sitefinity.ServiceHooks.Scheduling.ServiceHooksActivitiesCleanupTask'. Start time: 6/23/2023 4:00:06 PM. End time: 6/23/2023 4:00:06 PM. Task data: ''


----------------------------------------
----------------------------------------
Timestamp: 6/23/2023 4:00:07 PM

Message: Scheduler: Task executed: 'Telerik.Sitefinity.Services.Notifications.Scheduling.NotificationsCleanupTask'. Start time: 6/23/2023 4:00:07 PM. End time: 6/23/2023 4:00:07 PM. Task data: ''


----------------------------------------
----------------------------------------
Timestamp: 6/23/2023 4:00:10 PM

Message: Scheduler: Task executed: 'Telerik.Sitefinity.Translations.Synchronization.TranslationImportTask'. Start time: 6/23/2023 4:00:10 PM. End time: 6/23/2023 4:00:10 PM. Task data: ''


----------------------------------------
----------------------------------------
Timestamp: 6/23/2023 4:01:01 PM

Message: Scheduler: Task executed: 'Telerik.Sitefinity.ABTesting.Scheduling.ABTestsSyncTask'. Start time: 6/23/2023 4:01:01 PM. End time: 6/23/2023 4:01:01 PM. Task data: ''


----------------------------------------
----------------------------------------
Timestamp: 6/23/2023 4:10:49 PM

Message: contentType : Telerik.Sitefinity.Pages.Model.PageNode action : Updated


----------------------------------------
----------------------------------------
Timestamp: 6/23/2023 4:12:30 PM

Message: contentType : Telerik.Sitefinity.Pages.Model.PageNode action : Updated


----------------------------------------
----------------------------------------
Timestamp: 6/23/2023 4:26:23 PM

Message: contentType : Telerik.Sitefinity.Pages.Model.PageNode action : Updated


----------------------------------------
----------------------------------------
Timestamp: 23/06/2023 16.26.23

Message: Page url id updated


----------------------------------------
----------------------------------------
Timestamp: 6/23/2023 4:28:26 PM

Message: contentType : Telerik.Sitefinity.Pages.Model.PageNode action : Updated


----------------------------------------
----------------------------------------
Timestamp: 23/06/2023 16.28.26

Message: Page url id updated


----------------------------------------
----------------------------------------
Timestamp: 6/23/2023 4:30:28 PM

Message: contentType : Telerik.Sitefinity.Pages.Model.PageNode action : Updated


----------------------------------------
----------------------------------------
Timestamp: 23/06/2023 16.30.28

Message: Page url id updated


----------------------------------------
----------------------------------------
Timestamp: 6/23/2023 4:34:22 PM

Message: contentType : Telerik.Sitefinity.Pages.Model.PageNode action : Updated


----------------------------------------
----------------------------------------
Timestamp: 23/06/2023 16.34.22

Message: Page url id updated


----------------------------------------
----------------------------------------
Timestamp: 6/23/2023 4:37:04 PM

Message: contentType : Telerik.Sitefinity.Pages.Model.PageNode action : Updated


----------------------------------------
----------------------------------------
Timestamp: 23/06/2023 16.37.04

Message: Page url id updated


----------------------------------------
----------------------------------------
Timestamp: 6/23/2023 4:38:20 PM

Message: contentType : Telerik.Sitefinity.Pages.Model.PageNode action : Updated


----------------------------------------
----------------------------------------
Timestamp: 23/06/2023 16.38.20

Message: Page url id updated


----------------------------------------
----------------------------------------
Timestamp: 6/23/2023 4:41:24 PM

Message: contentType : Telerik.Sitefinity.Pages.Model.PageNode action : Updated


----------------------------------------
----------------------------------------
Timestamp: 23/06/2023 16.41.24

Message: Page url id updated


----------------------------------------
----------------------------------------
Timestamp: 6/23/2023 4:44:42 PM

Message: contentType : Telerik.Sitefinity.Pages.Model.PageNode action : Updated


----------------------------------------
----------------------------------------
Timestamp: 23/06/2023 16.44.42

Message: Page url id updated


----------------------------------------
----------------------------------------
Timestamp: 6/23/2023 10:01:00 PM

Message: Scheduler: Task executed: 'Telerik.Sitefinity.ABTesting.Scheduling.ABTestsSyncTask'. Start time: 6/23/2023 10:01:00 PM. End time: 6/23/2023 10:01:00 PM. Task data: ''


----------------------------------------
----------------------------------------
Timestamp: 6/24/2023 1:00:02 AM

Message: Scheduler: Task executed: 'Telerik.Sitefinity.Versioning.Cleaner.VersioningCleanerTask'. Start time: 6/24/2023 1:00:02 AM. End time: 6/24/2023 1:00:02 AM. Task data: ''


----------------------------------------
----------------------------------------
Timestamp: 6/24/2023 3:34:08 AM

Message: contentType : Telerik.Sitefinity.Pages.Model.PageTemplate action : Updated


----------------------------------------
----------------------------------------
Timestamp: 6/24/2023 3:35:40 AM

Message: contentType : Telerik.Sitefinity.Pages.Model.PageTemplate action : Updated


----------------------------------------
----------------------------------------
Timestamp: 6/24/2023 3:35:41 AM

Message: contentType : Telerik.Sitefinity.Pages.Model.PageTemplate action : Updated


----------------------------------------
----------------------------------------
Timestamp: 6/24/2023 3:39:40 AM

Message: contentType : Telerik.Sitefinity.Pages.Model.PageNode action : Updated


----------------------------------------
----------------------------------------
Timestamp: 6/24/2023 4:01:02 AM

Message: Scheduler: Task executed: 'Telerik.Sitefinity.ABTesting.Scheduling.ABTestsSyncTask'. Start time: 6/24/2023 4:01:02 AM. End time: 6/24/2023 4:01:02 AM. Task data: ''


----------------------------------------
----------------------------------------
Timestamp: 6/24/2023 4:04:54 AM

Message: contentType : Telerik.Sitefinity.Pages.Model.PageNode action : Updated


----------------------------------------
----------------------------------------
Timestamp: 24/06/2023 04.04.54

Message: Page url id updated


----------------------------------------
----------------------------------------
Timestamp: 6/24/2023 4:23:03 AM

Message: contentType : Telerik.Sitefinity.Pages.Model.PageNode action : Updated


----------------------------------------
----------------------------------------
Timestamp: 6/24/2023 10:01:03 AM

Message: Scheduler: Task executed: 'Telerik.Sitefinity.ABTesting.Scheduling.ABTestsSyncTask'. Start time: 6/24/2023 10:01:03 AM. End time: 6/24/2023 10:01:03 AM. Task data: ''


----------------------------------------
