----------------------------------------
ActivityId: 00000000-0000-0000-0000-000000000000

Timestamp: 6/4/2023 2:09:57 PM

Message: HandlingInstanceID: 3f082a79-dea6-458e-86a2-6b08d8279ed3
An exception of type 'System.Web.HttpException' occurred and was caught.
------------------------------------------------------------------------
06/04/2023 14:09:57
Type : System.Web.HttpException, System.Web, Version=4.0.0.0, Culture=neutral, PublicKeyToken=b03f5f7f11d50a3a
Message : A potentially dangerous Request.Path value was detected from the client (:).
Source : System.Web
Help link : 
WebEventCode : 0
ErrorCode : -2147467259
Data : System.Collections.ListDictionaryInternal
TargetSite : Void ValidateInputIfRequiredByConfig()
HResult : -2147467259
Stack Trace :    at System.Web.HttpRequest.ValidateInputIfRequiredByConfig()
   at System.Web.HttpApplication.PipelineStepManager.ValidateHelper(HttpContext context)

Additional Info:

MachineName : WN1MDWK00002R
TimeStamp : 6/4/2023 2:09:57 PM
FullName : Telerik.Sitefinity.Utilities, Version=14.3.8000.0, Culture=neutral, PublicKeyToken=b28c218413bdf563
AppDomainName : /LM/W3SVC/2019185342/ROOT-9-133300767679991100
ThreadIdentity : 
WindowsIdentity : IIS APPPOOL\MYG03MWS013
Requested URL : https://ihhmalaysia-international.com/view-source:


Category: ErrorLog

Priority: 0

EventId: 90000

Severity: Error

Title:Enterprise Library Exception Handling

Machine: WN1MDWK00002R

App Domain: /LM/W3SVC/2019185342/ROOT-9-133300767679991100

ProcessId: 6796

Process Name: C:\Windows\SysWOW64\inetsrv\w3wp.exe

Thread Name: 

Win32 ThreadId:7512

Extended Properties: 
----------------------------------------
----------------------------------------
ActivityId: 6096ec6f-9db1-4e20-accd-7759fee8e41a

Timestamp: 6/4/2023 3:43:26 PM

Message: HandlingInstanceID: 9e968899-5bee-41c5-8fd6-24b9bd2e75ba
An exception of type 'System.NullReferenceException' occurred and was caught.
-----------------------------------------------------------------------------
06/04/2023 15:43:26
Type : System.NullReferenceException, mscorlib, Version=4.0.0.0, Culture=neutral, PublicKeyToken=b77a5c561934e089
Message : Object reference not set to an instance of an object.
Source : SitefinityWebApp
Help link : 
Data : System.Collections.ListDictionaryInternal
TargetSite : System.String GetCurrentViewName()
HResult : -2147467261
Stack Trace :    at SitefinityWebApp.Helpers.FrontendUrlHelper.GetCurrentViewName() in C:\Users\SIYI\Desktop\Projects\IHH-Demo-ver2\Helpers\FrontendUrlHelper.cs:line 35
   at ASP._Page_Frontend_Assembly_Telerik_Sitefinity_Frontend_DynamicContent_Mvc_Views_Packageandpromotions_List_UrlHospitalPackagesAndPromotions_cshtml_IHH_cshtml.Execute() in c:\local\Temporary ASP.NET Files\root\9bf12cb0\450be394\App_Web_list.urlhospitalpackagesandpromotions.cshtml#ihh.cshtml.9fc39136.6whdqg7u.0.cs:line 0
   at System.Web.WebPages.WebPageBase.ExecutePageHierarchy()
   at System.Web.Mvc.WebViewPage.ExecutePageHierarchy()
   at System.Web.WebPages.WebPageBase.ExecutePageHierarchy(WebPageContext pageContext, TextWriter writer, WebPageRenderingBase startPage)
   at System.Web.Mvc.RazorView.RenderView(ViewContext viewContext, TextWriter writer, Object instance)
   at System.Web.Mvc.BuildManagerCompiledView.Render(ViewContext viewContext, TextWriter writer)
   at Telerik.Sitefinity.Frontend.Mvc.Infrastructure.Compilation.CompilationPerformanceRazorView.Render(ViewContext viewContext, TextWriter writer)
   at System.Web.Mvc.ViewResultBase.ExecuteResult(ControllerContext context)
   at System.Web.Mvc.ControllerActionInvoker.InvokeActionResult(ControllerContext controllerContext, ActionResult actionResult)
   at System.Web.Mvc.ControllerActionInvoker.InvokeActionResultFilterRecursive(IList`1 filters, Int32 filterIndex, ResultExecutingContext preContext, ControllerContext controllerContext, ActionResult actionResult)
   at System.Web.Mvc.ControllerActionInvoker.InvokeActionResultFilterRecursive(IList`1 filters, Int32 filterIndex, ResultExecutingContext preContext, ControllerContext controllerContext, ActionResult actionResult)
   at System.Web.Mvc.ControllerActionInvoker.InvokeActionResultFilterRecursive(IList`1 filters, Int32 filterIndex, ResultExecutingContext preContext, ControllerContext controllerContext, ActionResult actionResult)
   at System.Web.Mvc.ControllerActionInvoker.InvokeActionResultFilterRecursive(IList`1 filters, Int32 filterIndex, ResultExecutingContext preContext, ControllerContext controllerContext, ActionResult actionResult)
   at System.Web.Mvc.ControllerActionInvoker.InvokeActionResultFilterRecursive(IList`1 filters, Int32 filterIndex, ResultExecutingContext preContext, ControllerContext controllerContext, ActionResult actionResult)
   at System.Web.Mvc.ControllerActionInvoker.InvokeActionResultFilterRecursive(IList`1 filters, Int32 filterIndex, ResultExecutingContext preContext, ControllerContext controllerContext, ActionResult actionResult)
   at System.Web.Mvc.ControllerActionInvoker.InvokeActionResultFilterRecursive(IList`1 filters, Int32 filterIndex, ResultExecutingContext preContext, ControllerContext controllerContext, ActionResult actionResult)
   at System.Web.Mvc.ControllerActionInvoker.InvokeActionResultFilterRecursive(IList`1 filters, Int32 filterIndex, ResultExecutingContext preContext, ControllerContext controllerContext, ActionResult actionResult)
   at System.Web.Mvc.ControllerActionInvoker.InvokeActionResultWithFilters(ControllerContext controllerContext, IList`1 filters, ActionResult actionResult)
   at System.Web.Mvc.ControllerActionInvoker.InvokeAction(ControllerContext controllerContext, String actionName)
   at Telerik.Sitefinity.Mvc.ControllerWrapper.Execute()
   at Telerik.Sitefinity.Mvc.ControllerActionInvoker.ExecuteController(MvcProxyBase proxyControl)
   at Telerik.Sitefinity.Frontend.Mvc.Infrastructure.Routing.FeatherActionInvoker.ExecuteController(MvcProxyBase proxyControl)

Additional Info:

MachineName : WN1MDWK00002R
TimeStamp : 6/4/2023 3:43:26 PM
FullName : Telerik.Sitefinity.Utilities, Version=14.3.8000.0, Culture=neutral, PublicKeyToken=b28c218413bdf563
AppDomainName : /LM/W3SVC/2019185342/ROOT-9-133300767679991100
ThreadIdentity : siyi@vintedge.com
WindowsIdentity : IIS APPPOOL\MYG03MWS013
Requested URL : https://www.ihhmalaysia-international.com/Sitefinity/Template/0b076543-4c8a-4620-a5cb-78d764d2db92


Category: ErrorLog

Priority: 0

EventId: 9010

Severity: Warning

Title:Enterprise Library Exception Handling

Machine: WN1MDWK00002R

App Domain: /LM/W3SVC/2019185342/ROOT-9-133300767679991100

ProcessId: 6796

Process Name: C:\Windows\SysWOW64\inetsrv\w3wp.exe

Thread Name: 

Win32 ThreadId:9084

Extended Properties: 
----------------------------------------
----------------------------------------
ActivityId: 08e5dd8a-c3eb-4ba1-b219-6f4d183af9e7

Timestamp: 6/4/2023 4:14:11 PM

Message: HandlingInstanceID: d390c1a7-e5c1-462c-a246-14589301fff7
An exception of type 'System.NullReferenceException' occurred and was caught.
-----------------------------------------------------------------------------
06/04/2023 16:14:11
Type : System.NullReferenceException, mscorlib, Version=4.0.0.0, Culture=neutral, PublicKeyToken=b77a5c561934e089
Message : Object reference not set to an instance of an object.
Source : SitefinityWebApp
Help link : 
Data : System.Collections.ListDictionaryInternal
TargetSite : System.String GetCurrentViewName()
HResult : -2147467261
Stack Trace :    at SitefinityWebApp.Helpers.FrontendUrlHelper.GetCurrentViewName() in C:\Users\SIYI\Desktop\Projects\IHH-Demo-ver2\Helpers\FrontendUrlHelper.cs:line 35
   at ASP._Page_Frontend_Assembly_Telerik_Sitefinity_Frontend_DynamicContent_Mvc_Views_Packageandpromotions_List_UrlHospitalPackagesAndPromotions_cshtml_IHH_cshtml.Execute() in c:\local\Temporary ASP.NET Files\root\9bf12cb0\450be394\App_Web_list.urlhospitalpackagesandpromotions.cshtml#ihh.cshtml.9fc39136.6whdqg7u.0.cs:line 0
   at System.Web.WebPages.WebPageBase.ExecutePageHierarchy()
   at System.Web.Mvc.WebViewPage.ExecutePageHierarchy()
   at System.Web.WebPages.WebPageBase.ExecutePageHierarchy(WebPageContext pageContext, TextWriter writer, WebPageRenderingBase startPage)
   at System.Web.Mvc.RazorView.RenderView(ViewContext viewContext, TextWriter writer, Object instance)
   at System.Web.Mvc.BuildManagerCompiledView.Render(ViewContext viewContext, TextWriter writer)
   at Telerik.Sitefinity.Frontend.Mvc.Infrastructure.Compilation.CompilationPerformanceRazorView.Render(ViewContext viewContext, TextWriter writer)
   at System.Web.Mvc.ViewResultBase.ExecuteResult(ControllerContext context)
   at System.Web.Mvc.ControllerActionInvoker.InvokeActionResult(ControllerContext controllerContext, ActionResult actionResult)
   at System.Web.Mvc.ControllerActionInvoker.InvokeActionResultFilterRecursive(IList`1 filters, Int32 filterIndex, ResultExecutingContext preContext, ControllerContext controllerContext, ActionResult actionResult)
   at System.Web.Mvc.ControllerActionInvoker.InvokeActionResultFilterRecursive(IList`1 filters, Int32 filterIndex, ResultExecutingContext preContext, ControllerContext controllerContext, ActionResult actionResult)
   at System.Web.Mvc.ControllerActionInvoker.InvokeActionResultFilterRecursive(IList`1 filters, Int32 filterIndex, ResultExecutingContext preContext, ControllerContext controllerContext, ActionResult actionResult)
   at System.Web.Mvc.ControllerActionInvoker.InvokeActionResultFilterRecursive(IList`1 filters, Int32 filterIndex, ResultExecutingContext preContext, ControllerContext controllerContext, ActionResult actionResult)
   at System.Web.Mvc.ControllerActionInvoker.InvokeActionResultFilterRecursive(IList`1 filters, Int32 filterIndex, ResultExecutingContext preContext, ControllerContext controllerContext, ActionResult actionResult)
   at System.Web.Mvc.ControllerActionInvoker.InvokeActionResultFilterRecursive(IList`1 filters, Int32 filterIndex, ResultExecutingContext preContext, ControllerContext controllerContext, ActionResult actionResult)
   at System.Web.Mvc.ControllerActionInvoker.InvokeActionResultFilterRecursive(IList`1 filters, Int32 filterIndex, ResultExecutingContext preContext, ControllerContext controllerContext, ActionResult actionResult)
   at System.Web.Mvc.ControllerActionInvoker.InvokeActionResultFilterRecursive(IList`1 filters, Int32 filterIndex, ResultExecutingContext preContext, ControllerContext controllerContext, ActionResult actionResult)
   at System.Web.Mvc.ControllerActionInvoker.InvokeActionResultWithFilters(ControllerContext controllerContext, IList`1 filters, ActionResult actionResult)
   at System.Web.Mvc.ControllerActionInvoker.InvokeAction(ControllerContext controllerContext, String actionName)
   at Telerik.Sitefinity.Mvc.ControllerWrapper.Execute()
   at Telerik.Sitefinity.Mvc.ControllerActionInvoker.ExecuteController(MvcProxyBase proxyControl)
   at Telerik.Sitefinity.Frontend.Mvc.Infrastructure.Routing.FeatherActionInvoker.ExecuteController(MvcProxyBase proxyControl)

Additional Info:

MachineName : WN1MDWK00002R
TimeStamp : 6/4/2023 4:14:11 PM
FullName : Telerik.Sitefinity.Utilities, Version=14.3.8000.0, Culture=neutral, PublicKeyToken=b28c218413bdf563
AppDomainName : /LM/W3SVC/2019185342/ROOT-9-133300767679991100
ThreadIdentity : siyi@vintedge.com
WindowsIdentity : IIS APPPOOL\MYG03MWS013
Requested URL : https://www.ihhmalaysia-international.com/Sitefinity/Template/0b076543-4c8a-4620-a5cb-78d764d2db92


Category: ErrorLog

Priority: 0

EventId: 9010

Severity: Warning

Title:Enterprise Library Exception Handling

Machine: WN1MDWK00002R

App Domain: /LM/W3SVC/2019185342/ROOT-9-133300767679991100

ProcessId: 6796

Process Name: C:\Windows\SysWOW64\inetsrv\w3wp.exe

Thread Name: 

Win32 ThreadId:6684

Extended Properties: 
----------------------------------------
----------------------------------------
ActivityId: 48aa7667-95de-41d0-a719-b538c0c08452

Timestamp: 6/4/2023 4:20:42 PM

Message: HandlingInstanceID: d876c861-14db-4906-8496-fdff7eaacae6
An exception of type 'System.NullReferenceException' occurred and was caught.
-----------------------------------------------------------------------------
06/04/2023 16:20:42
Type : System.NullReferenceException, mscorlib, Version=4.0.0.0, Culture=neutral, PublicKeyToken=b77a5c561934e089
Message : Object reference not set to an instance of an object.
Source : SitefinityWebApp
Help link : 
Data : System.Collections.ListDictionaryInternal
TargetSite : System.String GetCurrentViewName()
HResult : -2147467261
Stack Trace :    at SitefinityWebApp.Helpers.FrontendUrlHelper.GetCurrentViewName() in C:\Users\SIYI\Desktop\Projects\IHH-Demo-ver2\Helpers\FrontendUrlHelper.cs:line 35
   at ASP._Page_Frontend_Assembly_Telerik_Sitefinity_Frontend_DynamicContent_Mvc_Views_Packageandpromotions_List_UrlHospitalPackagesAndPromotions_cshtml_IHH_cshtml.Execute() in c:\local\Temporary ASP.NET Files\root\9bf12cb0\450be394\App_Web_list.urlhospitalpackagesandpromotions.cshtml#ihh.cshtml.9fc39136.6whdqg7u.0.cs:line 0
   at System.Web.WebPages.WebPageBase.ExecutePageHierarchy()
   at System.Web.Mvc.WebViewPage.ExecutePageHierarchy()
   at System.Web.WebPages.WebPageBase.ExecutePageHierarchy(WebPageContext pageContext, TextWriter writer, WebPageRenderingBase startPage)
   at System.Web.Mvc.RazorView.RenderView(ViewContext viewContext, TextWriter writer, Object instance)
   at System.Web.Mvc.BuildManagerCompiledView.Render(ViewContext viewContext, TextWriter writer)
   at Telerik.Sitefinity.Frontend.Mvc.Infrastructure.Compilation.CompilationPerformanceRazorView.Render(ViewContext viewContext, TextWriter writer)
   at System.Web.Mvc.ViewResultBase.ExecuteResult(ControllerContext context)
   at System.Web.Mvc.ControllerActionInvoker.InvokeActionResult(ControllerContext controllerContext, ActionResult actionResult)
   at System.Web.Mvc.ControllerActionInvoker.InvokeActionResultFilterRecursive(IList`1 filters, Int32 filterIndex, ResultExecutingContext preContext, ControllerContext controllerContext, ActionResult actionResult)
   at System.Web.Mvc.ControllerActionInvoker.InvokeActionResultFilterRecursive(IList`1 filters, Int32 filterIndex, ResultExecutingContext preContext, ControllerContext controllerContext, ActionResult actionResult)
   at System.Web.Mvc.ControllerActionInvoker.InvokeActionResultFilterRecursive(IList`1 filters, Int32 filterIndex, ResultExecutingContext preContext, ControllerContext controllerContext, ActionResult actionResult)
   at System.Web.Mvc.ControllerActionInvoker.InvokeActionResultFilterRecursive(IList`1 filters, Int32 filterIndex, ResultExecutingContext preContext, ControllerContext controllerContext, ActionResult actionResult)
   at System.Web.Mvc.ControllerActionInvoker.InvokeActionResultFilterRecursive(IList`1 filters, Int32 filterIndex, ResultExecutingContext preContext, ControllerContext controllerContext, ActionResult actionResult)
   at System.Web.Mvc.ControllerActionInvoker.InvokeActionResultFilterRecursive(IList`1 filters, Int32 filterIndex, ResultExecutingContext preContext, ControllerContext controllerContext, ActionResult actionResult)
   at System.Web.Mvc.ControllerActionInvoker.InvokeActionResultFilterRecursive(IList`1 filters, Int32 filterIndex, ResultExecutingContext preContext, ControllerContext controllerContext, ActionResult actionResult)
   at System.Web.Mvc.ControllerActionInvoker.InvokeActionResultFilterRecursive(IList`1 filters, Int32 filterIndex, ResultExecutingContext preContext, ControllerContext controllerContext, ActionResult actionResult)
   at System.Web.Mvc.ControllerActionInvoker.InvokeActionResultWithFilters(ControllerContext controllerContext, IList`1 filters, ActionResult actionResult)
   at System.Web.Mvc.ControllerActionInvoker.InvokeAction(ControllerContext controllerContext, String actionName)
   at Telerik.Sitefinity.Mvc.ControllerWrapper.Execute()
   at Telerik.Sitefinity.Mvc.ControllerActionInvoker.ExecuteController(MvcProxyBase proxyControl)
   at Telerik.Sitefinity.Frontend.Mvc.Infrastructure.Routing.FeatherActionInvoker.ExecuteController(MvcProxyBase proxyControl)

Additional Info:

MachineName : WN1MDWK00002R
TimeStamp : 6/4/2023 4:20:42 PM
FullName : Telerik.Sitefinity.Utilities, Version=14.3.8000.0, Culture=neutral, PublicKeyToken=b28c218413bdf563
AppDomainName : /LM/W3SVC/2019185342/ROOT-9-133300767679991100
ThreadIdentity : siyi@vintedge.com
WindowsIdentity : IIS APPPOOL\MYG03MWS013
Requested URL : https://www.ihhmalaysia-international.com/Sitefinity/Template/0b076543-4c8a-4620-a5cb-78d764d2db92


Category: ErrorLog

Priority: 0

EventId: 9010

Severity: Warning

Title:Enterprise Library Exception Handling

Machine: WN1MDWK00002R

App Domain: /LM/W3SVC/2019185342/ROOT-9-133300767679991100

ProcessId: 6796

Process Name: C:\Windows\SysWOW64\inetsrv\w3wp.exe

Thread Name: 

Win32 ThreadId:3764

Extended Properties: 
----------------------------------------
----------------------------------------
ActivityId: 6542cc43-30cc-4462-b21c-3575c4355674

Timestamp: 6/5/2023 6:12:42 AM

Message: HandlingInstanceID: 854d5220-da1f-427a-a23d-0aa010e59987
An exception of type 'System.NullReferenceException' occurred and was caught.
-----------------------------------------------------------------------------
06/05/2023 06:12:42
Type : System.NullReferenceException, mscorlib, Version=4.0.0.0, Culture=neutral, PublicKeyToken=b77a5c561934e089
Message : Object reference not set to an instance of an object.
Source : App_Web_searchresults.ihhcustomsearchresult.cshtml#ihh.cshtml.a6bd454e.3azw8i11
Help link : 
Data : System.Collections.ListDictionaryInternal
TargetSite : Void Execute()
HResult : -2147467261
Stack Trace :    at ASP._Page_Frontend_Assembly_Telerik_Sitefinity_Frontend_Search_Mvc_Views_SearchResults_SearchResults_IHHCustomSearchResult_cshtml_IHH_cshtml.Execute() in c:\local\Temporary ASP.NET Files\root\9bf12cb0\450be394\App_Web_searchresults.ihhcustomsearchresult.cshtml#ihh.cshtml.a6bd454e.3azw8i11.0.cs:line 0
   at System.Web.WebPages.WebPageBase.ExecutePageHierarchy()
   at System.Web.Mvc.WebViewPage.ExecutePageHierarchy()
   at System.Web.WebPages.WebPageBase.ExecutePageHierarchy(WebPageContext pageContext, TextWriter writer, WebPageRenderingBase startPage)
   at System.Web.Mvc.RazorView.RenderView(ViewContext viewContext, TextWriter writer, Object instance)
   at System.Web.Mvc.BuildManagerCompiledView.Render(ViewContext viewContext, TextWriter writer)
   at Telerik.Sitefinity.Frontend.Mvc.Infrastructure.Compilation.CompilationPerformanceRazorView.Render(ViewContext viewContext, TextWriter writer)
   at System.Web.Mvc.ViewResultBase.ExecuteResult(ControllerContext context)
   at System.Web.Mvc.ControllerActionInvoker.InvokeActionResult(ControllerContext controllerContext, ActionResult actionResult)
   at System.Web.Mvc.ControllerActionInvoker.InvokeActionResultFilterRecursive(IList`1 filters, Int32 filterIndex, ResultExecutingContext preContext, ControllerContext controllerContext, ActionResult actionResult)
   at System.Web.Mvc.ControllerActionInvoker.InvokeActionResultFilterRecursive(IList`1 filters, Int32 filterIndex, ResultExecutingContext preContext, ControllerContext controllerContext, ActionResult actionResult)
   at System.Web.Mvc.ControllerActionInvoker.InvokeActionResultFilterRecursive(IList`1 filters, Int32 filterIndex, ResultExecutingContext preContext, ControllerContext controllerContext, ActionResult actionResult)
   at System.Web.Mvc.ControllerActionInvoker.InvokeActionResultFilterRecursive(IList`1 filters, Int32 filterIndex, ResultExecutingContext preContext, ControllerContext controllerContext, ActionResult actionResult)
   at System.Web.Mvc.ControllerActionInvoker.InvokeActionResultFilterRecursive(IList`1 filters, Int32 filterIndex, ResultExecutingContext preContext, ControllerContext controllerContext, ActionResult actionResult)
   at System.Web.Mvc.ControllerActionInvoker.InvokeActionResultFilterRecursive(IList`1 filters, Int32 filterIndex, ResultExecutingContext preContext, ControllerContext controllerContext, ActionResult actionResult)
   at System.Web.Mvc.ControllerActionInvoker.InvokeActionResultFilterRecursive(IList`1 filters, Int32 filterIndex, ResultExecutingContext preContext, ControllerContext controllerContext, ActionResult actionResult)
   at System.Web.Mvc.ControllerActionInvoker.InvokeActionResultFilterRecursive(IList`1 filters, Int32 filterIndex, ResultExecutingContext preContext, ControllerContext controllerContext, ActionResult actionResult)
   at System.Web.Mvc.ControllerActionInvoker.InvokeActionResultWithFilters(ControllerContext controllerContext, IList`1 filters, ActionResult actionResult)
   at System.Web.Mvc.ControllerActionInvoker.InvokeAction(ControllerContext controllerContext, String actionName)
   at Telerik.Sitefinity.Mvc.ControllerWrapper.Execute()
   at Telerik.Sitefinity.Mvc.ControllerActionInvoker.ExecuteController(MvcProxyBase proxyControl)
   at Telerik.Sitefinity.Frontend.Mvc.Infrastructure.Routing.FeatherActionInvoker.ExecuteController(MvcProxyBase proxyControl)

Additional Info:

MachineName : WN1MDWK00002R
TimeStamp : 6/5/2023 6:12:42 AM
FullName : Telerik.Sitefinity.Utilities, Version=14.3.8000.0, Culture=neutral, PublicKeyToken=b28c218413bdf563
AppDomainName : /LM/W3SVC/2019185342/ROOT-9-133300767679991100
ThreadIdentity : Anonymous
WindowsIdentity : IIS APPPOOL\MYG03MWS013
Requested URL : https://www.ihhmalaysia-international.com/search?indexCatalogue=ihh-frondend-search&searchQuery=leslie


Category: ErrorLog

Priority: 0

EventId: 9010

Severity: Warning

Title:Enterprise Library Exception Handling

Machine: WN1MDWK00002R

App Domain: /LM/W3SVC/2019185342/ROOT-9-133300767679991100

ProcessId: 6796

Process Name: C:\Windows\SysWOW64\inetsrv\w3wp.exe

Thread Name: 

Win32 ThreadId:5908

Extended Properties: 
----------------------------------------
----------------------------------------
ActivityId: 3fe60833-c56f-4e7e-a386-abb033a40161

Timestamp: 6/5/2023 6:12:46 AM

Message: HandlingInstanceID: aef323bb-8be6-46e8-978f-06517fdd8f68
An exception of type 'System.NullReferenceException' occurred and was caught.
-----------------------------------------------------------------------------
06/05/2023 06:12:46
Type : System.NullReferenceException, mscorlib, Version=4.0.0.0, Culture=neutral, PublicKeyToken=b77a5c561934e089
Message : Object reference not set to an instance of an object.
Source : App_Web_searchresults.ihhcustomsearchresult.cshtml#ihh.cshtml.a6bd454e.3azw8i11
Help link : 
Data : System.Collections.ListDictionaryInternal
TargetSite : Void Execute()
HResult : -2147467261
Stack Trace :    at ASP._Page_Frontend_Assembly_Telerik_Sitefinity_Frontend_Search_Mvc_Views_SearchResults_SearchResults_IHHCustomSearchResult_cshtml_IHH_cshtml.Execute() in c:\local\Temporary ASP.NET Files\root\9bf12cb0\450be394\App_Web_searchresults.ihhcustomsearchresult.cshtml#ihh.cshtml.a6bd454e.3azw8i11.0.cs:line 0
   at System.Web.WebPages.WebPageBase.ExecutePageHierarchy()
   at System.Web.Mvc.WebViewPage.ExecutePageHierarchy()
   at System.Web.WebPages.WebPageBase.ExecutePageHierarchy(WebPageContext pageContext, TextWriter writer, WebPageRenderingBase startPage)
   at System.Web.Mvc.RazorView.RenderView(ViewContext viewContext, TextWriter writer, Object instance)
   at System.Web.Mvc.BuildManagerCompiledView.Render(ViewContext viewContext, TextWriter writer)
   at Telerik.Sitefinity.Frontend.Mvc.Infrastructure.Compilation.CompilationPerformanceRazorView.Render(ViewContext viewContext, TextWriter writer)
   at System.Web.Mvc.ViewResultBase.ExecuteResult(ControllerContext context)
   at System.Web.Mvc.ControllerActionInvoker.InvokeActionResult(ControllerContext controllerContext, ActionResult actionResult)
   at System.Web.Mvc.ControllerActionInvoker.InvokeActionResultFilterRecursive(IList`1 filters, Int32 filterIndex, ResultExecutingContext preContext, ControllerContext controllerContext, ActionResult actionResult)
   at System.Web.Mvc.ControllerActionInvoker.InvokeActionResultFilterRecursive(IList`1 filters, Int32 filterIndex, ResultExecutingContext preContext, ControllerContext controllerContext, ActionResult actionResult)
   at System.Web.Mvc.ControllerActionInvoker.InvokeActionResultFilterRecursive(IList`1 filters, Int32 filterIndex, ResultExecutingContext preContext, ControllerContext controllerContext, ActionResult actionResult)
   at System.Web.Mvc.ControllerActionInvoker.InvokeActionResultFilterRecursive(IList`1 filters, Int32 filterIndex, ResultExecutingContext preContext, ControllerContext controllerContext, ActionResult actionResult)
   at System.Web.Mvc.ControllerActionInvoker.InvokeActionResultFilterRecursive(IList`1 filters, Int32 filterIndex, ResultExecutingContext preContext, ControllerContext controllerContext, ActionResult actionResult)
   at System.Web.Mvc.ControllerActionInvoker.InvokeActionResultFilterRecursive(IList`1 filters, Int32 filterIndex, ResultExecutingContext preContext, ControllerContext controllerContext, ActionResult actionResult)
   at System.Web.Mvc.ControllerActionInvoker.InvokeActionResultFilterRecursive(IList`1 filters, Int32 filterIndex, ResultExecutingContext preContext, ControllerContext controllerContext, ActionResult actionResult)
   at System.Web.Mvc.ControllerActionInvoker.InvokeActionResultFilterRecursive(IList`1 filters, Int32 filterIndex, ResultExecutingContext preContext, ControllerContext controllerContext, ActionResult actionResult)
   at System.Web.Mvc.ControllerActionInvoker.InvokeActionResultWithFilters(ControllerContext controllerContext, IList`1 filters, ActionResult actionResult)
   at System.Web.Mvc.ControllerActionInvoker.InvokeAction(ControllerContext controllerContext, String actionName)
   at Telerik.Sitefinity.Mvc.ControllerWrapper.Execute()
   at Telerik.Sitefinity.Mvc.ControllerActionInvoker.ExecuteController(MvcProxyBase proxyControl)
   at Telerik.Sitefinity.Frontend.Mvc.Infrastructure.Routing.FeatherActionInvoker.ExecuteController(MvcProxyBase proxyControl)

Additional Info:

MachineName : WN1MDWK00002R
TimeStamp : 6/5/2023 6:12:46 AM
FullName : Telerik.Sitefinity.Utilities, Version=14.3.8000.0, Culture=neutral, PublicKeyToken=b28c218413bdf563
AppDomainName : /LM/W3SVC/2019185342/ROOT-9-133300767679991100
ThreadIdentity : Anonymous
WindowsIdentity : IIS APPPOOL\MYG03MWS013
Requested URL : https://www.ihhmalaysia-international.com/search?indexCatalogue=ihh-frondend-search&searchQuery=leslie


Category: ErrorLog

Priority: 0

EventId: 9010

Severity: Warning

Title:Enterprise Library Exception Handling

Machine: WN1MDWK00002R

App Domain: /LM/W3SVC/2019185342/ROOT-9-133300767679991100

ProcessId: 6796

Process Name: C:\Windows\SysWOW64\inetsrv\w3wp.exe

Thread Name: 

Win32 ThreadId:6820

Extended Properties: 
----------------------------------------
----------------------------------------
ActivityId: 51389a97-dd51-474c-bcec-fc3aa09f88d2

Timestamp: 6/5/2023 6:12:56 AM

Message: HandlingInstanceID: 146efdf6-8b29-4bfc-91b3-5ce0aa0d814d
An exception of type 'System.NullReferenceException' occurred and was caught.
-----------------------------------------------------------------------------
06/05/2023 06:12:56
Type : System.NullReferenceException, mscorlib, Version=4.0.0.0, Culture=neutral, PublicKeyToken=b77a5c561934e089
Message : Object reference not set to an instance of an object.
Source : App_Web_searchresults.ihhcustomsearchresult.cshtml#ihh.cshtml.a6bd454e.3azw8i11
Help link : 
Data : System.Collections.ListDictionaryInternal
TargetSite : Void Execute()
HResult : -2147467261
Stack Trace :    at ASP._Page_Frontend_Assembly_Telerik_Sitefinity_Frontend_Search_Mvc_Views_SearchResults_SearchResults_IHHCustomSearchResult_cshtml_IHH_cshtml.Execute() in c:\local\Temporary ASP.NET Files\root\9bf12cb0\450be394\App_Web_searchresults.ihhcustomsearchresult.cshtml#ihh.cshtml.a6bd454e.3azw8i11.0.cs:line 0
   at System.Web.WebPages.WebPageBase.ExecutePageHierarchy()
   at System.Web.Mvc.WebViewPage.ExecutePageHierarchy()
   at System.Web.WebPages.WebPageBase.ExecutePageHierarchy(WebPageContext pageContext, TextWriter writer, WebPageRenderingBase startPage)
   at System.Web.Mvc.RazorView.RenderView(ViewContext viewContext, TextWriter writer, Object instance)
   at System.Web.Mvc.BuildManagerCompiledView.Render(ViewContext viewContext, TextWriter writer)
   at Telerik.Sitefinity.Frontend.Mvc.Infrastructure.Compilation.CompilationPerformanceRazorView.Render(ViewContext viewContext, TextWriter writer)
   at System.Web.Mvc.ViewResultBase.ExecuteResult(ControllerContext context)
   at System.Web.Mvc.ControllerActionInvoker.InvokeActionResult(ControllerContext controllerContext, ActionResult actionResult)
   at System.Web.Mvc.ControllerActionInvoker.InvokeActionResultFilterRecursive(IList`1 filters, Int32 filterIndex, ResultExecutingContext preContext, ControllerContext controllerContext, ActionResult actionResult)
   at System.Web.Mvc.ControllerActionInvoker.InvokeActionResultFilterRecursive(IList`1 filters, Int32 filterIndex, ResultExecutingContext preContext, ControllerContext controllerContext, ActionResult actionResult)
   at System.Web.Mvc.ControllerActionInvoker.InvokeActionResultFilterRecursive(IList`1 filters, Int32 filterIndex, ResultExecutingContext preContext, ControllerContext controllerContext, ActionResult actionResult)
   at System.Web.Mvc.ControllerActionInvoker.InvokeActionResultFilterRecursive(IList`1 filters, Int32 filterIndex, ResultExecutingContext preContext, ControllerContext controllerContext, ActionResult actionResult)
   at System.Web.Mvc.ControllerActionInvoker.InvokeActionResultFilterRecursive(IList`1 filters, Int32 filterIndex, ResultExecutingContext preContext, ControllerContext controllerContext, ActionResult actionResult)
   at System.Web.Mvc.ControllerActionInvoker.InvokeActionResultFilterRecursive(IList`1 filters, Int32 filterIndex, ResultExecutingContext preContext, ControllerContext controllerContext, ActionResult actionResult)
   at System.Web.Mvc.ControllerActionInvoker.InvokeActionResultFilterRecursive(IList`1 filters, Int32 filterIndex, ResultExecutingContext preContext, ControllerContext controllerContext, ActionResult actionResult)
   at System.Web.Mvc.ControllerActionInvoker.InvokeActionResultFilterRecursive(IList`1 filters, Int32 filterIndex, ResultExecutingContext preContext, ControllerContext controllerContext, ActionResult actionResult)
   at System.Web.Mvc.ControllerActionInvoker.InvokeActionResultWithFilters(ControllerContext controllerContext, IList`1 filters, ActionResult actionResult)
   at System.Web.Mvc.ControllerActionInvoker.InvokeAction(ControllerContext controllerContext, String actionName)
   at Telerik.Sitefinity.Mvc.ControllerWrapper.Execute()
   at Telerik.Sitefinity.Mvc.ControllerActionInvoker.ExecuteController(MvcProxyBase proxyControl)
   at Telerik.Sitefinity.Frontend.Mvc.Infrastructure.Routing.FeatherActionInvoker.ExecuteController(MvcProxyBase proxyControl)

Additional Info:

MachineName : WN1MDWK00002R
TimeStamp : 6/5/2023 6:12:56 AM
FullName : Telerik.Sitefinity.Utilities, Version=14.3.8000.0, Culture=neutral, PublicKeyToken=b28c218413bdf563
AppDomainName : /LM/W3SVC/2019185342/ROOT-9-133300767679991100
ThreadIdentity : Anonymous
WindowsIdentity : IIS APPPOOL\MYG03MWS013
Requested URL : https://www.ihhmalaysia-international.com/search?indexCatalogue=ihh-frondend-search&searchQuery=leslie


Category: ErrorLog

Priority: 0

EventId: 9010

Severity: Warning

Title:Enterprise Library Exception Handling

Machine: WN1MDWK00002R

App Domain: /LM/W3SVC/2019185342/ROOT-9-133300767679991100

ProcessId: 6796

Process Name: C:\Windows\SysWOW64\inetsrv\w3wp.exe

Thread Name: 

Win32 ThreadId:5148

Extended Properties: 
----------------------------------------
----------------------------------------
ActivityId: df98ca3e-42f0-4769-b8f9-9d935e96060f

Timestamp: 6/5/2023 6:12:58 AM

Message: HandlingInstanceID: 73bed6f8-7da3-42b0-93e9-959e676d1e63
An exception of type 'System.NullReferenceException' occurred and was caught.
-----------------------------------------------------------------------------
06/05/2023 06:12:58
Type : System.NullReferenceException, mscorlib, Version=4.0.0.0, Culture=neutral, PublicKeyToken=b77a5c561934e089
Message : Object reference not set to an instance of an object.
Source : App_Web_searchresults.ihhcustomsearchresult.cshtml#ihh.cshtml.a6bd454e.3azw8i11
Help link : 
Data : System.Collections.ListDictionaryInternal
TargetSite : Void Execute()
HResult : -2147467261
Stack Trace :    at ASP._Page_Frontend_Assembly_Telerik_Sitefinity_Frontend_Search_Mvc_Views_SearchResults_SearchResults_IHHCustomSearchResult_cshtml_IHH_cshtml.Execute() in c:\local\Temporary ASP.NET Files\root\9bf12cb0\450be394\App_Web_searchresults.ihhcustomsearchresult.cshtml#ihh.cshtml.a6bd454e.3azw8i11.0.cs:line 0
   at System.Web.WebPages.WebPageBase.ExecutePageHierarchy()
   at System.Web.Mvc.WebViewPage.ExecutePageHierarchy()
   at System.Web.WebPages.WebPageBase.ExecutePageHierarchy(WebPageContext pageContext, TextWriter writer, WebPageRenderingBase startPage)
   at System.Web.Mvc.RazorView.RenderView(ViewContext viewContext, TextWriter writer, Object instance)
   at System.Web.Mvc.BuildManagerCompiledView.Render(ViewContext viewContext, TextWriter writer)
   at Telerik.Sitefinity.Frontend.Mvc.Infrastructure.Compilation.CompilationPerformanceRazorView.Render(ViewContext viewContext, TextWriter writer)
   at System.Web.Mvc.ViewResultBase.ExecuteResult(ControllerContext context)
   at System.Web.Mvc.ControllerActionInvoker.InvokeActionResult(ControllerContext controllerContext, ActionResult actionResult)
   at System.Web.Mvc.ControllerActionInvoker.InvokeActionResultFilterRecursive(IList`1 filters, Int32 filterIndex, ResultExecutingContext preContext, ControllerContext controllerContext, ActionResult actionResult)
   at System.Web.Mvc.ControllerActionInvoker.InvokeActionResultFilterRecursive(IList`1 filters, Int32 filterIndex, ResultExecutingContext preContext, ControllerContext controllerContext, ActionResult actionResult)
   at System.Web.Mvc.ControllerActionInvoker.InvokeActionResultFilterRecursive(IList`1 filters, Int32 filterIndex, ResultExecutingContext preContext, ControllerContext controllerContext, ActionResult actionResult)
   at System.Web.Mvc.ControllerActionInvoker.InvokeActionResultFilterRecursive(IList`1 filters, Int32 filterIndex, ResultExecutingContext preContext, ControllerContext controllerContext, ActionResult actionResult)
   at System.Web.Mvc.ControllerActionInvoker.InvokeActionResultFilterRecursive(IList`1 filters, Int32 filterIndex, ResultExecutingContext preContext, ControllerContext controllerContext, ActionResult actionResult)
   at System.Web.Mvc.ControllerActionInvoker.InvokeActionResultFilterRecursive(IList`1 filters, Int32 filterIndex, ResultExecutingContext preContext, ControllerContext controllerContext, ActionResult actionResult)
   at System.Web.Mvc.ControllerActionInvoker.InvokeActionResultFilterRecursive(IList`1 filters, Int32 filterIndex, ResultExecutingContext preContext, ControllerContext controllerContext, ActionResult actionResult)
   at System.Web.Mvc.ControllerActionInvoker.InvokeActionResultFilterRecursive(IList`1 filters, Int32 filterIndex, ResultExecutingContext preContext, ControllerContext controllerContext, ActionResult actionResult)
   at System.Web.Mvc.ControllerActionInvoker.InvokeActionResultWithFilters(ControllerContext controllerContext, IList`1 filters, ActionResult actionResult)
   at System.Web.Mvc.ControllerActionInvoker.InvokeAction(ControllerContext controllerContext, String actionName)
   at Telerik.Sitefinity.Mvc.ControllerWrapper.Execute()
   at Telerik.Sitefinity.Mvc.ControllerActionInvoker.ExecuteController(MvcProxyBase proxyControl)
   at Telerik.Sitefinity.Frontend.Mvc.Infrastructure.Routing.FeatherActionInvoker.ExecuteController(MvcProxyBase proxyControl)

Additional Info:

MachineName : WN1MDWK00002R
TimeStamp : 6/5/2023 6:12:58 AM
FullName : Telerik.Sitefinity.Utilities, Version=14.3.8000.0, Culture=neutral, PublicKeyToken=b28c218413bdf563
AppDomainName : /LM/W3SVC/2019185342/ROOT-9-133300767679991100
ThreadIdentity : Anonymous
WindowsIdentity : IIS APPPOOL\MYG03MWS013
Requested URL : https://www.ihhmalaysia-international.com/search?indexCatalogue=ihh-frondend-search&searchQuery=leslie


Category: ErrorLog

Priority: 0

EventId: 9010

Severity: Warning

Title:Enterprise Library Exception Handling

Machine: WN1MDWK00002R

App Domain: /LM/W3SVC/2019185342/ROOT-9-133300767679991100

ProcessId: 6796

Process Name: C:\Windows\SysWOW64\inetsrv\w3wp.exe

Thread Name: 

Win32 ThreadId:3412

Extended Properties: 
----------------------------------------
----------------------------------------
ActivityId: 7af2893b-1483-4f7d-88ac-642c5bcb5f0d

Timestamp: 6/5/2023 6:13:00 AM

Message: HandlingInstanceID: 291008cc-77c4-4ec7-a6a1-330689c51624
An exception of type 'System.NullReferenceException' occurred and was caught.
-----------------------------------------------------------------------------
06/05/2023 06:13:00
Type : System.NullReferenceException, mscorlib, Version=4.0.0.0, Culture=neutral, PublicKeyToken=b77a5c561934e089
Message : Object reference not set to an instance of an object.
Source : App_Web_searchresults.ihhcustomsearchresult.cshtml#ihh.cshtml.a6bd454e.3azw8i11
Help link : 
Data : System.Collections.ListDictionaryInternal
TargetSite : Void Execute()
HResult : -2147467261
Stack Trace :    at ASP._Page_Frontend_Assembly_Telerik_Sitefinity_Frontend_Search_Mvc_Views_SearchResults_SearchResults_IHHCustomSearchResult_cshtml_IHH_cshtml.Execute() in c:\local\Temporary ASP.NET Files\root\9bf12cb0\450be394\App_Web_searchresults.ihhcustomsearchresult.cshtml#ihh.cshtml.a6bd454e.3azw8i11.0.cs:line 0
   at System.Web.WebPages.WebPageBase.ExecutePageHierarchy()
   at System.Web.Mvc.WebViewPage.ExecutePageHierarchy()
   at System.Web.WebPages.WebPageBase.ExecutePageHierarchy(WebPageContext pageContext, TextWriter writer, WebPageRenderingBase startPage)
   at System.Web.Mvc.RazorView.RenderView(ViewContext viewContext, TextWriter writer, Object instance)
   at System.Web.Mvc.BuildManagerCompiledView.Render(ViewContext viewContext, TextWriter writer)
   at Telerik.Sitefinity.Frontend.Mvc.Infrastructure.Compilation.CompilationPerformanceRazorView.Render(ViewContext viewContext, TextWriter writer)
   at System.Web.Mvc.ViewResultBase.ExecuteResult(ControllerContext context)
   at System.Web.Mvc.ControllerActionInvoker.InvokeActionResult(ControllerContext controllerContext, ActionResult actionResult)
   at System.Web.Mvc.ControllerActionInvoker.InvokeActionResultFilterRecursive(IList`1 filters, Int32 filterIndex, ResultExecutingContext preContext, ControllerContext controllerContext, ActionResult actionResult)
   at System.Web.Mvc.ControllerActionInvoker.InvokeActionResultFilterRecursive(IList`1 filters, Int32 filterIndex, ResultExecutingContext preContext, ControllerContext controllerContext, ActionResult actionResult)
   at System.Web.Mvc.ControllerActionInvoker.InvokeActionResultFilterRecursive(IList`1 filters, Int32 filterIndex, ResultExecutingContext preContext, ControllerContext controllerContext, ActionResult actionResult)
   at System.Web.Mvc.ControllerActionInvoker.InvokeActionResultFilterRecursive(IList`1 filters, Int32 filterIndex, ResultExecutingContext preContext, ControllerContext controllerContext, ActionResult actionResult)
   at System.Web.Mvc.ControllerActionInvoker.InvokeActionResultFilterRecursive(IList`1 filters, Int32 filterIndex, ResultExecutingContext preContext, ControllerContext controllerContext, ActionResult actionResult)
   at System.Web.Mvc.ControllerActionInvoker.InvokeActionResultFilterRecursive(IList`1 filters, Int32 filterIndex, ResultExecutingContext preContext, ControllerContext controllerContext, ActionResult actionResult)
   at System.Web.Mvc.ControllerActionInvoker.InvokeActionResultFilterRecursive(IList`1 filters, Int32 filterIndex, ResultExecutingContext preContext, ControllerContext controllerContext, ActionResult actionResult)
   at System.Web.Mvc.ControllerActionInvoker.InvokeActionResultFilterRecursive(IList`1 filters, Int32 filterIndex, ResultExecutingContext preContext, ControllerContext controllerContext, ActionResult actionResult)
   at System.Web.Mvc.ControllerActionInvoker.InvokeActionResultWithFilters(ControllerContext controllerContext, IList`1 filters, ActionResult actionResult)
   at System.Web.Mvc.ControllerActionInvoker.InvokeAction(ControllerContext controllerContext, String actionName)
   at Telerik.Sitefinity.Mvc.ControllerWrapper.Execute()
   at Telerik.Sitefinity.Mvc.ControllerActionInvoker.ExecuteController(MvcProxyBase proxyControl)
   at Telerik.Sitefinity.Frontend.Mvc.Infrastructure.Routing.FeatherActionInvoker.ExecuteController(MvcProxyBase proxyControl)

Additional Info:

MachineName : WN1MDWK00002R
TimeStamp : 6/5/2023 6:13:00 AM
FullName : Telerik.Sitefinity.Utilities, Version=14.3.8000.0, Culture=neutral, PublicKeyToken=b28c218413bdf563
AppDomainName : /LM/W3SVC/2019185342/ROOT-9-133300767679991100
ThreadIdentity : Anonymous
WindowsIdentity : IIS APPPOOL\MYG03MWS013
Requested URL : https://www.ihhmalaysia-international.com/search?indexCatalogue=ihh-frondend-search&searchQuery=leslie


Category: ErrorLog

Priority: 0

EventId: 9010

Severity: Warning

Title:Enterprise Library Exception Handling

Machine: WN1MDWK00002R

App Domain: /LM/W3SVC/2019185342/ROOT-9-133300767679991100

ProcessId: 6796

Process Name: C:\Windows\SysWOW64\inetsrv\w3wp.exe

Thread Name: 

Win32 ThreadId:5148

Extended Properties: 
----------------------------------------
