----------------------------------------
ActivityId: 00000000-0000-0000-0000-000000000000

Timestamp: 6/16/2023 6:29:34 AM

Message: HandlingInstanceID: 86a9e24e-9c76-41f8-9a1d-f6699bac573b
An exception of type 'System.Web.HttpException' occurred and was caught.
------------------------------------------------------------------------
06/16/2023 06:29:34
Type : System.Web.HttpException, System.Web, Version=4.0.0.0, Culture=neutral, PublicKeyToken=b03f5f7f11d50a3a
Message : A potentially dangerous Request.Path value was detected from the client (*).
Source : System.Web
Help link : 
WebEventCode : 0
ErrorCode : -2147467259
Data : System.Collections.ListDictionaryInternal
TargetSite : Void ValidateInputIfRequiredByConfig()
HResult : -2147467259
Stack Trace :    at System.Web.HttpRequest.ValidateInputIfRequiredByConfig()
   at System.Web.HttpApplication.PipelineStepManager.ValidateHelper(HttpContext context)

Additional Info:

MachineName : WN0MDWK000070
TimeStamp : 6/16/2023 6:29:34 AM
FullName : Telerik.Sitefinity.Utilities, Version=14.3.8000.0, Culture=neutral, PublicKeyToken=b28c218413bdf563
AppDomainName : /LM/W3SVC/2019185342/ROOT-1-133313179260603060
ThreadIdentity : 
WindowsIdentity : IIS APPPOOL\MYG03MWS013
Requested URL : https://www.ihhmalaysia-international.com/Sitefinity/adminapp/content/hospitals/0***********0-0*************00000000/enquiries/67fa33ed-d64d-4435-a553-556d1a4d7a81/edit?sf_provider=IHHDynamicModuleProvider&sf_culture=en


Category: ErrorLog

Priority: 0

EventId: 90000

Severity: Error

Title:Enterprise Library Exception Handling

Machine: WN0MDWK000070

App Domain: /LM/W3SVC/2019185342/ROOT-1-133313179260603060

ProcessId: 1608

Process Name: C:\Windows\SysWOW64\inetsrv\w3wp.exe

Thread Name: 

Win32 ThreadId:4892

Extended Properties: 
----------------------------------------
----------------------------------------
ActivityId: 00000000-0000-0000-0000-000000000000

Timestamp: 6/17/2023 2:50:40 AM

Message: HandlingInstanceID: 542cd684-ca60-40b8-b7f1-055ec445a20d
An exception of type 'System.Web.HttpException' occurred and was caught.
------------------------------------------------------------------------
06/17/2023 02:50:40
Type : System.Web.HttpException, System.Web, Version=4.0.0.0, Culture=neutral, PublicKeyToken=b03f5f7f11d50a3a
Message : A potentially dangerous Request.Path value was detected from the client (*).
Source : System.Web
Help link : 
WebEventCode : 0
ErrorCode : -2147467259
Data : System.Collections.ListDictionaryInternal
TargetSite : Void ValidateInputIfRequiredByConfig()
HResult : -2147467259
Stack Trace :    at System.Web.HttpRequest.ValidateInputIfRequiredByConfig()
   at System.Web.HttpApplication.PipelineStepManager.ValidateHelper(HttpContext context)

Additional Info:

MachineName : WN0MDWK000070
TimeStamp : 6/17/2023 2:50:40 AM
FullName : Telerik.Sitefinity.Utilities, Version=14.3.8000.0, Culture=neutral, PublicKeyToken=b28c218413bdf563
AppDomainName : /LM/W3SVC/2019185342/ROOT-1-133313179260603060
ThreadIdentity : 
WindowsIdentity : IIS APPPOOL\MYG03MWS013
Requested URL : https://www.ihhmalaysia-international.com/Sitefinity/adminapp/content/hospitals/0***********0-0*************00000000/appointments/185e8b1d-a86e-4dd1-a3ab-4517ffe4d910/edit?sf_provider=IHHDynamicModuleProvider&sf_culture=en


Category: ErrorLog

Priority: 0

EventId: 90000

Severity: Error

Title:Enterprise Library Exception Handling

Machine: WN0MDWK000070

App Domain: /LM/W3SVC/2019185342/ROOT-1-133313179260603060

ProcessId: 1608

Process Name: C:\Windows\SysWOW64\inetsrv\w3wp.exe

Thread Name: 

Win32 ThreadId:4480

Extended Properties: 
----------------------------------------
----------------------------------------
ActivityId: 00000000-0000-0000-0000-000000000000

Timestamp: 17/06/2023 04:37:14

Message: HandlingInstanceID: 8b5e81d0-bf30-431c-8905-3dad31bf690b
An exception of type 'System.Web.HttpException' occurred and was caught.
------------------------------------------------------------------------
06/17/2023 04:37:14
Type : System.Web.HttpException, System.Web, Version=4.0.0.0, Culture=neutral, PublicKeyToken=b03f5f7f11d50a3a
Message : A potentially dangerous Request.Path value was detected from the client (*).
Source : System.Web
Help link : 
WebEventCode : 0
ErrorCode : -2147467259
Data : System.Collections.ListDictionaryInternal
TargetSite : Void ValidateInputIfRequiredByConfig()
HResult : -2147467259
Stack Trace :    at System.Web.HttpRequest.ValidateInputIfRequiredByConfig()
   at System.Web.HttpApplication.PipelineStepManager.ValidateHelper(HttpContext context)

Additional Info:

MachineName : WN0MDWK000070
TimeStamp : 17/06/2023 04:37:14
FullName : Telerik.Sitefinity.Utilities, Version=14.3.8000.0, Culture=neutral, PublicKeyToken=b28c218413bdf563
AppDomainName : /LM/W3SVC/2019185342/ROOT-1-133313179260603060
ThreadIdentity : 
WindowsIdentity : IIS APPPOOL\MYG03MWS013
Requested URL : https://www.ihhmalaysia-international.com/Sitefinity/adminapp/content/hospitals/578f186e-8b1d-4bd2-81c2-cd40a20a2c08/appointments/45bfb6***********6-8fe5-7468f32b7150/edit?sf_provider=IHHDynamicModuleProvider&sf_culture=en


Category: ErrorLog

Priority: 0

EventId: 90000

Severity: Error

Title:Enterprise Library Exception Handling

Machine: WN0MDWK000070

App Domain: /LM/W3SVC/2019185342/ROOT-1-133313179260603060

ProcessId: 1608

Process Name: C:\Windows\SysWOW64\inetsrv\w3wp.exe

Thread Name: 

Win32 ThreadId:3896

Extended Properties: 
----------------------------------------
----------------------------------------
ActivityId: 00000000-0000-0000-0000-000000000000

Timestamp: 17/06/2023 04:38:47

Message: HandlingInstanceID: b4445fb2-a708-483f-8be7-1a0b198e05cb
An exception of type 'System.Web.HttpException' occurred and was caught.
------------------------------------------------------------------------
06/17/2023 04:38:47
Type : System.Web.HttpException, System.Web, Version=4.0.0.0, Culture=neutral, PublicKeyToken=b03f5f7f11d50a3a
Message : A potentially dangerous Request.Path value was detected from the client (*).
Source : System.Web
Help link : 
WebEventCode : 0
ErrorCode : -2147467259
Data : System.Collections.ListDictionaryInternal
TargetSite : Void ValidateInputIfRequiredByConfig()
HResult : -2147467259
Stack Trace :    at System.Web.HttpRequest.ValidateInputIfRequiredByConfig()
   at System.Web.HttpApplication.PipelineStepManager.ValidateHelper(HttpContext context)

Additional Info:

MachineName : WN0MDWK000070
TimeStamp : 17/06/2023 04:38:47
FullName : Telerik.Sitefinity.Utilities, Version=14.3.8000.0, Culture=neutral, PublicKeyToken=b28c218413bdf563
AppDomainName : /LM/W3SVC/2019185342/ROOT-1-133313179260603060
ThreadIdentity : 
WindowsIdentity : IIS APPPOOL\MYG03MWS013
Requested URL : https://www.ihhmalaysia-international.com/Sitefinity/adminapp/content/hospitals/578f186e-8b1d-4bd2-81c2-cd40a20a2c08/appointments/45bfb6***********6-8fe5-7468f32b7150/edit?sf_provider=IHHDynamicModuleProvider&sf_culture=en


Category: ErrorLog

Priority: 0

EventId: 90000

Severity: Error

Title:Enterprise Library Exception Handling

Machine: WN0MDWK000070

App Domain: /LM/W3SVC/2019185342/ROOT-1-133313179260603060

ProcessId: 1608

Process Name: C:\Windows\SysWOW64\inetsrv\w3wp.exe

Thread Name: 

Win32 ThreadId:6364

Extended Properties: 
----------------------------------------
----------------------------------------
ActivityId: 00000000-0000-0000-0000-000000000000

Timestamp: 17/06/2023 05:02:04

Message: HandlingInstanceID: eb56d153-c2cc-4f9c-8103-fddd55f002e0
An exception of type 'System.Web.HttpException' occurred and was caught.
------------------------------------------------------------------------
06/17/2023 05:02:04
Type : System.Web.HttpException, System.Web, Version=4.0.0.0, Culture=neutral, PublicKeyToken=b03f5f7f11d50a3a
Message : A potentially dangerous Request.Path value was detected from the client (*).
Source : System.Web
Help link : 
WebEventCode : 0
ErrorCode : -2147467259
Data : System.Collections.ListDictionaryInternal
TargetSite : Void ValidateInputIfRequiredByConfig()
HResult : -2147467259
Stack Trace :    at System.Web.HttpRequest.ValidateInputIfRequiredByConfig()
   at System.Web.HttpApplication.PipelineStepManager.ValidateHelper(HttpContext context)

Additional Info:

MachineName : WN0MDWK000070
TimeStamp : 17/06/2023 05:02:04
FullName : Telerik.Sitefinity.Utilities, Version=14.3.8000.0, Culture=neutral, PublicKeyToken=b28c218413bdf563
AppDomainName : /LM/W3SVC/2019185342/ROOT-1-133313179260603060
ThreadIdentity : 
WindowsIdentity : IIS APPPOOL\MYG03MWS013
Requested URL : https://www.ihhmalaysia-international.com/Sitefinity/adminapp/content/hospitals/578f186e-8b1d-4bd2-81c2-cd40a20a2c08/appointments/45bfb6***********6-8fe5-7468f32b7150/edit?sf_provider=IHHDynamicModuleProvider&sf_culture=en


Category: ErrorLog

Priority: 0

EventId: 90000

Severity: Error

Title:Enterprise Library Exception Handling

Machine: WN0MDWK000070

App Domain: /LM/W3SVC/2019185342/ROOT-1-133313179260603060

ProcessId: 1608

Process Name: C:\Windows\SysWOW64\inetsrv\w3wp.exe

Thread Name: 

Win32 ThreadId:3356

Extended Properties: 
----------------------------------------
