----------------------------------------
ActivityId: 00000000-0000-0000-0000-000000000000

Timestamp: 6/12/2023 4:36:03 PM

Message: HandlingInstanceID: 31319770-2c18-4cc9-9381-05214eaf2b74
An exception of type 'System.Web.HttpException' occurred and was caught.
------------------------------------------------------------------------
06/12/2023 16:36:03
Type : System.Web.HttpException, System.Web, Version=4.0.0.0, Culture=neutral, PublicKeyToken=b03f5f7f11d50a3a
Message : A potentially dangerous Request.Path value was detected from the client (:).
Source : System.Web
Help link : 
WebEventCode : 0
ErrorCode : -2147467259
Data : System.Collections.ListDictionaryInternal
TargetSite : Void ValidateInputIfRequiredByConfig()
HResult : -2147467259
Stack Trace :    at System.Web.HttpRequest.ValidateInputIfRequiredByConfig()
   at System.Web.HttpApplication.PipelineStepManager.ValidateHelper(HttpContext context)

Additional Info:

MachineName : WN1MDWK00002R
TimeStamp : 6/12/2023 4:36:03 PM
FullName : Telerik.Sitefinity.Utilities, Version=14.3.8000.0, Culture=neutral, PublicKeyToken=b28c218413bdf563
AppDomainName : /LM/W3SVC/2019185342/ROOT-10-133304940943918286
ThreadIdentity : 
WindowsIdentity : IIS APPPOOL\MYG03MWS013
Requested URL : https://ihhmalaysia-international.com/view-source:


Category: ErrorLog

Priority: 0

EventId: 90000

Severity: Error

Title:Enterprise Library Exception Handling

Machine: WN1MDWK00002R

App Domain: /LM/W3SVC/2019185342/ROOT-10-133304940943918286

ProcessId: 6796

Process Name: C:\Windows\SysWOW64\inetsrv\w3wp.exe

Thread Name: 

Win32 ThreadId:7236

Extended Properties: 
----------------------------------------
----------------------------------------
ActivityId: 00000000-0000-0000-0000-000000000000

Timestamp: 6/13/2023 12:25:40 AM

Message: HandlingInstanceID: 144356a6-a1ef-4134-ab42-14665298e1f1
An exception of type 'System.Web.HttpException' occurred and was caught.
------------------------------------------------------------------------
06/13/2023 00:25:40
Type : System.Web.HttpException, System.Web, Version=4.0.0.0, Culture=neutral, PublicKeyToken=b03f5f7f11d50a3a
Message : A potentially dangerous Request.Path value was detected from the client (*).
Source : System.Web
Help link : 
WebEventCode : 0
ErrorCode : -2147467259
Data : System.Collections.ListDictionaryInternal
TargetSite : Void ValidateInputIfRequiredByConfig()
HResult : -2147467259
Stack Trace :    at System.Web.HttpRequest.ValidateInputIfRequiredByConfig()
   at System.Web.HttpApplication.PipelineStepManager.ValidateHelper(HttpContext context)

Additional Info:

MachineName : WN1MDWK00002R
TimeStamp : 6/13/2023 12:25:40 AM
FullName : Telerik.Sitefinity.Utilities, Version=14.3.8000.0, Culture=neutral, PublicKeyToken=b28c218413bdf563
AppDomainName : /LM/W3SVC/2019185342/ROOT-10-133304940943918286
ThreadIdentity : 
WindowsIdentity : IIS APPPOOL\MYG03MWS013
Requested URL : https://www.ihhmalaysia-international.com/Sitefinity/adminapp/content/hospitals/0***********0-0*************00000000/appointments/b8a4e103-5a74-4da7-9757-de5f98295dda/edit?sf_provider=IHHDynamicModuleProvider&sf_culture=en


Category: ErrorLog

Priority: 0

EventId: 90000

Severity: Error

Title:Enterprise Library Exception Handling

Machine: WN1MDWK00002R

App Domain: /LM/W3SVC/2019185342/ROOT-10-133304940943918286

ProcessId: 6796

Process Name: C:\Windows\SysWOW64\inetsrv\w3wp.exe

Thread Name: 

Win32 ThreadId:7288

Extended Properties: 
----------------------------------------
----------------------------------------
ActivityId: 00000000-0000-0000-0000-000000000000

Timestamp: 6/13/2023 1:26:33 AM

Message: HandlingInstanceID: 316ee68e-91b4-410b-b662-033c53803927
An exception of type 'System.Web.HttpException' occurred and was caught.
------------------------------------------------------------------------
06/13/2023 01:26:33
Type : System.Web.HttpException, System.Web, Version=4.0.0.0, Culture=neutral, PublicKeyToken=b03f5f7f11d50a3a
Message : A potentially dangerous Request.Path value was detected from the client (*).
Source : System.Web
Help link : 
WebEventCode : 0
ErrorCode : -2147467259
Data : System.Collections.ListDictionaryInternal
TargetSite : Void ValidateInputIfRequiredByConfig()
HResult : -2147467259
Stack Trace :    at System.Web.HttpRequest.ValidateInputIfRequiredByConfig()
   at System.Web.HttpApplication.PipelineStepManager.ValidateHelper(HttpContext context)

Additional Info:

MachineName : WN1MDWK00002R
TimeStamp : 6/13/2023 1:26:33 AM
FullName : Telerik.Sitefinity.Utilities, Version=14.3.8000.0, Culture=neutral, PublicKeyToken=b28c218413bdf563
AppDomainName : /LM/W3SVC/2019185342/ROOT-10-133304940943918286
ThreadIdentity : 
WindowsIdentity : IIS APPPOOL\MYG03MWS013
Requested URL : https://www.ihhmalaysia-international.com/Sitefinity/adminapp/content/hospitals/0***********0-0*************00000000/appointments/b8a4e103-5a74-4da7-9757-de5f98295dda/edit?sf_provider=IHHDynamicModuleProvider&sf_culture=en


Category: ErrorLog

Priority: 0

EventId: 90000

Severity: Error

Title:Enterprise Library Exception Handling

Machine: WN1MDWK00002R

App Domain: /LM/W3SVC/2019185342/ROOT-10-133304940943918286

ProcessId: 6796

Process Name: C:\Windows\SysWOW64\inetsrv\w3wp.exe

Thread Name: 

Win32 ThreadId:7872

Extended Properties: 
----------------------------------------
----------------------------------------
ActivityId: 00000000-0000-0000-0000-000000000000

Timestamp: 6/13/2023 4:37:20 AM

Message: HandlingInstanceID: 64e9019a-a872-4c97-b58c-c1c8bd60c7e5
An exception of type 'System.Web.HttpException' occurred and was caught.
------------------------------------------------------------------------
06/13/2023 04:37:20
Type : System.Web.HttpException, System.Web, Version=4.0.0.0, Culture=neutral, PublicKeyToken=b03f5f7f11d50a3a
Message : A potentially dangerous Request.Path value was detected from the client (*).
Source : System.Web
Help link : 
WebEventCode : 0
ErrorCode : -2147467259
Data : System.Collections.ListDictionaryInternal
TargetSite : Void ValidateInputIfRequiredByConfig()
HResult : -2147467259
Stack Trace :    at System.Web.HttpRequest.ValidateInputIfRequiredByConfig()
   at System.Web.HttpApplication.PipelineStepManager.ValidateHelper(HttpContext context)

Additional Info:

MachineName : WN1MDWK00002R
TimeStamp : 6/13/2023 4:37:20 AM
FullName : Telerik.Sitefinity.Utilities, Version=14.3.8000.0, Culture=neutral, PublicKeyToken=b28c218413bdf563
AppDomainName : /LM/W3SVC/2019185342/ROOT-10-133304940943918286
ThreadIdentity : 
WindowsIdentity : IIS APPPOOL\MYG03MWS013
Requested URL : https://www.ihhmalaysia-international.com/Sitefinity/adminapp/content/hospitals/578f186e-8b1d-4bd2-81c2-cd40a20a2c08/appointments/ae*****8-e22f-4670-b7d2-caff5e45ff98/edit?sf_provider=IHHDynamicModuleProvider&sf_culture=en


Category: ErrorLog

Priority: 0

EventId: 90000

Severity: Error

Title:Enterprise Library Exception Handling

Machine: WN1MDWK00002R

App Domain: /LM/W3SVC/2019185342/ROOT-10-133304940943918286

ProcessId: 6796

Process Name: C:\Windows\SysWOW64\inetsrv\w3wp.exe

Thread Name: 

Win32 ThreadId:7752

Extended Properties: 
----------------------------------------
----------------------------------------
ActivityId: 00000000-0000-0000-0000-000000000000

Timestamp: 6/13/2023 7:20:51 AM

Message: HandlingInstanceID: 89402306-35b7-4416-9071-5af79831a760
An exception of type 'System.Web.HttpException' occurred and was caught.
------------------------------------------------------------------------
06/13/2023 07:20:51
Type : System.Web.HttpException, System.Web, Version=4.0.0.0, Culture=neutral, PublicKeyToken=b03f5f7f11d50a3a
Message : A potentially dangerous Request.Path value was detected from the client (*).
Source : System.Web
Help link : 
WebEventCode : 0
ErrorCode : -2147467259
Data : System.Collections.ListDictionaryInternal
TargetSite : Void ValidateInputIfRequiredByConfig()
HResult : -2147467259
Stack Trace :    at System.Web.HttpRequest.ValidateInputIfRequiredByConfig()
   at System.Web.HttpApplication.PipelineStepManager.ValidateHelper(HttpContext context)

Additional Info:

MachineName : WN1MDWK00002R
TimeStamp : 6/13/2023 7:20:51 AM
FullName : Telerik.Sitefinity.Utilities, Version=14.3.8000.0, Culture=neutral, PublicKeyToken=b28c218413bdf563
AppDomainName : /LM/W3SVC/2019185342/ROOT-10-133304940943918286
ThreadIdentity : 
WindowsIdentity : IIS APPPOOL\MYG03MWS013
Requested URL : https://www.ihhmalaysia-international.com/Sitefinity/adminapp/content/hospitals/578f186e-8b1d-4bd2-81c2-cd40a20a2c08/appointments/1a3558c8-1c1e-48ff-a278-f******8b80a/edit?sf_provider=IHHDynamicModuleProvider&sf_culture=en


Category: ErrorLog

Priority: 0

EventId: 90000

Severity: Error

Title:Enterprise Library Exception Handling

Machine: WN1MDWK00002R

App Domain: /LM/W3SVC/2019185342/ROOT-10-133304940943918286

ProcessId: 6796

Process Name: C:\Windows\SysWOW64\inetsrv\w3wp.exe

Thread Name: 

Win32 ThreadId:6452

Extended Properties: 
----------------------------------------
----------------------------------------
ActivityId: 00000000-0000-0000-0000-000000000000

Timestamp: 6/13/2023 1:40:11 PM

Message: HandlingInstanceID: 2339d702-923d-4553-8f6a-8823d2d1503b
An exception of type 'System.Web.HttpException' occurred and was caught.
------------------------------------------------------------------------
06/13/2023 13:40:11
Type : System.Web.HttpException, System.Web, Version=4.0.0.0, Culture=neutral, PublicKeyToken=b03f5f7f11d50a3a
Message : A potentially dangerous Request.Path value was detected from the client (*).
Source : System.Web
Help link : 
WebEventCode : 0
ErrorCode : -2147467259
Data : System.Collections.ListDictionaryInternal
TargetSite : Void ValidateInputIfRequiredByConfig()
HResult : -2147467259
Stack Trace :    at System.Web.HttpRequest.ValidateInputIfRequiredByConfig()
   at System.Web.HttpApplication.PipelineStepManager.ValidateHelper(HttpContext context)

Additional Info:

MachineName : WN1MDWK00002R
TimeStamp : 6/13/2023 1:40:11 PM
FullName : Telerik.Sitefinity.Utilities, Version=14.3.8000.0, Culture=neutral, PublicKeyToken=b28c218413bdf563
AppDomainName : /LM/W3SVC/2019185342/ROOT-10-133304940943918286
ThreadIdentity : 
WindowsIdentity : IIS APPPOOL\MYG03MWS013
Requested URL : https://www.ihhmalaysia-international.com/Sitefinity/adminapp/content/hospitals/578f186e-8b1d-4bd2-81c2-cd40a20a2c08/appointments/1a3558c8-1c1e-48ff-a278-f******8b80a/edit?sf_provider=IHHDynamicModuleProvider&sf_culture=en


Category: ErrorLog

Priority: 0

EventId: 90000

Severity: Error

Title:Enterprise Library Exception Handling

Machine: WN1MDWK00002R

App Domain: /LM/W3SVC/2019185342/ROOT-10-133304940943918286

ProcessId: 6796

Process Name: C:\Windows\SysWOW64\inetsrv\w3wp.exe

Thread Name: 

Win32 ThreadId:3220

Extended Properties: 
----------------------------------------
