----------------------------------------
ActivityId: 00000000-0000-0000-0000-000000000000

Timestamp: 11/06/2023 13:23:49

Message: HandlingInstanceID: 58ee592f-edb0-40b3-8731-2ad99c12bd00
An exception of type 'System.Web.HttpException' occurred and was caught.
------------------------------------------------------------------------
06/11/2023 13:23:49
Type : System.Web.HttpException, System.Web, Version=4.0.0.0, Culture=neutral, PublicKeyToken=b03f5f7f11d50a3a
Message : A potentially dangerous Request.Path value was detected from the client (*).
Source : System.Web
Help link : 
WebEventCode : 0
ErrorCode : -2147467259
Data : System.Collections.ListDictionaryInternal
TargetSite : Void ValidateInputIfRequiredByConfig()
HResult : -2147467259
Stack Trace :    at System.Web.HttpRequest.ValidateInputIfRequiredByConfig()
   at System.Web.HttpApplication.PipelineStepManager.ValidateHelper(HttpContext context)

Additional Info:

MachineName : WN1MDWK00002R
TimeStamp : 11/06/2023 13:23:49
FullName : Telerik.Sitefinity.Utilities, Version=14.3.8000.0, Culture=neutral, PublicKeyToken=b28c218413bdf563
AppDomainName : /LM/W3SVC/2019185342/ROOT-10-133304940943918286
ThreadIdentity : 
WindowsIdentity : IIS APPPOOL\MYG03MWS013
Requested URL : https://www.ihhmalaysia-international.com/Sitefinity/adminapp/content/hospitals/578f186e-8b1d-4bd2-81c2-cd40a20a2c08/appointments/45bfb6***********6-8fe5-7468f32b7150/edit?sf_provider=IHHDynamicModuleProvider&sf_culture=en


Category: ErrorLog

Priority: 0

EventId: 90000

Severity: Error

Title:Enterprise Library Exception Handling

Machine: WN1MDWK00002R

App Domain: /LM/W3SVC/2019185342/ROOT-10-133304940943918286

ProcessId: 6796

Process Name: C:\Windows\SysWOW64\inetsrv\w3wp.exe

Thread Name: 

Win32 ThreadId:8328

Extended Properties: 
----------------------------------------
----------------------------------------
ActivityId: 00000000-0000-0000-0000-000000000000

Timestamp: 11/06/2023 14:09:15

Message: HandlingInstanceID: ec32b878-82cb-4b89-b90b-fc13fc4e8a19
An exception of type 'System.Web.HttpException' occurred and was caught.
------------------------------------------------------------------------
06/11/2023 14:09:15
Type : System.Web.HttpException, System.Web, Version=4.0.0.0, Culture=neutral, PublicKeyToken=b03f5f7f11d50a3a
Message : A potentially dangerous Request.Path value was detected from the client (*).
Source : System.Web
Help link : 
WebEventCode : 0
ErrorCode : -2147467259
Data : System.Collections.ListDictionaryInternal
TargetSite : Void ValidateInputIfRequiredByConfig()
HResult : -2147467259
Stack Trace :    at System.Web.HttpRequest.ValidateInputIfRequiredByConfig()
   at System.Web.HttpApplication.PipelineStepManager.ValidateHelper(HttpContext context)

Additional Info:

MachineName : WN1MDWK00002R
TimeStamp : 11/06/2023 14:09:15
FullName : Telerik.Sitefinity.Utilities, Version=14.3.8000.0, Culture=neutral, PublicKeyToken=b28c218413bdf563
AppDomainName : /LM/W3SVC/2019185342/ROOT-10-133304940943918286
ThreadIdentity : 
WindowsIdentity : IIS APPPOOL\MYG03MWS013
Requested URL : https://www.ihhmalaysia-international.com/Sitefinity/adminapp/content/hospitals/578f186e-8b1d-4bd2-81c2-cd40a20a2c08/appointments/45bfb6***********6-8fe5-7468f32b7150/edit?sf_provider=IHHDynamicModuleProvider&sf_culture=en


Category: ErrorLog

Priority: 0

EventId: 90000

Severity: Error

Title:Enterprise Library Exception Handling

Machine: WN1MDWK00002R

App Domain: /LM/W3SVC/2019185342/ROOT-10-133304940943918286

ProcessId: 6796

Process Name: C:\Windows\SysWOW64\inetsrv\w3wp.exe

Thread Name: 

Win32 ThreadId:3432

Extended Properties: 
----------------------------------------
----------------------------------------
ActivityId: 00000000-0000-0000-0000-000000000000

Timestamp: 6/12/2023 9:20:46 AM

Message: HandlingInstanceID: d344bfcd-3a33-4dd9-8379-37c288b82a43
An exception of type 'System.Web.HttpException' occurred and was caught.
------------------------------------------------------------------------
06/12/2023 09:20:46
Type : System.Web.HttpException, System.Web, Version=4.0.0.0, Culture=neutral, PublicKeyToken=b03f5f7f11d50a3a
Message : A potentially dangerous Request.Path value was detected from the client (*).
Source : System.Web
Help link : 
WebEventCode : 0
ErrorCode : -2147467259
Data : System.Collections.ListDictionaryInternal
TargetSite : Void ValidateInputIfRequiredByConfig()
HResult : -2147467259
Stack Trace :    at System.Web.HttpRequest.ValidateInputIfRequiredByConfig()
   at System.Web.HttpApplication.PipelineStepManager.ValidateHelper(HttpContext context)

Additional Info:

MachineName : WN1MDWK00002R
TimeStamp : 6/12/2023 9:20:46 AM
FullName : Telerik.Sitefinity.Utilities, Version=14.3.8000.0, Culture=neutral, PublicKeyToken=b28c218413bdf563
AppDomainName : /LM/W3SVC/2019185342/ROOT-10-133304940943918286
ThreadIdentity : 
WindowsIdentity : IIS APPPOOL\MYG03MWS013
Requested URL : https://www.ihhmalaysia-international.com/Sitefinity/adminapp/content/hospitals/0***********0-0*************00000000/appointments/ad3d53a5-9103-49ad-9928-b62d*******9/edit?sf_provider=IHHDynamicModuleProvider&sf_culture=en


Category: ErrorLog

Priority: 0

EventId: 90000

Severity: Error

Title:Enterprise Library Exception Handling

Machine: WN1MDWK00002R

App Domain: /LM/W3SVC/2019185342/ROOT-10-133304940943918286

ProcessId: 6796

Process Name: C:\Windows\SysWOW64\inetsrv\w3wp.exe

Thread Name: 

Win32 ThreadId:1616

Extended Properties: 
----------------------------------------
----------------------------------------
ActivityId: 139ac4a0-9811-47fa-8b10-e8fe85cf65b0

Timestamp: 6/12/2023 1:07:10 PM

Message: HandlingInstanceID: ad106c25-4677-4b59-b57e-15b25483f20b
An exception of type 'System.Web.HttpException' occurred and was caught.
------------------------------------------------------------------------
06/12/2023 13:07:10
Type : System.Web.HttpException, System.Web, Version=4.0.0.0, Culture=neutral, PublicKeyToken=b03f5f7f11d50a3a
Message : Range Not Satisfiable.
Source : Telerik.Sitefinity
Help link : 
WebEventCode : 0
ErrorCode : -2147467259
Data : System.Collections.ListDictionaryInternal
TargetSite : Void ValidateRange(Int64, Int64, Int64)
HResult : -2147467259
Stack Trace :    at Telerik.Sitefinity.Modules.Libraries.Web.LibraryHttpHandler.ValidateRange(Int64 startRange, Int64 endRange, Int64 itemLength)
   at Telerik.Sitefinity.Modules.Libraries.Web.LibraryHttpHandler.WriteToOutput(HttpResponseBase response, Stream stream, Int32 bufferSize)
   at Telerik.Sitefinity.Modules.Libraries.Web.LibraryHttpHandler.SetResponseOrCacheData(HttpRequestBase request, MediaContent content, LibrariesManager manager, HttpResponseBase response, OutputItem outputItem, Nullable`1 cultureId)
   at Telerik.Sitefinity.Modules.Libraries.Web.LibraryHttpHandler.SendResponse(HttpRequestBase request, HttpResponseBase response, MediaContent content, LibrariesManager manager)
   at Telerik.Sitefinity.Modules.Libraries.Web.LibraryHttpHandler.ProcessRequest(HttpContextBase context)
   at Telerik.Sitefinity.Modules.Libraries.Web.LibraryHttpHandler.ProcessRequest(HttpContext context)
   at System.Web.HttpApplication.CallHandlerExecutionStep.System.Web.HttpApplication.IExecutionStep.Execute()
   at System.Web.HttpApplication.ExecuteStepImpl(IExecutionStep step)
   at System.Web.HttpApplication.ExecuteStep(IExecutionStep step, Boolean& completedSynchronously)

Additional Info:

MachineName : WN1MDWK00002R
TimeStamp : 6/12/2023 1:07:10 PM
FullName : Telerik.Sitefinity.Utilities, Version=14.3.8000.0, Culture=neutral, PublicKeyToken=b28c218413bdf563
AppDomainName : /LM/W3SVC/2019185342/ROOT-10-133304940943918286
ThreadIdentity : Anonymous
WindowsIdentity : IIS APPPOOL\MYG03MWS013
Requested URL : https://www.ihhmalaysia-international.com/images/default-source/doctors/dr--abdul-kadir-bin-abu-bakar.jpg?sfvrsn=52ecd05d_0


Category: ErrorLog

Priority: 0

EventId: 90000

Severity: Error

Title:Enterprise Library Exception Handling

Machine: WN1MDWK00002R

App Domain: /LM/W3SVC/2019185342/ROOT-10-133304940943918286

ProcessId: 6796

Process Name: C:\Windows\SysWOW64\inetsrv\w3wp.exe

Thread Name: 

Win32 ThreadId:7740

Extended Properties: 
----------------------------------------
