----------------------------------------
ActivityId: 64b63409-39d1-4604-a7f0-132ec706c4d1

Timestamp: 6/8/2023 3:40:06 AM

Message: HandlingInstanceID: 1853b378-b061-4d55-8929-b93a8864dd3c
An exception of type 'System.NullReferenceException' occurred and was caught.
-----------------------------------------------------------------------------
06/08/2023 03:40:06
Type : System.NullReferenceException, mscorlib, Version=4.0.0.0, Culture=neutral, PublicKeyToken=b77a5c561934e089
Message : Object reference not set to an instance of an object.
Source : SitefinityWebApp
Help link : 
Data : System.Collections.ListDictionaryInternal
TargetSite : System.String GetCurrentViewName()
HResult : -2147467261
Stack Trace :    at SitefinityWebApp.Helpers.FrontendUrlHelper.GetCurrentViewName() in C:\Users\SIYI\Desktop\Projects\IHH-Demo-ver2\Helpers\FrontendUrlHelper.cs:line 35
   at ASP._Page_Frontend_Assembly_Telerik_Sitefinity_Frontend_DynamicContent_Mvc_Views_Packageandpromotions_List_UrlHospitalPackagesAndPromotions_cshtml_IHH_cshtml.Execute() in c:\local\Temporary ASP.NET Files\root\9bf12cb0\450be394\App_Web_list.urlhospitalpackagesandpromotions.cshtml#ihh.cshtml.9fc39136.r0pvz5rl.0.cs:line 0
   at System.Web.WebPages.WebPageBase.ExecutePageHierarchy()
   at System.Web.Mvc.WebViewPage.ExecutePageHierarchy()
   at System.Web.WebPages.WebPageBase.ExecutePageHierarchy(WebPageContext pageContext, TextWriter writer, WebPageRenderingBase startPage)
   at System.Web.Mvc.RazorView.RenderView(ViewContext viewContext, TextWriter writer, Object instance)
   at System.Web.Mvc.BuildManagerCompiledView.Render(ViewContext viewContext, TextWriter writer)
   at Telerik.Sitefinity.Frontend.Mvc.Infrastructure.Compilation.CompilationPerformanceRazorView.Render(ViewContext viewContext, TextWriter writer)
   at System.Web.Mvc.ViewResultBase.ExecuteResult(ControllerContext context)
   at System.Web.Mvc.ControllerActionInvoker.InvokeActionResult(ControllerContext controllerContext, ActionResult actionResult)
   at System.Web.Mvc.ControllerActionInvoker.InvokeActionResultFilterRecursive(IList`1 filters, Int32 filterIndex, ResultExecutingContext preContext, ControllerContext controllerContext, ActionResult actionResult)
   at System.Web.Mvc.ControllerActionInvoker.InvokeActionResultFilterRecursive(IList`1 filters, Int32 filterIndex, ResultExecutingContext preContext, ControllerContext controllerContext, ActionResult actionResult)
   at System.Web.Mvc.ControllerActionInvoker.InvokeActionResultFilterRecursive(IList`1 filters, Int32 filterIndex, ResultExecutingContext preContext, ControllerContext controllerContext, ActionResult actionResult)
   at System.Web.Mvc.ControllerActionInvoker.InvokeActionResultFilterRecursive(IList`1 filters, Int32 filterIndex, ResultExecutingContext preContext, ControllerContext controllerContext, ActionResult actionResult)
   at System.Web.Mvc.ControllerActionInvoker.InvokeActionResultFilterRecursive(IList`1 filters, Int32 filterIndex, ResultExecutingContext preContext, ControllerContext controllerContext, ActionResult actionResult)
   at System.Web.Mvc.ControllerActionInvoker.InvokeActionResultFilterRecursive(IList`1 filters, Int32 filterIndex, ResultExecutingContext preContext, ControllerContext controllerContext, ActionResult actionResult)
   at System.Web.Mvc.ControllerActionInvoker.InvokeActionResultFilterRecursive(IList`1 filters, Int32 filterIndex, ResultExecutingContext preContext, ControllerContext controllerContext, ActionResult actionResult)
   at System.Web.Mvc.ControllerActionInvoker.InvokeActionResultFilterRecursive(IList`1 filters, Int32 filterIndex, ResultExecutingContext preContext, ControllerContext controllerContext, ActionResult actionResult)
   at System.Web.Mvc.ControllerActionInvoker.InvokeActionResultWithFilters(ControllerContext controllerContext, IList`1 filters, ActionResult actionResult)
   at System.Web.Mvc.ControllerActionInvoker.InvokeAction(ControllerContext controllerContext, String actionName)
   at Telerik.Sitefinity.Mvc.ControllerWrapper.Execute()
   at Telerik.Sitefinity.Mvc.ControllerActionInvoker.ExecuteController(MvcProxyBase proxyControl)
   at Telerik.Sitefinity.Frontend.Mvc.Infrastructure.Routing.FeatherActionInvoker.ExecuteController(MvcProxyBase proxyControl)

Additional Info:

MachineName : WN1MDWK00002R
TimeStamp : 6/8/2023 3:40:06 AM
FullName : Telerik.Sitefinity.Utilities, Version=14.3.8000.0, Culture=neutral, PublicKeyToken=b28c218413bdf563
AppDomainName : /LM/W3SVC/2019185342/ROOT-10-133304940943918286
ThreadIdentity : bentley@vintedge.com
WindowsIdentity : IIS APPPOOL\MYG03MWS013
Requested URL : https://www.ihhmalaysia-international.com/Sitefinity/Template/0b076543-4c8a-4620-a5cb-78d764d2db92


Category: ErrorLog

Priority: 0

EventId: 9010

Severity: Warning

Title:Enterprise Library Exception Handling

Machine: WN1MDWK00002R

App Domain: /LM/W3SVC/2019185342/ROOT-10-133304940943918286

ProcessId: 6796

Process Name: C:\Windows\SysWOW64\inetsrv\w3wp.exe

Thread Name: 

Win32 ThreadId:5080

Extended Properties: 
----------------------------------------
----------------------------------------
ActivityId: ac98b797-9f4f-4f44-98bf-f60204275041

Timestamp: 6/8/2023 3:44:30 AM

Message: HandlingInstanceID: 2d0c5b04-6d85-4099-b7d3-f5c070e6ddb6
An exception of type 'System.NullReferenceException' occurred and was caught.
-----------------------------------------------------------------------------
06/08/2023 03:44:30
Type : System.NullReferenceException, mscorlib, Version=4.0.0.0, Culture=neutral, PublicKeyToken=b77a5c561934e089
Message : Object reference not set to an instance of an object.
Source : SitefinityWebApp
Help link : 
Data : System.Collections.ListDictionaryInternal
TargetSite : System.String GetCurrentViewName()
HResult : -2147467261
Stack Trace :    at SitefinityWebApp.Helpers.FrontendUrlHelper.GetCurrentViewName() in C:\Users\SIYI\Desktop\Projects\IHH-Demo-ver2\Helpers\FrontendUrlHelper.cs:line 35
   at ASP._Page_Frontend_Assembly_Telerik_Sitefinity_Frontend_DynamicContent_Mvc_Views_Packageandpromotions_List_UrlHospitalPackagesAndPromotions_cshtml_IHH_cshtml.Execute() in c:\local\Temporary ASP.NET Files\root\9bf12cb0\450be394\App_Web_list.urlhospitalpackagesandpromotions.cshtml#ihh.cshtml.9fc39136.r0pvz5rl.0.cs:line 0
   at System.Web.WebPages.WebPageBase.ExecutePageHierarchy()
   at System.Web.Mvc.WebViewPage.ExecutePageHierarchy()
   at System.Web.WebPages.WebPageBase.ExecutePageHierarchy(WebPageContext pageContext, TextWriter writer, WebPageRenderingBase startPage)
   at System.Web.Mvc.RazorView.RenderView(ViewContext viewContext, TextWriter writer, Object instance)
   at System.Web.Mvc.BuildManagerCompiledView.Render(ViewContext viewContext, TextWriter writer)
   at Telerik.Sitefinity.Frontend.Mvc.Infrastructure.Compilation.CompilationPerformanceRazorView.Render(ViewContext viewContext, TextWriter writer)
   at System.Web.Mvc.ViewResultBase.ExecuteResult(ControllerContext context)
   at System.Web.Mvc.ControllerActionInvoker.InvokeActionResult(ControllerContext controllerContext, ActionResult actionResult)
   at System.Web.Mvc.ControllerActionInvoker.InvokeActionResultFilterRecursive(IList`1 filters, Int32 filterIndex, ResultExecutingContext preContext, ControllerContext controllerContext, ActionResult actionResult)
   at System.Web.Mvc.ControllerActionInvoker.InvokeActionResultFilterRecursive(IList`1 filters, Int32 filterIndex, ResultExecutingContext preContext, ControllerContext controllerContext, ActionResult actionResult)
   at System.Web.Mvc.ControllerActionInvoker.InvokeActionResultFilterRecursive(IList`1 filters, Int32 filterIndex, ResultExecutingContext preContext, ControllerContext controllerContext, ActionResult actionResult)
   at System.Web.Mvc.ControllerActionInvoker.InvokeActionResultFilterRecursive(IList`1 filters, Int32 filterIndex, ResultExecutingContext preContext, ControllerContext controllerContext, ActionResult actionResult)
   at System.Web.Mvc.ControllerActionInvoker.InvokeActionResultFilterRecursive(IList`1 filters, Int32 filterIndex, ResultExecutingContext preContext, ControllerContext controllerContext, ActionResult actionResult)
   at System.Web.Mvc.ControllerActionInvoker.InvokeActionResultFilterRecursive(IList`1 filters, Int32 filterIndex, ResultExecutingContext preContext, ControllerContext controllerContext, ActionResult actionResult)
   at System.Web.Mvc.ControllerActionInvoker.InvokeActionResultFilterRecursive(IList`1 filters, Int32 filterIndex, ResultExecutingContext preContext, ControllerContext controllerContext, ActionResult actionResult)
   at System.Web.Mvc.ControllerActionInvoker.InvokeActionResultFilterRecursive(IList`1 filters, Int32 filterIndex, ResultExecutingContext preContext, ControllerContext controllerContext, ActionResult actionResult)
   at System.Web.Mvc.ControllerActionInvoker.InvokeActionResultWithFilters(ControllerContext controllerContext, IList`1 filters, ActionResult actionResult)
   at System.Web.Mvc.ControllerActionInvoker.InvokeAction(ControllerContext controllerContext, String actionName)
   at Telerik.Sitefinity.Mvc.ControllerWrapper.Execute()
   at Telerik.Sitefinity.Mvc.ControllerActionInvoker.ExecuteController(MvcProxyBase proxyControl)
   at Telerik.Sitefinity.Frontend.Mvc.Infrastructure.Routing.FeatherActionInvoker.ExecuteController(MvcProxyBase proxyControl)

Additional Info:

MachineName : WN1MDWK00002R
TimeStamp : 6/8/2023 3:44:30 AM
FullName : Telerik.Sitefinity.Utilities, Version=14.3.8000.0, Culture=neutral, PublicKeyToken=b28c218413bdf563
AppDomainName : /LM/W3SVC/2019185342/ROOT-10-133304940943918286
ThreadIdentity : bentley@vintedge.com
WindowsIdentity : IIS APPPOOL\MYG03MWS013
Requested URL : https://www.ihhmalaysia-international.com/Sitefinity/Template/0b076543-4c8a-4620-a5cb-78d764d2db92


Category: ErrorLog

Priority: 0

EventId: 9010

Severity: Warning

Title:Enterprise Library Exception Handling

Machine: WN1MDWK00002R

App Domain: /LM/W3SVC/2019185342/ROOT-10-133304940943918286

ProcessId: 6796

Process Name: C:\Windows\SysWOW64\inetsrv\w3wp.exe

Thread Name: 

Win32 ThreadId:1772

Extended Properties: 
----------------------------------------
----------------------------------------
ActivityId: e8f886cd-1830-49d2-a60a-b87542951951

Timestamp: 6/8/2023 3:47:29 AM

Message: HandlingInstanceID: 683e2a96-f496-4ad9-a3e8-39a4da6a5335
An exception of type 'System.NullReferenceException' occurred and was caught.
-----------------------------------------------------------------------------
06/08/2023 03:47:29
Type : System.NullReferenceException, mscorlib, Version=4.0.0.0, Culture=neutral, PublicKeyToken=b77a5c561934e089
Message : Object reference not set to an instance of an object.
Source : SitefinityWebApp
Help link : 
Data : System.Collections.ListDictionaryInternal
TargetSite : System.String GetCurrentViewName()
HResult : -2147467261
Stack Trace :    at SitefinityWebApp.Helpers.FrontendUrlHelper.GetCurrentViewName() in C:\Users\SIYI\Desktop\Projects\IHH-Demo-ver2\Helpers\FrontendUrlHelper.cs:line 35
   at ASP._Page_Frontend_Assembly_Telerik_Sitefinity_Frontend_DynamicContent_Mvc_Views_Packageandpromotions_List_UrlHospitalPackagesAndPromotions_cshtml_IHH_cshtml.Execute() in c:\local\Temporary ASP.NET Files\root\9bf12cb0\450be394\App_Web_list.urlhospitalpackagesandpromotions.cshtml#ihh.cshtml.9fc39136.r0pvz5rl.0.cs:line 0
   at System.Web.WebPages.WebPageBase.ExecutePageHierarchy()
   at System.Web.Mvc.WebViewPage.ExecutePageHierarchy()
   at System.Web.WebPages.WebPageBase.ExecutePageHierarchy(WebPageContext pageContext, TextWriter writer, WebPageRenderingBase startPage)
   at System.Web.Mvc.RazorView.RenderView(ViewContext viewContext, TextWriter writer, Object instance)
   at System.Web.Mvc.BuildManagerCompiledView.Render(ViewContext viewContext, TextWriter writer)
   at Telerik.Sitefinity.Frontend.Mvc.Infrastructure.Compilation.CompilationPerformanceRazorView.Render(ViewContext viewContext, TextWriter writer)
   at System.Web.Mvc.ViewResultBase.ExecuteResult(ControllerContext context)
   at System.Web.Mvc.ControllerActionInvoker.InvokeActionResult(ControllerContext controllerContext, ActionResult actionResult)
   at System.Web.Mvc.ControllerActionInvoker.InvokeActionResultFilterRecursive(IList`1 filters, Int32 filterIndex, ResultExecutingContext preContext, ControllerContext controllerContext, ActionResult actionResult)
   at System.Web.Mvc.ControllerActionInvoker.InvokeActionResultFilterRecursive(IList`1 filters, Int32 filterIndex, ResultExecutingContext preContext, ControllerContext controllerContext, ActionResult actionResult)
   at System.Web.Mvc.ControllerActionInvoker.InvokeActionResultFilterRecursive(IList`1 filters, Int32 filterIndex, ResultExecutingContext preContext, ControllerContext controllerContext, ActionResult actionResult)
   at System.Web.Mvc.ControllerActionInvoker.InvokeActionResultFilterRecursive(IList`1 filters, Int32 filterIndex, ResultExecutingContext preContext, ControllerContext controllerContext, ActionResult actionResult)
   at System.Web.Mvc.ControllerActionInvoker.InvokeActionResultFilterRecursive(IList`1 filters, Int32 filterIndex, ResultExecutingContext preContext, ControllerContext controllerContext, ActionResult actionResult)
   at System.Web.Mvc.ControllerActionInvoker.InvokeActionResultFilterRecursive(IList`1 filters, Int32 filterIndex, ResultExecutingContext preContext, ControllerContext controllerContext, ActionResult actionResult)
   at System.Web.Mvc.ControllerActionInvoker.InvokeActionResultFilterRecursive(IList`1 filters, Int32 filterIndex, ResultExecutingContext preContext, ControllerContext controllerContext, ActionResult actionResult)
   at System.Web.Mvc.ControllerActionInvoker.InvokeActionResultFilterRecursive(IList`1 filters, Int32 filterIndex, ResultExecutingContext preContext, ControllerContext controllerContext, ActionResult actionResult)
   at System.Web.Mvc.ControllerActionInvoker.InvokeActionResultWithFilters(ControllerContext controllerContext, IList`1 filters, ActionResult actionResult)
   at System.Web.Mvc.ControllerActionInvoker.InvokeAction(ControllerContext controllerContext, String actionName)
   at Telerik.Sitefinity.Mvc.ControllerWrapper.Execute()
   at Telerik.Sitefinity.Mvc.ControllerActionInvoker.ExecuteController(MvcProxyBase proxyControl)
   at Telerik.Sitefinity.Frontend.Mvc.Infrastructure.Routing.FeatherActionInvoker.ExecuteController(MvcProxyBase proxyControl)

Additional Info:

MachineName : WN1MDWK00002R
TimeStamp : 6/8/2023 3:47:29 AM
FullName : Telerik.Sitefinity.Utilities, Version=14.3.8000.0, Culture=neutral, PublicKeyToken=b28c218413bdf563
AppDomainName : /LM/W3SVC/2019185342/ROOT-10-133304940943918286
ThreadIdentity : bentley@vintedge.com
WindowsIdentity : IIS APPPOOL\MYG03MWS013
Requested URL : https://www.ihhmalaysia-international.com/Sitefinity/Template/0b076543-4c8a-4620-a5cb-78d764d2db92


Category: ErrorLog

Priority: 0

EventId: 9010

Severity: Warning

Title:Enterprise Library Exception Handling

Machine: WN1MDWK00002R

App Domain: /LM/W3SVC/2019185342/ROOT-10-133304940943918286

ProcessId: 6796

Process Name: C:\Windows\SysWOW64\inetsrv\w3wp.exe

Thread Name: 

Win32 ThreadId:6456

Extended Properties: 
----------------------------------------
----------------------------------------
ActivityId: 3d2b8681-0be3-4fc1-9b67-e6e7d8eaac54

Timestamp: 6/8/2023 3:48:53 AM

Message: HandlingInstanceID: 019290e9-dd62-45d9-ae8d-d5fe3bf00ba3
An exception of type 'System.NullReferenceException' occurred and was caught.
-----------------------------------------------------------------------------
06/08/2023 03:48:53
Type : System.NullReferenceException, mscorlib, Version=4.0.0.0, Culture=neutral, PublicKeyToken=b77a5c561934e089
Message : Object reference not set to an instance of an object.
Source : SitefinityWebApp
Help link : 
Data : System.Collections.ListDictionaryInternal
TargetSite : System.String GetCurrentViewName()
HResult : -2147467261
Stack Trace :    at SitefinityWebApp.Helpers.FrontendUrlHelper.GetCurrentViewName() in C:\Users\SIYI\Desktop\Projects\IHH-Demo-ver2\Helpers\FrontendUrlHelper.cs:line 35
   at ASP._Page_Frontend_Assembly_Telerik_Sitefinity_Frontend_DynamicContent_Mvc_Views_Packageandpromotions_List_UrlHospitalPackagesAndPromotions_cshtml_IHH_cshtml.Execute() in c:\local\Temporary ASP.NET Files\root\9bf12cb0\450be394\App_Web_list.urlhospitalpackagesandpromotions.cshtml#ihh.cshtml.9fc39136.r0pvz5rl.0.cs:line 0
   at System.Web.WebPages.WebPageBase.ExecutePageHierarchy()
   at System.Web.Mvc.WebViewPage.ExecutePageHierarchy()
   at System.Web.WebPages.WebPageBase.ExecutePageHierarchy(WebPageContext pageContext, TextWriter writer, WebPageRenderingBase startPage)
   at System.Web.Mvc.RazorView.RenderView(ViewContext viewContext, TextWriter writer, Object instance)
   at System.Web.Mvc.BuildManagerCompiledView.Render(ViewContext viewContext, TextWriter writer)
   at Telerik.Sitefinity.Frontend.Mvc.Infrastructure.Compilation.CompilationPerformanceRazorView.Render(ViewContext viewContext, TextWriter writer)
   at System.Web.Mvc.ViewResultBase.ExecuteResult(ControllerContext context)
   at System.Web.Mvc.ControllerActionInvoker.InvokeActionResult(ControllerContext controllerContext, ActionResult actionResult)
   at System.Web.Mvc.ControllerActionInvoker.InvokeActionResultFilterRecursive(IList`1 filters, Int32 filterIndex, ResultExecutingContext preContext, ControllerContext controllerContext, ActionResult actionResult)
   at System.Web.Mvc.ControllerActionInvoker.InvokeActionResultFilterRecursive(IList`1 filters, Int32 filterIndex, ResultExecutingContext preContext, ControllerContext controllerContext, ActionResult actionResult)
   at System.Web.Mvc.ControllerActionInvoker.InvokeActionResultFilterRecursive(IList`1 filters, Int32 filterIndex, ResultExecutingContext preContext, ControllerContext controllerContext, ActionResult actionResult)
   at System.Web.Mvc.ControllerActionInvoker.InvokeActionResultFilterRecursive(IList`1 filters, Int32 filterIndex, ResultExecutingContext preContext, ControllerContext controllerContext, ActionResult actionResult)
   at System.Web.Mvc.ControllerActionInvoker.InvokeActionResultFilterRecursive(IList`1 filters, Int32 filterIndex, ResultExecutingContext preContext, ControllerContext controllerContext, ActionResult actionResult)
   at System.Web.Mvc.ControllerActionInvoker.InvokeActionResultFilterRecursive(IList`1 filters, Int32 filterIndex, ResultExecutingContext preContext, ControllerContext controllerContext, ActionResult actionResult)
   at System.Web.Mvc.ControllerActionInvoker.InvokeActionResultFilterRecursive(IList`1 filters, Int32 filterIndex, ResultExecutingContext preContext, ControllerContext controllerContext, ActionResult actionResult)
   at System.Web.Mvc.ControllerActionInvoker.InvokeActionResultFilterRecursive(IList`1 filters, Int32 filterIndex, ResultExecutingContext preContext, ControllerContext controllerContext, ActionResult actionResult)
   at System.Web.Mvc.ControllerActionInvoker.InvokeActionResultWithFilters(ControllerContext controllerContext, IList`1 filters, ActionResult actionResult)
   at System.Web.Mvc.ControllerActionInvoker.InvokeAction(ControllerContext controllerContext, String actionName)
   at Telerik.Sitefinity.Mvc.ControllerWrapper.Execute()
   at Telerik.Sitefinity.Mvc.ControllerActionInvoker.ExecuteController(MvcProxyBase proxyControl)
   at Telerik.Sitefinity.Frontend.Mvc.Infrastructure.Routing.FeatherActionInvoker.ExecuteController(MvcProxyBase proxyControl)

Additional Info:

MachineName : WN1MDWK00002R
TimeStamp : 6/8/2023 3:48:53 AM
FullName : Telerik.Sitefinity.Utilities, Version=14.3.8000.0, Culture=neutral, PublicKeyToken=b28c218413bdf563
AppDomainName : /LM/W3SVC/2019185342/ROOT-10-133304940943918286
ThreadIdentity : bentley@vintedge.com
WindowsIdentity : IIS APPPOOL\MYG03MWS013
Requested URL : https://www.ihhmalaysia-international.com/Sitefinity/Template/0b076543-4c8a-4620-a5cb-78d764d2db92


Category: ErrorLog

Priority: 0

EventId: 9010

Severity: Warning

Title:Enterprise Library Exception Handling

Machine: WN1MDWK00002R

App Domain: /LM/W3SVC/2019185342/ROOT-10-133304940943918286

ProcessId: 6796

Process Name: C:\Windows\SysWOW64\inetsrv\w3wp.exe

Thread Name: 

Win32 ThreadId:1412

Extended Properties: 
----------------------------------------
----------------------------------------
ActivityId: eea943df-8274-4b4e-a55e-a08a78c2e071

Timestamp: 6/8/2023 3:51:22 AM

Message: HandlingInstanceID: 0b48b312-6d48-4bd9-ab9b-82ea50af8b5d
An exception of type 'System.NullReferenceException' occurred and was caught.
-----------------------------------------------------------------------------
06/08/2023 03:51:22
Type : System.NullReferenceException, mscorlib, Version=4.0.0.0, Culture=neutral, PublicKeyToken=b77a5c561934e089
Message : Object reference not set to an instance of an object.
Source : SitefinityWebApp
Help link : 
Data : System.Collections.ListDictionaryInternal
TargetSite : System.String GetCurrentViewName()
HResult : -2147467261
Stack Trace :    at SitefinityWebApp.Helpers.FrontendUrlHelper.GetCurrentViewName() in C:\Users\SIYI\Desktop\Projects\IHH-Demo-ver2\Helpers\FrontendUrlHelper.cs:line 35
   at ASP._Page_Frontend_Assembly_Telerik_Sitefinity_Frontend_DynamicContent_Mvc_Views_Packageandpromotions_List_UrlHospitalPackagesAndPromotions_cshtml_IHH_cshtml.Execute() in c:\local\Temporary ASP.NET Files\root\9bf12cb0\450be394\App_Web_list.urlhospitalpackagesandpromotions.cshtml#ihh.cshtml.9fc39136.r0pvz5rl.0.cs:line 0
   at System.Web.WebPages.WebPageBase.ExecutePageHierarchy()
   at System.Web.Mvc.WebViewPage.ExecutePageHierarchy()
   at System.Web.WebPages.WebPageBase.ExecutePageHierarchy(WebPageContext pageContext, TextWriter writer, WebPageRenderingBase startPage)
   at System.Web.Mvc.RazorView.RenderView(ViewContext viewContext, TextWriter writer, Object instance)
   at System.Web.Mvc.BuildManagerCompiledView.Render(ViewContext viewContext, TextWriter writer)
   at Telerik.Sitefinity.Frontend.Mvc.Infrastructure.Compilation.CompilationPerformanceRazorView.Render(ViewContext viewContext, TextWriter writer)
   at System.Web.Mvc.ViewResultBase.ExecuteResult(ControllerContext context)
   at System.Web.Mvc.ControllerActionInvoker.InvokeActionResult(ControllerContext controllerContext, ActionResult actionResult)
   at System.Web.Mvc.ControllerActionInvoker.InvokeActionResultFilterRecursive(IList`1 filters, Int32 filterIndex, ResultExecutingContext preContext, ControllerContext controllerContext, ActionResult actionResult)
   at System.Web.Mvc.ControllerActionInvoker.InvokeActionResultFilterRecursive(IList`1 filters, Int32 filterIndex, ResultExecutingContext preContext, ControllerContext controllerContext, ActionResult actionResult)
   at System.Web.Mvc.ControllerActionInvoker.InvokeActionResultFilterRecursive(IList`1 filters, Int32 filterIndex, ResultExecutingContext preContext, ControllerContext controllerContext, ActionResult actionResult)
   at System.Web.Mvc.ControllerActionInvoker.InvokeActionResultFilterRecursive(IList`1 filters, Int32 filterIndex, ResultExecutingContext preContext, ControllerContext controllerContext, ActionResult actionResult)
   at System.Web.Mvc.ControllerActionInvoker.InvokeActionResultFilterRecursive(IList`1 filters, Int32 filterIndex, ResultExecutingContext preContext, ControllerContext controllerContext, ActionResult actionResult)
   at System.Web.Mvc.ControllerActionInvoker.InvokeActionResultFilterRecursive(IList`1 filters, Int32 filterIndex, ResultExecutingContext preContext, ControllerContext controllerContext, ActionResult actionResult)
   at System.Web.Mvc.ControllerActionInvoker.InvokeActionResultFilterRecursive(IList`1 filters, Int32 filterIndex, ResultExecutingContext preContext, ControllerContext controllerContext, ActionResult actionResult)
   at System.Web.Mvc.ControllerActionInvoker.InvokeActionResultFilterRecursive(IList`1 filters, Int32 filterIndex, ResultExecutingContext preContext, ControllerContext controllerContext, ActionResult actionResult)
   at System.Web.Mvc.ControllerActionInvoker.InvokeActionResultWithFilters(ControllerContext controllerContext, IList`1 filters, ActionResult actionResult)
   at System.Web.Mvc.ControllerActionInvoker.InvokeAction(ControllerContext controllerContext, String actionName)
   at Telerik.Sitefinity.Mvc.ControllerWrapper.Execute()
   at Telerik.Sitefinity.Mvc.ControllerActionInvoker.ExecuteController(MvcProxyBase proxyControl)
   at Telerik.Sitefinity.Frontend.Mvc.Infrastructure.Routing.FeatherActionInvoker.ExecuteController(MvcProxyBase proxyControl)

Additional Info:

MachineName : WN1MDWK00002R
TimeStamp : 6/8/2023 3:51:22 AM
FullName : Telerik.Sitefinity.Utilities, Version=14.3.8000.0, Culture=neutral, PublicKeyToken=b28c218413bdf563
AppDomainName : /LM/W3SVC/2019185342/ROOT-10-133304940943918286
ThreadIdentity : bentley@vintedge.com
WindowsIdentity : IIS APPPOOL\MYG03MWS013
Requested URL : https://www.ihhmalaysia-international.com/Sitefinity/Template/0b076543-4c8a-4620-a5cb-78d764d2db92


Category: ErrorLog

Priority: 0

EventId: 9010

Severity: Warning

Title:Enterprise Library Exception Handling

Machine: WN1MDWK00002R

App Domain: /LM/W3SVC/2019185342/ROOT-10-133304940943918286

ProcessId: 6796

Process Name: C:\Windows\SysWOW64\inetsrv\w3wp.exe

Thread Name: 

Win32 ThreadId:5380

Extended Properties: 
----------------------------------------
----------------------------------------
ActivityId: cbb5d860-65f2-4e90-b3fe-10b69bd25c97

Timestamp: 6/8/2023 3:53:02 AM

Message: HandlingInstanceID: caee19af-b767-4fc1-a4f0-cf58eeed251a
An exception of type 'System.NullReferenceException' occurred and was caught.
-----------------------------------------------------------------------------
06/08/2023 03:53:02
Type : System.NullReferenceException, mscorlib, Version=4.0.0.0, Culture=neutral, PublicKeyToken=b77a5c561934e089
Message : Object reference not set to an instance of an object.
Source : SitefinityWebApp
Help link : 
Data : System.Collections.ListDictionaryInternal
TargetSite : System.String GetCurrentViewName()
HResult : -2147467261
Stack Trace :    at SitefinityWebApp.Helpers.FrontendUrlHelper.GetCurrentViewName() in C:\Users\SIYI\Desktop\Projects\IHH-Demo-ver2\Helpers\FrontendUrlHelper.cs:line 35
   at ASP._Page_Frontend_Assembly_Telerik_Sitefinity_Frontend_DynamicContent_Mvc_Views_Packageandpromotions_List_UrlHospitalPackagesAndPromotions_cshtml_IHH_cshtml.Execute() in c:\local\Temporary ASP.NET Files\root\9bf12cb0\450be394\App_Web_list.urlhospitalpackagesandpromotions.cshtml#ihh.cshtml.9fc39136.r0pvz5rl.0.cs:line 0
   at System.Web.WebPages.WebPageBase.ExecutePageHierarchy()
   at System.Web.Mvc.WebViewPage.ExecutePageHierarchy()
   at System.Web.WebPages.WebPageBase.ExecutePageHierarchy(WebPageContext pageContext, TextWriter writer, WebPageRenderingBase startPage)
   at System.Web.Mvc.RazorView.RenderView(ViewContext viewContext, TextWriter writer, Object instance)
   at System.Web.Mvc.BuildManagerCompiledView.Render(ViewContext viewContext, TextWriter writer)
   at Telerik.Sitefinity.Frontend.Mvc.Infrastructure.Compilation.CompilationPerformanceRazorView.Render(ViewContext viewContext, TextWriter writer)
   at System.Web.Mvc.ViewResultBase.ExecuteResult(ControllerContext context)
   at System.Web.Mvc.ControllerActionInvoker.InvokeActionResult(ControllerContext controllerContext, ActionResult actionResult)
   at System.Web.Mvc.ControllerActionInvoker.InvokeActionResultFilterRecursive(IList`1 filters, Int32 filterIndex, ResultExecutingContext preContext, ControllerContext controllerContext, ActionResult actionResult)
   at System.Web.Mvc.ControllerActionInvoker.InvokeActionResultFilterRecursive(IList`1 filters, Int32 filterIndex, ResultExecutingContext preContext, ControllerContext controllerContext, ActionResult actionResult)
   at System.Web.Mvc.ControllerActionInvoker.InvokeActionResultFilterRecursive(IList`1 filters, Int32 filterIndex, ResultExecutingContext preContext, ControllerContext controllerContext, ActionResult actionResult)
   at System.Web.Mvc.ControllerActionInvoker.InvokeActionResultFilterRecursive(IList`1 filters, Int32 filterIndex, ResultExecutingContext preContext, ControllerContext controllerContext, ActionResult actionResult)
   at System.Web.Mvc.ControllerActionInvoker.InvokeActionResultFilterRecursive(IList`1 filters, Int32 filterIndex, ResultExecutingContext preContext, ControllerContext controllerContext, ActionResult actionResult)
   at System.Web.Mvc.ControllerActionInvoker.InvokeActionResultFilterRecursive(IList`1 filters, Int32 filterIndex, ResultExecutingContext preContext, ControllerContext controllerContext, ActionResult actionResult)
   at System.Web.Mvc.ControllerActionInvoker.InvokeActionResultFilterRecursive(IList`1 filters, Int32 filterIndex, ResultExecutingContext preContext, ControllerContext controllerContext, ActionResult actionResult)
   at System.Web.Mvc.ControllerActionInvoker.InvokeActionResultFilterRecursive(IList`1 filters, Int32 filterIndex, ResultExecutingContext preContext, ControllerContext controllerContext, ActionResult actionResult)
   at System.Web.Mvc.ControllerActionInvoker.InvokeActionResultWithFilters(ControllerContext controllerContext, IList`1 filters, ActionResult actionResult)
   at System.Web.Mvc.ControllerActionInvoker.InvokeAction(ControllerContext controllerContext, String actionName)
   at Telerik.Sitefinity.Mvc.ControllerWrapper.Execute()
   at Telerik.Sitefinity.Mvc.ControllerActionInvoker.ExecuteController(MvcProxyBase proxyControl)
   at Telerik.Sitefinity.Frontend.Mvc.Infrastructure.Routing.FeatherActionInvoker.ExecuteController(MvcProxyBase proxyControl)

Additional Info:

MachineName : WN1MDWK00002R
TimeStamp : 6/8/2023 3:53:02 AM
FullName : Telerik.Sitefinity.Utilities, Version=14.3.8000.0, Culture=neutral, PublicKeyToken=b28c218413bdf563
AppDomainName : /LM/W3SVC/2019185342/ROOT-10-133304940943918286
ThreadIdentity : bentley@vintedge.com
WindowsIdentity : IIS APPPOOL\MYG03MWS013
Requested URL : https://www.ihhmalaysia-international.com/Sitefinity/Template/0b076543-4c8a-4620-a5cb-78d764d2db92


Category: ErrorLog

Priority: 0

EventId: 9010

Severity: Warning

Title:Enterprise Library Exception Handling

Machine: WN1MDWK00002R

App Domain: /LM/W3SVC/2019185342/ROOT-10-133304940943918286

ProcessId: 6796

Process Name: C:\Windows\SysWOW64\inetsrv\w3wp.exe

Thread Name: 

Win32 ThreadId:6648

Extended Properties: 
----------------------------------------
----------------------------------------
ActivityId: 00000000-0000-0000-0000-000000000000

Timestamp: 6/8/2023 3:56:07 AM

Message: HandlingInstanceID: ccbbd57b-e88e-4831-9d8f-b8ef25661307
An exception of type 'System.Web.HttpException' occurred and was caught.
------------------------------------------------------------------------
06/08/2023 03:56:07
Type : System.Web.HttpException, System.Web, Version=4.0.0.0, Culture=neutral, PublicKeyToken=b03f5f7f11d50a3a
Message : A potentially dangerous Request.Path value was detected from the client (*).
Source : System.Web
Help link : 
WebEventCode : 0
ErrorCode : -2147467259
Data : System.Collections.ListDictionaryInternal
TargetSite : Void ValidateInputIfRequiredByConfig()
HResult : -2147467259
Stack Trace :    at System.Web.HttpRequest.ValidateInputIfRequiredByConfig()
   at System.Web.HttpApplication.PipelineStepManager.ValidateHelper(HttpContext context)

Additional Info:

MachineName : WN1MDWK00002R
TimeStamp : 6/8/2023 3:56:07 AM
FullName : Telerik.Sitefinity.Utilities, Version=14.3.8000.0, Culture=neutral, PublicKeyToken=b28c218413bdf563
AppDomainName : /LM/W3SVC/2019185342/ROOT-10-133304940943918286
ThreadIdentity : 
WindowsIdentity : IIS APPPOOL\MYG03MWS013
Requested URL : https://www.ihhmalaysia-international.com/Sitefinity/adminapp/content/hospitals/0***********0-0*************00000000/appointments/30da5ff6-c6d9-48b3-90c5-cd610c85e6c9/edit?sf_provider=IHHDynamicModuleProvider&sf_culture=en


Category: ErrorLog

Priority: 0

EventId: 90000

Severity: Error

Title:Enterprise Library Exception Handling

Machine: WN1MDWK00002R

App Domain: /LM/W3SVC/2019185342/ROOT-10-133304940943918286

ProcessId: 6796

Process Name: C:\Windows\SysWOW64\inetsrv\w3wp.exe

Thread Name: 

Win32 ThreadId:416

Extended Properties: 
----------------------------------------
----------------------------------------
ActivityId: 2b3eb716-9a68-4d15-9a31-9901ba865259

Timestamp: 6/8/2023 3:57:26 AM

Message: HandlingInstanceID: 2f51bbcf-0372-4060-83a3-ca6bbfa48b25
An exception of type 'System.NullReferenceException' occurred and was caught.
-----------------------------------------------------------------------------
06/08/2023 03:57:26
Type : System.NullReferenceException, mscorlib, Version=4.0.0.0, Culture=neutral, PublicKeyToken=b77a5c561934e089
Message : Object reference not set to an instance of an object.
Source : SitefinityWebApp
Help link : 
Data : System.Collections.ListDictionaryInternal
TargetSite : System.String GetCurrentViewName()
HResult : -2147467261
Stack Trace :    at SitefinityWebApp.Helpers.FrontendUrlHelper.GetCurrentViewName() in C:\Users\SIYI\Desktop\Projects\IHH-Demo-ver2\Helpers\FrontendUrlHelper.cs:line 35
   at ASP._Page_Frontend_Assembly_Telerik_Sitefinity_Frontend_DynamicContent_Mvc_Views_Packageandpromotions_List_UrlHospitalPackagesAndPromotions_cshtml_IHH_cshtml.Execute() in c:\local\Temporary ASP.NET Files\root\9bf12cb0\450be394\App_Web_list.urlhospitalpackagesandpromotions.cshtml#ihh.cshtml.9fc39136.r0pvz5rl.0.cs:line 0
   at System.Web.WebPages.WebPageBase.ExecutePageHierarchy()
   at System.Web.Mvc.WebViewPage.ExecutePageHierarchy()
   at System.Web.WebPages.WebPageBase.ExecutePageHierarchy(WebPageContext pageContext, TextWriter writer, WebPageRenderingBase startPage)
   at System.Web.Mvc.RazorView.RenderView(ViewContext viewContext, TextWriter writer, Object instance)
   at System.Web.Mvc.BuildManagerCompiledView.Render(ViewContext viewContext, TextWriter writer)
   at Telerik.Sitefinity.Frontend.Mvc.Infrastructure.Compilation.CompilationPerformanceRazorView.Render(ViewContext viewContext, TextWriter writer)
   at System.Web.Mvc.ViewResultBase.ExecuteResult(ControllerContext context)
   at System.Web.Mvc.ControllerActionInvoker.InvokeActionResult(ControllerContext controllerContext, ActionResult actionResult)
   at System.Web.Mvc.ControllerActionInvoker.InvokeActionResultFilterRecursive(IList`1 filters, Int32 filterIndex, ResultExecutingContext preContext, ControllerContext controllerContext, ActionResult actionResult)
   at System.Web.Mvc.ControllerActionInvoker.InvokeActionResultFilterRecursive(IList`1 filters, Int32 filterIndex, ResultExecutingContext preContext, ControllerContext controllerContext, ActionResult actionResult)
   at System.Web.Mvc.ControllerActionInvoker.InvokeActionResultFilterRecursive(IList`1 filters, Int32 filterIndex, ResultExecutingContext preContext, ControllerContext controllerContext, ActionResult actionResult)
   at System.Web.Mvc.ControllerActionInvoker.InvokeActionResultFilterRecursive(IList`1 filters, Int32 filterIndex, ResultExecutingContext preContext, ControllerContext controllerContext, ActionResult actionResult)
   at System.Web.Mvc.ControllerActionInvoker.InvokeActionResultFilterRecursive(IList`1 filters, Int32 filterIndex, ResultExecutingContext preContext, ControllerContext controllerContext, ActionResult actionResult)
   at System.Web.Mvc.ControllerActionInvoker.InvokeActionResultFilterRecursive(IList`1 filters, Int32 filterIndex, ResultExecutingContext preContext, ControllerContext controllerContext, ActionResult actionResult)
   at System.Web.Mvc.ControllerActionInvoker.InvokeActionResultFilterRecursive(IList`1 filters, Int32 filterIndex, ResultExecutingContext preContext, ControllerContext controllerContext, ActionResult actionResult)
   at System.Web.Mvc.ControllerActionInvoker.InvokeActionResultFilterRecursive(IList`1 filters, Int32 filterIndex, ResultExecutingContext preContext, ControllerContext controllerContext, ActionResult actionResult)
   at System.Web.Mvc.ControllerActionInvoker.InvokeActionResultWithFilters(ControllerContext controllerContext, IList`1 filters, ActionResult actionResult)
   at System.Web.Mvc.ControllerActionInvoker.InvokeAction(ControllerContext controllerContext, String actionName)
   at Telerik.Sitefinity.Mvc.ControllerWrapper.Execute()
   at Telerik.Sitefinity.Mvc.ControllerActionInvoker.ExecuteController(MvcProxyBase proxyControl)
   at Telerik.Sitefinity.Frontend.Mvc.Infrastructure.Routing.FeatherActionInvoker.ExecuteController(MvcProxyBase proxyControl)

Additional Info:

MachineName : WN1MDWK00002R
TimeStamp : 6/8/2023 3:57:26 AM
FullName : Telerik.Sitefinity.Utilities, Version=14.3.8000.0, Culture=neutral, PublicKeyToken=b28c218413bdf563
AppDomainName : /LM/W3SVC/2019185342/ROOT-10-133304940943918286
ThreadIdentity : bentley@vintedge.com
WindowsIdentity : IIS APPPOOL\MYG03MWS013
Requested URL : https://www.ihhmalaysia-international.com/Sitefinity/Template/0b076543-4c8a-4620-a5cb-78d764d2db92


Category: ErrorLog

Priority: 0

EventId: 9010

Severity: Warning

Title:Enterprise Library Exception Handling

Machine: WN1MDWK00002R

App Domain: /LM/W3SVC/2019185342/ROOT-10-133304940943918286

ProcessId: 6796

Process Name: C:\Windows\SysWOW64\inetsrv\w3wp.exe

Thread Name: 

Win32 ThreadId:7508

Extended Properties: 
----------------------------------------
----------------------------------------
ActivityId: 00000000-0000-0000-0000-000000000000

Timestamp: 6/8/2023 4:50:24 AM

Message: HandlingInstanceID: c432f719-8247-4a03-9a93-e6d07cd956cb
An exception of type 'System.Web.HttpException' occurred and was caught.
------------------------------------------------------------------------
06/08/2023 04:50:24
Type : System.Web.HttpException, System.Web, Version=4.0.0.0, Culture=neutral, PublicKeyToken=b03f5f7f11d50a3a
Message : A potentially dangerous Request.Path value was detected from the client (*).
Source : System.Web
Help link : 
WebEventCode : 0
ErrorCode : -2147467259
Data : System.Collections.ListDictionaryInternal
TargetSite : Void ValidateInputIfRequiredByConfig()
HResult : -2147467259
Stack Trace :    at System.Web.HttpRequest.ValidateInputIfRequiredByConfig()
   at System.Web.HttpApplication.PipelineStepManager.ValidateHelper(HttpContext context)

Additional Info:

MachineName : WN1MDWK00002R
TimeStamp : 6/8/2023 4:50:24 AM
FullName : Telerik.Sitefinity.Utilities, Version=14.3.8000.0, Culture=neutral, PublicKeyToken=b28c218413bdf563
AppDomainName : /LM/W3SVC/2019185342/ROOT-10-133304940943918286
ThreadIdentity : 
WindowsIdentity : IIS APPPOOL\MYG03MWS013
Requested URL : https://www.ihhmalaysia-international.com/Sitefinity/adminapp/content/hospitals/578f186e-8b1d-4bd2-81c2-cd40a20a2c08/appointments/5979ab42-7504-4f24-bdd2-a4c********6/edit?sf_provider=IHHDynamicModuleProvider&sf_culture=en


Category: ErrorLog

Priority: 0

EventId: 90000

Severity: Error

Title:Enterprise Library Exception Handling

Machine: WN1MDWK00002R

App Domain: /LM/W3SVC/2019185342/ROOT-10-133304940943918286

ProcessId: 6796

Process Name: C:\Windows\SysWOW64\inetsrv\w3wp.exe

Thread Name: 

Win32 ThreadId:6672

Extended Properties: 
----------------------------------------
----------------------------------------
ActivityId: 62f77156-6a7f-4505-9a14-0e53ec37f5c9

Timestamp: 6/8/2023 6:00:55 AM

Message: HandlingInstanceID: ceefa989-6af9-4827-92b6-3084a96621e1
An exception of type 'System.NullReferenceException' occurred and was caught.
-----------------------------------------------------------------------------
06/08/2023 06:00:55
Type : System.NullReferenceException, mscorlib, Version=4.0.0.0, Culture=neutral, PublicKeyToken=b77a5c561934e089
Message : Object reference not set to an instance of an object.
Source : SitefinityWebApp
Help link : 
Data : System.Collections.ListDictionaryInternal
TargetSite : System.String GetCurrentViewName()
HResult : -2147467261
Stack Trace :    at SitefinityWebApp.Helpers.FrontendUrlHelper.GetCurrentViewName() in C:\Users\SIYI\Desktop\Projects\IHH-Demo-ver2\Helpers\FrontendUrlHelper.cs:line 35
   at ASP._Page_Frontend_Assembly_Telerik_Sitefinity_Frontend_DynamicContent_Mvc_Views_Packageandpromotions_List_UrlHospitalPackagesAndPromotions_cshtml_IHH_cshtml.Execute() in c:\local\Temporary ASP.NET Files\root\9bf12cb0\450be394\App_Web_list.urlhospitalpackagesandpromotions.cshtml#ihh.cshtml.9fc39136.r0pvz5rl.0.cs:line 0
   at System.Web.WebPages.WebPageBase.ExecutePageHierarchy()
   at System.Web.Mvc.WebViewPage.ExecutePageHierarchy()
   at System.Web.WebPages.WebPageBase.ExecutePageHierarchy(WebPageContext pageContext, TextWriter writer, WebPageRenderingBase startPage)
   at System.Web.Mvc.RazorView.RenderView(ViewContext viewContext, TextWriter writer, Object instance)
   at System.Web.Mvc.BuildManagerCompiledView.Render(ViewContext viewContext, TextWriter writer)
   at Telerik.Sitefinity.Frontend.Mvc.Infrastructure.Compilation.CompilationPerformanceRazorView.Render(ViewContext viewContext, TextWriter writer)
   at System.Web.Mvc.ViewResultBase.ExecuteResult(ControllerContext context)
   at System.Web.Mvc.ControllerActionInvoker.InvokeActionResult(ControllerContext controllerContext, ActionResult actionResult)
   at System.Web.Mvc.ControllerActionInvoker.InvokeActionResultFilterRecursive(IList`1 filters, Int32 filterIndex, ResultExecutingContext preContext, ControllerContext controllerContext, ActionResult actionResult)
   at System.Web.Mvc.ControllerActionInvoker.InvokeActionResultFilterRecursive(IList`1 filters, Int32 filterIndex, ResultExecutingContext preContext, ControllerContext controllerContext, ActionResult actionResult)
   at System.Web.Mvc.ControllerActionInvoker.InvokeActionResultFilterRecursive(IList`1 filters, Int32 filterIndex, ResultExecutingContext preContext, ControllerContext controllerContext, ActionResult actionResult)
   at System.Web.Mvc.ControllerActionInvoker.InvokeActionResultFilterRecursive(IList`1 filters, Int32 filterIndex, ResultExecutingContext preContext, ControllerContext controllerContext, ActionResult actionResult)
   at System.Web.Mvc.ControllerActionInvoker.InvokeActionResultFilterRecursive(IList`1 filters, Int32 filterIndex, ResultExecutingContext preContext, ControllerContext controllerContext, ActionResult actionResult)
   at System.Web.Mvc.ControllerActionInvoker.InvokeActionResultFilterRecursive(IList`1 filters, Int32 filterIndex, ResultExecutingContext preContext, ControllerContext controllerContext, ActionResult actionResult)
   at System.Web.Mvc.ControllerActionInvoker.InvokeActionResultFilterRecursive(IList`1 filters, Int32 filterIndex, ResultExecutingContext preContext, ControllerContext controllerContext, ActionResult actionResult)
   at System.Web.Mvc.ControllerActionInvoker.InvokeActionResultFilterRecursive(IList`1 filters, Int32 filterIndex, ResultExecutingContext preContext, ControllerContext controllerContext, ActionResult actionResult)
   at System.Web.Mvc.ControllerActionInvoker.InvokeActionResultWithFilters(ControllerContext controllerContext, IList`1 filters, ActionResult actionResult)
   at System.Web.Mvc.ControllerActionInvoker.InvokeAction(ControllerContext controllerContext, String actionName)
   at Telerik.Sitefinity.Mvc.ControllerWrapper.Execute()
   at Telerik.Sitefinity.Mvc.ControllerActionInvoker.ExecuteController(MvcProxyBase proxyControl)
   at Telerik.Sitefinity.Frontend.Mvc.Infrastructure.Routing.FeatherActionInvoker.ExecuteController(MvcProxyBase proxyControl)

Additional Info:

MachineName : WN1MDWK00002R
TimeStamp : 6/8/2023 6:00:55 AM
FullName : Telerik.Sitefinity.Utilities, Version=14.3.8000.0, Culture=neutral, PublicKeyToken=b28c218413bdf563
AppDomainName : /LM/W3SVC/2019185342/ROOT-10-133304940943918286
ThreadIdentity : bentley@vintedge.com
WindowsIdentity : IIS APPPOOL\MYG03MWS013
Requested URL : https://www.ihhmalaysia-international.com/Sitefinity/Template/0b076543-4c8a-4620-a5cb-78d764d2db92


Category: ErrorLog

Priority: 0

EventId: 9010

Severity: Warning

Title:Enterprise Library Exception Handling

Machine: WN1MDWK00002R

App Domain: /LM/W3SVC/2019185342/ROOT-10-133304940943918286

ProcessId: 6796

Process Name: C:\Windows\SysWOW64\inetsrv\w3wp.exe

Thread Name: 

Win32 ThreadId:7516

Extended Properties: 
----------------------------------------
----------------------------------------
ActivityId: 4bfae5e6-7bd7-4ad6-97fb-b3a08e6def50

Timestamp: 6/8/2023 6:02:10 AM

Message: HandlingInstanceID: 84db307f-92c5-4a4a-901b-9d99d0cd2f55
An exception of type 'System.NullReferenceException' occurred and was caught.
-----------------------------------------------------------------------------
06/08/2023 06:02:10
Type : System.NullReferenceException, mscorlib, Version=4.0.0.0, Culture=neutral, PublicKeyToken=b77a5c561934e089
Message : Object reference not set to an instance of an object.
Source : SitefinityWebApp
Help link : 
Data : System.Collections.ListDictionaryInternal
TargetSite : System.String GetCurrentViewName()
HResult : -2147467261
Stack Trace :    at SitefinityWebApp.Helpers.FrontendUrlHelper.GetCurrentViewName() in C:\Users\SIYI\Desktop\Projects\IHH-Demo-ver2\Helpers\FrontendUrlHelper.cs:line 35
   at ASP._Page_Frontend_Assembly_Telerik_Sitefinity_Frontend_DynamicContent_Mvc_Views_Packageandpromotions_List_UrlHospitalPackagesAndPromotions_cshtml_IHH_cshtml.Execute() in c:\local\Temporary ASP.NET Files\root\9bf12cb0\450be394\App_Web_list.urlhospitalpackagesandpromotions.cshtml#ihh.cshtml.9fc39136.r0pvz5rl.0.cs:line 0
   at System.Web.WebPages.WebPageBase.ExecutePageHierarchy()
   at System.Web.Mvc.WebViewPage.ExecutePageHierarchy()
   at System.Web.WebPages.WebPageBase.ExecutePageHierarchy(WebPageContext pageContext, TextWriter writer, WebPageRenderingBase startPage)
   at System.Web.Mvc.RazorView.RenderView(ViewContext viewContext, TextWriter writer, Object instance)
   at System.Web.Mvc.BuildManagerCompiledView.Render(ViewContext viewContext, TextWriter writer)
   at Telerik.Sitefinity.Frontend.Mvc.Infrastructure.Compilation.CompilationPerformanceRazorView.Render(ViewContext viewContext, TextWriter writer)
   at System.Web.Mvc.ViewResultBase.ExecuteResult(ControllerContext context)
   at System.Web.Mvc.ControllerActionInvoker.InvokeActionResult(ControllerContext controllerContext, ActionResult actionResult)
   at System.Web.Mvc.ControllerActionInvoker.InvokeActionResultFilterRecursive(IList`1 filters, Int32 filterIndex, ResultExecutingContext preContext, ControllerContext controllerContext, ActionResult actionResult)
   at System.Web.Mvc.ControllerActionInvoker.InvokeActionResultFilterRecursive(IList`1 filters, Int32 filterIndex, ResultExecutingContext preContext, ControllerContext controllerContext, ActionResult actionResult)
   at System.Web.Mvc.ControllerActionInvoker.InvokeActionResultFilterRecursive(IList`1 filters, Int32 filterIndex, ResultExecutingContext preContext, ControllerContext controllerContext, ActionResult actionResult)
   at System.Web.Mvc.ControllerActionInvoker.InvokeActionResultFilterRecursive(IList`1 filters, Int32 filterIndex, ResultExecutingContext preContext, ControllerContext controllerContext, ActionResult actionResult)
   at System.Web.Mvc.ControllerActionInvoker.InvokeActionResultFilterRecursive(IList`1 filters, Int32 filterIndex, ResultExecutingContext preContext, ControllerContext controllerContext, ActionResult actionResult)
   at System.Web.Mvc.ControllerActionInvoker.InvokeActionResultFilterRecursive(IList`1 filters, Int32 filterIndex, ResultExecutingContext preContext, ControllerContext controllerContext, ActionResult actionResult)
   at System.Web.Mvc.ControllerActionInvoker.InvokeActionResultFilterRecursive(IList`1 filters, Int32 filterIndex, ResultExecutingContext preContext, ControllerContext controllerContext, ActionResult actionResult)
   at System.Web.Mvc.ControllerActionInvoker.InvokeActionResultFilterRecursive(IList`1 filters, Int32 filterIndex, ResultExecutingContext preContext, ControllerContext controllerContext, ActionResult actionResult)
   at System.Web.Mvc.ControllerActionInvoker.InvokeActionResultWithFilters(ControllerContext controllerContext, IList`1 filters, ActionResult actionResult)
   at System.Web.Mvc.ControllerActionInvoker.InvokeAction(ControllerContext controllerContext, String actionName)
   at Telerik.Sitefinity.Mvc.ControllerWrapper.Execute()
   at Telerik.Sitefinity.Mvc.ControllerActionInvoker.ExecuteController(MvcProxyBase proxyControl)
   at Telerik.Sitefinity.Frontend.Mvc.Infrastructure.Routing.FeatherActionInvoker.ExecuteController(MvcProxyBase proxyControl)

Additional Info:

MachineName : WN1MDWK00002R
TimeStamp : 6/8/2023 6:02:10 AM
FullName : Telerik.Sitefinity.Utilities, Version=14.3.8000.0, Culture=neutral, PublicKeyToken=b28c218413bdf563
AppDomainName : /LM/W3SVC/2019185342/ROOT-10-133304940943918286
ThreadIdentity : bentley@vintedge.com
WindowsIdentity : IIS APPPOOL\MYG03MWS013
Requested URL : https://www.ihhmalaysia-international.com/Sitefinity/Template/0b076543-4c8a-4620-a5cb-78d764d2db92


Category: ErrorLog

Priority: 0

EventId: 9010

Severity: Warning

Title:Enterprise Library Exception Handling

Machine: WN1MDWK00002R

App Domain: /LM/W3SVC/2019185342/ROOT-10-133304940943918286

ProcessId: 6796

Process Name: C:\Windows\SysWOW64\inetsrv\w3wp.exe

Thread Name: 

Win32 ThreadId:2660

Extended Properties: 
----------------------------------------
----------------------------------------
ActivityId: 882a81d9-1f88-4bda-ad40-8c6ee77ca204

Timestamp: 6/8/2023 6:02:43 AM

Message: HandlingInstanceID: ced573e0-5a13-4790-8e57-5e441a50464a
An exception of type 'System.NullReferenceException' occurred and was caught.
-----------------------------------------------------------------------------
06/08/2023 06:02:43
Type : System.NullReferenceException, mscorlib, Version=4.0.0.0, Culture=neutral, PublicKeyToken=b77a5c561934e089
Message : Object reference not set to an instance of an object.
Source : SitefinityWebApp
Help link : 
Data : System.Collections.ListDictionaryInternal
TargetSite : System.String GetCurrentViewName()
HResult : -2147467261
Stack Trace :    at SitefinityWebApp.Helpers.FrontendUrlHelper.GetCurrentViewName() in C:\Users\SIYI\Desktop\Projects\IHH-Demo-ver2\Helpers\FrontendUrlHelper.cs:line 35
   at ASP._Page_Frontend_Assembly_Telerik_Sitefinity_Frontend_DynamicContent_Mvc_Views_Packageandpromotions_List_UrlHospitalPackagesAndPromotions_cshtml_IHH_cshtml.Execute() in c:\local\Temporary ASP.NET Files\root\9bf12cb0\450be394\App_Web_list.urlhospitalpackagesandpromotions.cshtml#ihh.cshtml.9fc39136.r0pvz5rl.0.cs:line 0
   at System.Web.WebPages.WebPageBase.ExecutePageHierarchy()
   at System.Web.Mvc.WebViewPage.ExecutePageHierarchy()
   at System.Web.WebPages.WebPageBase.ExecutePageHierarchy(WebPageContext pageContext, TextWriter writer, WebPageRenderingBase startPage)
   at System.Web.Mvc.RazorView.RenderView(ViewContext viewContext, TextWriter writer, Object instance)
   at System.Web.Mvc.BuildManagerCompiledView.Render(ViewContext viewContext, TextWriter writer)
   at Telerik.Sitefinity.Frontend.Mvc.Infrastructure.Compilation.CompilationPerformanceRazorView.Render(ViewContext viewContext, TextWriter writer)
   at System.Web.Mvc.ViewResultBase.ExecuteResult(ControllerContext context)
   at System.Web.Mvc.ControllerActionInvoker.InvokeActionResult(ControllerContext controllerContext, ActionResult actionResult)
   at System.Web.Mvc.ControllerActionInvoker.InvokeActionResultFilterRecursive(IList`1 filters, Int32 filterIndex, ResultExecutingContext preContext, ControllerContext controllerContext, ActionResult actionResult)
   at System.Web.Mvc.ControllerActionInvoker.InvokeActionResultFilterRecursive(IList`1 filters, Int32 filterIndex, ResultExecutingContext preContext, ControllerContext controllerContext, ActionResult actionResult)
   at System.Web.Mvc.ControllerActionInvoker.InvokeActionResultFilterRecursive(IList`1 filters, Int32 filterIndex, ResultExecutingContext preContext, ControllerContext controllerContext, ActionResult actionResult)
   at System.Web.Mvc.ControllerActionInvoker.InvokeActionResultFilterRecursive(IList`1 filters, Int32 filterIndex, ResultExecutingContext preContext, ControllerContext controllerContext, ActionResult actionResult)
   at System.Web.Mvc.ControllerActionInvoker.InvokeActionResultFilterRecursive(IList`1 filters, Int32 filterIndex, ResultExecutingContext preContext, ControllerContext controllerContext, ActionResult actionResult)
   at System.Web.Mvc.ControllerActionInvoker.InvokeActionResultFilterRecursive(IList`1 filters, Int32 filterIndex, ResultExecutingContext preContext, ControllerContext controllerContext, ActionResult actionResult)
   at System.Web.Mvc.ControllerActionInvoker.InvokeActionResultFilterRecursive(IList`1 filters, Int32 filterIndex, ResultExecutingContext preContext, ControllerContext controllerContext, ActionResult actionResult)
   at System.Web.Mvc.ControllerActionInvoker.InvokeActionResultFilterRecursive(IList`1 filters, Int32 filterIndex, ResultExecutingContext preContext, ControllerContext controllerContext, ActionResult actionResult)
   at System.Web.Mvc.ControllerActionInvoker.InvokeActionResultWithFilters(ControllerContext controllerContext, IList`1 filters, ActionResult actionResult)
   at System.Web.Mvc.ControllerActionInvoker.InvokeAction(ControllerContext controllerContext, String actionName)
   at Telerik.Sitefinity.Mvc.ControllerWrapper.Execute()
   at Telerik.Sitefinity.Mvc.ControllerActionInvoker.ExecuteController(MvcProxyBase proxyControl)
   at Telerik.Sitefinity.Frontend.Mvc.Infrastructure.Routing.FeatherActionInvoker.ExecuteController(MvcProxyBase proxyControl)

Additional Info:

MachineName : WN1MDWK00002R
TimeStamp : 6/8/2023 6:02:43 AM
FullName : Telerik.Sitefinity.Utilities, Version=14.3.8000.0, Culture=neutral, PublicKeyToken=b28c218413bdf563
AppDomainName : /LM/W3SVC/2019185342/ROOT-10-133304940943918286
ThreadIdentity : bentley@vintedge.com
WindowsIdentity : IIS APPPOOL\MYG03MWS013
Requested URL : https://www.ihhmalaysia-international.com/Sitefinity/Template/0b076543-4c8a-4620-a5cb-78d764d2db92


Category: ErrorLog

Priority: 0

EventId: 9010

Severity: Warning

Title:Enterprise Library Exception Handling

Machine: WN1MDWK00002R

App Domain: /LM/W3SVC/2019185342/ROOT-10-133304940943918286

ProcessId: 6796

Process Name: C:\Windows\SysWOW64\inetsrv\w3wp.exe

Thread Name: 

Win32 ThreadId:8984

Extended Properties: 
----------------------------------------
----------------------------------------
ActivityId: 00000000-0000-0000-0000-000000000000

Timestamp: 6/8/2023 9:50:04 AM

Message: HandlingInstanceID: 446d91b3-aa72-42a5-acfe-cf993725e235
An exception of type 'System.Web.HttpException' occurred and was caught.
------------------------------------------------------------------------
06/08/2023 09:50:04
Type : System.Web.HttpException, System.Web, Version=4.0.0.0, Culture=neutral, PublicKeyToken=b03f5f7f11d50a3a
Message : A potentially dangerous Request.Path value was detected from the client (*).
Source : System.Web
Help link : 
WebEventCode : 0
ErrorCode : -2147467259
Data : System.Collections.ListDictionaryInternal
TargetSite : Void ValidateInputIfRequiredByConfig()
HResult : -2147467259
Stack Trace :    at System.Web.HttpRequest.ValidateInputIfRequiredByConfig()
   at System.Web.HttpApplication.PipelineStepManager.ValidateHelper(HttpContext context)

Additional Info:

MachineName : WN1MDWK00002R
TimeStamp : 6/8/2023 9:50:04 AM
FullName : Telerik.Sitefinity.Utilities, Version=14.3.8000.0, Culture=neutral, PublicKeyToken=b28c218413bdf563
AppDomainName : /LM/W3SVC/2019185342/ROOT-10-133304940943918286
ThreadIdentity : 
WindowsIdentity : IIS APPPOOL\MYG03MWS013
Requested URL : https://www.ihhmalaysia-international.com/Sitefinity/adminapp/content/hospitals/2a*****8-e03a-416e-8a7a-4b1be94d7723/appointments/e5d6*******0c-4317-ab40-cb8a******3b/edit?sf_provider=IHHDynamicModuleProvider&sf_culture=en


Category: ErrorLog

Priority: 0

EventId: 90000

Severity: Error

Title:Enterprise Library Exception Handling

Machine: WN1MDWK00002R

App Domain: /LM/W3SVC/2019185342/ROOT-10-133304940943918286

ProcessId: 6796

Process Name: C:\Windows\SysWOW64\inetsrv\w3wp.exe

Thread Name: 

Win32 ThreadId:9044

Extended Properties: 
----------------------------------------
----------------------------------------
ActivityId: 00000000-0000-0000-0000-000000000000

Timestamp: 6/8/2023 10:35:15 AM

Message: HandlingInstanceID: 3a52a18f-bee6-476d-932c-5772f617359c
An exception of type 'System.Web.HttpException' occurred and was caught.
------------------------------------------------------------------------
06/08/2023 10:35:15
Type : System.Web.HttpException, System.Web, Version=4.0.0.0, Culture=neutral, PublicKeyToken=b03f5f7f11d50a3a
Message : A potentially dangerous Request.Path value was detected from the client (*).
Source : System.Web
Help link : 
WebEventCode : 0
ErrorCode : -2147467259
Data : System.Collections.ListDictionaryInternal
TargetSite : Void ValidateInputIfRequiredByConfig()
HResult : -2147467259
Stack Trace :    at System.Web.HttpRequest.ValidateInputIfRequiredByConfig()
   at System.Web.HttpApplication.PipelineStepManager.ValidateHelper(HttpContext context)

Additional Info:

MachineName : WN1MDWK00002R
TimeStamp : 6/8/2023 10:35:15 AM
FullName : Telerik.Sitefinity.Utilities, Version=14.3.8000.0, Culture=neutral, PublicKeyToken=b28c218413bdf563
AppDomainName : /LM/W3SVC/2019185342/ROOT-10-133304940943918286
ThreadIdentity : 
WindowsIdentity : IIS APPPOOL\MYG03MWS013
Requested URL : https://www.ihhmalaysia-international.com/Sitefinity/adminapp/content/hospitals/0***********0-0*************00000000/enquiries/e7793cba-5531-4311-a99d-2488a19899c0/edit?sf_provider=IHHDynamicModuleProvider&sf_culture=en


Category: ErrorLog

Priority: 0

EventId: 90000

Severity: Error

Title:Enterprise Library Exception Handling

Machine: WN1MDWK00002R

App Domain: /LM/W3SVC/2019185342/ROOT-10-133304940943918286

ProcessId: 6796

Process Name: C:\Windows\SysWOW64\inetsrv\w3wp.exe

Thread Name: 

Win32 ThreadId:8100

Extended Properties: 
----------------------------------------
----------------------------------------
ActivityId: 00000000-0000-0000-0000-000000000000

Timestamp: 6/8/2023 12:20:31 PM

Message: HandlingInstanceID: 53514c34-9c70-476e-a440-dc3791f6e431
An exception of type 'System.Web.HttpException' occurred and was caught.
------------------------------------------------------------------------
06/08/2023 12:20:31
Type : System.Web.HttpException, System.Web, Version=4.0.0.0, Culture=neutral, PublicKeyToken=b03f5f7f11d50a3a
Message : A potentially dangerous Request.Path value was detected from the client (*).
Source : System.Web
Help link : 
WebEventCode : 0
ErrorCode : -2147467259
Data : System.Collections.ListDictionaryInternal
TargetSite : Void ValidateInputIfRequiredByConfig()
HResult : -2147467259
Stack Trace :    at System.Web.HttpRequest.ValidateInputIfRequiredByConfig()
   at System.Web.HttpApplication.PipelineStepManager.ValidateHelper(HttpContext context)

Additional Info:

MachineName : WN1MDWK00002R
TimeStamp : 6/8/2023 12:20:31 PM
FullName : Telerik.Sitefinity.Utilities, Version=14.3.8000.0, Culture=neutral, PublicKeyToken=b28c218413bdf563
AppDomainName : /LM/W3SVC/2019185342/ROOT-10-133304940943918286
ThreadIdentity : 
WindowsIdentity : IIS APPPOOL\MYG03MWS013
Requested URL : https://www.ihhmalaysia-international.com/Sitefinity/adminapp/content/hospitals/0***********0-0*************00000000/enquiries/67fa33ed-d64d-4435-a553-556d1a4d7a81/edit?sf_provider=IHHDynamicModuleProvider&sf_culture=en


Category: ErrorLog

Priority: 0

EventId: 90000

Severity: Error

Title:Enterprise Library Exception Handling

Machine: WN1MDWK00002R

App Domain: /LM/W3SVC/2019185342/ROOT-10-133304940943918286

ProcessId: 6796

Process Name: C:\Windows\SysWOW64\inetsrv\w3wp.exe

Thread Name: 

Win32 ThreadId:1724

Extended Properties: 
----------------------------------------
----------------------------------------
ActivityId: 00000000-0000-0000-0000-000000000000

Timestamp: 6/8/2023 1:50:12 PM

Message: HandlingInstanceID: c6f79a9c-6d03-47cc-b330-be3026529eaa
An exception of type 'System.Web.HttpException' occurred and was caught.
------------------------------------------------------------------------
06/08/2023 13:50:12
Type : System.Web.HttpException, System.Web, Version=4.0.0.0, Culture=neutral, PublicKeyToken=b03f5f7f11d50a3a
Message : A potentially dangerous Request.Path value was detected from the client (*).
Source : System.Web
Help link : 
WebEventCode : 0
ErrorCode : -2147467259
Data : System.Collections.ListDictionaryInternal
TargetSite : Void ValidateInputIfRequiredByConfig()
HResult : -2147467259
Stack Trace :    at System.Web.HttpRequest.ValidateInputIfRequiredByConfig()
   at System.Web.HttpApplication.PipelineStepManager.ValidateHelper(HttpContext context)

Additional Info:

MachineName : WN1MDWK00002R
TimeStamp : 6/8/2023 1:50:12 PM
FullName : Telerik.Sitefinity.Utilities, Version=14.3.8000.0, Culture=neutral, PublicKeyToken=b28c218413bdf563
AppDomainName : /LM/W3SVC/2019185342/ROOT-10-133304940943918286
ThreadIdentity : 
WindowsIdentity : IIS APPPOOL\MYG03MWS013
Requested URL : https://www.ihhmalaysia-international.com/Sitefinity/adminapp/content/hospitals/0***********0-0*************00000000/enquiries/e7793cba-5531-4311-a99d-2488a19899c0/edit?sf_provider=IHHDynamicModuleProvider&sf_culture=en


Category: ErrorLog

Priority: 0

EventId: 90000

Severity: Error

Title:Enterprise Library Exception Handling

Machine: WN1MDWK00002R

App Domain: /LM/W3SVC/2019185342/ROOT-10-133304940943918286

ProcessId: 6796

Process Name: C:\Windows\SysWOW64\inetsrv\w3wp.exe

Thread Name: 

Win32 ThreadId:3112

Extended Properties: 
----------------------------------------
----------------------------------------
ActivityId: 00000000-0000-0000-0000-000000000000

Timestamp: 6/8/2023 2:58:36 PM

Message: HandlingInstanceID: 0b256fe5-9322-4ffe-9945-65eec9db7024
An exception of type 'System.Web.HttpException' occurred and was caught.
------------------------------------------------------------------------
06/08/2023 14:58:36
Type : System.Web.HttpException, System.Web, Version=4.0.0.0, Culture=neutral, PublicKeyToken=b03f5f7f11d50a3a
Message : A potentially dangerous Request.Path value was detected from the client (*).
Source : System.Web
Help link : 
WebEventCode : 0
ErrorCode : -2147467259
Data : System.Collections.ListDictionaryInternal
TargetSite : Void ValidateInputIfRequiredByConfig()
HResult : -2147467259
Stack Trace :    at System.Web.HttpRequest.ValidateInputIfRequiredByConfig()
   at System.Web.HttpApplication.PipelineStepManager.ValidateHelper(HttpContext context)

Additional Info:

MachineName : WN1MDWK00002R
TimeStamp : 6/8/2023 2:58:36 PM
FullName : Telerik.Sitefinity.Utilities, Version=14.3.8000.0, Culture=neutral, PublicKeyToken=b28c218413bdf563
AppDomainName : /LM/W3SVC/2019185342/ROOT-10-133304940943918286
ThreadIdentity : 
WindowsIdentity : IIS APPPOOL\MYG03MWS013
Requested URL : https://www.ihhmalaysia-international.com/Sitefinity/adminapp/content/hospitals/0***********0-0*************00000000/enquiries/67fa33ed-d64d-4435-a553-556d1a4d7a81/edit?sf_provider=IHHDynamicModuleProvider&sf_culture=en


Category: ErrorLog

Priority: 0

EventId: 90000

Severity: Error

Title:Enterprise Library Exception Handling

Machine: WN1MDWK00002R

App Domain: /LM/W3SVC/2019185342/ROOT-10-133304940943918286

ProcessId: 6796

Process Name: C:\Windows\SysWOW64\inetsrv\w3wp.exe

Thread Name: 

Win32 ThreadId:1284

Extended Properties: 
----------------------------------------
----------------------------------------
ActivityId: 52b5ad97-65d7-4038-b058-2f7ec6b37f5b

Timestamp: 6/9/2023 2:17:44 AM

Message: Anti XSRF token failed validation. No cookie present. Url: https://www.ihhmalaysia-international.com/Sitefinity/Login?ReturnUrl=https%3a%2f%2fwww.ihhmalaysia-international.com%2fgleneagles%2fpenang%2fAction%2fEdit%2fen; Referrer: https://www.ihhmalaysia-international.com/Sitefinity/Login?ReturnUrl=https%3a%2f%2fwww.ihhmalaysia-international.com%2fgleneagles%2fpenang%2fAction%2fEdit%2fen; Origin: https://www.ihhmalaysia-international.com; User: 00000000-0000-0000-0000-000000000000.

Category: ErrorLog

Priority: -1

EventId: 1

Severity: Information

Title:

Machine: WN1MDWK00002R

App Domain: /LM/W3SVC/2019185342/ROOT-10-133304940943918286

ProcessId: 6796

Process Name: C:\Windows\SysWOW64\inetsrv\w3wp.exe

Thread Name: 

Win32 ThreadId:7236

Extended Properties: 
----------------------------------------
----------------------------------------
ActivityId: 00000000-0000-0000-0000-000000000000

Timestamp: 6/9/2023 3:20:45 AM

Message: HandlingInstanceID: 506c0444-df4d-46f0-ba9b-cefdc130f97a
An exception of type 'System.Web.HttpException' occurred and was caught.
------------------------------------------------------------------------
06/09/2023 03:20:45
Type : System.Web.HttpException, System.Web, Version=4.0.0.0, Culture=neutral, PublicKeyToken=b03f5f7f11d50a3a
Message : A potentially dangerous Request.Path value was detected from the client (*).
Source : System.Web
Help link : 
WebEventCode : 0
ErrorCode : -2147467259
Data : System.Collections.ListDictionaryInternal
TargetSite : Void ValidateInputIfRequiredByConfig()
HResult : -2147467259
Stack Trace :    at System.Web.HttpRequest.ValidateInputIfRequiredByConfig()
   at System.Web.HttpApplication.PipelineStepManager.ValidateHelper(HttpContext context)

Additional Info:

MachineName : WN1MDWK00002R
TimeStamp : 6/9/2023 3:20:45 AM
FullName : Telerik.Sitefinity.Utilities, Version=14.3.8000.0, Culture=neutral, PublicKeyToken=b28c218413bdf563
AppDomainName : /LM/W3SVC/2019185342/ROOT-10-133304940943918286
ThreadIdentity : 
WindowsIdentity : IIS APPPOOL\MYG03MWS013
Requested URL : https://www.ihhmalaysia-international.com/Sitefinity/adminapp/content/hospitals/0***********0-0*************00000000/appointments/30da5ff6-c6d9-48b3-90c5-cd610c85e6c9/edit?sf_provider=IHHDynamicModuleProvider&sf_culture=en


Category: ErrorLog

Priority: 0

EventId: 90000

Severity: Error

Title:Enterprise Library Exception Handling

Machine: WN1MDWK00002R

App Domain: /LM/W3SVC/2019185342/ROOT-10-133304940943918286

ProcessId: 6796

Process Name: C:\Windows\SysWOW64\inetsrv\w3wp.exe

Thread Name: 

Win32 ThreadId:2244

Extended Properties: 
----------------------------------------
