----------------------------------------
ActivityId: 00000000-0000-0000-0000-000000000000

Timestamp: 6/7/2023 3:19:09 AM

Message: HandlingInstanceID: a4c7b574-5abd-4e28-834e-9ddd7d04aaff
An exception of type 'System.Web.HttpException' occurred and was caught.
------------------------------------------------------------------------
06/07/2023 03:19:09
Type : System.Web.HttpException, System.Web, Version=4.0.0.0, Culture=neutral, PublicKeyToken=b03f5f7f11d50a3a
Message : A potentially dangerous Request.Path value was detected from the client (*).
Source : System.Web
Help link : 
WebEventCode : 0
ErrorCode : -2147467259
Data : System.Collections.ListDictionaryInternal
TargetSite : Void ValidateInputIfRequiredByConfig()
HResult : -2147467259
Stack Trace :    at System.Web.HttpRequest.ValidateInputIfRequiredByConfig()
   at System.Web.HttpApplication.PipelineStepManager.ValidateHelper(HttpContext context)

Additional Info:

MachineName : WN1MDWK00002R
TimeStamp : 6/7/2023 3:19:09 AM
FullName : Telerik.Sitefinity.Utilities, Version=14.3.8000.0, Culture=neutral, PublicKeyToken=b28c218413bdf563
AppDomainName : /LM/W3SVC/2019185342/ROOT-10-133304940943918286
ThreadIdentity : 
WindowsIdentity : IIS APPPOOL\MYG03MWS013
Requested URL : https://www.ihhmalaysia-international.com/Sitefinity/adminapp/content/hospitals/0***********0-0*************00000000/appointments/30da5ff6-c6d9-48b3-90c5-cd610c85e6c9/edit?sf_provider=IHHDynamicModuleProvider&sf_culture=en


Category: ErrorLog

Priority: 0

EventId: 90000

Severity: Error

Title:Enterprise Library Exception Handling

Machine: WN1MDWK00002R

App Domain: /LM/W3SVC/2019185342/ROOT-10-133304940943918286

ProcessId: 6796

Process Name: C:\Windows\SysWOW64\inetsrv\w3wp.exe

Thread Name: 

Win32 ThreadId:1884

Extended Properties: 
----------------------------------------
----------------------------------------
ActivityId: 00000000-0000-0000-0000-000000000000

Timestamp: 6/7/2023 3:37:18 AM

Message: HandlingInstanceID: 7d4368a6-41a4-4bd2-a278-6c8abf16b243
An exception of type 'System.Web.HttpException' occurred and was caught.
------------------------------------------------------------------------
06/07/2023 03:37:18
Type : System.Web.HttpException, System.Web, Version=4.0.0.0, Culture=neutral, PublicKeyToken=b03f5f7f11d50a3a
Message : A potentially dangerous Request.Path value was detected from the client (*).
Source : System.Web
Help link : 
WebEventCode : 0
ErrorCode : -2147467259
Data : System.Collections.ListDictionaryInternal
TargetSite : Void ValidateInputIfRequiredByConfig()
HResult : -2147467259
Stack Trace :    at System.Web.HttpRequest.ValidateInputIfRequiredByConfig()
   at System.Web.HttpApplication.PipelineStepManager.ValidateHelper(HttpContext context)

Additional Info:

MachineName : WN1MDWK00002R
TimeStamp : 6/7/2023 3:37:18 AM
FullName : Telerik.Sitefinity.Utilities, Version=14.3.8000.0, Culture=neutral, PublicKeyToken=b28c218413bdf563
AppDomainName : /LM/W3SVC/2019185342/ROOT-10-133304940943918286
ThreadIdentity : 
WindowsIdentity : IIS APPPOOL\MYG03MWS013
Requested URL : https://www.ihhmalaysia-international.com/Sitefinity/adminapp/content/hospitals/578f186e-8b1d-4bd2-81c2-cd40a20a2c08/appointments/5979ab42-7504-4f24-bdd2-a4c********6/edit?sf_provider=IHHDynamicModuleProvider&sf_culture=en


Category: ErrorLog

Priority: 0

EventId: 90000

Severity: Error

Title:Enterprise Library Exception Handling

Machine: WN1MDWK00002R

App Domain: /LM/W3SVC/2019185342/ROOT-10-133304940943918286

ProcessId: 6796

Process Name: C:\Windows\SysWOW64\inetsrv\w3wp.exe

Thread Name: 

Win32 ThreadId:7700

Extended Properties: 
----------------------------------------
----------------------------------------
ActivityId: 00000000-0000-0000-0000-000000000000

Timestamp: 07/06/2023 04.57.24

Message: HandlingInstanceID: e3c1aa81-77a4-49d8-a590-c3ec10837a77
An exception of type 'System.Web.HttpException' occurred and was caught.
------------------------------------------------------------------------
06/07/2023 04:57:24
Type : System.Web.HttpException, System.Web, Version=4.0.0.0, Culture=neutral, PublicKeyToken=b03f5f7f11d50a3a
Message : A potentially dangerous Request.Path value was detected from the client (*).
Source : System.Web
Help link : 
WebEventCode : 0
ErrorCode : -2147467259
Data : System.Collections.ListDictionaryInternal
TargetSite : Void ValidateInputIfRequiredByConfig()
HResult : -2147467259
Stack Trace :    at System.Web.HttpRequest.ValidateInputIfRequiredByConfig()
   at System.Web.HttpApplication.PipelineStepManager.ValidateHelper(HttpContext context)

Additional Info:

MachineName : WN1MDWK00002R
TimeStamp : 07/06/2023 04.57.24
FullName : Telerik.Sitefinity.Utilities, Version=14.3.8000.0, Culture=neutral, PublicKeyToken=b28c218413bdf563
AppDomainName : /LM/W3SVC/2019185342/ROOT-10-133304940943918286
ThreadIdentity : 
WindowsIdentity : IIS APPPOOL\MYG03MWS013
Requested URL : https://www.ihhmalaysia-international.com/Sitefinity/adminapp/content/hospitals/578f186e-8b1d-4bd2-81c2-cd40a20a2c08/appointments/5979ab42-7504-4f24-bdd2-a4c********6/edit?sf_provider=IHHDynamicModuleProvider&sf_culture=en


Category: ErrorLog

Priority: 0

EventId: 90000

Severity: Error

Title:Enterprise Library Exception Handling

Machine: WN1MDWK00002R

App Domain: /LM/W3SVC/2019185342/ROOT-10-133304940943918286

ProcessId: 6796

Process Name: C:\Windows\SysWOW64\inetsrv\w3wp.exe

Thread Name: 

Win32 ThreadId:5048

Extended Properties: 
----------------------------------------
----------------------------------------
ActivityId: cdcd6974-d09a-4c66-98bf-9ca8d9f74692

Timestamp: 6/7/2023 7:35:24 AM

Message: HandlingInstanceID: b86d23f3-88b3-4878-b293-9f0003f97e2a
An exception of type 'System.NullReferenceException' occurred and was caught.
-----------------------------------------------------------------------------
06/07/2023 07:35:24
Type : System.NullReferenceException, mscorlib, Version=4.0.0.0, Culture=neutral, PublicKeyToken=b77a5c561934e089
Message : Object reference not set to an instance of an object.
Source : SitefinityWebApp
Help link : 
Data : System.Collections.ListDictionaryInternal
TargetSite : System.String GetCurrentViewName()
HResult : -2147467261
Stack Trace :    at SitefinityWebApp.Helpers.FrontendUrlHelper.GetCurrentViewName() in C:\Users\SIYI\Desktop\Projects\IHH-Demo-ver2\Helpers\FrontendUrlHelper.cs:line 35
   at ASP._Page_Frontend_Assembly_Telerik_Sitefinity_Frontend_DynamicContent_Mvc_Views_airlines_List_UrlRecommendedAirlines_cshtml_IHH_cshtml.Execute() in c:\local\Temporary ASP.NET Files\root\9bf12cb0\450be394\App_Web_list.urlrecommendedairlines.cshtml#ihh.cshtml.8255ef95.fkjyvide.0.cs:line 0
   at System.Web.WebPages.WebPageBase.ExecutePageHierarchy()
   at System.Web.Mvc.WebViewPage.ExecutePageHierarchy()
   at System.Web.WebPages.WebPageBase.ExecutePageHierarchy(WebPageContext pageContext, TextWriter writer, WebPageRenderingBase startPage)
   at System.Web.Mvc.RazorView.RenderView(ViewContext viewContext, TextWriter writer, Object instance)
   at System.Web.Mvc.BuildManagerCompiledView.Render(ViewContext viewContext, TextWriter writer)
   at Telerik.Sitefinity.Frontend.Mvc.Infrastructure.Compilation.CompilationPerformanceRazorView.Render(ViewContext viewContext, TextWriter writer)
   at System.Web.Mvc.ViewResultBase.ExecuteResult(ControllerContext context)
   at System.Web.Mvc.ControllerActionInvoker.InvokeActionResult(ControllerContext controllerContext, ActionResult actionResult)
   at System.Web.Mvc.ControllerActionInvoker.InvokeActionResultFilterRecursive(IList`1 filters, Int32 filterIndex, ResultExecutingContext preContext, ControllerContext controllerContext, ActionResult actionResult)
   at System.Web.Mvc.ControllerActionInvoker.InvokeActionResultFilterRecursive(IList`1 filters, Int32 filterIndex, ResultExecutingContext preContext, ControllerContext controllerContext, ActionResult actionResult)
   at System.Web.Mvc.ControllerActionInvoker.InvokeActionResultFilterRecursive(IList`1 filters, Int32 filterIndex, ResultExecutingContext preContext, ControllerContext controllerContext, ActionResult actionResult)
   at System.Web.Mvc.ControllerActionInvoker.InvokeActionResultFilterRecursive(IList`1 filters, Int32 filterIndex, ResultExecutingContext preContext, ControllerContext controllerContext, ActionResult actionResult)
   at System.Web.Mvc.ControllerActionInvoker.InvokeActionResultFilterRecursive(IList`1 filters, Int32 filterIndex, ResultExecutingContext preContext, ControllerContext controllerContext, ActionResult actionResult)
   at System.Web.Mvc.ControllerActionInvoker.InvokeActionResultFilterRecursive(IList`1 filters, Int32 filterIndex, ResultExecutingContext preContext, ControllerContext controllerContext, ActionResult actionResult)
   at System.Web.Mvc.ControllerActionInvoker.InvokeActionResultFilterRecursive(IList`1 filters, Int32 filterIndex, ResultExecutingContext preContext, ControllerContext controllerContext, ActionResult actionResult)
   at System.Web.Mvc.ControllerActionInvoker.InvokeActionResultFilterRecursive(IList`1 filters, Int32 filterIndex, ResultExecutingContext preContext, ControllerContext controllerContext, ActionResult actionResult)
   at System.Web.Mvc.ControllerActionInvoker.InvokeActionResultWithFilters(ControllerContext controllerContext, IList`1 filters, ActionResult actionResult)
   at System.Web.Mvc.ControllerActionInvoker.InvokeAction(ControllerContext controllerContext, String actionName)
   at Telerik.Sitefinity.Mvc.ControllerWrapper.Execute()
   at Telerik.Sitefinity.Mvc.ControllerActionInvoker.ExecuteController(MvcProxyBase proxyControl)
   at Telerik.Sitefinity.Frontend.Mvc.Infrastructure.Routing.FeatherActionInvoker.ExecuteController(MvcProxyBase proxyControl)

Additional Info:

MachineName : WN1MDWK00002R
TimeStamp : 6/7/2023 7:35:24 AM
FullName : Telerik.Sitefinity.Utilities, Version=14.3.8000.0, Culture=neutral, PublicKeyToken=b28c218413bdf563
AppDomainName : /LM/W3SVC/2019185342/ROOT-10-133304940943918286
ThreadIdentity : siyi@vintedge.com
WindowsIdentity : IIS APPPOOL\MYG03MWS013
Requested URL : https://www.ihhmalaysia-international.com/Sitefinity/Template/2627bbba-5798-40b6-b5ec-cad188e8a7fe


Category: ErrorLog

Priority: 0

EventId: 9010

Severity: Warning

Title:Enterprise Library Exception Handling

Machine: WN1MDWK00002R

App Domain: /LM/W3SVC/2019185342/ROOT-10-133304940943918286

ProcessId: 6796

Process Name: C:\Windows\SysWOW64\inetsrv\w3wp.exe

Thread Name: 

Win32 ThreadId:280

Extended Properties: 
----------------------------------------
----------------------------------------
ActivityId: cdcd6974-d09a-4c66-98bf-9ca8d9f74692

Timestamp: 6/7/2023 7:35:24 AM

Message: HandlingInstanceID: fac721ff-fe3b-4410-92bd-196aa2a6e8b3
An exception of type 'System.NullReferenceException' occurred and was caught.
-----------------------------------------------------------------------------
06/07/2023 07:35:24
Type : System.NullReferenceException, mscorlib, Version=4.0.0.0, Culture=neutral, PublicKeyToken=b77a5c561934e089
Message : Object reference not set to an instance of an object.
Source : SitefinityWebApp
Help link : 
Data : System.Collections.ListDictionaryInternal
TargetSite : System.String GetCurrentViewName()
HResult : -2147467261
Stack Trace :    at SitefinityWebApp.Helpers.FrontendUrlHelper.GetCurrentViewName() in C:\Users\SIYI\Desktop\Projects\IHH-Demo-ver2\Helpers\FrontendUrlHelper.cs:line 35
   at ASP._Page_Frontend_Assembly_Telerik_Sitefinity_Frontend_DynamicContent_Mvc_Views_Hotels_List_UrlRecommendedHotel_cshtml_IHH_cshtml.Execute() in c:\local\Temporary ASP.NET Files\root\9bf12cb0\450be394\App_Web_list.urlrecommendedhotel.cshtml#ihh.cshtml.30974259.xf9sehzp.0.cs:line 0
   at System.Web.WebPages.WebPageBase.ExecutePageHierarchy()
   at System.Web.Mvc.WebViewPage.ExecutePageHierarchy()
   at System.Web.WebPages.WebPageBase.ExecutePageHierarchy(WebPageContext pageContext, TextWriter writer, WebPageRenderingBase startPage)
   at System.Web.Mvc.RazorView.RenderView(ViewContext viewContext, TextWriter writer, Object instance)
   at System.Web.Mvc.BuildManagerCompiledView.Render(ViewContext viewContext, TextWriter writer)
   at Telerik.Sitefinity.Frontend.Mvc.Infrastructure.Compilation.CompilationPerformanceRazorView.Render(ViewContext viewContext, TextWriter writer)
   at System.Web.Mvc.ViewResultBase.ExecuteResult(ControllerContext context)
   at System.Web.Mvc.ControllerActionInvoker.InvokeActionResult(ControllerContext controllerContext, ActionResult actionResult)
   at System.Web.Mvc.ControllerActionInvoker.InvokeActionResultFilterRecursive(IList`1 filters, Int32 filterIndex, ResultExecutingContext preContext, ControllerContext controllerContext, ActionResult actionResult)
   at System.Web.Mvc.ControllerActionInvoker.InvokeActionResultFilterRecursive(IList`1 filters, Int32 filterIndex, ResultExecutingContext preContext, ControllerContext controllerContext, ActionResult actionResult)
   at System.Web.Mvc.ControllerActionInvoker.InvokeActionResultFilterRecursive(IList`1 filters, Int32 filterIndex, ResultExecutingContext preContext, ControllerContext controllerContext, ActionResult actionResult)
   at System.Web.Mvc.ControllerActionInvoker.InvokeActionResultFilterRecursive(IList`1 filters, Int32 filterIndex, ResultExecutingContext preContext, ControllerContext controllerContext, ActionResult actionResult)
   at System.Web.Mvc.ControllerActionInvoker.InvokeActionResultFilterRecursive(IList`1 filters, Int32 filterIndex, ResultExecutingContext preContext, ControllerContext controllerContext, ActionResult actionResult)
   at System.Web.Mvc.ControllerActionInvoker.InvokeActionResultFilterRecursive(IList`1 filters, Int32 filterIndex, ResultExecutingContext preContext, ControllerContext controllerContext, ActionResult actionResult)
   at System.Web.Mvc.ControllerActionInvoker.InvokeActionResultFilterRecursive(IList`1 filters, Int32 filterIndex, ResultExecutingContext preContext, ControllerContext controllerContext, ActionResult actionResult)
   at System.Web.Mvc.ControllerActionInvoker.InvokeActionResultFilterRecursive(IList`1 filters, Int32 filterIndex, ResultExecutingContext preContext, ControllerContext controllerContext, ActionResult actionResult)
   at System.Web.Mvc.ControllerActionInvoker.InvokeActionResultWithFilters(ControllerContext controllerContext, IList`1 filters, ActionResult actionResult)
   at System.Web.Mvc.ControllerActionInvoker.InvokeAction(ControllerContext controllerContext, String actionName)
   at Telerik.Sitefinity.Mvc.ControllerWrapper.Execute()
   at Telerik.Sitefinity.Mvc.ControllerActionInvoker.ExecuteController(MvcProxyBase proxyControl)
   at Telerik.Sitefinity.Frontend.Mvc.Infrastructure.Routing.FeatherActionInvoker.ExecuteController(MvcProxyBase proxyControl)

Additional Info:

MachineName : WN1MDWK00002R
TimeStamp : 6/7/2023 7:35:24 AM
FullName : Telerik.Sitefinity.Utilities, Version=14.3.8000.0, Culture=neutral, PublicKeyToken=b28c218413bdf563
AppDomainName : /LM/W3SVC/2019185342/ROOT-10-133304940943918286
ThreadIdentity : siyi@vintedge.com
WindowsIdentity : IIS APPPOOL\MYG03MWS013
Requested URL : https://www.ihhmalaysia-international.com/Sitefinity/Template/2627bbba-5798-40b6-b5ec-cad188e8a7fe


Category: ErrorLog

Priority: 0

EventId: 9010

Severity: Warning

Title:Enterprise Library Exception Handling

Machine: WN1MDWK00002R

App Domain: /LM/W3SVC/2019185342/ROOT-10-133304940943918286

ProcessId: 6796

Process Name: C:\Windows\SysWOW64\inetsrv\w3wp.exe

Thread Name: 

Win32 ThreadId:280

Extended Properties: 
----------------------------------------
----------------------------------------
ActivityId: 83651c32-5d51-472a-9e3a-df13024bca8d

Timestamp: 6/7/2023 8:20:19 AM

Message: HandlingInstanceID: fd222adc-ba44-46c4-a7ba-40673a7df8c3
An exception of type 'System.NullReferenceException' occurred and was caught.
-----------------------------------------------------------------------------
06/07/2023 08:20:19
Type : System.NullReferenceException, mscorlib, Version=4.0.0.0, Culture=neutral, PublicKeyToken=b77a5c561934e089
Message : Object reference not set to an instance of an object.
Source : SitefinityWebApp
Help link : 
Data : System.Collections.ListDictionaryInternal
TargetSite : System.String GetCurrentViewName()
HResult : -2147467261
Stack Trace :    at SitefinityWebApp.Helpers.FrontendUrlHelper.GetCurrentViewName() in C:\Users\SIYI\Desktop\Projects\IHH-Demo-ver2\Helpers\FrontendUrlHelper.cs:line 35
   at ASP._Page_Frontend_Assembly_Telerik_Sitefinity_Frontend_DynamicContent_Mvc_Views_airlines_List_UrlRecommendedAirlines_cshtml_IHH_cshtml.Execute() in c:\local\Temporary ASP.NET Files\root\9bf12cb0\450be394\App_Web_list.urlrecommendedairlines.cshtml#ihh.cshtml.8255ef95.fkjyvide.0.cs:line 0
   at System.Web.WebPages.WebPageBase.ExecutePageHierarchy()
   at System.Web.Mvc.WebViewPage.ExecutePageHierarchy()
   at System.Web.WebPages.WebPageBase.ExecutePageHierarchy(WebPageContext pageContext, TextWriter writer, WebPageRenderingBase startPage)
   at System.Web.Mvc.RazorView.RenderView(ViewContext viewContext, TextWriter writer, Object instance)
   at System.Web.Mvc.BuildManagerCompiledView.Render(ViewContext viewContext, TextWriter writer)
   at Telerik.Sitefinity.Frontend.Mvc.Infrastructure.Compilation.CompilationPerformanceRazorView.Render(ViewContext viewContext, TextWriter writer)
   at System.Web.Mvc.ViewResultBase.ExecuteResult(ControllerContext context)
   at System.Web.Mvc.ControllerActionInvoker.InvokeActionResult(ControllerContext controllerContext, ActionResult actionResult)
   at System.Web.Mvc.ControllerActionInvoker.InvokeActionResultFilterRecursive(IList`1 filters, Int32 filterIndex, ResultExecutingContext preContext, ControllerContext controllerContext, ActionResult actionResult)
   at System.Web.Mvc.ControllerActionInvoker.InvokeActionResultFilterRecursive(IList`1 filters, Int32 filterIndex, ResultExecutingContext preContext, ControllerContext controllerContext, ActionResult actionResult)
   at System.Web.Mvc.ControllerActionInvoker.InvokeActionResultFilterRecursive(IList`1 filters, Int32 filterIndex, ResultExecutingContext preContext, ControllerContext controllerContext, ActionResult actionResult)
   at System.Web.Mvc.ControllerActionInvoker.InvokeActionResultFilterRecursive(IList`1 filters, Int32 filterIndex, ResultExecutingContext preContext, ControllerContext controllerContext, ActionResult actionResult)
   at System.Web.Mvc.ControllerActionInvoker.InvokeActionResultFilterRecursive(IList`1 filters, Int32 filterIndex, ResultExecutingContext preContext, ControllerContext controllerContext, ActionResult actionResult)
   at System.Web.Mvc.ControllerActionInvoker.InvokeActionResultFilterRecursive(IList`1 filters, Int32 filterIndex, ResultExecutingContext preContext, ControllerContext controllerContext, ActionResult actionResult)
   at System.Web.Mvc.ControllerActionInvoker.InvokeActionResultFilterRecursive(IList`1 filters, Int32 filterIndex, ResultExecutingContext preContext, ControllerContext controllerContext, ActionResult actionResult)
   at System.Web.Mvc.ControllerActionInvoker.InvokeActionResultFilterRecursive(IList`1 filters, Int32 filterIndex, ResultExecutingContext preContext, ControllerContext controllerContext, ActionResult actionResult)
   at System.Web.Mvc.ControllerActionInvoker.InvokeActionResultWithFilters(ControllerContext controllerContext, IList`1 filters, ActionResult actionResult)
   at System.Web.Mvc.ControllerActionInvoker.InvokeAction(ControllerContext controllerContext, String actionName)
   at Telerik.Sitefinity.Mvc.ControllerWrapper.Execute()
   at Telerik.Sitefinity.Mvc.ControllerActionInvoker.ExecuteController(MvcProxyBase proxyControl)
   at Telerik.Sitefinity.Frontend.Mvc.Infrastructure.Routing.FeatherActionInvoker.ExecuteController(MvcProxyBase proxyControl)

Additional Info:

MachineName : WN1MDWK00002R
TimeStamp : 6/7/2023 8:20:19 AM
FullName : Telerik.Sitefinity.Utilities, Version=14.3.8000.0, Culture=neutral, PublicKeyToken=b28c218413bdf563
AppDomainName : /LM/W3SVC/2019185342/ROOT-10-133304940943918286
ThreadIdentity : siyi@vintedge.com
WindowsIdentity : IIS APPPOOL\MYG03MWS013
Requested URL : https://www.ihhmalaysia-international.com/Sitefinity/Template/2627bbba-5798-40b6-b5ec-cad188e8a7fe


Category: ErrorLog

Priority: 0

EventId: 9010

Severity: Warning

Title:Enterprise Library Exception Handling

Machine: WN1MDWK00002R

App Domain: /LM/W3SVC/2019185342/ROOT-10-133304940943918286

ProcessId: 6796

Process Name: C:\Windows\SysWOW64\inetsrv\w3wp.exe

Thread Name: 

Win32 ThreadId:9012

Extended Properties: 
----------------------------------------
----------------------------------------
ActivityId: 83651c32-5d51-472a-9e3a-df13024bca8d

Timestamp: 6/7/2023 8:20:19 AM

Message: HandlingInstanceID: 01bf00fc-d9df-4e9c-9d4d-f21c9dfd9683
An exception of type 'System.NullReferenceException' occurred and was caught.
-----------------------------------------------------------------------------
06/07/2023 08:20:19
Type : System.NullReferenceException, mscorlib, Version=4.0.0.0, Culture=neutral, PublicKeyToken=b77a5c561934e089
Message : Object reference not set to an instance of an object.
Source : SitefinityWebApp
Help link : 
Data : System.Collections.ListDictionaryInternal
TargetSite : System.String GetCurrentViewName()
HResult : -2147467261
Stack Trace :    at SitefinityWebApp.Helpers.FrontendUrlHelper.GetCurrentViewName() in C:\Users\SIYI\Desktop\Projects\IHH-Demo-ver2\Helpers\FrontendUrlHelper.cs:line 35
   at ASP._Page_Frontend_Assembly_Telerik_Sitefinity_Frontend_DynamicContent_Mvc_Views_Hotels_List_UrlRecommendedHotel_cshtml_IHH_cshtml.Execute() in c:\local\Temporary ASP.NET Files\root\9bf12cb0\450be394\App_Web_list.urlrecommendedhotel.cshtml#ihh.cshtml.30974259.xf9sehzp.0.cs:line 0
   at System.Web.WebPages.WebPageBase.ExecutePageHierarchy()
   at System.Web.Mvc.WebViewPage.ExecutePageHierarchy()
   at System.Web.WebPages.WebPageBase.ExecutePageHierarchy(WebPageContext pageContext, TextWriter writer, WebPageRenderingBase startPage)
   at System.Web.Mvc.RazorView.RenderView(ViewContext viewContext, TextWriter writer, Object instance)
   at System.Web.Mvc.BuildManagerCompiledView.Render(ViewContext viewContext, TextWriter writer)
   at Telerik.Sitefinity.Frontend.Mvc.Infrastructure.Compilation.CompilationPerformanceRazorView.Render(ViewContext viewContext, TextWriter writer)
   at System.Web.Mvc.ViewResultBase.ExecuteResult(ControllerContext context)
   at System.Web.Mvc.ControllerActionInvoker.InvokeActionResult(ControllerContext controllerContext, ActionResult actionResult)
   at System.Web.Mvc.ControllerActionInvoker.InvokeActionResultFilterRecursive(IList`1 filters, Int32 filterIndex, ResultExecutingContext preContext, ControllerContext controllerContext, ActionResult actionResult)
   at System.Web.Mvc.ControllerActionInvoker.InvokeActionResultFilterRecursive(IList`1 filters, Int32 filterIndex, ResultExecutingContext preContext, ControllerContext controllerContext, ActionResult actionResult)
   at System.Web.Mvc.ControllerActionInvoker.InvokeActionResultFilterRecursive(IList`1 filters, Int32 filterIndex, ResultExecutingContext preContext, ControllerContext controllerContext, ActionResult actionResult)
   at System.Web.Mvc.ControllerActionInvoker.InvokeActionResultFilterRecursive(IList`1 filters, Int32 filterIndex, ResultExecutingContext preContext, ControllerContext controllerContext, ActionResult actionResult)
   at System.Web.Mvc.ControllerActionInvoker.InvokeActionResultFilterRecursive(IList`1 filters, Int32 filterIndex, ResultExecutingContext preContext, ControllerContext controllerContext, ActionResult actionResult)
   at System.Web.Mvc.ControllerActionInvoker.InvokeActionResultFilterRecursive(IList`1 filters, Int32 filterIndex, ResultExecutingContext preContext, ControllerContext controllerContext, ActionResult actionResult)
   at System.Web.Mvc.ControllerActionInvoker.InvokeActionResultFilterRecursive(IList`1 filters, Int32 filterIndex, ResultExecutingContext preContext, ControllerContext controllerContext, ActionResult actionResult)
   at System.Web.Mvc.ControllerActionInvoker.InvokeActionResultFilterRecursive(IList`1 filters, Int32 filterIndex, ResultExecutingContext preContext, ControllerContext controllerContext, ActionResult actionResult)
   at System.Web.Mvc.ControllerActionInvoker.InvokeActionResultWithFilters(ControllerContext controllerContext, IList`1 filters, ActionResult actionResult)
   at System.Web.Mvc.ControllerActionInvoker.InvokeAction(ControllerContext controllerContext, String actionName)
   at Telerik.Sitefinity.Mvc.ControllerWrapper.Execute()
   at Telerik.Sitefinity.Mvc.ControllerActionInvoker.ExecuteController(MvcProxyBase proxyControl)
   at Telerik.Sitefinity.Frontend.Mvc.Infrastructure.Routing.FeatherActionInvoker.ExecuteController(MvcProxyBase proxyControl)

Additional Info:

MachineName : WN1MDWK00002R
TimeStamp : 6/7/2023 8:20:19 AM
FullName : Telerik.Sitefinity.Utilities, Version=14.3.8000.0, Culture=neutral, PublicKeyToken=b28c218413bdf563
AppDomainName : /LM/W3SVC/2019185342/ROOT-10-133304940943918286
ThreadIdentity : siyi@vintedge.com
WindowsIdentity : IIS APPPOOL\MYG03MWS013
Requested URL : https://www.ihhmalaysia-international.com/Sitefinity/Template/2627bbba-5798-40b6-b5ec-cad188e8a7fe


Category: ErrorLog

Priority: 0

EventId: 9010

Severity: Warning

Title:Enterprise Library Exception Handling

Machine: WN1MDWK00002R

App Domain: /LM/W3SVC/2019185342/ROOT-10-133304940943918286

ProcessId: 6796

Process Name: C:\Windows\SysWOW64\inetsrv\w3wp.exe

Thread Name: 

Win32 ThreadId:9012

Extended Properties: 
----------------------------------------
----------------------------------------
ActivityId: 00000000-0000-0000-0000-000000000000

Timestamp: 6/7/2023 9:03:50 AM

Message: HandlingInstanceID: d4d1d681-9d60-425d-a2c7-f4aebdc7ebfd
An exception of type 'Telerik.Sitefinity.Modules.Pages.Web.Services.ContentLockedException' occurred and was caught.
--------------------------------------------------------------------------------------------------------------------
06/07/2023 09:03:50
Type : Telerik.Sitefinity.Modules.Pages.Web.Services.ContentLockedException, Telerik.Sitefinity, Version=14.3.8000.0, Culture=neutral, PublicKeyToken=b28c218413bdf563
Message : Deleted: 00000000-0000-0000-0000-000000000000:DiscardTemplateDraft
Source : Telerik.Sitefinity
Help link : 
StatusCode : InternalServerError
StatusDescription : Deleted: 00000000-0000-0000-0000-000000000000:DiscardTemplateDraft
IsDetailXhtml : False
Data : System.Collections.ListDictionaryInternal
TargetSite : Void ThrowExceptionIfLocked(System.Guid, Telerik.Sitefinity.Modules.Pages.DesignMediaType, System.String, Boolean)
HResult : -2146233087
detailWriterInstance : Telerik.Sitefinity.Utilities.MS.ServiceModel.Web.WebProtocolException+DataContractDetailWriter
Stack Trace :    at Telerik.Sitefinity.Modules.Pages.Web.Services.ZoneEditorValidationExtensions.ThrowExceptionIfLocked(Guid pageId, DesignMediaType mediaType, String operationName, Boolean checkLive)
   at Telerik.Sitefinity.Modules.Pages.Web.Services.ZoneEditorValidationExtensions.ValidateChange(Guid pageId, DesignMediaType mediaType, String operationName, Boolean checkLive, Boolean validateChange)
   at Telerik.Sitefinity.Modules.Pages.Web.Services.ZoneEditorOperationValidationAttribute.BeforeCall(String operationName, Object[] inputs)
   at System.ServiceModel.Dispatcher.DispatchOperationRuntime.InspectInputsCore(MessageRpc& rpc)
   at System.ServiceModel.Dispatcher.DispatchOperationRuntime.InvokeBegin(MessageRpc& rpc)
   at System.ServiceModel.Dispatcher.ImmutableDispatchRuntime.ProcessMessage5(MessageRpc& rpc)
   at System.ServiceModel.Dispatcher.ImmutableDispatchRuntime.ProcessMessage41(MessageRpc& rpc)
   at System.ServiceModel.Dispatcher.ImmutableDispatchRuntime.ProcessMessage4(MessageRpc& rpc)
   at System.ServiceModel.Dispatcher.ImmutableDispatchRuntime.ProcessMessage31(MessageRpc& rpc)
   at System.ServiceModel.Dispatcher.ImmutableDispatchRuntime.ProcessMessage3(MessageRpc& rpc)
   at System.ServiceModel.Dispatcher.ImmutableDispatchRuntime.ProcessMessage2(MessageRpc& rpc)
   at System.ServiceModel.Dispatcher.ImmutableDispatchRuntime.ProcessMessage11(MessageRpc& rpc)
   at System.ServiceModel.Dispatcher.ImmutableDispatchRuntime.ProcessMessage1(MessageRpc& rpc)
   at System.ServiceModel.Dispatcher.MessageRpc.Process(Boolean isOperationContextSet)

Additional Info:

MachineName : WN1MDWK00002R
TimeStamp : 6/7/2023 9:03:50 AM
FullName : Telerik.Sitefinity.Utilities, Version=14.3.8000.0, Culture=neutral, PublicKeyToken=b28c218413bdf563
AppDomainName : /LM/W3SVC/2019185342/ROOT-10-133304940943918286
ThreadIdentity : siyi@vintedge.com
WindowsIdentity : IIS APPPOOL\MYG03MWS013
Requested URL : https://www.ihhmalaysia-international.com/Sitefinity/Services/Pages/ZoneEditorService.svc/Template/f376ed1d-35d2-4c99-a959-c8bd944cf4c1/?package=IHH


Category: ErrorLog

Priority: 0

EventId: 90000

Severity: Error

Title:Enterprise Library Exception Handling

Machine: WN1MDWK00002R

App Domain: /LM/W3SVC/2019185342/ROOT-10-133304940943918286

ProcessId: 6796

Process Name: C:\Windows\SysWOW64\inetsrv\w3wp.exe

Thread Name: 

Win32 ThreadId:7916

Extended Properties: 
----------------------------------------
----------------------------------------
ActivityId: 00000000-0000-0000-0000-000000000000

Timestamp: 6/7/2023 8:17:03 PM

Message: HandlingInstanceID: 5a9db01d-5ff3-478a-bce8-d1fca9a0111e
An exception of type 'System.Reflection.TargetInvocationException' occurred and was caught.
-------------------------------------------------------------------------------------------
06/07/2023 20:17:03
Type : System.Reflection.TargetInvocationException, mscorlib, Version=4.0.0.0, Culture=neutral, PublicKeyToken=b77a5c561934e089
Message : Exception has been thrown by the target of an invocation.
Source : mscorlib
Help link : 
Data : System.Collections.ListDictionaryInternal
TargetSite : System.Object InvokeMethod(System.Object, System.Object[], System.Signature, Boolean)
HResult : -2146232828
Stack Trace :    at System.RuntimeMethodHandle.InvokeMethod(Object target, Object[] arguments, Signature sig, Boolean constructor)
   at System.Reflection.RuntimeMethodInfo.UnsafeInvokeInternal(Object obj, Object[] parameters, Object[] arguments)
   at System.Reflection.RuntimeMethodInfo.Invoke(Object obj, BindingFlags invokeAttr, Binder binder, Object[] parameters, CultureInfo culture)
   at Telerik.OpenAccess.Query.Piece`1.System.Linq.IQueryProvider.Execute(Expression expr)
   at Telerik.Sitefinity.Data.Linq.OpenAccess.OpenAccessQueryProvider`2.Execute(Expression expression)
   at Telerik.Sitefinity.Data.Linq.OpenAccess.OpenAccessQueryProvider`2.System.Linq.IQueryProvider.Execute[TResult](Expression expression)
   at System.Linq.Queryable.SingleOrDefault[TSource](IQueryable`1 source, Expression`1 predicate)
   at Telerik.Sitefinity.Services.Web.Services.ModulesService.AppendStaticModules(List`1 modulesList)
   at Telerik.Sitefinity.Services.Web.Services.ModulesService.GetModules(String sortExpression, Int32 skip, Int32 take, String filter)

Additional Info:

MachineName : WN1MDWK00002R
TimeStamp : 6/7/2023 8:17:03 PM
FullName : Telerik.Sitefinity.Utilities, Version=14.3.8000.0, Culture=neutral, PublicKeyToken=b28c218413bdf563
AppDomainName : /LM/W3SVC/2019185342/ROOT-10-133304940943918286
ThreadIdentity : Anonymous
WindowsIdentity : IIS APPPOOL\MYG03MWS013
	Inner Exception
	---------------
	Type : Telerik.OpenAccess.Exceptions.DataStoreException, Telerik.OpenAccess, Version=2020.0.428.1, Culture=neutral, PublicKeyToken=7ce17eeaf1d59342
	Message : Error executing query: Telerik.OpenAccess.RT.sql.SQLException: Connection has been closed. ---> System.Data.SqlClient.SqlException: The connection is broken and recovery is not possible.  The connection is marked by the server as unrecoverable.  No attempt was made to restore the connection.
   at System.Data.SqlClient.SqlConnection.OnError(SqlException exception, Boolean breakConnection, Action`1 wrapCloseInAction)
   at System.Data.SqlClient.SqlConnection.ValidateAndReconnect(Action beforeDisconnect, Int32 timeout)
   at System.Data.SqlClient.SqlCommand.RunExecuteReaderTds(CommandBehavior cmdBehavior, RunBehavior runBehavior, Boolean returnStream, Boolean async, Int32 timeout, Task& task, Boolean asyncWrite, Boolean inRetry, SqlDataReader ds, Boolean describeParameterEncryptionRequest)
   at System.Data.SqlClient.SqlCommand.RunExecuteReader(CommandBehavior cmdBehavior, RunBehavior runBehavior, Boolean returnStream, String method, TaskCompletionSource`1 completion, Int32 timeout, Task& task, Boolean& usedCache, Boolean asyncWrite, Boolean inRetry)
   at System.Data.SqlClient.SqlCommand.RunExecuteReader(CommandBehavior cmdBehavior, RunBehavior runBehavior, Boolean returnStream, String method)
   at System.Data.SqlClient.SqlCommand.ExecuteReader(CommandBehavior behavior, String method)
   at System.Data.SqlClient.SqlCommand.ExecuteDbDataReader(CommandBehavior behavior)
   at System.Data.Common.DbCommand.ExecuteReader(CommandBehavior behavior)
   at OpenAccessRuntime.CommandWrapper.ExecuteReader(CommandBehavior behavior)
   --- End of inner exception stack trace ---
   at Telerik.OpenAccess.RT.Adonet2Generic.Impl.PreparedStatementImp.executeQuery(Nullable`1 commandTimeout)
   at OpenAccessRuntime.Relational.conn.PooledPreparedStatement.executeQuery(Nullable`1 commandTimeout)
   at OpenAccessRuntime.Relational.fetch.FetchResultImp.Execute()
SQL:
SELECT  TOP(??T) a.[id] AS COL1, a.[error_msg] AS COL2, a.[module_name] AS COL3, a.[previous_version] AS COL4, a.[version] AS COL5 FROM [sf_module_vrsn] a WHERE a.[module_name] = ?                                        Telerik.OpenAccess.RT.sql.SQLException: Connection has been closed. ---> System.Data.SqlClient.SqlException: The connection is broken and recovery is not possible.  The connection is marked by the server as unrecoverable.  No attempt was made to restore the connection.
   at System.Data.SqlClient.SqlConnection.OnError(SqlException exception, Boolean breakConnection, Action`1 wrapCloseInAction)
   at System.Data.SqlClient.SqlConnection.ValidateAndReconnect(Action beforeDisconnect, Int32 timeout)
   at System.Data.SqlClient.SqlCommand.RunExecuteReaderTds(CommandBehavior cmdBehavior, RunBehavior runBehavior, Boolean returnStream, Boolean async, Int32 timeout, Task& task, Boolean asyncWrite, Boolean inRetry, SqlDataReader ds, Boolean describeParameterEncryptionRequest)
   at System.Data.SqlClient.SqlCommand.RunExecuteReader(CommandBehavior cmdBehavior, RunBehavior runBehavior, Boolean returnStream, String method, TaskCompletionSource`1 completion, Int32 timeout, Task& task, Boolean& usedCache, Boolean asyncWrite, Boolean inRetry)
   at System.Data.SqlClient.SqlCommand.RunExecuteReader(CommandBehavior cmdBehavior, RunBehavior runBehavior, Boolean returnStream, String method)
   at System.Data.SqlClient.SqlCommand.ExecuteReader(CommandBehavior behavior, String method)
   at System.Data.SqlClient.SqlCommand.ExecuteDbDataReader(CommandBehavior behavior)
   at System.Data.Common.DbCommand.ExecuteReader(CommandBehavior behavior)
   at OpenAccessRuntime.CommandWrapper.ExecuteReader(CommandBehavior behavior)
   --- End of inner exception stack trace ---
   at Telerik.OpenAccess.RT.Adonet2Generic.Impl.PreparedStatementImp.executeQuery(Nullable`1 commandTimeout)
   at OpenAccessRuntime.Relational.conn.PooledPreparedStatement.executeQuery(Nullable`1 commandTimeout)
   at OpenAccessRuntime.Relational.fetch.FetchResultImp.Execute()
	Source : Telerik.OpenAccess.Runtime
	Help link : 
	InnerExceptions : System.Exception[]
	FailedObject : 
	BackendError : Telerik.OpenAccess.RT.sql.SQLException: Connection has been closed. ---> System.Data.SqlClient.SqlException: The connection is broken and recovery is not possible.  The connection is marked by the server as unrecoverable.  No attempt was made to restore the connection.
   at System.Data.SqlClient.SqlConnection.OnError(SqlException exception, Boolean breakConnection, Action`1 wrapCloseInAction)
   at System.Data.SqlClient.SqlConnection.ValidateAndReconnect(Action beforeDisconnect, Int32 timeout)
   at System.Data.SqlClient.SqlCommand.RunExecuteReaderTds(CommandBehavior cmdBehavior, RunBehavior runBehavior, Boolean returnStream, Boolean async, Int32 timeout, Task& task, Boolean asyncWrite, Boolean inRetry, SqlDataReader ds, Boolean describeParameterEncryptionRequest)
   at System.Data.SqlClient.SqlCommand.RunExecuteReader(CommandBehavior cmdBehavior, RunBehavior runBehavior, Boolean returnStream, String method, TaskCompletionSource`1 completion, Int32 timeout, Task& task, Boolean& usedCache, Boolean asyncWrite, Boolean inRetry)
   at System.Data.SqlClient.SqlCommand.RunExecuteReader(CommandBehavior cmdBehavior, RunBehavior runBehavior, Boolean returnStream, String method)
   at System.Data.SqlClient.SqlCommand.ExecuteReader(CommandBehavior behavior, String method)
   at System.Data.SqlClient.SqlCommand.ExecuteDbDataReader(CommandBehavior behavior)
   at System.Data.Common.DbCommand.ExecuteReader(CommandBehavior behavior)
   at OpenAccessRuntime.CommandWrapper.ExecuteReader(CommandBehavior behavior)
   --- End of inner exception stack trace ---
   at Telerik.OpenAccess.RT.Adonet2Generic.Impl.PreparedStatementImp.executeQuery(Nullable`1 commandTimeout)
   at OpenAccessRuntime.Relational.conn.PooledPreparedStatement.executeQuery(Nullable`1 commandTimeout)
   at OpenAccessRuntime.Relational.fetch.FetchResultImp.Execute()
	Reason : Runtime
	CanRetry : False
	Data : System.Collections.ListDictionaryInternal
	TargetSite : System.Exception Throw()
	HResult : -2146233088
	Stack Trace :    at OpenAccessRuntime.ExceptionWrapper.Throw()
	   at OpenAccessRuntime.storagemanager.logging.LoggingStorageManager.executeQueryAll(ApplicationContext context, ImmutableQueryDetails query, CompiledQuery compiledQuery, QueryParameters parameters, Int32 skip, Int32 take)
	   at OpenAccessRuntime.DataObjects.UnsynchronizedPMProxy.getAllQueryResults(CompiledQuery cq, QueryParameters parameters, Int32 skip, Int32 take)
	   at OpenAccessRuntime.DataObjects.ForwardQueryResult.Resolve()
	   at OpenAccessRuntime.DataObjects.ForwardQueryResult.Initialize()
	   at OpenAccessRuntime.DataObjects.ForwardQueryResult.get_Item(Int32 indexParam)
	   at OpenAccessRuntime.ListEnumerator.setCurrent(Int32 _pos)
	   at OpenAccessRuntime.ListEnumerator.Move(Int32 relative)
	   at OpenAccessRuntime.ListEnumerator.MoveNext()
	   at Telerik.OpenAccess.Query.TypedEnumerator`1.MoveNext()
	   at Telerik.OpenAccess.Query.ExpressionExecution.PerformDatabaseQuerySingle[TResult,T](ChainedContext context, Expression expression, QueryableCategory before, Int32& found, Int32 elemAt, Boolean single, Boolean diffType)
	   at Telerik.OpenAccess.Query.ExpressionExecution.PerformQuerySingle[T,TResult](ExpressionCutter cutter, MethodCallExpression mce, ChainedContext piece, QueryOptions options)
	   at Telerik.OpenAccess.Query.Piece`1.ExecuteSingle[TResult](Expression expression)

		Inner Exception
		---------------
		Type : Telerik.OpenAccess.RT.sql.SQLException, Telerik.OpenAccess.Runtime, Version=2020.0.428.1, Culture=neutral, PublicKeyToken=7ce17eeaf1d59342
		Message : Connection has been closed.
		Source : Telerik.OpenAccess.Runtime
		Help link : 
		ErrorCode : 2004344493
		ArrayBindIndex : -1
		Number : 2004344493
		ObjectId : 
		Description : Connection has been closed.
		Data : System.Collections.ListDictionaryInternal
		TargetSite : Telerik.OpenAccess.RT.sql.ResultSet executeQuery(System.Nullable`1[System.Int32])
		HResult : -2146233088
		Stack Trace :    at Telerik.OpenAccess.RT.Adonet2Generic.Impl.PreparedStatementImp.executeQuery(Nullable`1 commandTimeout)
		   at OpenAccessRuntime.Relational.conn.PooledPreparedStatement.executeQuery(Nullable`1 commandTimeout)
		   at OpenAccessRuntime.Relational.fetch.FetchResultImp.Execute()

			Inner Exception
			---------------
			Type : System.Data.SqlClient.SqlException, System.Data, Version=4.0.0.0, Culture=neutral, PublicKeyToken=b77a5c561934e089
			Message : The connection is broken and recovery is not possible.  The connection is marked by the server as unrecoverable.  No attempt was made to restore the connection.
			Source : .Net SqlClient Data Provider
			Help link : 
			Errors : System.Data.SqlClient.SqlErrorCollection
			ClientConnectionId : eaf1c91a-624a-443a-a38a-5daaae094fb6
			Class : 20
			LineNumber : 0
			Number : 0
			Procedure : 
			Server : 
			State : 0
			ErrorCode : -2146232060
			Data : System.Collections.ListDictionaryInternal
			TargetSite : Void OnError(System.Data.SqlClient.SqlException, Boolean, System.Action`1[System.Action])
			HResult : -2146232060
			Stack Trace :    at System.Data.SqlClient.SqlConnection.OnError(SqlException exception, Boolean breakConnection, Action`1 wrapCloseInAction)
			   at System.Data.SqlClient.SqlConnection.ValidateAndReconnect(Action beforeDisconnect, Int32 timeout)
			   at System.Data.SqlClient.SqlCommand.RunExecuteReaderTds(CommandBehavior cmdBehavior, RunBehavior runBehavior, Boolean returnStream, Boolean async, Int32 timeout, Task& task, Boolean asyncWrite, Boolean inRetry, SqlDataReader ds, Boolean describeParameterEncryptionRequest)
			   at System.Data.SqlClient.SqlCommand.RunExecuteReader(CommandBehavior cmdBehavior, RunBehavior runBehavior, Boolean returnStream, String method, TaskCompletionSource`1 completion, Int32 timeout, Task& task, Boolean& usedCache, Boolean asyncWrite, Boolean inRetry)
			   at System.Data.SqlClient.SqlCommand.RunExecuteReader(CommandBehavior cmdBehavior, RunBehavior runBehavior, Boolean returnStream, String method)
			   at System.Data.SqlClient.SqlCommand.ExecuteReader(CommandBehavior behavior, String method)
			   at System.Data.SqlClient.SqlCommand.ExecuteDbDataReader(CommandBehavior behavior)
			   at System.Data.Common.DbCommand.ExecuteReader(CommandBehavior behavior)
			   at OpenAccessRuntime.CommandWrapper.ExecuteReader(CommandBehavior behavior)



Category: ErrorLog

Priority: 0

EventId: 90000

Severity: Error

Title:Enterprise Library Exception Handling

Machine: WN1MDWK00002R

App Domain: /LM/W3SVC/2019185342/ROOT-10-133304940943918286

ProcessId: 6796

Process Name: C:\Windows\SysWOW64\inetsrv\w3wp.exe

Thread Name: BackgroundTasksService-Thread-2

Win32 ThreadId:5424

Extended Properties: 
----------------------------------------
