----------------------------------------
ActivityId: 00000000-0000-0000-0000-000000000000

Timestamp: 6/18/2023 2:50:44 AM

Message: HandlingInstanceID: 1013f876-91f0-49e8-90c1-57f0ad785102
An exception of type 'System.Web.HttpException' occurred and was caught.
------------------------------------------------------------------------
06/18/2023 02:50:44
Type : System.Web.HttpException, System.Web, Version=4.0.0.0, Culture=neutral, PublicKeyToken=b03f5f7f11d50a3a
Message : A potentially dangerous Request.Path value was detected from the client (*).
Source : System.Web
Help link : 
WebEventCode : 0
ErrorCode : -2147467259
Data : System.Collections.ListDictionaryInternal
TargetSite : Void ValidateInputIfRequiredByConfig()
HResult : -2147467259
Stack Trace :    at System.Web.HttpRequest.ValidateInputIfRequiredByConfig()
   at System.Web.HttpApplication.PipelineStepManager.ValidateHelper(HttpContext context)

Additional Info:

MachineName : WN0MDWK000070
TimeStamp : 6/18/2023 2:50:44 AM
FullName : Telerik.Sitefinity.Utilities, Version=14.3.8000.0, Culture=neutral, PublicKeyToken=b28c218413bdf563
AppDomainName : /LM/W3SVC/2019185342/ROOT-1-133313179260603060
ThreadIdentity : 
WindowsIdentity : IIS APPPOOL\MYG03MWS013
Requested URL : https://www.ihhmalaysia-international.com/Sitefinity/adminapp/content/hospitals/0***********0-0*************00000000/appointments/185e8b1d-a86e-4dd1-a3ab-4517ffe4d910/edit?sf_provider=IHHDynamicModuleProvider&sf_culture=en


Category: ErrorLog

Priority: 0

EventId: 90000

Severity: Error

Title:Enterprise Library Exception Handling

Machine: WN0MDWK000070

App Domain: /LM/W3SVC/2019185342/ROOT-1-133313179260603060

ProcessId: 1608

Process Name: C:\Windows\SysWOW64\inetsrv\w3wp.exe

Thread Name: 

Win32 ThreadId:6276

Extended Properties: 
----------------------------------------
----------------------------------------
ActivityId: 00000000-0000-0000-0000-000000000000

Timestamp: 6/19/2023 12:28:56 AM

Message: HandlingInstanceID: 81ef939e-bd74-4e2a-9507-e4920a28dba7
An exception of type 'System.Web.HttpException' occurred and was caught.
------------------------------------------------------------------------
06/19/2023 00:28:56
Type : System.Web.HttpException, System.Web, Version=4.0.0.0, Culture=neutral, PublicKeyToken=b03f5f7f11d50a3a
Message : A potentially dangerous Request.Path value was detected from the client (*).
Source : System.Web
Help link : 
WebEventCode : 0
ErrorCode : -2147467259
Data : System.Collections.ListDictionaryInternal
TargetSite : Void ValidateInputIfRequiredByConfig()
HResult : -2147467259
Stack Trace :    at System.Web.HttpRequest.ValidateInputIfRequiredByConfig()
   at System.Web.HttpApplication.PipelineStepManager.ValidateHelper(HttpContext context)

Additional Info:

MachineName : WN0MDWK000070
TimeStamp : 6/19/2023 12:28:56 AM
FullName : Telerik.Sitefinity.Utilities, Version=14.3.8000.0, Culture=neutral, PublicKeyToken=b28c218413bdf563
AppDomainName : /LM/W3SVC/2019185342/ROOT-1-133313179260603060
ThreadIdentity : 
WindowsIdentity : IIS APPPOOL\MYG03MWS013
Requested URL : https://www.ihhmalaysia-international.com/Sitefinity/adminapp/content/hospitals/2a*****8-e03a-416e-8a7a-4b1be94d7723/appointments/67d187d2-a3e1-4f17-b8fe-fee039e0cb68/edit?sf_provider=IHHDynamicModuleProvider&sf_culture=en


Category: ErrorLog

Priority: 0

EventId: 90000

Severity: Error

Title:Enterprise Library Exception Handling

Machine: WN0MDWK000070

App Domain: /LM/W3SVC/2019185342/ROOT-1-133313179260603060

ProcessId: 1608

Process Name: C:\Windows\SysWOW64\inetsrv\w3wp.exe

Thread Name: 

Win32 ThreadId:2748

Extended Properties: 
----------------------------------------
----------------------------------------
ActivityId: 91a6c199-ae29-465f-bbec-2f7d247ffab3

Timestamp: 6/19/2023 1:34:55 AM

Message: Anti XSRF token failed validation. No cookie present. Url: https://www.ihhmalaysia-international.com/Sitefinity/Login?ReturnUrl=https%3a%2f%2fwww.ihhmalaysia-international.com%2fSitefinity%2fdashboard; Referrer: https://www.ihhmalaysia-international.com/Sitefinity/Login?ReturnUrl=https%3a%2f%2fwww.ihhmalaysia-international.com%2fSitefinity%2fdashboard; Origin: https://www.ihhmalaysia-international.com; User: 00000000-0000-0000-0000-000000000000.

Category: ErrorLog

Priority: -1

EventId: 1

Severity: Information

Title:

Machine: WN0MDWK000070

App Domain: /LM/W3SVC/2019185342/ROOT-1-133313179260603060

ProcessId: 1608

Process Name: C:\Windows\SysWOW64\inetsrv\w3wp.exe

Thread Name: 

Win32 ThreadId:5744

Extended Properties: 
----------------------------------------
----------------------------------------
ActivityId: 7dc9104e-a689-4acc-bed5-96cba9701fa7

Timestamp: 6/19/2023 1:58:40 AM

Message: HandlingInstanceID: a089e3fb-8063-4291-9d45-b4699f4ebb56
An exception of type 'System.NullReferenceException' occurred and was caught.
-----------------------------------------------------------------------------
06/19/2023 01:58:40
Type : System.NullReferenceException, mscorlib, Version=4.0.0.0, Culture=neutral, PublicKeyToken=b77a5c561934e089
Message : Object reference not set to an instance of an object.
Source : SitefinityWebApp
Help link : 
Data : System.Collections.ListDictionaryInternal
TargetSite : System.String GetCurrentViewName()
HResult : -2147467261
Stack Trace :    at SitefinityWebApp.Helpers.FrontendUrlHelper.GetCurrentViewName() in C:\Users\SIYI\Desktop\Projects\IHH-Demo-ver2\Helpers\FrontendUrlHelper.cs:line 35
   at ASP._Page_Frontend_Assembly_Telerik_Sitefinity_Frontend_DynamicContent_Mvc_Views_airlines_List_UrlRecommendedAirlines_cshtml_IHH_cshtml.Execute()
   at System.Web.WebPages.WebPageBase.ExecutePageHierarchy()
   at System.Web.Mvc.WebViewPage.ExecutePageHierarchy()
   at System.Web.WebPages.WebPageBase.ExecutePageHierarchy(WebPageContext pageContext, TextWriter writer, WebPageRenderingBase startPage)
   at System.Web.Mvc.RazorView.RenderView(ViewContext viewContext, TextWriter writer, Object instance)
   at System.Web.Mvc.BuildManagerCompiledView.Render(ViewContext viewContext, TextWriter writer)
   at Telerik.Sitefinity.Frontend.Mvc.Infrastructure.Compilation.CompilationPerformanceRazorView.Render(ViewContext viewContext, TextWriter writer)
   at System.Web.Mvc.ViewResultBase.ExecuteResult(ControllerContext context)
   at System.Web.Mvc.ControllerActionInvoker.InvokeActionResult(ControllerContext controllerContext, ActionResult actionResult)
   at System.Web.Mvc.ControllerActionInvoker.InvokeActionResultFilterRecursive(IList`1 filters, Int32 filterIndex, ResultExecutingContext preContext, ControllerContext controllerContext, ActionResult actionResult)
   at System.Web.Mvc.ControllerActionInvoker.InvokeActionResultFilterRecursive(IList`1 filters, Int32 filterIndex, ResultExecutingContext preContext, ControllerContext controllerContext, ActionResult actionResult)
   at System.Web.Mvc.ControllerActionInvoker.InvokeActionResultFilterRecursive(IList`1 filters, Int32 filterIndex, ResultExecutingContext preContext, ControllerContext controllerContext, ActionResult actionResult)
   at System.Web.Mvc.ControllerActionInvoker.InvokeActionResultFilterRecursive(IList`1 filters, Int32 filterIndex, ResultExecutingContext preContext, ControllerContext controllerContext, ActionResult actionResult)
   at System.Web.Mvc.ControllerActionInvoker.InvokeActionResultFilterRecursive(IList`1 filters, Int32 filterIndex, ResultExecutingContext preContext, ControllerContext controllerContext, ActionResult actionResult)
   at System.Web.Mvc.ControllerActionInvoker.InvokeActionResultFilterRecursive(IList`1 filters, Int32 filterIndex, ResultExecutingContext preContext, ControllerContext controllerContext, ActionResult actionResult)
   at System.Web.Mvc.ControllerActionInvoker.InvokeActionResultFilterRecursive(IList`1 filters, Int32 filterIndex, ResultExecutingContext preContext, ControllerContext controllerContext, ActionResult actionResult)
   at System.Web.Mvc.ControllerActionInvoker.InvokeActionResultFilterRecursive(IList`1 filters, Int32 filterIndex, ResultExecutingContext preContext, ControllerContext controllerContext, ActionResult actionResult)
   at System.Web.Mvc.ControllerActionInvoker.InvokeActionResultWithFilters(ControllerContext controllerContext, IList`1 filters, ActionResult actionResult)
   at System.Web.Mvc.ControllerActionInvoker.InvokeAction(ControllerContext controllerContext, String actionName)
   at Telerik.Sitefinity.Mvc.ControllerWrapper.Execute()
   at Telerik.Sitefinity.Mvc.ControllerActionInvoker.ExecuteController(MvcProxyBase proxyControl)
   at Telerik.Sitefinity.Frontend.Mvc.Infrastructure.Routing.FeatherActionInvoker.ExecuteController(MvcProxyBase proxyControl)

Additional Info:

MachineName : WN0MDWK000070
TimeStamp : 6/19/2023 1:58:40 AM
FullName : Telerik.Sitefinity.Utilities, Version=14.3.8000.0, Culture=neutral, PublicKeyToken=b28c218413bdf563
AppDomainName : /LM/W3SVC/2019185342/ROOT-1-133313179260603060
ThreadIdentity : siyi@vintedge.com
WindowsIdentity : IIS APPPOOL\MYG03MWS013
Requested URL : https://www.ihhmalaysia-international.com/Sitefinity/Template/2627bbba-5798-40b6-b5ec-cad188e8a7fe


Category: ErrorLog

Priority: 0

EventId: 9010

Severity: Warning

Title:Enterprise Library Exception Handling

Machine: WN0MDWK000070

App Domain: /LM/W3SVC/2019185342/ROOT-1-133313179260603060

ProcessId: 1608

Process Name: C:\Windows\SysWOW64\inetsrv\w3wp.exe

Thread Name: 

Win32 ThreadId:7884

Extended Properties: 
----------------------------------------
----------------------------------------
ActivityId: 7dc9104e-a689-4acc-bed5-96cba9701fa7

Timestamp: 6/19/2023 1:58:40 AM

Message: HandlingInstanceID: 25d98b9e-7272-44d8-90dd-0efd9d458339
An exception of type 'System.NullReferenceException' occurred and was caught.
-----------------------------------------------------------------------------
06/19/2023 01:58:40
Type : System.NullReferenceException, mscorlib, Version=4.0.0.0, Culture=neutral, PublicKeyToken=b77a5c561934e089
Message : Object reference not set to an instance of an object.
Source : SitefinityWebApp
Help link : 
Data : System.Collections.ListDictionaryInternal
TargetSite : System.String GetCurrentViewName()
HResult : -2147467261
Stack Trace :    at SitefinityWebApp.Helpers.FrontendUrlHelper.GetCurrentViewName() in C:\Users\SIYI\Desktop\Projects\IHH-Demo-ver2\Helpers\FrontendUrlHelper.cs:line 35
   at ASP._Page_Frontend_Assembly_Telerik_Sitefinity_Frontend_DynamicContent_Mvc_Views_Hotels_List_UrlRecommendedHotel_cshtml_IHH_cshtml.Execute()
   at System.Web.WebPages.WebPageBase.ExecutePageHierarchy()
   at System.Web.Mvc.WebViewPage.ExecutePageHierarchy()
   at System.Web.WebPages.WebPageBase.ExecutePageHierarchy(WebPageContext pageContext, TextWriter writer, WebPageRenderingBase startPage)
   at System.Web.Mvc.RazorView.RenderView(ViewContext viewContext, TextWriter writer, Object instance)
   at System.Web.Mvc.BuildManagerCompiledView.Render(ViewContext viewContext, TextWriter writer)
   at Telerik.Sitefinity.Frontend.Mvc.Infrastructure.Compilation.CompilationPerformanceRazorView.Render(ViewContext viewContext, TextWriter writer)
   at System.Web.Mvc.ViewResultBase.ExecuteResult(ControllerContext context)
   at System.Web.Mvc.ControllerActionInvoker.InvokeActionResult(ControllerContext controllerContext, ActionResult actionResult)
   at System.Web.Mvc.ControllerActionInvoker.InvokeActionResultFilterRecursive(IList`1 filters, Int32 filterIndex, ResultExecutingContext preContext, ControllerContext controllerContext, ActionResult actionResult)
   at System.Web.Mvc.ControllerActionInvoker.InvokeActionResultFilterRecursive(IList`1 filters, Int32 filterIndex, ResultExecutingContext preContext, ControllerContext controllerContext, ActionResult actionResult)
   at System.Web.Mvc.ControllerActionInvoker.InvokeActionResultFilterRecursive(IList`1 filters, Int32 filterIndex, ResultExecutingContext preContext, ControllerContext controllerContext, ActionResult actionResult)
   at System.Web.Mvc.ControllerActionInvoker.InvokeActionResultFilterRecursive(IList`1 filters, Int32 filterIndex, ResultExecutingContext preContext, ControllerContext controllerContext, ActionResult actionResult)
   at System.Web.Mvc.ControllerActionInvoker.InvokeActionResultFilterRecursive(IList`1 filters, Int32 filterIndex, ResultExecutingContext preContext, ControllerContext controllerContext, ActionResult actionResult)
   at System.Web.Mvc.ControllerActionInvoker.InvokeActionResultFilterRecursive(IList`1 filters, Int32 filterIndex, ResultExecutingContext preContext, ControllerContext controllerContext, ActionResult actionResult)
   at System.Web.Mvc.ControllerActionInvoker.InvokeActionResultFilterRecursive(IList`1 filters, Int32 filterIndex, ResultExecutingContext preContext, ControllerContext controllerContext, ActionResult actionResult)
   at System.Web.Mvc.ControllerActionInvoker.InvokeActionResultFilterRecursive(IList`1 filters, Int32 filterIndex, ResultExecutingContext preContext, ControllerContext controllerContext, ActionResult actionResult)
   at System.Web.Mvc.ControllerActionInvoker.InvokeActionResultWithFilters(ControllerContext controllerContext, IList`1 filters, ActionResult actionResult)
   at System.Web.Mvc.ControllerActionInvoker.InvokeAction(ControllerContext controllerContext, String actionName)
   at Telerik.Sitefinity.Mvc.ControllerWrapper.Execute()
   at Telerik.Sitefinity.Mvc.ControllerActionInvoker.ExecuteController(MvcProxyBase proxyControl)
   at Telerik.Sitefinity.Frontend.Mvc.Infrastructure.Routing.FeatherActionInvoker.ExecuteController(MvcProxyBase proxyControl)

Additional Info:

MachineName : WN0MDWK000070
TimeStamp : 6/19/2023 1:58:40 AM
FullName : Telerik.Sitefinity.Utilities, Version=14.3.8000.0, Culture=neutral, PublicKeyToken=b28c218413bdf563
AppDomainName : /LM/W3SVC/2019185342/ROOT-1-133313179260603060
ThreadIdentity : siyi@vintedge.com
WindowsIdentity : IIS APPPOOL\MYG03MWS013
Requested URL : https://www.ihhmalaysia-international.com/Sitefinity/Template/2627bbba-5798-40b6-b5ec-cad188e8a7fe


Category: ErrorLog

Priority: 0

EventId: 9010

Severity: Warning

Title:Enterprise Library Exception Handling

Machine: WN0MDWK000070

App Domain: /LM/W3SVC/2019185342/ROOT-1-133313179260603060

ProcessId: 1608

Process Name: C:\Windows\SysWOW64\inetsrv\w3wp.exe

Thread Name: 

Win32 ThreadId:7884

Extended Properties: 
----------------------------------------
----------------------------------------
ActivityId: c38696a3-0850-4940-ac1b-9ae08a6ca82c

Timestamp: 6/19/2023 2:03:42 AM

Message: HandlingInstanceID: 5cb3d375-0659-40b8-8bdd-92b2ce5c24d4
An exception of type 'System.NullReferenceException' occurred and was caught.
-----------------------------------------------------------------------------
06/19/2023 02:03:42
Type : System.NullReferenceException, mscorlib, Version=4.0.0.0, Culture=neutral, PublicKeyToken=b77a5c561934e089
Message : Object reference not set to an instance of an object.
Source : SitefinityWebApp
Help link : 
Data : System.Collections.ListDictionaryInternal
TargetSite : System.String GetCurrentViewName()
HResult : -2147467261
Stack Trace :    at SitefinityWebApp.Helpers.FrontendUrlHelper.GetCurrentViewName() in C:\Users\SIYI\Desktop\Projects\IHH-Demo-ver2\Helpers\FrontendUrlHelper.cs:line 35
   at ASP._Page_Frontend_Assembly_Telerik_Sitefinity_Frontend_DynamicContent_Mvc_Views_airlines_List_UrlRecommendedAirlines_cshtml_IHH_cshtml.Execute()
   at System.Web.WebPages.WebPageBase.ExecutePageHierarchy()
   at System.Web.Mvc.WebViewPage.ExecutePageHierarchy()
   at System.Web.WebPages.WebPageBase.ExecutePageHierarchy(WebPageContext pageContext, TextWriter writer, WebPageRenderingBase startPage)
   at System.Web.Mvc.RazorView.RenderView(ViewContext viewContext, TextWriter writer, Object instance)
   at System.Web.Mvc.BuildManagerCompiledView.Render(ViewContext viewContext, TextWriter writer)
   at Telerik.Sitefinity.Frontend.Mvc.Infrastructure.Compilation.CompilationPerformanceRazorView.Render(ViewContext viewContext, TextWriter writer)
   at System.Web.Mvc.ViewResultBase.ExecuteResult(ControllerContext context)
   at System.Web.Mvc.ControllerActionInvoker.InvokeActionResult(ControllerContext controllerContext, ActionResult actionResult)
   at System.Web.Mvc.ControllerActionInvoker.InvokeActionResultFilterRecursive(IList`1 filters, Int32 filterIndex, ResultExecutingContext preContext, ControllerContext controllerContext, ActionResult actionResult)
   at System.Web.Mvc.ControllerActionInvoker.InvokeActionResultFilterRecursive(IList`1 filters, Int32 filterIndex, ResultExecutingContext preContext, ControllerContext controllerContext, ActionResult actionResult)
   at System.Web.Mvc.ControllerActionInvoker.InvokeActionResultFilterRecursive(IList`1 filters, Int32 filterIndex, ResultExecutingContext preContext, ControllerContext controllerContext, ActionResult actionResult)
   at System.Web.Mvc.ControllerActionInvoker.InvokeActionResultFilterRecursive(IList`1 filters, Int32 filterIndex, ResultExecutingContext preContext, ControllerContext controllerContext, ActionResult actionResult)
   at System.Web.Mvc.ControllerActionInvoker.InvokeActionResultFilterRecursive(IList`1 filters, Int32 filterIndex, ResultExecutingContext preContext, ControllerContext controllerContext, ActionResult actionResult)
   at System.Web.Mvc.ControllerActionInvoker.InvokeActionResultFilterRecursive(IList`1 filters, Int32 filterIndex, ResultExecutingContext preContext, ControllerContext controllerContext, ActionResult actionResult)
   at System.Web.Mvc.ControllerActionInvoker.InvokeActionResultFilterRecursive(IList`1 filters, Int32 filterIndex, ResultExecutingContext preContext, ControllerContext controllerContext, ActionResult actionResult)
   at System.Web.Mvc.ControllerActionInvoker.InvokeActionResultFilterRecursive(IList`1 filters, Int32 filterIndex, ResultExecutingContext preContext, ControllerContext controllerContext, ActionResult actionResult)
   at System.Web.Mvc.ControllerActionInvoker.InvokeActionResultWithFilters(ControllerContext controllerContext, IList`1 filters, ActionResult actionResult)
   at System.Web.Mvc.ControllerActionInvoker.InvokeAction(ControllerContext controllerContext, String actionName)
   at Telerik.Sitefinity.Mvc.ControllerWrapper.Execute()
   at Telerik.Sitefinity.Mvc.ControllerActionInvoker.ExecuteController(MvcProxyBase proxyControl)
   at Telerik.Sitefinity.Frontend.Mvc.Infrastructure.Routing.FeatherActionInvoker.ExecuteController(MvcProxyBase proxyControl)

Additional Info:

MachineName : WN0MDWK000070
TimeStamp : 6/19/2023 2:03:42 AM
FullName : Telerik.Sitefinity.Utilities, Version=14.3.8000.0, Culture=neutral, PublicKeyToken=b28c218413bdf563
AppDomainName : /LM/W3SVC/2019185342/ROOT-1-133313179260603060
ThreadIdentity : bentley@vintedge.com
WindowsIdentity : IIS APPPOOL\MYG03MWS013
Requested URL : https://www.ihhmalaysia-international.com/Sitefinity/Template/2627bbba-5798-40b6-b5ec-cad188e8a7fe


Category: ErrorLog

Priority: 0

EventId: 9010

Severity: Warning

Title:Enterprise Library Exception Handling

Machine: WN0MDWK000070

App Domain: /LM/W3SVC/2019185342/ROOT-1-133313179260603060

ProcessId: 1608

Process Name: C:\Windows\SysWOW64\inetsrv\w3wp.exe

Thread Name: 

Win32 ThreadId:4468

Extended Properties: 
----------------------------------------
----------------------------------------
ActivityId: c38696a3-0850-4940-ac1b-9ae08a6ca82c

Timestamp: 6/19/2023 2:03:42 AM

Message: HandlingInstanceID: 88408af0-adf4-4ea2-bca1-ed947e5cc7e8
An exception of type 'System.NullReferenceException' occurred and was caught.
-----------------------------------------------------------------------------
06/19/2023 02:03:42
Type : System.NullReferenceException, mscorlib, Version=4.0.0.0, Culture=neutral, PublicKeyToken=b77a5c561934e089
Message : Object reference not set to an instance of an object.
Source : SitefinityWebApp
Help link : 
Data : System.Collections.ListDictionaryInternal
TargetSite : System.String GetCurrentViewName()
HResult : -2147467261
Stack Trace :    at SitefinityWebApp.Helpers.FrontendUrlHelper.GetCurrentViewName() in C:\Users\SIYI\Desktop\Projects\IHH-Demo-ver2\Helpers\FrontendUrlHelper.cs:line 35
   at ASP._Page_Frontend_Assembly_Telerik_Sitefinity_Frontend_DynamicContent_Mvc_Views_Hotels_List_UrlRecommendedHotel_cshtml_IHH_cshtml.Execute()
   at System.Web.WebPages.WebPageBase.ExecutePageHierarchy()
   at System.Web.Mvc.WebViewPage.ExecutePageHierarchy()
   at System.Web.WebPages.WebPageBase.ExecutePageHierarchy(WebPageContext pageContext, TextWriter writer, WebPageRenderingBase startPage)
   at System.Web.Mvc.RazorView.RenderView(ViewContext viewContext, TextWriter writer, Object instance)
   at System.Web.Mvc.BuildManagerCompiledView.Render(ViewContext viewContext, TextWriter writer)
   at Telerik.Sitefinity.Frontend.Mvc.Infrastructure.Compilation.CompilationPerformanceRazorView.Render(ViewContext viewContext, TextWriter writer)
   at System.Web.Mvc.ViewResultBase.ExecuteResult(ControllerContext context)
   at System.Web.Mvc.ControllerActionInvoker.InvokeActionResult(ControllerContext controllerContext, ActionResult actionResult)
   at System.Web.Mvc.ControllerActionInvoker.InvokeActionResultFilterRecursive(IList`1 filters, Int32 filterIndex, ResultExecutingContext preContext, ControllerContext controllerContext, ActionResult actionResult)
   at System.Web.Mvc.ControllerActionInvoker.InvokeActionResultFilterRecursive(IList`1 filters, Int32 filterIndex, ResultExecutingContext preContext, ControllerContext controllerContext, ActionResult actionResult)
   at System.Web.Mvc.ControllerActionInvoker.InvokeActionResultFilterRecursive(IList`1 filters, Int32 filterIndex, ResultExecutingContext preContext, ControllerContext controllerContext, ActionResult actionResult)
   at System.Web.Mvc.ControllerActionInvoker.InvokeActionResultFilterRecursive(IList`1 filters, Int32 filterIndex, ResultExecutingContext preContext, ControllerContext controllerContext, ActionResult actionResult)
   at System.Web.Mvc.ControllerActionInvoker.InvokeActionResultFilterRecursive(IList`1 filters, Int32 filterIndex, ResultExecutingContext preContext, ControllerContext controllerContext, ActionResult actionResult)
   at System.Web.Mvc.ControllerActionInvoker.InvokeActionResultFilterRecursive(IList`1 filters, Int32 filterIndex, ResultExecutingContext preContext, ControllerContext controllerContext, ActionResult actionResult)
   at System.Web.Mvc.ControllerActionInvoker.InvokeActionResultFilterRecursive(IList`1 filters, Int32 filterIndex, ResultExecutingContext preContext, ControllerContext controllerContext, ActionResult actionResult)
   at System.Web.Mvc.ControllerActionInvoker.InvokeActionResultFilterRecursive(IList`1 filters, Int32 filterIndex, ResultExecutingContext preContext, ControllerContext controllerContext, ActionResult actionResult)
   at System.Web.Mvc.ControllerActionInvoker.InvokeActionResultWithFilters(ControllerContext controllerContext, IList`1 filters, ActionResult actionResult)
   at System.Web.Mvc.ControllerActionInvoker.InvokeAction(ControllerContext controllerContext, String actionName)
   at Telerik.Sitefinity.Mvc.ControllerWrapper.Execute()
   at Telerik.Sitefinity.Mvc.ControllerActionInvoker.ExecuteController(MvcProxyBase proxyControl)
   at Telerik.Sitefinity.Frontend.Mvc.Infrastructure.Routing.FeatherActionInvoker.ExecuteController(MvcProxyBase proxyControl)

Additional Info:

MachineName : WN0MDWK000070
TimeStamp : 6/19/2023 2:03:42 AM
FullName : Telerik.Sitefinity.Utilities, Version=14.3.8000.0, Culture=neutral, PublicKeyToken=b28c218413bdf563
AppDomainName : /LM/W3SVC/2019185342/ROOT-1-133313179260603060
ThreadIdentity : bentley@vintedge.com
WindowsIdentity : IIS APPPOOL\MYG03MWS013
Requested URL : https://www.ihhmalaysia-international.com/Sitefinity/Template/2627bbba-5798-40b6-b5ec-cad188e8a7fe


Category: ErrorLog

Priority: 0

EventId: 9010

Severity: Warning

Title:Enterprise Library Exception Handling

Machine: WN0MDWK000070

App Domain: /LM/W3SVC/2019185342/ROOT-1-133313179260603060

ProcessId: 1608

Process Name: C:\Windows\SysWOW64\inetsrv\w3wp.exe

Thread Name: 

Win32 ThreadId:4468

Extended Properties: 
----------------------------------------
----------------------------------------
ActivityId: 00000000-0000-0000-0000-000000000000

Timestamp: 6/19/2023 2:49:29 AM

Message: HandlingInstanceID: 76d48996-7ae9-49df-ac36-4845d692752b
An exception of type 'System.Web.HttpException' occurred and was caught.
------------------------------------------------------------------------
06/19/2023 02:49:29
Type : System.Web.HttpException, System.Web, Version=4.0.0.0, Culture=neutral, PublicKeyToken=b03f5f7f11d50a3a
Message : A potentially dangerous Request.Path value was detected from the client (*).
Source : System.Web
Help link : 
WebEventCode : 0
ErrorCode : -2147467259
Data : System.Collections.ListDictionaryInternal
TargetSite : Void ValidateInputIfRequiredByConfig()
HResult : -2147467259
Stack Trace :    at System.Web.HttpRequest.ValidateInputIfRequiredByConfig()
   at System.Web.HttpApplication.PipelineStepManager.ValidateHelper(HttpContext context)

Additional Info:

MachineName : WN0MDWK000070
TimeStamp : 6/19/2023 2:49:29 AM
FullName : Telerik.Sitefinity.Utilities, Version=14.3.8000.0, Culture=neutral, PublicKeyToken=b28c218413bdf563
AppDomainName : /LM/W3SVC/2019185342/ROOT-1-133313179260603060
ThreadIdentity : 
WindowsIdentity : IIS APPPOOL\MYG03MWS013
Requested URL : https://www.ihhmalaysia-international.com/Sitefinity/adminapp/content/hospitals/2a*****8-e03a-416e-8a7a-4b1be94d7723/appointments/67d187d2-a3e1-4f17-b8fe-fee039e0cb68/edit?sf_provider=IHHDynamicModuleProvider&sf_culture=en


Category: ErrorLog

Priority: 0

EventId: 90000

Severity: Error

Title:Enterprise Library Exception Handling

Machine: WN0MDWK000070

App Domain: /LM/W3SVC/2019185342/ROOT-1-133313179260603060

ProcessId: 1608

Process Name: C:\Windows\SysWOW64\inetsrv\w3wp.exe

Thread Name: 

Win32 ThreadId:7100

Extended Properties: 
----------------------------------------
