----------------------------------------
[6/13/2023 7:02:09 AM] Get target info request failed.
Error details:
System.Runtime.Serialization.SerializationException: There was an error deserializing the object of type Telerik.Sitefinity.SiteSync.Web.TargetServerInfo. Encountered unexpected character 'Y'. ---> System.Xml.XmlException: Encountered unexpected character 'Y'.
   at System.Xml.XmlExceptionHelper.ThrowXmlException(XmlDictionaryReader reader, XmlException exception)
   at System.Runtime.Serialization.Json.XmlJsonReader.ReadAttributes()
   at System.Runtime.Serialization.Json.XmlJsonReader.ReadNonExistentElementName(StringHandleConstStringType elementName)
   at System.Runtime.Serialization.Json.XmlJsonReader.Read()
   at System.Xml.XmlBaseReader.IsStartElement()
   at System.Xml.XmlBaseReader.IsStartElement(XmlDictionaryString localName, XmlDictionaryString namespaceUri)
   at System.Runtime.Serialization.XmlReaderDelegator.IsStartElement(XmlDictionaryString localname, XmlDictionaryString ns)
   at System.Runtime.Serialization.XmlObjectSerializer.IsRootElement(XmlReaderDelegator reader, DataContract contract, XmlDictionaryString name, XmlDictionaryString ns)
   at System.Runtime.Serialization.Json.DataContractJsonSerializer.InternalIsStartObject(XmlReaderDelegator reader)
   at System.Runtime.Serialization.Json.DataContractJsonSerializer.InternalReadObject(XmlReaderDelegator xmlReader, Boolean verifyObjectName)
   at System.Runtime.Serialization.XmlObjectSerializer.InternalReadObject(XmlReaderDelegator reader, Boolean verifyObjectName, DataContractResolver dataContractResolver)
   at System.Runtime.Serialization.XmlObjectSerializer.ReadObjectHandleExceptions(XmlReaderDelegator reader, Boolean verifyObjectName, DataContractResolver dataContractResolver)
   --- End of inner exception stack trace ---
   at System.Runtime.Serialization.XmlObjectSerializer.ReadObjectHandleExceptions(XmlReaderDelegator reader, Boolean verifyObjectName, DataContractResolver dataContractResolver)
   at System.Runtime.Serialization.Json.DataContractJsonSerializer.ReadObject(XmlDictionaryReader reader)
   at System.Runtime.Serialization.Json.DataContractJsonSerializer.ReadObject(Stream stream)
   at Telerik.Sitefinity.Utilities.Json.JsonUtility.FromJson(String json, Type type, Encoding encoding)
   at Telerik.Sitefinity.Utilities.Json.JsonUtility.FromJson[T](String json, Encoding encoding)
   at Telerik.Sitefinity.SiteSync.Web.SiteSyncService.GetTargetInfo(String url, String userName, String password, String provider)
----------------------------------------
----------------------------------------
[6/13/2023 7:09:20 AM] Immediate sync requested by chris@vintedge.com with the following settings:
{"FailedItemsRetryCount":0,"HasSubscription":false,"IsForSpecificItem":false,"IsMultisiteMigration":false,"IsStopRequested":false,"NextSummaryId":"4a1ab13f-d312-4a6c-a74d-1a46a0882053","ProcessedItemsCountPerSite":null,"Schedule":null,"ServerId":"1ea6c3b6-8ca8-4b06-ab6a-4621f775982b","Sites":["28df97d3-8447-4c81-bc18-5e7b282c6699"],"SubscribedEmails":[],"SummaryId":"00000000-0000-0000-0000-000000000000","SyncStructureSettings":null,"TargetSite":null,"TaskId":"00000000-0000-0000-0000-000000000000","Title":null,"TotalItemsCount":0,"TotalItemsCountPerSite":null,"TypeFilters":[{"Key":"Telerik.Sitefinity.Libraries.Model.Image","Value":""}],"Types":["Telerik.Sitefinity.Libraries.Model.Image"],"UserId":"116eb3d3-d1f0-4145-95a4-25573a3bb69f"}
----------------------------------------
----------------------------------------
[6/13/2023 7:09:29 AM] Sync task a2a31a1b-563b-471e-a299-b97b1fc0fb7a execution started with the following settings:
{"FailedItemsRetryCount":0,"HasSubscription":false,"IsForSpecificItem":false,"IsMultisiteMigration":false,"IsStopRequested":false,"NextSummaryId":"4a1ab13f-d312-4a6c-a74d-1a46a0882053","ProcessedItemsCountPerSite":null,"Schedule":null,"ServerId":"1ea6c3b6-8ca8-4b06-ab6a-4621f775982b","Sites":["28df97d3-8447-4c81-bc18-5e7b282c6699"],"SubscribedEmails":[],"SummaryId":"00000000-0000-0000-0000-000000000000","SyncStructureSettings":null,"TargetSite":null,"TaskId":"00000000-0000-0000-0000-000000000000","Title":null,"TotalItemsCount":0,"TotalItemsCountPerSite":null,"TypeFilters":[{"Key":"Telerik.Sitefinity.Libraries.Model.Image","Value":""}],"Types":["Telerik.Sitefinity.Libraries.Model.Image"],"UserId":"116eb3d3-d1f0-4145-95a4-25573a3bb69f"}
----------------------------------------
----------------------------------------
[6/13/2023 7:09:29 AM] Syncing data started.
Machine name: dw1sdwk0003HY
Details:
Types: Telerik.Sitefinity.Libraries.Model.Image
----------------------------------------
----------------------------------------
[6/13/2023 7:09:29 AM] Calculating dependencies for exported items...
----------------------------------------
----------------------------------------
[6/13/2023 7:09:33 AM] Successfully calculated dependencies for exported items.
----------------------------------------
----------------------------------------
[6/13/2023 7:09:33 AM] Ordering the exported types...
----------------------------------------
----------------------------------------
[6/13/2023 7:09:33 AM] Successfully ordered the exported types.
----------------------------------------
----------------------------------------
[6/13/2023 7:09:35 AM] Item 'health-pulse-athletes-foot-banner' was successfully sent in language 'en'.
Item information: id = 'fdd5f124-13e0-4f01-932a-c3b03a96023c'; type = 'Telerik.Sitefinity.Libraries.Model.Image'; provider = 'OpenAccessDataProvider'; action = 'New'
----------------------------------------
----------------------------------------
[6/13/2023 7:09:37 AM] Syncing data completed.

----------------------------------------
----------------------------------------
[6/13/2023 7:09:37 AM] Sync task a2a31a1b-563b-471e-a299-b97b1fc0fb7a completed successfully.
----------------------------------------
