----------------------------------------
Timestamp: 6/16/2023 4:51:02 AM

Message: contentType : Telerik.Sitefinity.Libraries.Model.Document action : New


----------------------------------------
----------------------------------------
Timestamp: 6/16/2023 4:51:02 AM

Message: contentType : Telerik.Sitefinity.Libraries.Model.Document action : New


----------------------------------------
----------------------------------------
Timestamp: 6/16/2023 4:51:02 AM

Message: contentType : Telerik.Sitefinity.Libraries.Model.Document action : Updated


----------------------------------------
----------------------------------------
Timestamp: 6/16/2023 4:51:03 AM

Message: contentType : Telerik.Sitefinity.Libraries.Model.Document action : Updated


----------------------------------------
----------------------------------------
Timestamp: 6/16/2023 4:51:03 AM

Message: contentType : Telerik.Sitefinity.Libraries.Model.Document action : Updated


----------------------------------------
----------------------------------------
Timestamp: 6/16/2023 4:51:03 AM

Message: contentType : Telerik.Sitefinity.Libraries.Model.Document action : New


----------------------------------------
----------------------------------------
Timestamp: 6/16/2023 4:51:03 AM

Message: contentType : Telerik.Sitefinity.DynamicTypes.Model.Form.Appointments action : New


----------------------------------------
----------------------------------------
Timestamp: 6/16/2023 4:51:03 AM

Message: contentType : Telerik.Sitefinity.DynamicTypes.Model.Form.Appointments action : New


----------------------------------------
----------------------------------------
Timestamp: 6/16/2023 4:51:03 AM

Message: contentType : Telerik.Sitefinity.DynamicTypes.Model.Form.Appointments action : New


----------------------------------------
----------------------------------------
Timestamp: 6/16/2023 4:51:03 AM

Message: APpoiintment not image base64 value, SKIP


----------------------------------------
----------------------------------------
Timestamp: 6/16/2023 4:51:03 AM

Message: contentType : Telerik.Sitefinity.DynamicTypes.Model.Form.Appointments action : New


----------------------------------------
----------------------------------------
Timestamp: 6/16/2023 4:51:03 AM

Message: APpoiintment not image base64 value, SKIP


----------------------------------------
----------------------------------------
Timestamp: 6/16/2023 4:51:03 AM

Message: contentType : Telerik.Sitefinity.DynamicTypes.Model.Form.Appointments action : Updated


----------------------------------------
----------------------------------------
Timestamp: 6/16/2023 4:51:03 AM

Message: contentType : Telerik.Sitefinity.DynamicTypes.Model.Form.Appointments action : Updated


----------------------------------------
----------------------------------------
Timestamp: 6/16/2023 4:51:03 AM

Message: contentType : Telerik.Sitefinity.DynamicTypes.Model.Form.Appointments action : New


----------------------------------------
----------------------------------------
Timestamp: 6/16/2023 4:51:04 AM

Message: contentType : Telerik.Sitefinity.DynamicTypes.Model.Form.Appointments action : Updated


----------------------------------------
----------------------------------------
Timestamp: 6/16/2023 4:51:08 AM

Message: contentType : Telerik.Sitefinity.DynamicTypes.Model.Form.Appointments action : Updated


----------------------------------------
----------------------------------------
Timestamp: 6/16/2023 4:51:08 AM

Message: contentType : Telerik.Sitefinity.DynamicTypes.Model.Form.Appointments action : New


----------------------------------------
----------------------------------------
Timestamp: 6/16/2023 4:51:08 AM

Message: APpoiintment not image base64 value, SKIP


----------------------------------------
----------------------------------------
Timestamp: 6/16/2023 6:01:00 AM

Message: Scheduler: Task executed: 'Telerik.Sitefinity.ABTesting.Scheduling.ABTestsSyncTask'. Start time: 6/16/2023 6:01:00 AM. End time: 6/16/2023 6:01:00 AM. Task data: ''


----------------------------------------
----------------------------------------
Timestamp: 6/16/2023 6:40:44 AM

Message: contentType : Telerik.Sitefinity.DynamicTypes.Model.Form.Appointments action : New


----------------------------------------
----------------------------------------
Timestamp: 6/16/2023 6:40:44 AM

Message: contentType : Telerik.Sitefinity.DynamicTypes.Model.Form.Appointments action : New


----------------------------------------
----------------------------------------
Timestamp: 6/16/2023 6:40:44 AM

Message: contentType : Telerik.Sitefinity.DynamicTypes.Model.Form.Appointments action : New


----------------------------------------
----------------------------------------
Timestamp: 6/16/2023 6:40:44 AM

Message: APpoiintment not image base64 value, SKIP


----------------------------------------
----------------------------------------
Timestamp: 6/16/2023 6:40:44 AM

Message: contentType : Telerik.Sitefinity.DynamicTypes.Model.Form.Appointments action : New


----------------------------------------
----------------------------------------
Timestamp: 6/16/2023 6:40:44 AM

Message: APpoiintment not image base64 value, SKIP


----------------------------------------
----------------------------------------
Timestamp: 6/16/2023 6:40:45 AM

Message: contentType : Telerik.Sitefinity.DynamicTypes.Model.Form.Appointments action : Updated


----------------------------------------
----------------------------------------
Timestamp: 6/16/2023 6:40:45 AM

Message: contentType : Telerik.Sitefinity.DynamicTypes.Model.Form.Appointments action : Updated


----------------------------------------
----------------------------------------
Timestamp: 6/16/2023 6:40:45 AM

Message: contentType : Telerik.Sitefinity.DynamicTypes.Model.Form.Appointments action : New


----------------------------------------
----------------------------------------
Timestamp: 6/16/2023 6:40:45 AM

Message: contentType : Telerik.Sitefinity.DynamicTypes.Model.Form.Appointments action : Updated


----------------------------------------
----------------------------------------
Timestamp: 6/16/2023 6:40:49 AM

Message: contentType : Telerik.Sitefinity.DynamicTypes.Model.Form.Appointments action : Updated


----------------------------------------
----------------------------------------
Timestamp: 6/16/2023 6:40:49 AM

Message: contentType : Telerik.Sitefinity.DynamicTypes.Model.Form.Appointments action : New


----------------------------------------
----------------------------------------
Timestamp: 6/16/2023 6:40:49 AM

Message: APpoiintment not image base64 value, SKIP


----------------------------------------
----------------------------------------
Timestamp: 6/16/2023 12:01:02 PM

Message: Scheduler: Task executed: 'Telerik.Sitefinity.ABTesting.Scheduling.ABTestsSyncTask'. Start time: 6/16/2023 12:01:02 PM. End time: 6/16/2023 12:01:02 PM. Task data: ''


----------------------------------------
----------------------------------------
Timestamp: 6/16/2023 6:01:05 PM

Message: Scheduler: Task executed: 'Telerik.Sitefinity.ABTesting.Scheduling.ABTestsSyncTask'. Start time: 6/16/2023 6:01:05 PM. End time: 6/16/2023 6:01:05 PM. Task data: ''


----------------------------------------
----------------------------------------
Timestamp: 6/17/2023 12:00:08 AM

Message: Scheduler: Task executed: 'Telerik.Sitefinity.Services.Notifications.Scheduling.NotificationsCleanupTask'. Start time: 6/17/2023 12:00:08 AM. End time: 6/17/2023 12:00:08 AM. Task data: ''


----------------------------------------
----------------------------------------
Timestamp: 6/17/2023 12:00:08 AM

Message: Scheduler: Task executed: 'Telerik.Sitefinity.ServiceHooks.Scheduling.ServiceHooksActivitiesCleanupTask'. Start time: 6/17/2023 12:00:08 AM. End time: 6/17/2023 12:00:08 AM. Task data: ''


----------------------------------------
----------------------------------------
Timestamp: 6/17/2023 12:00:08 AM

Message: Scheduler: Task executed: 'Telerik.Sitefinity.Authentication.Data.TransientDataCleanupTask'. Start time: 6/17/2023 12:00:08 AM. End time: 6/17/2023 12:00:08 AM. Task data: ''


----------------------------------------
----------------------------------------
Timestamp: 6/17/2023 12:00:08 AM

Message: Scheduler: Task executed: 'Telerik.Sitefinity.ExternalNotifications.ExternalNotificationsRetrieverTask'. Start time: 6/17/2023 12:00:08 AM. End time: 6/17/2023 12:00:08 AM. Task data: '{}'


----------------------------------------
----------------------------------------
Timestamp: 6/17/2023 12:00:08 AM

Message: Scheduler: Task executed: 'Telerik.Sitefinity.Translations.Synchronization.TranslationSyncTask'. Start time: 6/17/2023 12:00:08 AM. End time: 6/17/2023 12:00:08 AM. Task data: ''


----------------------------------------
----------------------------------------
Timestamp: 6/17/2023 12:00:08 AM

Message: Scheduler: Task executed: 'Telerik.Sitefinity.Translations.Synchronization.TranslationImportTask'. Start time: 6/17/2023 12:00:08 AM. End time: 6/17/2023 12:00:08 AM. Task data: ''


----------------------------------------
----------------------------------------
Timestamp: 6/17/2023 12:01:07 AM

Message: Scheduler: Task executed: 'Telerik.Sitefinity.ABTesting.Scheduling.ABTestsSyncTask'. Start time: 6/17/2023 12:01:07 AM. End time: 6/17/2023 12:01:07 AM. Task data: ''


----------------------------------------
----------------------------------------
Timestamp: 6/17/2023 1:00:08 AM

Message: Scheduler: Task executed: 'Telerik.Sitefinity.Versioning.Cleaner.VersioningCleanerTask'. Start time: 6/17/2023 1:00:08 AM. End time: 6/17/2023 1:00:08 AM. Task data: ''


----------------------------------------
----------------------------------------
Timestamp: 6/17/2023 3:03:08 AM

Message: contentType : Telerik.Sitefinity.DynamicTypes.Model.Form.Appointments action : New


----------------------------------------
----------------------------------------
Timestamp: 6/17/2023 3:03:08 AM

Message: contentType : Telerik.Sitefinity.DynamicTypes.Model.Form.Appointments action : New


----------------------------------------
----------------------------------------
Timestamp: 6/17/2023 3:03:08 AM

Message: contentType : Telerik.Sitefinity.DynamicTypes.Model.Form.Appointments action : New


----------------------------------------
----------------------------------------
Timestamp: 6/17/2023 3:03:08 AM

Message: APpoiintment not image base64 value, SKIP


----------------------------------------
----------------------------------------
Timestamp: 6/17/2023 3:03:08 AM

Message: contentType : Telerik.Sitefinity.DynamicTypes.Model.Form.Appointments action : New


----------------------------------------
----------------------------------------
Timestamp: 6/17/2023 3:03:08 AM

Message: APpoiintment not image base64 value, SKIP


----------------------------------------
----------------------------------------
Timestamp: 6/17/2023 3:03:08 AM

Message: contentType : Telerik.Sitefinity.DynamicTypes.Model.Form.Appointments action : Updated


----------------------------------------
----------------------------------------
Timestamp: 6/17/2023 3:03:08 AM

Message: contentType : Telerik.Sitefinity.DynamicTypes.Model.Form.Appointments action : Updated


----------------------------------------
----------------------------------------
Timestamp: 6/17/2023 3:03:08 AM

Message: contentType : Telerik.Sitefinity.DynamicTypes.Model.Form.Appointments action : New


----------------------------------------
----------------------------------------
Timestamp: 6/17/2023 3:03:08 AM

Message: contentType : Telerik.Sitefinity.DynamicTypes.Model.Form.Appointments action : Updated


----------------------------------------
----------------------------------------
Timestamp: 6/17/2023 3:03:13 AM

Message: contentType : Telerik.Sitefinity.DynamicTypes.Model.Form.Appointments action : Updated


----------------------------------------
----------------------------------------
Timestamp: 6/17/2023 3:03:13 AM

Message: contentType : Telerik.Sitefinity.DynamicTypes.Model.Form.Appointments action : New


----------------------------------------
----------------------------------------
Timestamp: 6/17/2023 3:03:13 AM

Message: APpoiintment not image base64 value, SKIP


----------------------------------------
