----------------------------------------
Timestamp: 6/17/2023 6:01:05 AM

Message: Scheduler: Task executed: 'Telerik.Sitefinity.ABTesting.Scheduling.ABTestsSyncTask'. Start time: 6/17/2023 6:01:05 AM. End time: 6/17/2023 6:01:05 AM. Task data: ''


----------------------------------------
----------------------------------------
Timestamp: 6/17/2023 12:01:08 PM

Message: Scheduler: Task executed: 'Telerik.Sitefinity.ABTesting.Scheduling.ABTestsSyncTask'. Start time: 6/17/2023 12:01:08 PM. End time: 6/17/2023 12:01:08 PM. Task data: ''


----------------------------------------
----------------------------------------
Timestamp: 6/17/2023 6:01:05 PM

Message: Scheduler: Task executed: 'Telerik.Sitefinity.ABTesting.Scheduling.ABTestsSyncTask'. Start time: 6/17/2023 6:01:05 PM. End time: 6/17/2023 6:01:05 PM. Task data: ''


----------------------------------------
----------------------------------------
Timestamp: 6/18/2023 12:00:04 AM

Message: contentType : Telerik.Sitefinity.Libraries.Model.Image action : Deleted


----------------------------------------
----------------------------------------
Timestamp: 6/18/2023 12:00:04 AM

Message: contentType : Telerik.Sitefinity.Libraries.Model.Image action : Deleted


----------------------------------------
----------------------------------------
Timestamp: 6/18/2023 12:00:04 AM

Message: contentType : Telerik.Sitefinity.Libraries.Model.Image action : Deleted


----------------------------------------
----------------------------------------
Timestamp: 6/18/2023 12:00:04 AM

Message: contentType : Telerik.Sitefinity.Libraries.Model.Image action : Deleted


----------------------------------------
----------------------------------------
Timestamp: 6/18/2023 12:00:04 AM

Message: contentType : Telerik.Sitefinity.Libraries.Model.Image action : Deleted


----------------------------------------
----------------------------------------
Timestamp: 6/18/2023 12:00:04 AM

Message: contentType : Telerik.Sitefinity.Libraries.Model.Image action : Deleted


----------------------------------------
----------------------------------------
Timestamp: 6/18/2023 12:00:04 AM

Message: contentType : Telerik.Sitefinity.Libraries.Model.Image action : Deleted


----------------------------------------
----------------------------------------
Timestamp: 6/18/2023 12:00:04 AM

Message: contentType : Telerik.Sitefinity.Libraries.Model.Image action : Deleted


----------------------------------------
----------------------------------------
Timestamp: 6/18/2023 12:00:04 AM

Message: contentType : Telerik.Sitefinity.Libraries.Model.Image action : Deleted


----------------------------------------
----------------------------------------
Timestamp: 6/18/2023 12:00:04 AM

Message: contentType : Telerik.Sitefinity.Libraries.Model.Image action : Deleted


----------------------------------------
----------------------------------------
Timestamp: 6/18/2023 12:00:04 AM

Message: contentType : Telerik.Sitefinity.Libraries.Model.Image action : Deleted


----------------------------------------
----------------------------------------
Timestamp: 6/18/2023 12:00:04 AM

Message: contentType : Telerik.Sitefinity.Libraries.Model.Image action : Deleted


----------------------------------------
----------------------------------------
Timestamp: 6/18/2023 12:00:04 AM

Message: contentType : Telerik.Sitefinity.Libraries.Model.Image action : Deleted


----------------------------------------
----------------------------------------
Timestamp: 6/18/2023 12:00:04 AM

Message: contentType : Telerik.Sitefinity.Libraries.Model.Image action : Deleted


----------------------------------------
----------------------------------------
Timestamp: 6/18/2023 12:00:04 AM

Message: contentType : Telerik.Sitefinity.Libraries.Model.Image action : Deleted


----------------------------------------
----------------------------------------
Timestamp: 6/18/2023 12:00:04 AM

Message: contentType : Telerik.Sitefinity.Libraries.Model.Image action : Deleted


----------------------------------------
----------------------------------------
Timestamp: 6/18/2023 12:00:04 AM

Message: contentType : Telerik.Sitefinity.Libraries.Model.Image action : Deleted


----------------------------------------
----------------------------------------
Timestamp: 6/18/2023 12:00:04 AM

Message: contentType : Telerik.Sitefinity.Libraries.Model.Image action : Deleted


----------------------------------------
----------------------------------------
Timestamp: 6/18/2023 12:00:04 AM

Message: contentType : Telerik.Sitefinity.Libraries.Model.Image action : Deleted


----------------------------------------
----------------------------------------
Timestamp: 6/18/2023 12:00:04 AM

Message: contentType : Telerik.Sitefinity.Libraries.Model.Image action : Deleted


----------------------------------------
----------------------------------------
Timestamp: 6/18/2023 12:00:04 AM

Message: contentType : Telerik.Sitefinity.Libraries.Model.Image action : Deleted


----------------------------------------
----------------------------------------
Timestamp: 6/18/2023 12:00:05 AM

Message: contentType : Telerik.Sitefinity.Libraries.Model.Image action : Deleted


----------------------------------------
----------------------------------------
Timestamp: 6/18/2023 12:00:05 AM

Message: contentType : Telerik.Sitefinity.Libraries.Model.Image action : Deleted


----------------------------------------
----------------------------------------
Timestamp: 6/18/2023 12:00:05 AM

Message: contentType : Telerik.Sitefinity.Libraries.Model.Image action : Deleted


----------------------------------------
----------------------------------------
Timestamp: 6/18/2023 12:00:05 AM

Message: contentType : Telerik.Sitefinity.Libraries.Model.Image action : Deleted


----------------------------------------
----------------------------------------
Timestamp: 6/18/2023 12:00:05 AM

Message: contentType : Telerik.Sitefinity.Libraries.Model.Image action : Deleted


----------------------------------------
----------------------------------------
Timestamp: 6/18/2023 12:00:05 AM

Message: contentType : Telerik.Sitefinity.Libraries.Model.Image action : Deleted


----------------------------------------
----------------------------------------
Timestamp: 6/18/2023 12:00:05 AM

Message: contentType : Telerik.Sitefinity.Libraries.Model.Image action : Deleted


----------------------------------------
----------------------------------------
Timestamp: 6/18/2023 12:00:05 AM

Message: contentType : Telerik.Sitefinity.Libraries.Model.Image action : Deleted


----------------------------------------
----------------------------------------
Timestamp: 6/18/2023 12:00:05 AM

Message: contentType : Telerik.Sitefinity.Libraries.Model.Image action : Deleted


----------------------------------------
----------------------------------------
Timestamp: 6/18/2023 12:00:05 AM

Message: contentType : Telerik.Sitefinity.Libraries.Model.Image action : Deleted


----------------------------------------
----------------------------------------
Timestamp: 6/18/2023 12:00:05 AM

Message: contentType : Telerik.Sitefinity.Libraries.Model.Image action : Deleted


----------------------------------------
----------------------------------------
Timestamp: 6/18/2023 12:00:05 AM

Message: contentType : Telerik.Sitefinity.Libraries.Model.Image action : Deleted


----------------------------------------
----------------------------------------
Timestamp: 6/18/2023 12:00:05 AM

Message: contentType : Telerik.Sitefinity.Libraries.Model.Image action : Deleted


----------------------------------------
----------------------------------------
Timestamp: 6/18/2023 12:00:05 AM

Message: contentType : Telerik.Sitefinity.Libraries.Model.Image action : Deleted


----------------------------------------
----------------------------------------
Timestamp: 6/18/2023 12:00:05 AM

Message: contentType : Telerik.Sitefinity.Libraries.Model.Image action : Deleted


----------------------------------------
----------------------------------------
Timestamp: 6/18/2023 12:00:05 AM

Message: contentType : Telerik.Sitefinity.Libraries.Model.Image action : Deleted


----------------------------------------
----------------------------------------
Timestamp: 6/18/2023 12:00:05 AM

Message: contentType : Telerik.Sitefinity.Libraries.Model.Image action : Deleted


----------------------------------------
----------------------------------------
Timestamp: 6/18/2023 12:00:05 AM

Message: contentType : Telerik.Sitefinity.Libraries.Model.Image action : Deleted


----------------------------------------
----------------------------------------
Timestamp: 6/18/2023 12:00:05 AM

Message: contentType : Telerik.Sitefinity.Libraries.Model.Image action : Deleted


----------------------------------------
----------------------------------------
Timestamp: 6/18/2023 12:00:05 AM

Message: contentType : Telerik.Sitefinity.Libraries.Model.Image action : Deleted


----------------------------------------
----------------------------------------
Timestamp: 6/18/2023 12:00:05 AM

Message: contentType : Telerik.Sitefinity.Libraries.Model.Image action : Deleted


----------------------------------------
----------------------------------------
Timestamp: 6/18/2023 12:00:05 AM

Message: contentType : Telerik.Sitefinity.Libraries.Model.Image action : Deleted


----------------------------------------
----------------------------------------
Timestamp: 6/18/2023 12:00:05 AM

Message: contentType : Telerik.Sitefinity.Libraries.Model.Image action : Deleted


----------------------------------------
----------------------------------------
Timestamp: 6/18/2023 12:00:05 AM

Message: contentType : Telerik.Sitefinity.Libraries.Model.Image action : Deleted


----------------------------------------
----------------------------------------
Timestamp: 6/18/2023 12:00:05 AM

Message: contentType : Telerik.Sitefinity.Libraries.Model.Image action : Deleted


----------------------------------------
----------------------------------------
Timestamp: 6/18/2023 12:00:05 AM

Message: contentType : Telerik.Sitefinity.Libraries.Model.Image action : Deleted


----------------------------------------
----------------------------------------
Timestamp: 6/18/2023 12:00:05 AM

Message: contentType : Telerik.Sitefinity.Libraries.Model.Image action : Deleted


----------------------------------------
----------------------------------------
Timestamp: 6/18/2023 12:00:05 AM

Message: contentType : Telerik.Sitefinity.Libraries.Model.Image action : Deleted


----------------------------------------
----------------------------------------
Timestamp: 6/18/2023 12:00:05 AM

Message: contentType : Telerik.Sitefinity.Libraries.Model.Image action : Deleted


----------------------------------------
----------------------------------------
Timestamp: 6/18/2023 12:00:05 AM

Message: contentType : Telerik.Sitefinity.Libraries.Model.Image action : Deleted


----------------------------------------
----------------------------------------
Timestamp: 6/18/2023 12:00:05 AM

Message: contentType : Telerik.Sitefinity.Libraries.Model.Image action : Deleted


----------------------------------------
----------------------------------------
Timestamp: 6/18/2023 12:00:05 AM

Message: contentType : Telerik.Sitefinity.Libraries.Model.Image action : Deleted


----------------------------------------
----------------------------------------
Timestamp: 6/18/2023 12:00:05 AM

Message: contentType : Telerik.Sitefinity.Libraries.Model.Image action : Deleted


----------------------------------------
----------------------------------------
Timestamp: 6/18/2023 12:00:05 AM

Message: contentType : Telerik.Sitefinity.Libraries.Model.Image action : Deleted


----------------------------------------
----------------------------------------
Timestamp: 6/18/2023 12:00:05 AM

Message: contentType : Telerik.Sitefinity.Libraries.Model.Image action : Deleted


----------------------------------------
----------------------------------------
Timestamp: 6/18/2023 12:00:05 AM

Message: contentType : Telerik.Sitefinity.Libraries.Model.Image action : Deleted


----------------------------------------
----------------------------------------
Timestamp: 6/18/2023 12:00:05 AM

Message: contentType : Telerik.Sitefinity.Libraries.Model.Image action : Deleted


----------------------------------------
----------------------------------------
Timestamp: 6/18/2023 12:00:05 AM

Message: contentType : Telerik.Sitefinity.Libraries.Model.Image action : Deleted


----------------------------------------
----------------------------------------
Timestamp: 6/18/2023 12:00:05 AM

Message: contentType : Telerik.Sitefinity.Libraries.Model.Image action : Deleted


----------------------------------------
----------------------------------------
Timestamp: 6/18/2023 12:00:05 AM

Message: contentType : Telerik.Sitefinity.Libraries.Model.Image action : Deleted


----------------------------------------
----------------------------------------
Timestamp: 6/18/2023 12:00:05 AM

Message: contentType : Telerik.Sitefinity.Libraries.Model.Image action : Deleted


----------------------------------------
----------------------------------------
Timestamp: 6/18/2023 12:00:05 AM

Message: contentType : Telerik.Sitefinity.Libraries.Model.Image action : Deleted


----------------------------------------
----------------------------------------
Timestamp: 6/18/2023 12:00:05 AM

Message: contentType : Telerik.Sitefinity.Libraries.Model.Image action : Deleted


----------------------------------------
----------------------------------------
Timestamp: 6/18/2023 12:00:05 AM

Message: contentType : Telerik.Sitefinity.Libraries.Model.Image action : Deleted


----------------------------------------
----------------------------------------
Timestamp: 6/18/2023 12:00:05 AM

Message: contentType : Telerik.Sitefinity.Libraries.Model.Image action : Deleted


----------------------------------------
----------------------------------------
Timestamp: 6/18/2023 12:00:05 AM

Message: contentType : Telerik.Sitefinity.Libraries.Model.Image action : Deleted


----------------------------------------
----------------------------------------
Timestamp: 6/18/2023 12:00:05 AM

Message: contentType : Telerik.Sitefinity.Libraries.Model.Image action : Deleted


----------------------------------------
----------------------------------------
Timestamp: 6/18/2023 12:00:05 AM

Message: contentType : Telerik.Sitefinity.Libraries.Model.Image action : Deleted


----------------------------------------
----------------------------------------
Timestamp: 6/18/2023 12:00:05 AM

Message: contentType : Telerik.Sitefinity.Libraries.Model.Image action : Deleted


----------------------------------------
----------------------------------------
Timestamp: 6/18/2023 12:00:05 AM

Message: contentType : Telerik.Sitefinity.Libraries.Model.Image action : Deleted


----------------------------------------
----------------------------------------
Timestamp: 6/18/2023 12:00:05 AM

Message: contentType : Telerik.Sitefinity.Libraries.Model.Image action : Deleted


----------------------------------------
----------------------------------------
Timestamp: 6/18/2023 12:00:05 AM

Message: contentType : Telerik.Sitefinity.Libraries.Model.Image action : Deleted


----------------------------------------
----------------------------------------
Timestamp: 6/18/2023 12:00:05 AM

Message: contentType : Telerik.Sitefinity.Libraries.Model.Image action : Deleted


----------------------------------------
----------------------------------------
Timestamp: 6/18/2023 12:00:05 AM

Message: contentType : Telerik.Sitefinity.Libraries.Model.Image action : Deleted


----------------------------------------
----------------------------------------
Timestamp: 6/18/2023 12:00:05 AM

Message: contentType : Telerik.Sitefinity.Libraries.Model.Image action : Deleted


----------------------------------------
----------------------------------------
Timestamp: 6/18/2023 12:00:05 AM

Message: contentType : Telerik.Sitefinity.Libraries.Model.Image action : Deleted


----------------------------------------
----------------------------------------
Timestamp: 6/18/2023 12:00:05 AM

Message: contentType : Telerik.Sitefinity.Libraries.Model.Image action : Deleted


----------------------------------------
----------------------------------------
Timestamp: 6/18/2023 12:00:05 AM

Message: contentType : Telerik.Sitefinity.Libraries.Model.Image action : Deleted


----------------------------------------
----------------------------------------
Timestamp: 6/18/2023 12:00:05 AM

Message: contentType : Telerik.Sitefinity.Libraries.Model.Image action : Deleted


----------------------------------------
----------------------------------------
Timestamp: 6/18/2023 12:00:07 AM

Message: contentType : Telerik.Sitefinity.DynamicTypes.Model.Hospitals.Section action : Deleted


----------------------------------------
----------------------------------------
Timestamp: 6/18/2023 12:00:07 AM

Message: contentType : Telerik.Sitefinity.DynamicTypes.Model.Hospitals.Section action : Deleted


----------------------------------------
----------------------------------------
Timestamp: 6/18/2023 12:00:07 AM

Message: contentType : Telerik.Sitefinity.DynamicTypes.Model.Hospitals.Section action : Deleted


----------------------------------------
----------------------------------------
Timestamp: 6/18/2023 12:00:07 AM

Message: contentType : Telerik.Sitefinity.DynamicTypes.Model.Hospitals.Section action : Deleted


----------------------------------------
----------------------------------------
Timestamp: 6/18/2023 12:00:07 AM

Message: contentType : Telerik.Sitefinity.DynamicTypes.Model.Hospitals.Section action : Deleted


----------------------------------------
----------------------------------------
Timestamp: 6/18/2023 12:00:07 AM

Message: contentType : Telerik.Sitefinity.DynamicTypes.Model.Hospitals.Section action : Deleted


----------------------------------------
----------------------------------------
Timestamp: 6/18/2023 12:00:07 AM

Message: contentType : Telerik.Sitefinity.DynamicTypes.Model.Hospitals.Section action : Deleted


----------------------------------------
----------------------------------------
Timestamp: 6/18/2023 12:00:07 AM

Message: contentType : Telerik.Sitefinity.DynamicTypes.Model.Hospitals.Section action : Deleted


----------------------------------------
----------------------------------------
Timestamp: 6/18/2023 12:00:08 AM

Message: Scheduler: Task executed: 'Telerik.Sitefinity.Translations.Synchronization.TranslationSyncTask'. Start time: 6/18/2023 12:00:08 AM. End time: 6/18/2023 12:00:08 AM. Task data: ''


----------------------------------------
----------------------------------------
Timestamp: 6/18/2023 12:00:08 AM

Message: Scheduler: Task executed: 'Telerik.Sitefinity.SiteSync.Cleanup.SiteSyncCleanupTask'. Start time: 6/18/2023 12:00:08 AM. End time: 6/18/2023 12:00:08 AM. Task data: ''


----------------------------------------
----------------------------------------
Timestamp: 6/18/2023 12:00:08 AM

Message: contentType : Telerik.Sitefinity.DynamicTypes.Model.Hospitals.Articles action : Deleted


----------------------------------------
----------------------------------------
Timestamp: 6/18/2023 12:00:08 AM

Message: contentType : Telerik.Sitefinity.DynamicTypes.Model.Hospitals.Articles action : Deleted


----------------------------------------
----------------------------------------
Timestamp: 6/18/2023 12:00:08 AM

Message: contentType : Telerik.Sitefinity.DynamicTypes.Model.Hospitals.Articles action : Deleted


----------------------------------------
----------------------------------------
Timestamp: 6/18/2023 12:00:08 AM

Message: Scheduler: Task executed: 'Telerik.Sitefinity.ServiceHooks.Scheduling.ServiceHooksActivitiesCleanupTask'. Start time: 6/18/2023 12:00:08 AM. End time: 6/18/2023 12:00:08 AM. Task data: ''


----------------------------------------
----------------------------------------
Timestamp: 6/18/2023 12:00:08 AM

Message: contentType : Telerik.Sitefinity.DynamicTypes.Model.Hospitals.Articles action : Deleted


----------------------------------------
----------------------------------------
Timestamp: 6/18/2023 12:00:08 AM

Message: Scheduler: Task executed: 'Telerik.Sitefinity.Authentication.Data.TransientDataCleanupTask'. Start time: 6/18/2023 12:00:08 AM. End time: 6/18/2023 12:00:08 AM. Task data: ''


----------------------------------------
----------------------------------------
Timestamp: 6/18/2023 12:00:08 AM

Message: Scheduler: Task executed: 'Telerik.Sitefinity.Services.Notifications.Scheduling.NotificationsCleanupTask'. Start time: 6/18/2023 12:00:08 AM. End time: 6/18/2023 12:00:08 AM. Task data: ''


----------------------------------------
----------------------------------------
Timestamp: 6/18/2023 12:00:08 AM

Message: Scheduler: Task executed: 'Telerik.Sitefinity.ExternalNotifications.ExternalNotificationsRetrieverTask'. Start time: 6/18/2023 12:00:08 AM. End time: 6/18/2023 12:00:08 AM. Task data: '{}'


----------------------------------------
----------------------------------------
Timestamp: 6/18/2023 12:00:08 AM

Message: Scheduler: Task executed: 'Telerik.Sitefinity.Translations.Synchronization.TranslationImportTask'. Start time: 6/18/2023 12:00:08 AM. End time: 6/18/2023 12:00:08 AM. Task data: ''


----------------------------------------
----------------------------------------
Timestamp: 6/18/2023 12:00:08 AM

Message: contentType : Telerik.Sitefinity.DynamicTypes.Model.Hospitals.Faq action : Deleted


----------------------------------------
----------------------------------------
Timestamp: 6/18/2023 12:00:08 AM

Message: contentType : Telerik.Sitefinity.DynamicTypes.Model.Hospitals.Faq action : Deleted


----------------------------------------
----------------------------------------
Timestamp: 6/18/2023 12:00:08 AM

Message: contentType : Telerik.Sitefinity.DynamicTypes.Model.Hospitals.Faq action : Deleted


----------------------------------------
----------------------------------------
Timestamp: 6/18/2023 12:00:08 AM

Message: contentType : Telerik.Sitefinity.DynamicTypes.Model.Hospitals.Faq action : Deleted


----------------------------------------
----------------------------------------
Timestamp: 6/18/2023 12:00:08 AM

Message: contentType : Telerik.Sitefinity.DynamicTypes.Model.Hospitals.Packageandpromotions action : Deleted


----------------------------------------
----------------------------------------
Timestamp: 6/18/2023 12:00:08 AM

Message: contentType : Telerik.Sitefinity.DynamicTypes.Model.Hospitals.Packageandpromotions action : Deleted


----------------------------------------
----------------------------------------
Timestamp: 6/18/2023 12:00:08 AM

Message: contentType : Telerik.Sitefinity.DynamicTypes.Model.Hospitals.Packageandpromotions action : Deleted


----------------------------------------
----------------------------------------
Timestamp: 6/18/2023 12:00:08 AM

Message: contentType : Telerik.Sitefinity.DynamicTypes.Model.Hospitals.Packageandpromotions action : Deleted


----------------------------------------
----------------------------------------
Timestamp: 6/18/2023 12:00:08 AM

Message: contentType : Telerik.Sitefinity.DynamicTypes.Model.Hospitals.Packageandpromotions action : Deleted


----------------------------------------
----------------------------------------
Timestamp: 6/18/2023 12:00:08 AM

Message: contentType : Telerik.Sitefinity.DynamicTypes.Model.Hospitals.Packageandpromotions action : Deleted


----------------------------------------
----------------------------------------
Timestamp: 6/18/2023 12:00:08 AM

Message: contentType : Telerik.Sitefinity.DynamicTypes.Model.Hospitals.Packageandpromotions action : Deleted


----------------------------------------
----------------------------------------
Timestamp: 6/18/2023 12:00:08 AM

Message: contentType : Telerik.Sitefinity.DynamicTypes.Model.Hospitals.Packageandpromotions action : Deleted


----------------------------------------
----------------------------------------
Timestamp: 6/18/2023 12:00:08 AM

Message: contentType : Telerik.Sitefinity.DynamicTypes.Model.Hospitals.Packageandpromotions action : Deleted


----------------------------------------
----------------------------------------
Timestamp: 6/18/2023 12:00:08 AM

Message: contentType : Telerik.Sitefinity.DynamicTypes.Model.Hospitals.Packageandpromotions action : Deleted


----------------------------------------
----------------------------------------
Timestamp: 6/18/2023 12:00:08 AM

Message: contentType : Telerik.Sitefinity.DynamicTypes.Model.Hospitals.Packageandpromotions action : Deleted


----------------------------------------
----------------------------------------
Timestamp: 6/18/2023 12:00:08 AM

Message: contentType : Telerik.Sitefinity.DynamicTypes.Model.Hospitals.Packageandpromotions action : Deleted


----------------------------------------
----------------------------------------
Timestamp: 6/18/2023 12:00:08 AM

Message: contentType : Telerik.Sitefinity.DynamicTypes.Model.Hospitals.Packageandpromotions action : Deleted


----------------------------------------
----------------------------------------
Timestamp: 6/18/2023 12:00:08 AM

Message: contentType : Telerik.Sitefinity.DynamicTypes.Model.Hospitals.Packageandpromotions action : Deleted


----------------------------------------
----------------------------------------
Timestamp: 6/18/2023 12:00:08 AM

Message: contentType : Telerik.Sitefinity.DynamicTypes.Model.Hospitals.Packageandpromotions action : Deleted


----------------------------------------
----------------------------------------
Timestamp: 6/18/2023 12:00:08 AM

Message: contentType : Telerik.Sitefinity.DynamicTypes.Model.Hospitals.Packageandpromotions action : Deleted


----------------------------------------
----------------------------------------
Timestamp: 6/18/2023 12:00:08 AM

Message: contentType : Telerik.Sitefinity.DynamicTypes.Model.Hospitals.Packageandpromotions action : Deleted


----------------------------------------
----------------------------------------
Timestamp: 6/18/2023 12:00:08 AM

Message: contentType : Telerik.Sitefinity.DynamicTypes.Model.Hospitals.Packageandpromotions action : Deleted


----------------------------------------
----------------------------------------
Timestamp: 6/18/2023 12:00:08 AM

Message: contentType : Telerik.Sitefinity.DynamicTypes.Model.Hospitals.Packageandpromotions action : Deleted


----------------------------------------
----------------------------------------
Timestamp: 6/18/2023 12:00:08 AM

Message: contentType : Telerik.Sitefinity.DynamicTypes.Model.Hospitals.Packageandpromotions action : Deleted


----------------------------------------
----------------------------------------
Timestamp: 6/18/2023 12:00:08 AM

Message: contentType : Telerik.Sitefinity.DynamicTypes.Model.Hospitals.Packageandpromotions action : Deleted


----------------------------------------
----------------------------------------
Timestamp: 6/18/2023 12:00:08 AM

Message: contentType : Telerik.Sitefinity.DynamicTypes.Model.Hospitals.Packageandpromotions action : Deleted


----------------------------------------
----------------------------------------
Timestamp: 6/18/2023 12:00:09 AM

Message: contentType : Telerik.Sitefinity.DynamicTypes.Model.Hospitals.Packageandpromotions action : Deleted


----------------------------------------
----------------------------------------
Timestamp: 6/18/2023 12:00:09 AM

Message: contentType : Telerik.Sitefinity.DynamicTypes.Model.Hospitals.Packageandpromotions action : Deleted


----------------------------------------
----------------------------------------
Timestamp: 6/18/2023 12:00:09 AM

Message: contentType : Telerik.Sitefinity.DynamicTypes.Model.Hospitals.Packageandpromotions action : Deleted


----------------------------------------
----------------------------------------
Timestamp: 6/18/2023 12:00:09 AM

Message: contentType : Telerik.Sitefinity.DynamicTypes.Model.Hospitals.Packageandpromotions action : Deleted


----------------------------------------
----------------------------------------
Timestamp: 6/18/2023 12:00:09 AM

Message: contentType : Telerik.Sitefinity.DynamicTypes.Model.Hospitals.Packageandpromotions action : Deleted


----------------------------------------
----------------------------------------
Timestamp: 6/18/2023 12:00:09 AM

Message: contentType : Telerik.Sitefinity.DynamicTypes.Model.Hospitals.Packageandpromotions action : Deleted


----------------------------------------
----------------------------------------
Timestamp: 6/18/2023 12:00:09 AM

Message: contentType : Telerik.Sitefinity.DynamicTypes.Model.Hospitals.Packageandpromotions action : Deleted


----------------------------------------
----------------------------------------
Timestamp: 6/18/2023 12:00:09 AM

Message: contentType : Telerik.Sitefinity.DynamicTypes.Model.Hospitals.Packageandpromotions action : Deleted


----------------------------------------
----------------------------------------
Timestamp: 6/18/2023 12:00:09 AM

Message: contentType : Telerik.Sitefinity.DynamicTypes.Model.Hospitals.Packageandpromotions action : Deleted


----------------------------------------
----------------------------------------
Timestamp: 6/18/2023 12:00:09 AM

Message: contentType : Telerik.Sitefinity.DynamicTypes.Model.Hospitals.Packageandpromotions action : Deleted


----------------------------------------
----------------------------------------
Timestamp: 6/18/2023 12:00:09 AM

Message: contentType : Telerik.Sitefinity.DynamicTypes.Model.Hospitals.Packageandpromotions action : Deleted


----------------------------------------
----------------------------------------
Timestamp: 6/18/2023 12:00:09 AM

Message: contentType : Telerik.Sitefinity.DynamicTypes.Model.Hospitals.Packageandpromotions action : Deleted


----------------------------------------
----------------------------------------
Timestamp: 6/18/2023 12:00:09 AM

Message: contentType : Telerik.Sitefinity.DynamicTypes.Model.Hospitals.Packageandpromotions action : Deleted


----------------------------------------
----------------------------------------
Timestamp: 6/18/2023 12:00:09 AM

Message: contentType : Telerik.Sitefinity.DynamicTypes.Model.Hospitals.Packageandpromotions action : Deleted


----------------------------------------
----------------------------------------
Timestamp: 6/18/2023 12:00:09 AM

Message: contentType : Telerik.Sitefinity.DynamicTypes.Model.Hospitals.Packageandpromotions action : Deleted


----------------------------------------
----------------------------------------
Timestamp: 6/18/2023 12:00:09 AM

Message: contentType : Telerik.Sitefinity.DynamicTypes.Model.Hospitals.Packageandpromotions action : Deleted


----------------------------------------
----------------------------------------
Timestamp: 6/18/2023 12:00:09 AM

Message: contentType : Telerik.Sitefinity.DynamicTypes.Model.Hospitals.Packageandpromotions action : Deleted


----------------------------------------
----------------------------------------
Timestamp: 6/18/2023 12:00:09 AM

Message: contentType : Telerik.Sitefinity.DynamicTypes.Model.Hospitals.Packageandpromotions action : Deleted


----------------------------------------
----------------------------------------
Timestamp: 6/18/2023 12:00:09 AM

Message: contentType : Telerik.Sitefinity.DynamicTypes.Model.Hospitals.Packageandpromotions action : Deleted


----------------------------------------
----------------------------------------
Timestamp: 6/18/2023 12:00:09 AM

Message: contentType : Telerik.Sitefinity.DynamicTypes.Model.Hospitals.Packageandpromotions action : Deleted


----------------------------------------
----------------------------------------
Timestamp: 6/18/2023 12:00:09 AM

Message: contentType : Telerik.Sitefinity.DynamicTypes.Model.Hospitals.Packageandpromotions action : Deleted


----------------------------------------
----------------------------------------
Timestamp: 6/18/2023 12:00:09 AM

Message: contentType : Telerik.Sitefinity.DynamicTypes.Model.Hospitals.Packageandpromotions action : Deleted


----------------------------------------
----------------------------------------
Timestamp: 6/18/2023 12:00:09 AM

Message: contentType : Telerik.Sitefinity.DynamicTypes.Model.Hospitals.Roomrates action : Deleted


----------------------------------------
----------------------------------------
Timestamp: 6/18/2023 12:00:09 AM

Message: contentType : Telerik.Sitefinity.DynamicTypes.Model.Hospitals.Roomrates action : Deleted


----------------------------------------
----------------------------------------
Timestamp: 6/18/2023 12:00:09 AM

Message: contentType : Telerik.Sitefinity.DynamicTypes.Model.Hospitals.Roomrates action : Deleted


----------------------------------------
----------------------------------------
Timestamp: 6/18/2023 12:00:09 AM

Message: contentType : Telerik.Sitefinity.DynamicTypes.Model.Hospitals.Roomrates action : Deleted


----------------------------------------
----------------------------------------
Timestamp: 6/18/2023 12:00:09 AM

Message: contentType : Telerik.Sitefinity.DynamicTypes.Model.Hospitals.Roomrates action : Deleted


----------------------------------------
----------------------------------------
Timestamp: 6/18/2023 12:00:09 AM

Message: contentType : Telerik.Sitefinity.DynamicTypes.Model.Hospitals.Roomrates action : Deleted


----------------------------------------
----------------------------------------
Timestamp: 6/18/2023 12:00:09 AM

Message: contentType : Telerik.Sitefinity.DynamicTypes.Model.Hospitals.Roomrates action : Deleted


----------------------------------------
----------------------------------------
Timestamp: 6/18/2023 12:00:09 AM

Message: contentType : Telerik.Sitefinity.DynamicTypes.Model.Hospitals.Roomrates action : Deleted


----------------------------------------
----------------------------------------
Timestamp: 6/18/2023 12:00:09 AM

Message: contentType : Telerik.Sitefinity.DynamicTypes.Model.Hospitals.Roomrates action : Deleted


----------------------------------------
----------------------------------------
Timestamp: 6/18/2023 12:00:09 AM

Message: contentType : Telerik.Sitefinity.DynamicTypes.Model.Hospitals.Roomrates action : Deleted


----------------------------------------
----------------------------------------
Timestamp: 6/18/2023 12:00:09 AM

Message: contentType : Telerik.Sitefinity.DynamicTypes.Model.Hospitals.Roomrates action : Deleted


----------------------------------------
----------------------------------------
Timestamp: 6/18/2023 12:00:09 AM

Message: contentType : Telerik.Sitefinity.DynamicTypes.Model.Hospitals.Roomrates action : Deleted


----------------------------------------
----------------------------------------
Timestamp: 6/18/2023 12:00:09 AM

Message: contentType : Telerik.Sitefinity.DynamicTypes.Model.Hospitals.Roomrates action : Deleted


----------------------------------------
----------------------------------------
Timestamp: 6/18/2023 12:00:09 AM

Message: contentType : Telerik.Sitefinity.DynamicTypes.Model.Hospitals.Roomrates action : Deleted


----------------------------------------
----------------------------------------
Timestamp: 6/18/2023 12:00:09 AM

Message: contentType : Telerik.Sitefinity.DynamicTypes.Model.Hospitals.Roomrates action : Deleted


----------------------------------------
----------------------------------------
Timestamp: 6/18/2023 12:00:09 AM

Message: contentType : Telerik.Sitefinity.DynamicTypes.Model.Hospitals.Roomrates action : Deleted


----------------------------------------
----------------------------------------
Timestamp: 6/18/2023 12:00:09 AM

Message: contentType : Telerik.Sitefinity.DynamicTypes.Model.Hospitals.Roomrates action : Deleted


----------------------------------------
----------------------------------------
Timestamp: 6/18/2023 12:00:09 AM

Message: contentType : Telerik.Sitefinity.DynamicTypes.Model.Hospitals.Roomrates action : Deleted


----------------------------------------
----------------------------------------
Timestamp: 6/18/2023 12:00:10 AM

Message: contentType : Telerik.Sitefinity.DynamicTypes.Model.Hospitals.Roomrates action : Deleted


----------------------------------------
----------------------------------------
Timestamp: 6/18/2023 12:00:10 AM

Message: contentType : Telerik.Sitefinity.DynamicTypes.Model.Hospitals.Roomrates action : Deleted


----------------------------------------
----------------------------------------
Timestamp: 6/18/2023 12:00:10 AM

Message: contentType : Telerik.Sitefinity.DynamicTypes.Model.Hospitals.Roomrates action : Deleted


----------------------------------------
----------------------------------------
Timestamp: 6/18/2023 12:00:10 AM

Message: contentType : Telerik.Sitefinity.DynamicTypes.Model.Hospitals.Roomrates action : Deleted


----------------------------------------
----------------------------------------
Timestamp: 6/18/2023 12:00:10 AM

Message: contentType : Telerik.Sitefinity.DynamicTypes.Model.Hospitals.Roomrates action : Deleted


----------------------------------------
----------------------------------------
Timestamp: 6/18/2023 12:00:10 AM

Message: contentType : Telerik.Sitefinity.DynamicTypes.Model.Hospitals.Roomrates action : Deleted


----------------------------------------
----------------------------------------
Timestamp: 6/18/2023 12:00:10 AM

Message: contentType : Telerik.Sitefinity.DynamicTypes.Model.Hospitals.Roomrates action : Deleted


----------------------------------------
----------------------------------------
Timestamp: 6/18/2023 12:00:10 AM

Message: contentType : Telerik.Sitefinity.DynamicTypes.Model.Hospitals.Roomrates action : Deleted


----------------------------------------
----------------------------------------
Timestamp: 6/18/2023 12:00:10 AM

Message: contentType : Telerik.Sitefinity.DynamicTypes.Model.Hospitals.Roomrates action : Deleted


----------------------------------------
----------------------------------------
Timestamp: 6/18/2023 12:00:10 AM

Message: contentType : Telerik.Sitefinity.DynamicTypes.Model.Hospitals.Roomrates action : Deleted


----------------------------------------
----------------------------------------
Timestamp: 6/18/2023 12:00:10 AM

Message: contentType : Telerik.Sitefinity.DynamicTypes.Model.Hospitals.Roomrates action : Deleted


----------------------------------------
----------------------------------------
Timestamp: 6/18/2023 12:00:10 AM

Message: contentType : Telerik.Sitefinity.DynamicTypes.Model.Hospitals.Roomrates action : Deleted


----------------------------------------
----------------------------------------
Timestamp: 6/18/2023 12:00:10 AM

Message: contentType : Telerik.Sitefinity.DynamicTypes.Model.Hospitals.Roomrates action : Deleted


----------------------------------------
----------------------------------------
Timestamp: 6/18/2023 12:00:10 AM

Message: contentType : Telerik.Sitefinity.DynamicTypes.Model.Hospitals.Roomrates action : Deleted


----------------------------------------
----------------------------------------
Timestamp: 6/18/2023 12:00:10 AM

Message: contentType : Telerik.Sitefinity.DynamicTypes.Model.Hospitals.Roomrates action : Deleted


----------------------------------------
----------------------------------------
Timestamp: 6/18/2023 12:00:10 AM

Message: contentType : Telerik.Sitefinity.DynamicTypes.Model.Hospitals.Roomrates action : Deleted


----------------------------------------
----------------------------------------
Timestamp: 6/18/2023 12:00:10 AM

Message: contentType : Telerik.Sitefinity.DynamicTypes.Model.Hospitals.Roomrates action : Deleted


----------------------------------------
----------------------------------------
Timestamp: 6/18/2023 12:00:10 AM

Message: contentType : Telerik.Sitefinity.DynamicTypes.Model.Hospitals.Roomrates action : Deleted


----------------------------------------
----------------------------------------
Timestamp: 6/18/2023 12:00:10 AM

Message: contentType : Telerik.Sitefinity.DynamicTypes.Model.TravelGuides.Hotels action : Deleted


----------------------------------------
----------------------------------------
Timestamp: 6/18/2023 12:00:10 AM

Message: contentType : Telerik.Sitefinity.DynamicTypes.Model.TravelGuides.Hotels action : Deleted


----------------------------------------
----------------------------------------
Timestamp: 6/18/2023 12:00:10 AM

Message: contentType : Telerik.Sitefinity.DynamicTypes.Model.TravelGuides.Hotels action : Deleted


----------------------------------------
----------------------------------------
Timestamp: 6/18/2023 12:00:10 AM

Message: contentType : Telerik.Sitefinity.DynamicTypes.Model.TravelGuides.Hotels action : Deleted


----------------------------------------
----------------------------------------
Timestamp: 6/18/2023 12:00:10 AM

Message: contentType : Telerik.Sitefinity.DynamicTypes.Model.TravelGuides.Hotels action : Deleted


----------------------------------------
----------------------------------------
Timestamp: 6/18/2023 12:00:10 AM

Message: contentType : Telerik.Sitefinity.DynamicTypes.Model.TravelGuides.Hotels action : Deleted


----------------------------------------
----------------------------------------
Timestamp: 6/18/2023 12:00:10 AM

Message: contentType : Telerik.Sitefinity.DynamicTypes.Model.TravelGuides.Hotels action : Deleted


----------------------------------------
----------------------------------------
Timestamp: 6/18/2023 12:00:10 AM

Message: contentType : Telerik.Sitefinity.DynamicTypes.Model.TravelGuides.Hotels action : Deleted


----------------------------------------
----------------------------------------
Timestamp: 6/18/2023 12:00:10 AM

Message: contentType : Telerik.Sitefinity.DynamicTypes.Model.TravelGuides.Hotels action : Deleted


----------------------------------------
----------------------------------------
Timestamp: 6/18/2023 12:00:10 AM

Message: contentType : Telerik.Sitefinity.DynamicTypes.Model.TravelGuides.Hotels action : Deleted


----------------------------------------
----------------------------------------
Timestamp: 6/18/2023 12:00:10 AM

Message: contentType : Telerik.Sitefinity.DynamicTypes.Model.TravelGuides.Hotels action : Deleted


----------------------------------------
----------------------------------------
Timestamp: 6/18/2023 12:00:11 AM

Message: contentType : Telerik.Sitefinity.DynamicTypes.Model.TravelGuides.Hotels action : Deleted


----------------------------------------
----------------------------------------
Timestamp: 6/18/2023 12:00:11 AM

Message: contentType : Telerik.Sitefinity.DynamicTypes.Model.TravelGuides.Hotels action : Deleted


----------------------------------------
----------------------------------------
Timestamp: 6/18/2023 12:00:11 AM

Message: contentType : Telerik.Sitefinity.DynamicTypes.Model.TravelGuides.Hotels action : Deleted


----------------------------------------
----------------------------------------
Timestamp: 6/18/2023 12:00:11 AM

Message: contentType : Telerik.Sitefinity.DynamicTypes.Model.TravelGuides.Hotels action : Deleted


----------------------------------------
----------------------------------------
Timestamp: 6/18/2023 12:00:11 AM

Message: contentType : Telerik.Sitefinity.DynamicTypes.Model.TravelGuides.Hotels action : Deleted


----------------------------------------
----------------------------------------
Timestamp: 6/18/2023 12:00:11 AM

Message: contentType : Telerik.Sitefinity.DynamicTypes.Model.TravelGuides.Hotels action : Deleted


----------------------------------------
----------------------------------------
Timestamp: 6/18/2023 12:00:11 AM

Message: contentType : Telerik.Sitefinity.DynamicTypes.Model.TravelGuides.Hotels action : Deleted


----------------------------------------
----------------------------------------
Timestamp: 6/18/2023 12:00:11 AM

Message: contentType : Telerik.Sitefinity.DynamicTypes.Model.TravelGuides.Hotels action : Deleted


----------------------------------------
----------------------------------------
Timestamp: 6/18/2023 12:00:11 AM

Message: contentType : Telerik.Sitefinity.DynamicTypes.Model.TravelGuides.Hotels action : Deleted


----------------------------------------
----------------------------------------
Timestamp: 6/18/2023 12:00:11 AM

Message: contentType : Telerik.Sitefinity.DynamicTypes.Model.TravelGuides.Hotels action : Deleted


----------------------------------------
----------------------------------------
Timestamp: 6/18/2023 12:00:11 AM

Message: contentType : Telerik.Sitefinity.DynamicTypes.Model.TravelGuides.Hotels action : Deleted


----------------------------------------
----------------------------------------
Timestamp: 6/18/2023 12:00:11 AM

Message: contentType : Telerik.Sitefinity.DynamicTypes.Model.TravelGuides.Touristdestinations action : Deleted


----------------------------------------
----------------------------------------
Timestamp: 6/18/2023 12:00:11 AM

Message: contentType : Telerik.Sitefinity.DynamicTypes.Model.TravelGuides.Touristdestinations action : Deleted


----------------------------------------
----------------------------------------
Timestamp: 6/18/2023 12:00:11 AM

Message: contentType : Telerik.Sitefinity.DynamicTypes.Model.TravelGuides.Touristdestinations action : Deleted


----------------------------------------
----------------------------------------
Timestamp: 6/18/2023 12:00:11 AM

Message: contentType : Telerik.Sitefinity.DynamicTypes.Model.TravelGuides.Touristdestinations action : Deleted


----------------------------------------
----------------------------------------
Timestamp: 6/18/2023 12:00:11 AM

Message: contentType : Telerik.Sitefinity.DynamicTypes.Model.TravelGuides.Touristdestinations action : Deleted


----------------------------------------
----------------------------------------
Timestamp: 6/18/2023 12:00:11 AM

Message: contentType : Telerik.Sitefinity.DynamicTypes.Model.TravelGuides.Touristdestinations action : Deleted


----------------------------------------
----------------------------------------
Timestamp: 6/18/2023 12:00:11 AM

Message: Scheduler: Task executed: 'Telerik.Sitefinity.Lifecycle.Cleanup.TempItemsCleanupTask'. Start time: 6/18/2023 12:00:02 AM. End time: 6/18/2023 12:00:11 AM. Task data: ''


----------------------------------------
----------------------------------------
Timestamp: 6/18/2023 12:00:12 AM

Message: Scheduler: Task executed: 'Telerik.Sitefinity.UsageTracking.Scheduling.UsageTrackingTask'. Start time: 6/18/2023 12:00:08 AM. End time: 6/18/2023 12:00:12 AM. Task data: ''


----------------------------------------
----------------------------------------
Timestamp: 6/18/2023 12:01:08 AM

Message: Scheduler: Task executed: 'Telerik.Sitefinity.ABTesting.Scheduling.ABTestsSyncTask'. Start time: 6/18/2023 12:01:08 AM. End time: 6/18/2023 12:01:08 AM. Task data: ''


----------------------------------------
----------------------------------------
Timestamp: 6/18/2023 1:00:09 AM

Message: Scheduler: Task executed: 'Telerik.Sitefinity.Versioning.Cleaner.VersioningCleanerTask'. Start time: 6/18/2023 1:00:09 AM. End time: 6/18/2023 1:00:09 AM. Task data: ''


----------------------------------------
----------------------------------------
Timestamp: 6/18/2023 6:01:05 AM

Message: Scheduler: Task executed: 'Telerik.Sitefinity.ABTesting.Scheduling.ABTestsSyncTask'. Start time: 6/18/2023 6:01:05 AM. End time: 6/18/2023 6:01:05 AM. Task data: ''


----------------------------------------
