----------------------------------------
Timestamp: 6/7/2023 7:38:54 PM

Message: contentType : Telerik.Sitefinity.DynamicTypes.Model.Form.Appointments action : New


----------------------------------------
----------------------------------------
Timestamp: 6/7/2023 7:38:54 PM

Message: contentType : Telerik.Sitefinity.DynamicTypes.Model.Form.Appointments action : New


----------------------------------------
----------------------------------------
Timestamp: 6/7/2023 7:38:54 PM

Message: contentType : Telerik.Sitefinity.DynamicTypes.Model.Form.Appointments action : New


----------------------------------------
----------------------------------------
Timestamp: 6/7/2023 7:38:54 PM

Message: APpoiintment not image base64 value, SKIP


----------------------------------------
----------------------------------------
Timestamp: 6/7/2023 7:38:54 PM

Message: contentType : Telerik.Sitefinity.DynamicTypes.Model.Form.Appointments action : New


----------------------------------------
----------------------------------------
Timestamp: 6/7/2023 7:38:54 PM

Message: APpoiintment not image base64 value, SKIP


----------------------------------------
----------------------------------------
Timestamp: 6/7/2023 7:38:54 PM

Message: contentType : Telerik.Sitefinity.DynamicTypes.Model.Form.Appointments action : Updated


----------------------------------------
----------------------------------------
Timestamp: 6/7/2023 7:38:54 PM

Message: contentType : Telerik.Sitefinity.DynamicTypes.Model.Form.Appointments action : Updated


----------------------------------------
----------------------------------------
Timestamp: 6/7/2023 7:38:54 PM

Message: contentType : Telerik.Sitefinity.DynamicTypes.Model.Form.Appointments action : New


----------------------------------------
----------------------------------------
Timestamp: 6/7/2023 7:38:54 PM

Message: contentType : Telerik.Sitefinity.DynamicTypes.Model.Form.Appointments action : Updated


----------------------------------------
----------------------------------------
Timestamp: 6/7/2023 7:39:00 PM

Message: contentType : Telerik.Sitefinity.DynamicTypes.Model.Form.Appointments action : Updated


----------------------------------------
----------------------------------------
Timestamp: 6/7/2023 7:39:00 PM

Message: contentType : Telerik.Sitefinity.DynamicTypes.Model.Form.Appointments action : New


----------------------------------------
----------------------------------------
Timestamp: 6/7/2023 7:39:00 PM

Message: APpoiintment not image base64 value, SKIP


----------------------------------------
----------------------------------------
Timestamp: 6/7/2023 8:17:03 PM

Message: Retreiving system status failed. Exception: Exception has been thrown by the target of an invocation.


----------------------------------------
----------------------------------------
Timestamp: 6/8/2023 3:05:44 AM

Message: contentType : Telerik.Sitefinity.Pages.Model.PageNode action : Updated


----------------------------------------
----------------------------------------
Timestamp: 08/06/2023 03.05.44

Message: Page url id updated


----------------------------------------
----------------------------------------
Timestamp: 08/06/2023 03.06.18

Message: contentType : Telerik.Sitefinity.Pages.Model.PageNode action : Updated


----------------------------------------
----------------------------------------
Timestamp: 08/06/2023 03.06.18

Message: Page url id updated


----------------------------------------
----------------------------------------
Timestamp: 6/8/2023 3:07:04 AM

Message: contentType : Telerik.Sitefinity.Pages.Model.PageNode action : Updated


----------------------------------------
----------------------------------------
Timestamp: 08/06/2023 03.07.04

Message: Page url id updated


----------------------------------------
----------------------------------------
Timestamp: 08/06/2023 03.07.35

Message: contentType : Telerik.Sitefinity.Pages.Model.PageNode action : Updated


----------------------------------------
----------------------------------------
Timestamp: 08/06/2023 03.07.35

Message: Page url id updated


----------------------------------------
----------------------------------------
Timestamp: 08/06/2023 03.07.52

Message: contentType : Telerik.Sitefinity.Pages.Model.PageNode action : Updated


----------------------------------------
----------------------------------------
Timestamp: 08/06/2023 03.07.52

Message: Page url id updated


----------------------------------------
----------------------------------------
Timestamp: 6/8/2023 3:10:58 AM

Message: contentType : Telerik.Sitefinity.Pages.Model.ControlPresentation action : Updated


----------------------------------------
----------------------------------------
Timestamp: 6/8/2023 3:11:45 AM

Message: contentType : Telerik.Sitefinity.Pages.Model.ControlPresentation action : Updated


----------------------------------------
----------------------------------------
Timestamp: 6/8/2023 3:40:05 AM

Message: contentType : Telerik.Sitefinity.Pages.Model.PageTemplate action : Updated


----------------------------------------
----------------------------------------
Timestamp: 6/8/2023 3:40:52 AM

Message: contentType : Telerik.Sitefinity.Pages.Model.PageTemplate action : Updated


----------------------------------------
----------------------------------------
Timestamp: 6/8/2023 3:40:53 AM

Message: contentType : Telerik.Sitefinity.Pages.Model.PageTemplate action : Updated


----------------------------------------
----------------------------------------
Timestamp: 6/8/2023 3:44:29 AM

Message: contentType : Telerik.Sitefinity.Pages.Model.PageTemplate action : Updated


----------------------------------------
----------------------------------------
Timestamp: 6/8/2023 3:44:51 AM

Message: contentType : Telerik.Sitefinity.Pages.Model.PageTemplate action : Updated


----------------------------------------
----------------------------------------
Timestamp: 6/8/2023 3:47:29 AM

Message: contentType : Telerik.Sitefinity.Pages.Model.PageTemplate action : Updated


----------------------------------------
----------------------------------------
Timestamp: 6/8/2023 3:47:52 AM

Message: contentType : Telerik.Sitefinity.Pages.Model.PageTemplate action : Updated


----------------------------------------
----------------------------------------
Timestamp: 6/8/2023 3:48:53 AM

Message: contentType : Telerik.Sitefinity.Pages.Model.PageTemplate action : Updated


----------------------------------------
----------------------------------------
Timestamp: 6/8/2023 3:49:24 AM

Message: contentType : Telerik.Sitefinity.Pages.Model.PageTemplate action : Updated


----------------------------------------
----------------------------------------
Timestamp: 6/8/2023 3:51:22 AM

Message: contentType : Telerik.Sitefinity.Pages.Model.PageTemplate action : Updated


----------------------------------------
----------------------------------------
Timestamp: 6/8/2023 3:51:32 AM

Message: contentType : Telerik.Sitefinity.Pages.Model.PageTemplate action : Updated


----------------------------------------
----------------------------------------
Timestamp: 6/8/2023 3:53:01 AM

Message: contentType : Telerik.Sitefinity.Pages.Model.PageTemplate action : Updated


----------------------------------------
----------------------------------------
Timestamp: 6/8/2023 3:54:24 AM

Message: contentType : Telerik.Sitefinity.Pages.Model.PageTemplate action : Updated


----------------------------------------
----------------------------------------
Timestamp: 6/8/2023 3:57:25 AM

Message: contentType : Telerik.Sitefinity.Pages.Model.PageTemplate action : Updated


----------------------------------------
----------------------------------------
Timestamp: 6/8/2023 3:57:44 AM

Message: contentType : Telerik.Sitefinity.Pages.Model.PageTemplate action : Updated


----------------------------------------
----------------------------------------
Timestamp: 6/8/2023 4:01:08 AM

Message: Scheduler: Task executed: 'Telerik.Sitefinity.ABTesting.Scheduling.ABTestsSyncTask'. Start time: 6/8/2023 4:01:08 AM. End time: 6/8/2023 4:01:08 AM. Task data: ''


----------------------------------------
----------------------------------------
Timestamp: 6/8/2023 6:00:54 AM

Message: contentType : Telerik.Sitefinity.Pages.Model.PageTemplate action : Updated


----------------------------------------
----------------------------------------
Timestamp: 6/8/2023 6:01:08 AM

Message: contentType : Telerik.Sitefinity.Pages.Model.PageTemplate action : Updated


----------------------------------------
----------------------------------------
Timestamp: 6/8/2023 6:01:09 AM

Message: Scheduler: Task executed: 'Telerik.Sitefinity.ABTesting.Scheduling.ABTestsSyncTask'. Start time: 6/8/2023 6:01:09 AM. End time: 6/8/2023 6:01:09 AM. Task data: ''


----------------------------------------
----------------------------------------
Timestamp: 6/8/2023 6:02:09 AM

Message: contentType : Telerik.Sitefinity.Pages.Model.PageTemplate action : Updated


----------------------------------------
----------------------------------------
Timestamp: 6/8/2023 6:02:22 AM

Message: contentType : Telerik.Sitefinity.Pages.Model.PageTemplate action : Updated


----------------------------------------
----------------------------------------
Timestamp: 6/8/2023 6:02:42 AM

Message: contentType : Telerik.Sitefinity.Pages.Model.PageTemplate action : Updated


----------------------------------------
----------------------------------------
Timestamp: 6/8/2023 6:02:53 AM

Message: contentType : Telerik.Sitefinity.Pages.Model.PageTemplate action : Updated


----------------------------------------
----------------------------------------
Timestamp: 6/8/2023 6:11:38 AM

Message: contentType : Telerik.Sitefinity.Pages.Model.PageNode action : Updated


----------------------------------------
----------------------------------------
Timestamp: 08/06/2023 06.11.38

Message: Page url id updated


----------------------------------------
----------------------------------------
Timestamp: 08/06/2023 06.11.38

Message: contentType : Telerik.Sitefinity.Pages.Model.PageNode action : Updated


----------------------------------------
----------------------------------------
Timestamp: 08/06/2023 06.11.38

Message: Page url id updated


----------------------------------------
----------------------------------------
Timestamp: 6/8/2023 6:12:42 AM

Message: contentType : Telerik.Sitefinity.Pages.Model.PageNode action : Updated


----------------------------------------
----------------------------------------
Timestamp: 08/06/2023 06.12.42

Message: Page url id updated


----------------------------------------
----------------------------------------
Timestamp: 08/06/2023 06.12.42

Message: contentType : Telerik.Sitefinity.Pages.Model.PageNode action : Updated


----------------------------------------
----------------------------------------
Timestamp: 08/06/2023 06.12.42

Message: Page url id updated


----------------------------------------
----------------------------------------
Timestamp: 08/06/2023 06.13.39

Message: contentType : Telerik.Sitefinity.Pages.Model.PageNode action : Updated


----------------------------------------
----------------------------------------
Timestamp: 08/06/2023 06.13.39

Message: Page url id updated


----------------------------------------
----------------------------------------
Timestamp: 08/06/2023 08.31.15

Message: contentType : Telerik.Sitefinity.Pages.Model.PageNode action : Updated


----------------------------------------
----------------------------------------
Timestamp: 08/06/2023 08.31.15

Message: Page url id updated


----------------------------------------
----------------------------------------
Timestamp: 6/8/2023 8:32:07 AM

Message: contentType : Telerik.Sitefinity.Pages.Model.PageNode action : Updated


----------------------------------------
----------------------------------------
Timestamp: 08/06/2023 08.32.07

Message: Page url id updated


----------------------------------------
----------------------------------------
Timestamp: 6/8/2023 12:01:05 PM

Message: Scheduler: Task executed: 'Telerik.Sitefinity.ABTesting.Scheduling.ABTestsSyncTask'. Start time: 6/8/2023 12:01:05 PM. End time: 6/8/2023 12:01:05 PM. Task data: ''


----------------------------------------
----------------------------------------
Timestamp: 6/8/2023 3:21:06 PM

Message: contentType : Telerik.Sitefinity.DynamicTypes.Model.Form.Appointments action : New


----------------------------------------
----------------------------------------
Timestamp: 6/8/2023 3:21:06 PM

Message: contentType : Telerik.Sitefinity.DynamicTypes.Model.Form.Appointments action : New


----------------------------------------
----------------------------------------
Timestamp: 6/8/2023 3:21:07 PM

Message: contentType : Telerik.Sitefinity.DynamicTypes.Model.Form.Appointments action : New


----------------------------------------
----------------------------------------
Timestamp: 6/8/2023 3:21:07 PM

Message: APpoiintment not image base64 value, SKIP


----------------------------------------
----------------------------------------
Timestamp: 6/8/2023 3:21:07 PM

Message: contentType : Telerik.Sitefinity.DynamicTypes.Model.Form.Appointments action : New


----------------------------------------
----------------------------------------
Timestamp: 6/8/2023 3:21:07 PM

Message: APpoiintment not image base64 value, SKIP


----------------------------------------
----------------------------------------
Timestamp: 6/8/2023 3:21:07 PM

Message: contentType : Telerik.Sitefinity.DynamicTypes.Model.Form.Appointments action : Updated


----------------------------------------
----------------------------------------
Timestamp: 6/8/2023 3:21:07 PM

Message: contentType : Telerik.Sitefinity.DynamicTypes.Model.Form.Appointments action : Updated


----------------------------------------
----------------------------------------
Timestamp: 6/8/2023 3:21:07 PM

Message: contentType : Telerik.Sitefinity.DynamicTypes.Model.Form.Appointments action : New


----------------------------------------
----------------------------------------
Timestamp: 6/8/2023 3:21:07 PM

Message: contentType : Telerik.Sitefinity.DynamicTypes.Model.Form.Appointments action : Updated


----------------------------------------
----------------------------------------
Timestamp: 6/8/2023 3:21:12 PM

Message: contentType : Telerik.Sitefinity.DynamicTypes.Model.Form.Appointments action : Updated


----------------------------------------
----------------------------------------
Timestamp: 6/8/2023 3:21:12 PM

Message: contentType : Telerik.Sitefinity.DynamicTypes.Model.Form.Appointments action : New


----------------------------------------
----------------------------------------
Timestamp: 6/8/2023 3:21:12 PM

Message: APpoiintment not image base64 value, SKIP


----------------------------------------
----------------------------------------
Timestamp: 6/8/2023 4:00:05 PM

Message: Scheduler: Task executed: 'Telerik.Sitefinity.ServiceHooks.Scheduling.ServiceHooksActivitiesCleanupTask'. Start time: 6/8/2023 4:00:05 PM. End time: 6/8/2023 4:00:05 PM. Task data: ''


----------------------------------------
----------------------------------------
Timestamp: 6/8/2023 4:00:05 PM

Message: Scheduler: Task executed: 'Telerik.Sitefinity.Authentication.Data.TransientDataCleanupTask'. Start time: 6/8/2023 4:00:05 PM. End time: 6/8/2023 4:00:05 PM. Task data: ''


----------------------------------------
----------------------------------------
Timestamp: 6/8/2023 4:00:07 PM

Message: Scheduler: Task executed: 'Telerik.Sitefinity.Services.Notifications.Scheduling.NotificationsCleanupTask'. Start time: 6/8/2023 4:00:07 PM. End time: 6/8/2023 4:00:07 PM. Task data: ''


----------------------------------------
----------------------------------------
Timestamp: 6/8/2023 4:00:07 PM

Message: Scheduler: Task executed: 'Telerik.Sitefinity.ExternalNotifications.ExternalNotificationsRetrieverTask'. Start time: 6/8/2023 4:00:07 PM. End time: 6/8/2023 4:00:07 PM. Task data: '{}'


----------------------------------------
----------------------------------------
Timestamp: 6/8/2023 4:00:07 PM

Message: Scheduler: Task executed: 'Telerik.Sitefinity.Translations.Synchronization.TranslationSyncTask'. Start time: 6/8/2023 4:00:07 PM. End time: 6/8/2023 4:00:07 PM. Task data: ''


----------------------------------------
----------------------------------------
Timestamp: 6/8/2023 4:00:12 PM

Message: Scheduler: Task executed: 'Telerik.Sitefinity.Translations.Synchronization.TranslationImportTask'. Start time: 6/8/2023 4:00:12 PM. End time: 6/8/2023 4:00:12 PM. Task data: ''


----------------------------------------
----------------------------------------
Timestamp: 6/8/2023 6:01:08 PM

Message: Scheduler: Task executed: 'Telerik.Sitefinity.ABTesting.Scheduling.ABTestsSyncTask'. Start time: 6/8/2023 6:01:08 PM. End time: 6/8/2023 6:01:08 PM. Task data: ''


----------------------------------------
