----------------------------------------
Timestamp: 6/9/2023 12:00:00 AM

Message: Scheduler: Task executed: 'Telerik.Sitefinity.Authentication.Data.TransientDataCleanupTask'. Start time: 6/9/2023 12:00:00 AM. End time: 6/9/2023 12:00:00 AM. Task data: ''


----------------------------------------
----------------------------------------
Timestamp: 6/9/2023 12:00:00 AM

Message: Scheduler: Task executed: 'Telerik.Sitefinity.ExternalNotifications.ExternalNotificationsRetrieverTask'. Start time: 6/9/2023 12:00:00 AM. End time: 6/9/2023 12:00:00 AM. Task data: '{}'


----------------------------------------
----------------------------------------
Timestamp: 6/9/2023 12:00:04 AM

Message: Scheduler: Task executed: 'Telerik.Sitefinity.Services.Notifications.Scheduling.NotificationsCleanupTask'. Start time: 6/9/2023 12:00:04 AM. End time: 6/9/2023 12:00:04 AM. Task data: ''


----------------------------------------
----------------------------------------
Timestamp: 6/9/2023 12:00:07 AM

Message: Scheduler: Task executed: 'Telerik.Sitefinity.ServiceHooks.Scheduling.ServiceHooksActivitiesCleanupTask'. Start time: 6/9/2023 12:00:07 AM. End time: 6/9/2023 12:00:07 AM. Task data: ''


----------------------------------------
----------------------------------------
Timestamp: 6/9/2023 12:00:07 AM

Message: Scheduler: Task executed: 'Telerik.Sitefinity.Translations.Synchronization.TranslationSyncTask'. Start time: 6/9/2023 12:00:07 AM. End time: 6/9/2023 12:00:07 AM. Task data: ''


----------------------------------------
----------------------------------------
Timestamp: 6/9/2023 12:00:12 AM

Message: Scheduler: Task executed: 'Telerik.Sitefinity.Translations.Synchronization.TranslationImportTask'. Start time: 6/9/2023 12:00:12 AM. End time: 6/9/2023 12:00:12 AM. Task data: ''


----------------------------------------
----------------------------------------
Timestamp: 6/9/2023 12:01:04 AM

Message: Scheduler: Task executed: 'Telerik.Sitefinity.ABTesting.Scheduling.ABTestsSyncTask'. Start time: 6/9/2023 12:01:04 AM. End time: 6/9/2023 12:01:04 AM. Task data: ''


----------------------------------------
----------------------------------------
Timestamp: 6/9/2023 1:00:02 AM

Message: Scheduler: Task executed: 'Telerik.Sitefinity.Versioning.Cleaner.VersioningCleanerTask'. Start time: 6/9/2023 1:00:02 AM. End time: 6/9/2023 1:00:02 AM. Task data: ''


----------------------------------------
----------------------------------------
Timestamp: 6/9/2023 2:18:32 AM

Message: contentType : Telerik.Sitefinity.Pages.Model.ControlPresentation action : Updated


----------------------------------------
----------------------------------------
Timestamp: 6/9/2023 6:01:05 AM

Message: Scheduler: Task executed: 'Telerik.Sitefinity.ABTesting.Scheduling.ABTestsSyncTask'. Start time: 6/9/2023 6:01:05 AM. End time: 6/9/2023 6:01:05 AM. Task data: ''


----------------------------------------
----------------------------------------
Timestamp: 6/9/2023 9:00:01 AM

Message: Scheduler: Task executed: 'Telerik.Sitefinity.Versioning.Cleaner.VersioningCleanerTask'. Start time: 6/9/2023 9:00:01 AM. End time: 6/9/2023 9:00:01 AM. Task data: ''


----------------------------------------
----------------------------------------
Timestamp: 6/9/2023 12:01:06 PM

Message: Scheduler: Task executed: 'Telerik.Sitefinity.ABTesting.Scheduling.ABTestsSyncTask'. Start time: 6/9/2023 12:01:06 PM. End time: 6/9/2023 12:01:06 PM. Task data: ''


----------------------------------------
----------------------------------------
Timestamp: 6/9/2023 6:01:01 PM

Message: Scheduler: Task executed: 'Telerik.Sitefinity.ABTesting.Scheduling.ABTestsSyncTask'. Start time: 6/9/2023 6:01:01 PM. End time: 6/9/2023 6:01:01 PM. Task data: ''


----------------------------------------
