----------------------------------------
Timestamp: 6/13/2023 12:01:05 AM

Message: Scheduler: Task executed: 'Telerik.Sitefinity.ABTesting.Scheduling.ABTestsSyncTask'. Start time: 6/13/2023 12:01:05 AM. End time: 6/13/2023 12:01:05 AM. Task data: ''


----------------------------------------
----------------------------------------
Timestamp: 6/13/2023 6:01:08 AM

Message: Scheduler: Task executed: 'Telerik.Sitefinity.ABTesting.Scheduling.ABTestsSyncTask'. Start time: 6/13/2023 6:01:08 AM. End time: 6/13/2023 6:01:08 AM. Task data: ''


----------------------------------------
----------------------------------------
Timestamp: 6/13/2023 6:53:32 AM

Message: Enter upgrade mode


----------------------------------------
----------------------------------------
Timestamp: 6/13/2023 6:53:39 AM

Message: Exit upgrade mode


----------------------------------------
----------------------------------------
Timestamp: 6/13/2023 7:09:35 AM

Message: contentType : Telerik.Sitefinity.Libraries.Model.Image action : New


----------------------------------------
----------------------------------------
Timestamp: 6/13/2023 7:09:35 AM

Message: contentType : Telerik.Sitefinity.Libraries.Model.Image action : New


----------------------------------------
----------------------------------------
Timestamp: 6/13/2023 7:33:40 AM

Message: contentType : Telerik.Sitefinity.DynamicTypes.Model.Form.Appointments action : New


----------------------------------------
----------------------------------------
Timestamp: 6/13/2023 7:33:40 AM

Message: contentType : Telerik.Sitefinity.DynamicTypes.Model.Form.Appointments action : New


----------------------------------------
----------------------------------------
Timestamp: 6/13/2023 7:33:40 AM

Message: contentType : Telerik.Sitefinity.DynamicTypes.Model.Form.Appointments action : New


----------------------------------------
----------------------------------------
Timestamp: 6/13/2023 7:33:40 AM

Message: APpoiintment not image base64 value, SKIP


----------------------------------------
----------------------------------------
Timestamp: 6/13/2023 7:33:40 AM

Message: contentType : Telerik.Sitefinity.DynamicTypes.Model.Form.Appointments action : New


----------------------------------------
----------------------------------------
Timestamp: 6/13/2023 7:33:40 AM

Message: APpoiintment not image base64 value, SKIP


----------------------------------------
----------------------------------------
Timestamp: 6/13/2023 7:33:40 AM

Message: contentType : Telerik.Sitefinity.DynamicTypes.Model.Form.Appointments action : Updated


----------------------------------------
----------------------------------------
Timestamp: 6/13/2023 7:33:40 AM

Message: contentType : Telerik.Sitefinity.DynamicTypes.Model.Form.Appointments action : Updated


----------------------------------------
----------------------------------------
Timestamp: 6/13/2023 7:33:40 AM

Message: contentType : Telerik.Sitefinity.DynamicTypes.Model.Form.Appointments action : New


----------------------------------------
----------------------------------------
Timestamp: 6/13/2023 7:33:40 AM

Message: contentType : Telerik.Sitefinity.DynamicTypes.Model.Form.Appointments action : Updated


----------------------------------------
----------------------------------------
Timestamp: 6/13/2023 7:33:47 AM

Message: contentType : Telerik.Sitefinity.DynamicTypes.Model.Form.Appointments action : Updated


----------------------------------------
----------------------------------------
Timestamp: 6/13/2023 7:33:47 AM

Message: contentType : Telerik.Sitefinity.DynamicTypes.Model.Form.Appointments action : New


----------------------------------------
----------------------------------------
Timestamp: 6/13/2023 7:33:47 AM

Message: APpoiintment not image base64 value, SKIP


----------------------------------------
----------------------------------------
Timestamp: 6/13/2023 12:01:04 PM

Message: Scheduler: Task executed: 'Telerik.Sitefinity.ABTesting.Scheduling.ABTestsSyncTask'. Start time: 6/13/2023 12:01:04 PM. End time: 6/13/2023 12:01:04 PM. Task data: ''


----------------------------------------
----------------------------------------
Timestamp: 6/13/2023 6:01:05 PM

Message: Scheduler: Task executed: 'Telerik.Sitefinity.ABTesting.Scheduling.ABTestsSyncTask'. Start time: 6/13/2023 6:01:05 PM. End time: 6/13/2023 6:01:05 PM. Task data: ''


----------------------------------------
----------------------------------------
Timestamp: 6/14/2023 12:00:01 AM

Message: Scheduler: Task executed: 'Telerik.Sitefinity.Translations.Synchronization.TranslationSyncTask'. Start time: 6/14/2023 12:00:01 AM. End time: 6/14/2023 12:00:01 AM. Task data: ''


----------------------------------------
----------------------------------------
Timestamp: 6/14/2023 12:00:04 AM

Message: Scheduler: Task executed: 'Telerik.Sitefinity.Services.Notifications.Scheduling.NotificationsCleanupTask'. Start time: 6/14/2023 12:00:04 AM. End time: 6/14/2023 12:00:04 AM. Task data: ''


----------------------------------------
----------------------------------------
Timestamp: 6/14/2023 12:00:04 AM

Message: Scheduler: Task executed: 'Telerik.Sitefinity.ExternalNotifications.ExternalNotificationsRetrieverTask'. Start time: 6/14/2023 12:00:04 AM. End time: 6/14/2023 12:00:04 AM. Task data: '{}'


----------------------------------------
----------------------------------------
Timestamp: 6/14/2023 12:00:07 AM

Message: Scheduler: Task executed: 'Telerik.Sitefinity.Authentication.Data.TransientDataCleanupTask'. Start time: 6/14/2023 12:00:07 AM. End time: 6/14/2023 12:00:07 AM. Task data: ''


----------------------------------------
----------------------------------------
Timestamp: 6/14/2023 12:00:07 AM

Message: Scheduler: Task executed: 'Telerik.Sitefinity.ServiceHooks.Scheduling.ServiceHooksActivitiesCleanupTask'. Start time: 6/14/2023 12:00:07 AM. End time: 6/14/2023 12:00:07 AM. Task data: ''


----------------------------------------
----------------------------------------
Timestamp: 6/14/2023 12:00:07 AM

Message: Scheduler: Task executed: 'Telerik.Sitefinity.Translations.Synchronization.TranslationImportTask'. Start time: 6/14/2023 12:00:07 AM. End time: 6/14/2023 12:00:07 AM. Task data: ''


----------------------------------------
----------------------------------------
Timestamp: 6/14/2023 12:01:04 AM

Message: Scheduler: Task executed: 'Telerik.Sitefinity.ABTesting.Scheduling.ABTestsSyncTask'. Start time: 6/14/2023 12:01:04 AM. End time: 6/14/2023 12:01:04 AM. Task data: ''


----------------------------------------
