----------------------------------------
Timestamp: 6/18/2023 7:02:41 AM

Message: contentType : Telerik.Sitefinity.DynamicTypes.Model.Form.Appointments action : New


----------------------------------------
----------------------------------------
Timestamp: 6/18/2023 7:02:41 AM

Message: contentType : Telerik.Sitefinity.DynamicTypes.Model.Form.Appointments action : New


----------------------------------------
----------------------------------------
Timestamp: 6/18/2023 7:02:41 AM

Message: contentType : Telerik.Sitefinity.DynamicTypes.Model.Form.Appointments action : New


----------------------------------------
----------------------------------------
Timestamp: 6/18/2023 7:02:41 AM

Message: APpoiintment not image base64 value, SKIP


----------------------------------------
----------------------------------------
Timestamp: 6/18/2023 7:02:41 AM

Message: contentType : Telerik.Sitefinity.DynamicTypes.Model.Form.Appointments action : New


----------------------------------------
----------------------------------------
Timestamp: 6/18/2023 7:02:41 AM

Message: APpoiintment not image base64 value, SKIP


----------------------------------------
----------------------------------------
Timestamp: 6/18/2023 7:02:41 AM

Message: contentType : Telerik.Sitefinity.DynamicTypes.Model.Form.Appointments action : Updated


----------------------------------------
----------------------------------------
Timestamp: 6/18/2023 7:02:41 AM

Message: contentType : Telerik.Sitefinity.DynamicTypes.Model.Form.Appointments action : Updated


----------------------------------------
----------------------------------------
Timestamp: 6/18/2023 7:02:41 AM

Message: contentType : Telerik.Sitefinity.DynamicTypes.Model.Form.Appointments action : New


----------------------------------------
----------------------------------------
Timestamp: 6/18/2023 7:02:42 AM

Message: contentType : Telerik.Sitefinity.DynamicTypes.Model.Form.Appointments action : Updated


----------------------------------------
----------------------------------------
Timestamp: 6/18/2023 7:02:49 AM

Message: contentType : Telerik.Sitefinity.DynamicTypes.Model.Form.Appointments action : Updated


----------------------------------------
----------------------------------------
Timestamp: 6/18/2023 7:02:49 AM

Message: contentType : Telerik.Sitefinity.DynamicTypes.Model.Form.Appointments action : New


----------------------------------------
----------------------------------------
Timestamp: 6/18/2023 7:02:49 AM

Message: APpoiintment not image base64 value, SKIP


----------------------------------------
----------------------------------------
Timestamp: 6/18/2023 10:20:42 AM

Message: contentType : Telerik.Sitefinity.DynamicTypes.Model.Form.Appointments action : New


----------------------------------------
----------------------------------------
Timestamp: 6/18/2023 10:20:42 AM

Message: contentType : Telerik.Sitefinity.DynamicTypes.Model.Form.Appointments action : New


----------------------------------------
----------------------------------------
Timestamp: 6/18/2023 10:20:49 AM

Message: contentType : Telerik.Sitefinity.DynamicTypes.Model.Form.Appointments action : New


----------------------------------------
----------------------------------------
Timestamp: 6/18/2023 10:20:49 AM

Message: Appointment has image


----------------------------------------
----------------------------------------
Timestamp: 6/18/2023 10:20:49 AM

Message: Appointment convert image


----------------------------------------
----------------------------------------
Timestamp: 6/18/2023 10:20:50 AM

Message: contentType : Telerik.Sitefinity.Libraries.Model.Image action : New


----------------------------------------
----------------------------------------
Timestamp: 6/18/2023 10:20:50 AM

Message: contentType : Telerik.Sitefinity.Libraries.Model.Image action : New


----------------------------------------
----------------------------------------
Timestamp: 18/06/2023 10.20.51

Message: contentType : Telerik.Sitefinity.Libraries.Model.Image action : New


----------------------------------------
----------------------------------------
Timestamp: 18/06/2023 10.20.51

Message: contentType : Telerik.Sitefinity.Libraries.Model.Image action : New


----------------------------------------
----------------------------------------
Timestamp: 6/18/2023 10:20:51 AM

Message: contentType : Telerik.Sitefinity.DynamicTypes.Model.Form.Appointments action : New


----------------------------------------
----------------------------------------
Timestamp: 6/18/2023 10:20:51 AM

Message: Appointment has image


----------------------------------------
----------------------------------------
Timestamp: 6/18/2023 10:20:51 AM

Message: Appointment convert image


----------------------------------------
----------------------------------------
Timestamp: 6/18/2023 10:20:52 AM

Message: contentType : Telerik.Sitefinity.DynamicTypes.Model.Form.Appointments action : Updated


----------------------------------------
----------------------------------------
Timestamp: 6/18/2023 10:20:52 AM

Message: contentType : Telerik.Sitefinity.DynamicTypes.Model.Form.Appointments action : Updated


----------------------------------------
----------------------------------------
Timestamp: 6/18/2023 10:20:52 AM

Message: contentType : Telerik.Sitefinity.DynamicTypes.Model.Form.Appointments action : New


----------------------------------------
----------------------------------------
Timestamp: 6/18/2023 10:20:59 AM

Message: contentType : Telerik.Sitefinity.DynamicTypes.Model.Form.Appointments action : Updated


----------------------------------------
----------------------------------------
Timestamp: 6/18/2023 10:20:59 AM

Message: contentType : Telerik.Sitefinity.DynamicTypes.Model.Form.Appointments action : Updated


----------------------------------------
----------------------------------------
Timestamp: 6/18/2023 10:21:04 AM

Message: contentType : Telerik.Sitefinity.DynamicTypes.Model.Form.Appointments action : New


----------------------------------------
----------------------------------------
Timestamp: 6/18/2023 10:21:04 AM

Message: APpoiintment not image base64 value, SKIP


----------------------------------------
----------------------------------------
Timestamp: 6/18/2023 12:01:09 PM

Message: Scheduler: Task executed: 'Telerik.Sitefinity.ABTesting.Scheduling.ABTestsSyncTask'. Start time: 6/18/2023 12:01:09 PM. End time: 6/18/2023 12:01:09 PM. Task data: ''


----------------------------------------
----------------------------------------
Timestamp: 6/18/2023 3:36:26 PM

Message: contentType : Telerik.Sitefinity.Libraries.Model.Document action : New


----------------------------------------
----------------------------------------
Timestamp: 6/18/2023 3:36:26 PM

Message: contentType : Telerik.Sitefinity.Libraries.Model.Document action : New


----------------------------------------
----------------------------------------
Timestamp: 6/18/2023 3:36:27 PM

Message: contentType : Telerik.Sitefinity.Libraries.Model.Document action : Updated


----------------------------------------
----------------------------------------
Timestamp: 6/18/2023 3:36:27 PM

Message: contentType : Telerik.Sitefinity.Libraries.Model.Document action : Updated


----------------------------------------
----------------------------------------
Timestamp: 6/18/2023 3:36:27 PM

Message: contentType : Telerik.Sitefinity.Libraries.Model.Document action : Updated


----------------------------------------
----------------------------------------
Timestamp: 6/18/2023 3:36:27 PM

Message: contentType : Telerik.Sitefinity.Libraries.Model.Document action : New


----------------------------------------
----------------------------------------
Timestamp: 6/18/2023 3:36:27 PM

Message: contentType : Telerik.Sitefinity.DynamicTypes.Model.Form.Appointments action : New


----------------------------------------
----------------------------------------
Timestamp: 6/18/2023 3:36:27 PM

Message: contentType : Telerik.Sitefinity.DynamicTypes.Model.Form.Appointments action : New


----------------------------------------
----------------------------------------
Timestamp: 6/18/2023 3:36:27 PM

Message: contentType : Telerik.Sitefinity.DynamicTypes.Model.Form.Appointments action : New


----------------------------------------
----------------------------------------
Timestamp: 6/18/2023 3:36:27 PM

Message: APpoiintment not image base64 value, SKIP


----------------------------------------
----------------------------------------
Timestamp: 6/18/2023 3:36:27 PM

Message: contentType : Telerik.Sitefinity.DynamicTypes.Model.Form.Appointments action : New


----------------------------------------
----------------------------------------
Timestamp: 6/18/2023 3:36:27 PM

Message: APpoiintment not image base64 value, SKIP


----------------------------------------
----------------------------------------
Timestamp: 6/18/2023 3:36:28 PM

Message: contentType : Telerik.Sitefinity.DynamicTypes.Model.Form.Appointments action : Updated


----------------------------------------
----------------------------------------
Timestamp: 6/18/2023 3:36:28 PM

Message: contentType : Telerik.Sitefinity.DynamicTypes.Model.Form.Appointments action : Updated


----------------------------------------
----------------------------------------
Timestamp: 6/18/2023 3:36:28 PM

Message: contentType : Telerik.Sitefinity.DynamicTypes.Model.Form.Appointments action : New


----------------------------------------
----------------------------------------
Timestamp: 6/18/2023 3:36:28 PM

Message: contentType : Telerik.Sitefinity.DynamicTypes.Model.Form.Appointments action : Updated


----------------------------------------
----------------------------------------
Timestamp: 6/18/2023 3:36:33 PM

Message: contentType : Telerik.Sitefinity.DynamicTypes.Model.Form.Appointments action : Updated


----------------------------------------
----------------------------------------
Timestamp: 6/18/2023 3:36:33 PM

Message: contentType : Telerik.Sitefinity.DynamicTypes.Model.Form.Appointments action : New


----------------------------------------
----------------------------------------
Timestamp: 6/18/2023 3:36:33 PM

Message: APpoiintment not image base64 value, SKIP


----------------------------------------
----------------------------------------
Timestamp: 6/18/2023 6:01:03 PM

Message: Scheduler: Task executed: 'Telerik.Sitefinity.ABTesting.Scheduling.ABTestsSyncTask'. Start time: 6/18/2023 6:01:03 PM. End time: 6/18/2023 6:01:03 PM. Task data: ''


----------------------------------------
----------------------------------------
Timestamp: 6/18/2023 6:10:57 PM

Message: contentType : Telerik.Sitefinity.DynamicTypes.Model.Form.Appointments action : New


----------------------------------------
----------------------------------------
Timestamp: 6/18/2023 6:10:57 PM

Message: contentType : Telerik.Sitefinity.DynamicTypes.Model.Form.Appointments action : New


----------------------------------------
----------------------------------------
Timestamp: 6/18/2023 6:10:57 PM

Message: contentType : Telerik.Sitefinity.DynamicTypes.Model.Form.Appointments action : New


----------------------------------------
----------------------------------------
Timestamp: 6/18/2023 6:10:57 PM

Message: APpoiintment not image base64 value, SKIP


----------------------------------------
----------------------------------------
Timestamp: 6/18/2023 6:10:57 PM

Message: contentType : Telerik.Sitefinity.DynamicTypes.Model.Form.Appointments action : New


----------------------------------------
----------------------------------------
Timestamp: 6/18/2023 6:10:57 PM

Message: APpoiintment not image base64 value, SKIP


----------------------------------------
----------------------------------------
Timestamp: 6/18/2023 6:10:58 PM

Message: contentType : Telerik.Sitefinity.DynamicTypes.Model.Form.Appointments action : Updated


----------------------------------------
----------------------------------------
Timestamp: 6/18/2023 6:10:58 PM

Message: contentType : Telerik.Sitefinity.DynamicTypes.Model.Form.Appointments action : Updated


----------------------------------------
----------------------------------------
Timestamp: 6/18/2023 6:10:58 PM

Message: contentType : Telerik.Sitefinity.DynamicTypes.Model.Form.Appointments action : New


----------------------------------------
----------------------------------------
Timestamp: 6/18/2023 6:10:58 PM

Message: contentType : Telerik.Sitefinity.DynamicTypes.Model.Form.Appointments action : Updated


----------------------------------------
----------------------------------------
Timestamp: 6/18/2023 6:11:02 PM

Message: contentType : Telerik.Sitefinity.DynamicTypes.Model.Form.Appointments action : Updated


----------------------------------------
----------------------------------------
Timestamp: 6/18/2023 6:11:02 PM

Message: contentType : Telerik.Sitefinity.DynamicTypes.Model.Form.Appointments action : New


----------------------------------------
----------------------------------------
Timestamp: 6/18/2023 6:11:02 PM

Message: APpoiintment not image base64 value, SKIP


----------------------------------------
----------------------------------------
Timestamp: 6/18/2023 10:41:05 PM

Message: contentType : Telerik.Sitefinity.DynamicTypes.Model.Form.Appointments action : New


----------------------------------------
----------------------------------------
Timestamp: 6/18/2023 10:41:05 PM

Message: contentType : Telerik.Sitefinity.DynamicTypes.Model.Form.Appointments action : New


----------------------------------------
----------------------------------------
Timestamp: 6/18/2023 10:41:05 PM

Message: contentType : Telerik.Sitefinity.DynamicTypes.Model.Form.Appointments action : New


----------------------------------------
----------------------------------------
Timestamp: 6/18/2023 10:41:05 PM

Message: APpoiintment not image base64 value, SKIP


----------------------------------------
----------------------------------------
Timestamp: 6/18/2023 10:41:05 PM

Message: contentType : Telerik.Sitefinity.DynamicTypes.Model.Form.Appointments action : New


----------------------------------------
----------------------------------------
Timestamp: 6/18/2023 10:41:05 PM

Message: APpoiintment not image base64 value, SKIP


----------------------------------------
----------------------------------------
Timestamp: 6/18/2023 10:41:06 PM

Message: contentType : Telerik.Sitefinity.DynamicTypes.Model.Form.Appointments action : Updated


----------------------------------------
----------------------------------------
Timestamp: 6/18/2023 10:41:06 PM

Message: contentType : Telerik.Sitefinity.DynamicTypes.Model.Form.Appointments action : Updated


----------------------------------------
----------------------------------------
Timestamp: 6/18/2023 10:41:06 PM

Message: contentType : Telerik.Sitefinity.DynamicTypes.Model.Form.Appointments action : New


----------------------------------------
----------------------------------------
Timestamp: 6/18/2023 10:41:06 PM

Message: contentType : Telerik.Sitefinity.DynamicTypes.Model.Form.Appointments action : Updated


----------------------------------------
----------------------------------------
Timestamp: 6/18/2023 10:41:10 PM

Message: contentType : Telerik.Sitefinity.DynamicTypes.Model.Form.Appointments action : Updated


----------------------------------------
----------------------------------------
Timestamp: 6/18/2023 10:41:10 PM

Message: contentType : Telerik.Sitefinity.DynamicTypes.Model.Form.Appointments action : New


----------------------------------------
----------------------------------------
Timestamp: 6/18/2023 10:41:10 PM

Message: APpoiintment not image base64 value, SKIP


----------------------------------------
----------------------------------------
Timestamp: 6/19/2023 12:00:00 AM

Message: Scheduler: Task executed: 'Telerik.Sitefinity.ExternalNotifications.ExternalNotificationsRetrieverTask'. Start time: 6/19/2023 12:00:00 AM. End time: 6/19/2023 12:00:00 AM. Task data: '{}'


----------------------------------------
----------------------------------------
Timestamp: 6/19/2023 12:00:05 AM

Message: Scheduler: Task executed: 'Telerik.Sitefinity.Authentication.Data.TransientDataCleanupTask'. Start time: 6/19/2023 12:00:05 AM. End time: 6/19/2023 12:00:05 AM. Task data: ''


----------------------------------------
----------------------------------------
Timestamp: 6/19/2023 12:00:05 AM

Message: Scheduler: Task executed: 'Telerik.Sitefinity.Translations.Synchronization.TranslationSyncTask'. Start time: 6/19/2023 12:00:05 AM. End time: 6/19/2023 12:00:05 AM. Task data: ''


----------------------------------------
----------------------------------------
Timestamp: 6/19/2023 12:00:05 AM

Message: Scheduler: Task executed: 'Telerik.Sitefinity.Services.Notifications.Scheduling.NotificationsCleanupTask'. Start time: 6/19/2023 12:00:05 AM. End time: 6/19/2023 12:00:05 AM. Task data: ''


----------------------------------------
----------------------------------------
Timestamp: 6/19/2023 12:00:05 AM

Message: Scheduler: Task executed: 'Telerik.Sitefinity.ServiceHooks.Scheduling.ServiceHooksActivitiesCleanupTask'. Start time: 6/19/2023 12:00:05 AM. End time: 6/19/2023 12:00:05 AM. Task data: ''


----------------------------------------
----------------------------------------
Timestamp: 6/19/2023 12:00:13 AM

Message: Scheduler: Task executed: 'Telerik.Sitefinity.Translations.Synchronization.TranslationImportTask'. Start time: 6/19/2023 12:00:13 AM. End time: 6/19/2023 12:00:13 AM. Task data: ''


----------------------------------------
----------------------------------------
Timestamp: 6/19/2023 12:01:05 AM

Message: Scheduler: Task executed: 'Telerik.Sitefinity.ABTesting.Scheduling.ABTestsSyncTask'. Start time: 6/19/2023 12:01:05 AM. End time: 6/19/2023 12:01:05 AM. Task data: ''


----------------------------------------
----------------------------------------
Timestamp: 6/19/2023 1:00:05 AM

Message: Scheduler: Task executed: 'Telerik.Sitefinity.Versioning.Cleaner.VersioningCleanerTask'. Start time: 6/19/2023 1:00:05 AM. End time: 6/19/2023 1:00:05 AM. Task data: ''


----------------------------------------
----------------------------------------
Timestamp: 6/19/2023 1:47:31 AM

Message: contentType : Telerik.Sitefinity.Pages.Model.ControlPresentation action : Updated


----------------------------------------
----------------------------------------
Timestamp: 6/19/2023 1:55:00 AM

Message: contentType : Telerik.Sitefinity.Pages.Model.ControlPresentation action : Updated


----------------------------------------
----------------------------------------
Timestamp: 6/19/2023 1:55:56 AM

Message: contentType : Telerik.Sitefinity.Pages.Model.ControlPresentation action : Updated


----------------------------------------
----------------------------------------
Timestamp: 6/19/2023 1:56:34 AM

Message: contentType : Telerik.Sitefinity.Pages.Model.ControlPresentation action : Updated


----------------------------------------
----------------------------------------
Timestamp: 6/19/2023 1:56:49 AM

Message: contentType : Telerik.Sitefinity.Pages.Model.PageTemplate action : Updated


----------------------------------------
----------------------------------------
Timestamp: 6/19/2023 1:57:34 AM

Message: contentType : Telerik.Sitefinity.Pages.Model.PageTemplate action : Updated


----------------------------------------
----------------------------------------
Timestamp: 6/19/2023 1:57:35 AM

Message: contentType : Telerik.Sitefinity.Pages.Model.PageTemplate action : Updated


----------------------------------------
----------------------------------------
Timestamp: 6/19/2023 1:57:44 AM

Message: contentType : Telerik.Sitefinity.Pages.Model.PageTemplate action : Updated


----------------------------------------
----------------------------------------
Timestamp: 6/19/2023 1:58:27 AM

Message: contentType : Telerik.Sitefinity.Pages.Model.PageTemplate action : Updated


----------------------------------------
----------------------------------------
Timestamp: 6/19/2023 1:58:27 AM

Message: contentType : Telerik.Sitefinity.Pages.Model.PageTemplate action : Updated


----------------------------------------
----------------------------------------
Timestamp: 6/19/2023 1:58:35 AM

Message: contentType : Telerik.Sitefinity.Pages.Model.PageTemplate action : Updated


----------------------------------------
----------------------------------------
Timestamp: 6/19/2023 1:59:01 AM

Message: contentType : Telerik.Sitefinity.Pages.Model.PageTemplate action : Updated


----------------------------------------
----------------------------------------
Timestamp: 6/19/2023 1:59:11 AM

Message: contentType : Telerik.Sitefinity.Pages.Model.PageTemplate action : Updated


----------------------------------------
----------------------------------------
Timestamp: 6/19/2023 1:59:43 AM

Message: contentType : Telerik.Sitefinity.Pages.Model.PageTemplate action : Updated


----------------------------------------
----------------------------------------
Timestamp: 6/19/2023 2:01:28 AM

Message: contentType : Telerik.Sitefinity.Pages.Model.ControlPresentation action : Updated


----------------------------------------
----------------------------------------
Timestamp: 6/19/2023 2:03:41 AM

Message: contentType : Telerik.Sitefinity.Pages.Model.PageTemplate action : Updated


----------------------------------------
----------------------------------------
Timestamp: 6/19/2023 2:04:33 AM

Message: contentType : Telerik.Sitefinity.Pages.Model.PageTemplate action : Updated


----------------------------------------
----------------------------------------
Timestamp: 6/19/2023 2:04:40 AM

Message: contentType : Telerik.Sitefinity.Pages.Model.PageTemplate action : Updated


----------------------------------------
----------------------------------------
Timestamp: 6/19/2023 2:04:53 AM

Message: contentType : Telerik.Sitefinity.Pages.Model.PageTemplate action : Updated


----------------------------------------
----------------------------------------
Timestamp: 6/19/2023 2:05:00 AM

Message: contentType : Telerik.Sitefinity.Pages.Model.PageTemplate action : Updated


----------------------------------------
----------------------------------------
Timestamp: 6/19/2023 2:05:11 AM

Message: contentType : Telerik.Sitefinity.Pages.Model.PageTemplate action : Updated


----------------------------------------
----------------------------------------
Timestamp: 6/19/2023 2:08:13 AM

Message: contentType : Telerik.Sitefinity.Pages.Model.PageTemplate action : Updated


----------------------------------------
----------------------------------------
Timestamp: 6/19/2023 2:08:47 AM

Message: contentType : Telerik.Sitefinity.Pages.Model.PageTemplate action : Updated


----------------------------------------
----------------------------------------
Timestamp: 6/19/2023 2:12:28 AM

Message: contentType : Telerik.Sitefinity.DynamicTypes.Model.Hospitals.hospital action : Updated


----------------------------------------
----------------------------------------
Timestamp: 6/19/2023 2:12:28 AM

Message: contentType : Telerik.Sitefinity.DynamicTypes.Model.Hospitals.hospital action : Updated


----------------------------------------
----------------------------------------
Timestamp: 6/19/2023 2:12:35 AM

Message: contentType : Telerik.Sitefinity.Libraries.Model.Image action : New


----------------------------------------
----------------------------------------
Timestamp: 6/19/2023 2:12:35 AM

Message: contentType : Telerik.Sitefinity.Libraries.Model.Image action : New


----------------------------------------
----------------------------------------
Timestamp: 6/19/2023 2:12:35 AM

Message: contentType : Telerik.Sitefinity.Libraries.Model.Image action : Updated


----------------------------------------
----------------------------------------
Timestamp: 6/19/2023 2:12:36 AM

Message: contentType : Telerik.Sitefinity.Libraries.Model.Image action : Updated


----------------------------------------
----------------------------------------
Timestamp: 6/19/2023 2:12:36 AM

Message: contentType : Telerik.Sitefinity.Libraries.Model.Image action : Updated


----------------------------------------
----------------------------------------
Timestamp: 6/19/2023 2:12:36 AM

Message: contentType : Telerik.Sitefinity.Libraries.Model.Image action : Updated


----------------------------------------
----------------------------------------
Timestamp: 6/19/2023 2:12:36 AM

Message: contentType : Telerik.Sitefinity.Libraries.Model.Image action : Updated


----------------------------------------
----------------------------------------
Timestamp: 6/19/2023 2:12:36 AM

Message: contentType : Telerik.Sitefinity.Libraries.Model.Image action : New


----------------------------------------
----------------------------------------
Timestamp: 6/19/2023 2:12:37 AM

Message: contentType : Telerik.Sitefinity.DynamicTypes.Model.Hospitals.hospital action : Updated


----------------------------------------
----------------------------------------
Timestamp: 6/19/2023 2:12:37 AM

Message: contentType : Telerik.Sitefinity.DynamicTypes.Model.Hospitals.hospital action : Updated


----------------------------------------
----------------------------------------
Timestamp: 6/19/2023 2:12:37 AM

Message: contentType : Telerik.Sitefinity.DynamicTypes.Model.Hospitals.hospital action : Updated


----------------------------------------
----------------------------------------
Timestamp: 6/19/2023 2:12:37 AM

Message: contentType : Telerik.Sitefinity.DynamicTypes.Model.Hospitals.hospital action : Updated


----------------------------------------
----------------------------------------
Timestamp: 6/19/2023 2:12:37 AM

Message: contentType : Telerik.Sitefinity.DynamicTypes.Model.Hospitals.hospital action : Updated


----------------------------------------
----------------------------------------
Timestamp: 6/19/2023 2:12:37 AM

Message: contentType : Telerik.Sitefinity.DynamicTypes.Model.Hospitals.hospital action : Updated


----------------------------------------
----------------------------------------
Timestamp: 6/19/2023 3:37:37 AM

Message: contentType : Telerik.Sitefinity.DynamicTypes.Model.Hospitals.Doctors action : Updated


----------------------------------------
----------------------------------------
Timestamp: 6/19/2023 3:37:37 AM

Message: contentType : Telerik.Sitefinity.DynamicTypes.Model.Hospitals.Doctors action : Updated


----------------------------------------
----------------------------------------
Timestamp: 6/19/2023 3:37:37 AM

Message: contentType : Telerik.Sitefinity.DynamicTypes.Model.Hospitals.Doctors action : Updated


----------------------------------------
----------------------------------------
Timestamp: 6/19/2023 3:37:38 AM

Message: contentType : Telerik.Sitefinity.DynamicTypes.Model.Hospitals.Doctors action : Updated


----------------------------------------
----------------------------------------
Timestamp: 19/06/2023 03.37.50

Message: contentType : Telerik.Sitefinity.DynamicTypes.Model.Hospitals.Doctors action : New


----------------------------------------
----------------------------------------
Timestamp: 19/06/2023 03.37.50

Message: contentType : Telerik.Sitefinity.DynamicTypes.Model.Hospitals.Doctors action : New


----------------------------------------
----------------------------------------
Timestamp: 19/06/2023 03.37.52

Message: contentType : Telerik.Sitefinity.DynamicTypes.Model.Hospitals.Doctors action : Updated


----------------------------------------
----------------------------------------
Timestamp: 19/06/2023 03.37.52

Message: contentType : Telerik.Sitefinity.DynamicTypes.Model.Hospitals.Doctors action : Updated


----------------------------------------
----------------------------------------
Timestamp: 19/06/2023 03.37.52

Message: contentType : Telerik.Sitefinity.DynamicTypes.Model.Hospitals.Doctors action : Updated


----------------------------------------
----------------------------------------
Timestamp: 6/19/2023 3:37:52 AM

Message: contentType : Telerik.Sitefinity.DynamicTypes.Model.Hospitals.Doctors action : Updated


----------------------------------------
----------------------------------------
Timestamp: 19/06/2023 03.37.52

Message: contentType : Telerik.Sitefinity.DynamicTypes.Model.Hospitals.Doctors action : Updated


----------------------------------------
----------------------------------------
Timestamp: 19/06/2023 03.37.52

Message: contentType : Telerik.Sitefinity.DynamicTypes.Model.Hospitals.Doctors action : Updated


----------------------------------------
----------------------------------------
Timestamp: 19/06/2023 03.37.57

Message: contentType : Telerik.Sitefinity.DynamicTypes.Model.Hospitals.Doctors action : Updated


----------------------------------------
----------------------------------------
Timestamp: 19/06/2023 03.37.57

Message: contentType : Telerik.Sitefinity.DynamicTypes.Model.Hospitals.Doctors action : Updated


----------------------------------------
----------------------------------------
Timestamp: 19/06/2023 03.37.57

Message: contentType : Telerik.Sitefinity.DynamicTypes.Model.Hospitals.Doctors action : Updated


----------------------------------------
----------------------------------------
Timestamp: 6/19/2023 3:37:57 AM

Message: contentType : Telerik.Sitefinity.DynamicTypes.Model.Hospitals.Doctors action : Updated


----------------------------------------
----------------------------------------
Timestamp: 19/06/2023 03.38.03

Message: contentType : Telerik.Sitefinity.DynamicTypes.Model.Hospitals.Doctors action : Updated


----------------------------------------
----------------------------------------
Timestamp: 19/06/2023 03.38.03

Message: contentType : Telerik.Sitefinity.DynamicTypes.Model.Hospitals.Doctors action : Updated


----------------------------------------
----------------------------------------
Timestamp: 19/06/2023 03.38.03

Message: contentType : Telerik.Sitefinity.DynamicTypes.Model.Hospitals.Doctors action : Updated


----------------------------------------
----------------------------------------
Timestamp: 6/19/2023 3:38:03 AM

Message: contentType : Telerik.Sitefinity.DynamicTypes.Model.Hospitals.Doctors action : Updated


----------------------------------------
----------------------------------------
Timestamp: 19/06/2023 03.40.30

Message: contentType : Telerik.Sitefinity.DynamicTypes.Model.Doctors.Ihhdoctor action : Updated


----------------------------------------
----------------------------------------
Timestamp: 19/06/2023 03.40.30

Message: contentType : Telerik.Sitefinity.DynamicTypes.Model.Doctors.Ihhdoctor action : Updated


----------------------------------------
----------------------------------------
Timestamp: 19/06/2023 03.40.30

Message: contentType : Telerik.Sitefinity.DynamicTypes.Model.Doctors.Ihhdoctor action : Updated


----------------------------------------
----------------------------------------
Timestamp: 19/06/2023 03.40.30

Message: Update Meta Setting


----------------------------------------
----------------------------------------
Timestamp: 19/06/2023 03.40.30

Message: Update Meta Setting


----------------------------------------
----------------------------------------
Timestamp: 6/19/2023 3:40:30 AM

Message: contentType : Telerik.Sitefinity.DynamicTypes.Model.Doctors.Ihhdoctor action : Updated


----------------------------------------
----------------------------------------
Timestamp: 6/19/2023 3:40:30 AM

Message: Update Meta Setting


----------------------------------------
----------------------------------------
Timestamp: 6/19/2023 3:40:30 AM

Message: Update Meta Setting


----------------------------------------
----------------------------------------
Timestamp: 6/19/2023 3:40:43 AM

Message: contentType : Telerik.Sitefinity.DynamicTypes.Model.Doctors.Ihhdoctor action : Updated


----------------------------------------
----------------------------------------
Timestamp: 6/19/2023 3:40:43 AM

Message: contentType : Telerik.Sitefinity.DynamicTypes.Model.Doctors.Ihhdoctor action : Updated


----------------------------------------
----------------------------------------
Timestamp: 6/19/2023 3:40:43 AM

Message: contentType : Telerik.Sitefinity.DynamicTypes.Model.Doctors.Ihhdoctor action : Updated


----------------------------------------
----------------------------------------
Timestamp: 6/19/2023 3:40:43 AM

Message: Update Meta Setting


----------------------------------------
----------------------------------------
Timestamp: 6/19/2023 3:40:43 AM

Message: Update Meta Setting


----------------------------------------
----------------------------------------
Timestamp: 6/19/2023 3:40:43 AM

Message: contentType : Telerik.Sitefinity.DynamicTypes.Model.Doctors.Ihhdoctor action : Updated


----------------------------------------
----------------------------------------
Timestamp: 6/19/2023 3:40:43 AM

Message: Update Meta Setting


----------------------------------------
----------------------------------------
Timestamp: 6/19/2023 3:40:43 AM

Message: Update Meta Setting


----------------------------------------
----------------------------------------
Timestamp: 6/19/2023 3:40:43 AM

Message: contentType : Telerik.Sitefinity.DynamicTypes.Model.Doctors.Ihhdoctor action : Updated


----------------------------------------
----------------------------------------
Timestamp: 6/19/2023 3:40:43 AM

Message: contentType : Telerik.Sitefinity.DynamicTypes.Model.Doctors.Ihhdoctor action : Updated


----------------------------------------
----------------------------------------
Timestamp: 6/19/2023 3:40:43 AM

Message: Update Meta Setting


----------------------------------------
----------------------------------------
Timestamp: 6/19/2023 3:40:43 AM

Message: Update Meta Setting


----------------------------------------
----------------------------------------
Timestamp: 6/19/2023 3:54:29 AM

Message: contentType : Telerik.Sitefinity.Pages.Model.PageTemplate action : Updated


----------------------------------------
----------------------------------------
Timestamp: 6/19/2023 3:54:42 AM

Message: contentType : Telerik.Sitefinity.Pages.Model.PageTemplate action : Updated


----------------------------------------
----------------------------------------
Timestamp: 6/19/2023 4:36:03 AM

Message: contentType : Telerik.Sitefinity.DynamicTypes.Model.Form.Appointments action : New


----------------------------------------
----------------------------------------
Timestamp: 6/19/2023 4:36:03 AM

Message: contentType : Telerik.Sitefinity.DynamicTypes.Model.Form.Appointments action : New


----------------------------------------
----------------------------------------
Timestamp: 6/19/2023 4:36:03 AM

Message: contentType : Telerik.Sitefinity.DynamicTypes.Model.Form.Appointments action : New


----------------------------------------
----------------------------------------
Timestamp: 6/19/2023 4:36:03 AM

Message: APpoiintment not image base64 value, SKIP


----------------------------------------
----------------------------------------
Timestamp: 6/19/2023 4:36:03 AM

Message: contentType : Telerik.Sitefinity.DynamicTypes.Model.Form.Appointments action : New


----------------------------------------
----------------------------------------
Timestamp: 6/19/2023 4:36:04 AM

Message: APpoiintment not image base64 value, SKIP


----------------------------------------
----------------------------------------
Timestamp: 6/19/2023 4:36:04 AM

Message: contentType : Telerik.Sitefinity.DynamicTypes.Model.Form.Appointments action : Updated


----------------------------------------
----------------------------------------
Timestamp: 6/19/2023 4:36:04 AM

Message: contentType : Telerik.Sitefinity.DynamicTypes.Model.Form.Appointments action : Updated


----------------------------------------
----------------------------------------
Timestamp: 6/19/2023 4:36:04 AM

Message: contentType : Telerik.Sitefinity.DynamicTypes.Model.Form.Appointments action : New


----------------------------------------
----------------------------------------
Timestamp: 6/19/2023 4:36:04 AM

Message: contentType : Telerik.Sitefinity.DynamicTypes.Model.Form.Appointments action : Updated


----------------------------------------
----------------------------------------
Timestamp: 6/19/2023 4:36:07 AM

Message: contentType : Telerik.Sitefinity.DynamicTypes.Model.Form.Appointments action : Updated


----------------------------------------
----------------------------------------
Timestamp: 6/19/2023 4:36:07 AM

Message: contentType : Telerik.Sitefinity.DynamicTypes.Model.Form.Appointments action : New


----------------------------------------
----------------------------------------
Timestamp: 6/19/2023 4:36:07 AM

Message: APpoiintment not image base64 value, SKIP


----------------------------------------
----------------------------------------
Timestamp: 6/19/2023 4:37:11 AM

Message: contentType : Telerik.Sitefinity.Pages.Model.PageTemplate action : Updated


----------------------------------------
----------------------------------------
Timestamp: 6/19/2023 4:37:24 AM

Message: contentType : Telerik.Sitefinity.Pages.Model.PageTemplate action : Updated


----------------------------------------
----------------------------------------
Timestamp: 6/19/2023 4:47:02 AM

Message: contentType : Telerik.Sitefinity.DynamicTypes.Model.Form.Appointments action : New


----------------------------------------
----------------------------------------
Timestamp: 6/19/2023 4:47:02 AM

Message: contentType : Telerik.Sitefinity.DynamicTypes.Model.Form.Appointments action : New


----------------------------------------
----------------------------------------
Timestamp: 6/19/2023 4:47:02 AM

Message: contentType : Telerik.Sitefinity.DynamicTypes.Model.Form.Appointments action : New


----------------------------------------
----------------------------------------
Timestamp: 6/19/2023 4:47:02 AM

Message: APpoiintment not image base64 value, SKIP


----------------------------------------
----------------------------------------
Timestamp: 6/19/2023 4:47:02 AM

Message: contentType : Telerik.Sitefinity.DynamicTypes.Model.Form.Appointments action : New


----------------------------------------
----------------------------------------
Timestamp: 6/19/2023 4:47:02 AM

Message: APpoiintment not image base64 value, SKIP


----------------------------------------
----------------------------------------
Timestamp: 6/19/2023 4:47:02 AM

Message: contentType : Telerik.Sitefinity.DynamicTypes.Model.Form.Appointments action : Updated


----------------------------------------
----------------------------------------
Timestamp: 6/19/2023 4:47:02 AM

Message: contentType : Telerik.Sitefinity.DynamicTypes.Model.Form.Appointments action : Updated


----------------------------------------
----------------------------------------
Timestamp: 6/19/2023 4:47:02 AM

Message: contentType : Telerik.Sitefinity.DynamicTypes.Model.Form.Appointments action : New


----------------------------------------
----------------------------------------
Timestamp: 6/19/2023 4:47:02 AM

Message: contentType : Telerik.Sitefinity.DynamicTypes.Model.Form.Appointments action : Updated


----------------------------------------
----------------------------------------
Timestamp: 6/19/2023 4:47:06 AM

Message: contentType : Telerik.Sitefinity.DynamicTypes.Model.Form.Appointments action : Updated


----------------------------------------
----------------------------------------
Timestamp: 6/19/2023 4:47:06 AM

Message: contentType : Telerik.Sitefinity.DynamicTypes.Model.Form.Appointments action : New


----------------------------------------
----------------------------------------
Timestamp: 6/19/2023 4:47:06 AM

Message: APpoiintment not image base64 value, SKIP


----------------------------------------
----------------------------------------
Timestamp: 6/19/2023 4:56:47 AM

Message: contentType : Telerik.Sitefinity.Pages.Model.ControlPresentation action : Updated


----------------------------------------
----------------------------------------
Timestamp: 6/19/2023 4:58:04 AM

Message: contentType : Telerik.Sitefinity.Pages.Model.PageTemplate action : Updated


----------------------------------------
----------------------------------------
Timestamp: 6/19/2023 4:58:26 AM

Message: contentType : Telerik.Sitefinity.Pages.Model.PageTemplate action : Updated


----------------------------------------
----------------------------------------
Timestamp: 6/19/2023 5:01:09 AM

Message: contentType : Telerik.Sitefinity.DynamicTypes.Model.Form.Appointments action : New


----------------------------------------
----------------------------------------
Timestamp: 6/19/2023 5:01:09 AM

Message: contentType : Telerik.Sitefinity.DynamicTypes.Model.Form.Appointments action : New


----------------------------------------
----------------------------------------
Timestamp: 6/19/2023 5:01:10 AM

Message: contentType : Telerik.Sitefinity.DynamicTypes.Model.Form.Appointments action : New


----------------------------------------
----------------------------------------
Timestamp: 6/19/2023 5:01:10 AM

Message: APpoiintment not image base64 value, SKIP


----------------------------------------
----------------------------------------
Timestamp: 6/19/2023 5:01:10 AM

Message: contentType : Telerik.Sitefinity.DynamicTypes.Model.Form.Appointments action : New


----------------------------------------
----------------------------------------
Timestamp: 6/19/2023 5:01:10 AM

Message: APpoiintment not image base64 value, SKIP


----------------------------------------
----------------------------------------
Timestamp: 6/19/2023 5:01:11 AM

Message: contentType : Telerik.Sitefinity.DynamicTypes.Model.Form.Appointments action : Updated


----------------------------------------
----------------------------------------
Timestamp: 6/19/2023 5:01:11 AM

Message: contentType : Telerik.Sitefinity.DynamicTypes.Model.Form.Appointments action : Updated


----------------------------------------
----------------------------------------
Timestamp: 6/19/2023 5:01:11 AM

Message: contentType : Telerik.Sitefinity.DynamicTypes.Model.Form.Appointments action : New


----------------------------------------
----------------------------------------
Timestamp: 6/19/2023 5:01:11 AM

Message: contentType : Telerik.Sitefinity.DynamicTypes.Model.Form.Appointments action : Updated


----------------------------------------
----------------------------------------
Timestamp: 6/19/2023 5:01:17 AM

Message: contentType : Telerik.Sitefinity.DynamicTypes.Model.Form.Appointments action : Updated


----------------------------------------
----------------------------------------
Timestamp: 6/19/2023 5:01:17 AM

Message: contentType : Telerik.Sitefinity.DynamicTypes.Model.Form.Appointments action : New


----------------------------------------
----------------------------------------
Timestamp: 6/19/2023 5:01:17 AM

Message: APpoiintment not image base64 value, SKIP


----------------------------------------
----------------------------------------
Timestamp: 6/19/2023 5:02:19 AM

Message: contentType : Telerik.Sitefinity.DynamicTypes.Model.Form.Appointments action : Deleted


----------------------------------------
----------------------------------------
Timestamp: 6/19/2023 5:02:19 AM

Message: contentType : Telerik.Sitefinity.DynamicTypes.Model.Form.Appointments action : Deleted


----------------------------------------
----------------------------------------
Timestamp: 6/19/2023 5:02:19 AM

Message: contentType : Telerik.Sitefinity.DynamicTypes.Model.Form.Appointments action : Deleted


----------------------------------------
----------------------------------------
Timestamp: 6/19/2023 5:02:19 AM

Message: contentType : Telerik.Sitefinity.DynamicTypes.Model.Form.Appointments action : Deleted


----------------------------------------
----------------------------------------
Timestamp: 6/19/2023 5:02:19 AM

Message: contentType : Telerik.Sitefinity.DynamicTypes.Model.Form.Appointments action : Deleted


----------------------------------------
----------------------------------------
Timestamp: 6/19/2023 5:02:20 AM

Message: contentType : Telerik.Sitefinity.DynamicTypes.Model.Form.Appointments action : Deleted


----------------------------------------
----------------------------------------
Timestamp: 6/19/2023 5:04:10 AM

Message: contentType : Telerik.Sitefinity.DynamicTypes.Model.Form.Appointments action : New


----------------------------------------
----------------------------------------
Timestamp: 6/19/2023 5:04:10 AM

Message: contentType : Telerik.Sitefinity.DynamicTypes.Model.Form.Appointments action : New


----------------------------------------
----------------------------------------
Timestamp: 6/19/2023 5:04:10 AM

Message: contentType : Telerik.Sitefinity.DynamicTypes.Model.Form.Appointments action : New


----------------------------------------
----------------------------------------
Timestamp: 6/19/2023 5:04:10 AM

Message: APpoiintment not image base64 value, SKIP


----------------------------------------
----------------------------------------
Timestamp: 6/19/2023 5:04:10 AM

Message: contentType : Telerik.Sitefinity.DynamicTypes.Model.Form.Appointments action : New


----------------------------------------
----------------------------------------
Timestamp: 6/19/2023 5:04:10 AM

Message: APpoiintment not image base64 value, SKIP


----------------------------------------
----------------------------------------
Timestamp: 6/19/2023 5:04:10 AM

Message: contentType : Telerik.Sitefinity.DynamicTypes.Model.Form.Appointments action : Updated


----------------------------------------
----------------------------------------
Timestamp: 6/19/2023 5:04:10 AM

Message: contentType : Telerik.Sitefinity.DynamicTypes.Model.Form.Appointments action : Updated


----------------------------------------
----------------------------------------
Timestamp: 6/19/2023 5:04:10 AM

Message: contentType : Telerik.Sitefinity.DynamicTypes.Model.Form.Appointments action : New


----------------------------------------
----------------------------------------
Timestamp: 6/19/2023 5:04:11 AM

Message: contentType : Telerik.Sitefinity.DynamicTypes.Model.Form.Appointments action : Updated


----------------------------------------
----------------------------------------
Timestamp: 6/19/2023 5:04:17 AM

Message: contentType : Telerik.Sitefinity.DynamicTypes.Model.Form.Appointments action : Updated


----------------------------------------
----------------------------------------
Timestamp: 6/19/2023 5:04:17 AM

Message: contentType : Telerik.Sitefinity.DynamicTypes.Model.Form.Appointments action : New


----------------------------------------
----------------------------------------
Timestamp: 6/19/2023 5:04:17 AM

Message: APpoiintment not image base64 value, SKIP


----------------------------------------
----------------------------------------
Timestamp: 6/19/2023 5:05:12 AM

Message: contentType : Telerik.Sitefinity.DynamicTypes.Model.Form.Appointments action : Deleted


----------------------------------------
----------------------------------------
Timestamp: 6/19/2023 5:05:12 AM

Message: contentType : Telerik.Sitefinity.DynamicTypes.Model.Form.Appointments action : Deleted


----------------------------------------
----------------------------------------
Timestamp: 6/19/2023 5:05:12 AM

Message: contentType : Telerik.Sitefinity.DynamicTypes.Model.Form.Appointments action : Deleted


----------------------------------------
----------------------------------------
Timestamp: 6/19/2023 5:05:12 AM

Message: contentType : Telerik.Sitefinity.DynamicTypes.Model.Form.Appointments action : Deleted


----------------------------------------
----------------------------------------
Timestamp: 6/19/2023 5:05:12 AM

Message: contentType : Telerik.Sitefinity.DynamicTypes.Model.Form.Appointments action : Deleted


----------------------------------------
----------------------------------------
Timestamp: 6/19/2023 5:05:12 AM

Message: contentType : Telerik.Sitefinity.DynamicTypes.Model.Form.Appointments action : Deleted


----------------------------------------
----------------------------------------
Timestamp: 6/19/2023 6:01:02 AM

Message: Scheduler: Task executed: 'Telerik.Sitefinity.ABTesting.Scheduling.ABTestsSyncTask'. Start time: 6/19/2023 6:01:02 AM. End time: 6/19/2023 6:01:02 AM. Task data: ''


----------------------------------------
----------------------------------------
Timestamp: 6/19/2023 6:58:28 AM

Message: contentType : Telerik.Sitefinity.DynamicTypes.Model.Form.Appointments action : New


----------------------------------------
----------------------------------------
Timestamp: 6/19/2023 6:58:28 AM

Message: contentType : Telerik.Sitefinity.DynamicTypes.Model.Form.Appointments action : New


----------------------------------------
----------------------------------------
Timestamp: 6/19/2023 6:58:28 AM

Message: contentType : Telerik.Sitefinity.DynamicTypes.Model.Form.Appointments action : New


----------------------------------------
----------------------------------------
Timestamp: 6/19/2023 6:58:28 AM

Message: APpoiintment not image base64 value, SKIP


----------------------------------------
----------------------------------------
Timestamp: 6/19/2023 6:58:28 AM

Message: contentType : Telerik.Sitefinity.DynamicTypes.Model.Form.Appointments action : New


----------------------------------------
----------------------------------------
Timestamp: 6/19/2023 6:58:28 AM

Message: APpoiintment not image base64 value, SKIP


----------------------------------------
----------------------------------------
Timestamp: 6/19/2023 6:58:29 AM

Message: contentType : Telerik.Sitefinity.DynamicTypes.Model.Form.Appointments action : Updated


----------------------------------------
----------------------------------------
Timestamp: 6/19/2023 6:58:29 AM

Message: contentType : Telerik.Sitefinity.DynamicTypes.Model.Form.Appointments action : Updated


----------------------------------------
----------------------------------------
Timestamp: 6/19/2023 6:58:29 AM

Message: contentType : Telerik.Sitefinity.DynamicTypes.Model.Form.Appointments action : New


----------------------------------------
----------------------------------------
Timestamp: 6/19/2023 6:58:29 AM

Message: contentType : Telerik.Sitefinity.DynamicTypes.Model.Form.Appointments action : Updated


----------------------------------------
----------------------------------------
Timestamp: 6/19/2023 6:58:35 AM

Message: contentType : Telerik.Sitefinity.DynamicTypes.Model.Form.Appointments action : Updated


----------------------------------------
----------------------------------------
Timestamp: 6/19/2023 6:58:36 AM

Message: contentType : Telerik.Sitefinity.DynamicTypes.Model.Form.Appointments action : New


----------------------------------------
----------------------------------------
Timestamp: 6/19/2023 6:58:36 AM

Message: APpoiintment not image base64 value, SKIP


----------------------------------------
