----------------------------------------
Timestamp: 6/6/2023 6:01:02 PM

Message: Scheduler: Task executed: 'Telerik.Sitefinity.ABTesting.Scheduling.ABTestsSyncTask'. Start time: 6/6/2023 6:01:02 PM. End time: 6/6/2023 6:01:02 PM. Task data: ''


----------------------------------------
----------------------------------------
Timestamp: 07/06/2023 01.58.16

Message: contentType : Telerik.Sitefinity.Pages.Model.PageNode action : Updated


----------------------------------------
----------------------------------------
Timestamp: 07/06/2023 01.58.16

Message: Page url id updated


----------------------------------------
----------------------------------------
Timestamp: 6/7/2023 3:07:50 AM

Message: contentType : Telerik.Sitefinity.DynamicTypes.Model.Form.Appointments action : New


----------------------------------------
----------------------------------------
Timestamp: 6/7/2023 3:07:50 AM

Message: contentType : Telerik.Sitefinity.DynamicTypes.Model.Form.Appointments action : New


----------------------------------------
----------------------------------------
Timestamp: 6/7/2023 3:07:50 AM

Message: contentType : Telerik.Sitefinity.DynamicTypes.Model.Form.Appointments action : New


----------------------------------------
----------------------------------------
Timestamp: 6/7/2023 3:07:50 AM

Message: APpoiintment not image base64 value, SKIP


----------------------------------------
----------------------------------------
Timestamp: 6/7/2023 3:07:50 AM

Message: contentType : Telerik.Sitefinity.DynamicTypes.Model.Form.Appointments action : New


----------------------------------------
----------------------------------------
Timestamp: 6/7/2023 3:07:50 AM

Message: APpoiintment not image base64 value, SKIP


----------------------------------------
----------------------------------------
Timestamp: 6/7/2023 3:07:51 AM

Message: contentType : Telerik.Sitefinity.DynamicTypes.Model.Form.Appointments action : Updated


----------------------------------------
----------------------------------------
Timestamp: 6/7/2023 3:07:51 AM

Message: contentType : Telerik.Sitefinity.DynamicTypes.Model.Form.Appointments action : Updated


----------------------------------------
----------------------------------------
Timestamp: 6/7/2023 3:07:51 AM

Message: contentType : Telerik.Sitefinity.DynamicTypes.Model.Form.Appointments action : New


----------------------------------------
----------------------------------------
Timestamp: 6/7/2023 3:07:51 AM

Message: contentType : Telerik.Sitefinity.DynamicTypes.Model.Form.Appointments action : Updated


----------------------------------------
----------------------------------------
Timestamp: 6/7/2023 3:07:58 AM

Message: contentType : Telerik.Sitefinity.DynamicTypes.Model.Form.Appointments action : Updated


----------------------------------------
----------------------------------------
Timestamp: 6/7/2023 3:07:58 AM

Message: contentType : Telerik.Sitefinity.DynamicTypes.Model.Form.Appointments action : New


----------------------------------------
----------------------------------------
Timestamp: 6/7/2023 3:07:58 AM

Message: APpoiintment not image base64 value, SKIP


----------------------------------------
----------------------------------------
Timestamp: 6/7/2023 5:21:28 AM

Message: contentType : Telerik.Sitefinity.Pages.Model.PageNode action : Updated


----------------------------------------
----------------------------------------
Timestamp: 07/06/2023 05.21.28

Message: Page url id updated


----------------------------------------
----------------------------------------
Timestamp: 07/06/2023 05.22.15

Message: contentType : Telerik.Sitefinity.Pages.Model.PageNode action : Updated


----------------------------------------
----------------------------------------
Timestamp: 07/06/2023 05.22.15

Message: Page url id updated


----------------------------------------
----------------------------------------
Timestamp: 6/7/2023 5:43:35 AM

Message: contentType : Telerik.Sitefinity.DynamicTypes.Model.Form.Appointments action : New


----------------------------------------
----------------------------------------
Timestamp: 6/7/2023 5:43:35 AM

Message: contentType : Telerik.Sitefinity.DynamicTypes.Model.Form.Appointments action : New


----------------------------------------
----------------------------------------
Timestamp: 6/7/2023 5:43:35 AM

Message: contentType : Telerik.Sitefinity.DynamicTypes.Model.Form.Appointments action : New


----------------------------------------
----------------------------------------
Timestamp: 6/7/2023 5:43:35 AM

Message: APpoiintment not image base64 value, SKIP


----------------------------------------
----------------------------------------
Timestamp: 6/7/2023 5:43:35 AM

Message: contentType : Telerik.Sitefinity.DynamicTypes.Model.Form.Appointments action : New


----------------------------------------
----------------------------------------
Timestamp: 6/7/2023 5:43:35 AM

Message: APpoiintment not image base64 value, SKIP


----------------------------------------
----------------------------------------
Timestamp: 6/7/2023 5:43:35 AM

Message: contentType : Telerik.Sitefinity.DynamicTypes.Model.Form.Appointments action : Updated


----------------------------------------
----------------------------------------
Timestamp: 6/7/2023 5:43:35 AM

Message: contentType : Telerik.Sitefinity.DynamicTypes.Model.Form.Appointments action : Updated


----------------------------------------
----------------------------------------
Timestamp: 6/7/2023 5:43:35 AM

Message: contentType : Telerik.Sitefinity.DynamicTypes.Model.Form.Appointments action : New


----------------------------------------
----------------------------------------
Timestamp: 6/7/2023 5:43:36 AM

Message: contentType : Telerik.Sitefinity.DynamicTypes.Model.Form.Appointments action : Updated


----------------------------------------
----------------------------------------
Timestamp: 6/7/2023 5:43:41 AM

Message: contentType : Telerik.Sitefinity.DynamicTypes.Model.Form.Appointments action : Updated


----------------------------------------
----------------------------------------
Timestamp: 6/7/2023 5:43:41 AM

Message: contentType : Telerik.Sitefinity.DynamicTypes.Model.Form.Appointments action : New


----------------------------------------
----------------------------------------
Timestamp: 6/7/2023 5:43:41 AM

Message: APpoiintment not image base64 value, SKIP


----------------------------------------
----------------------------------------
Timestamp: 6/7/2023 6:04:18 AM

Message: contentType : Telerik.Sitefinity.Pages.Model.ControlPresentation action : Updated


----------------------------------------
----------------------------------------
Timestamp: 6/7/2023 6:12:13 AM

Message: contentType : Telerik.Sitefinity.DynamicTypes.Model.Form.Appointments action : New


----------------------------------------
----------------------------------------
Timestamp: 6/7/2023 6:12:13 AM

Message: contentType : Telerik.Sitefinity.DynamicTypes.Model.Form.Appointments action : New


----------------------------------------
----------------------------------------
Timestamp: 6/7/2023 6:12:13 AM

Message: contentType : Telerik.Sitefinity.DynamicTypes.Model.Form.Appointments action : New


----------------------------------------
----------------------------------------
Timestamp: 6/7/2023 6:12:13 AM

Message: APpoiintment not image base64 value, SKIP


----------------------------------------
----------------------------------------
Timestamp: 6/7/2023 6:12:13 AM

Message: contentType : Telerik.Sitefinity.DynamicTypes.Model.Form.Appointments action : New


----------------------------------------
----------------------------------------
Timestamp: 6/7/2023 6:12:13 AM

Message: APpoiintment not image base64 value, SKIP


----------------------------------------
----------------------------------------
Timestamp: 6/7/2023 6:12:13 AM

Message: contentType : Telerik.Sitefinity.DynamicTypes.Model.Form.Appointments action : Updated


----------------------------------------
----------------------------------------
Timestamp: 6/7/2023 6:12:13 AM

Message: contentType : Telerik.Sitefinity.DynamicTypes.Model.Form.Appointments action : Updated


----------------------------------------
----------------------------------------
Timestamp: 6/7/2023 6:12:13 AM

Message: contentType : Telerik.Sitefinity.DynamicTypes.Model.Form.Appointments action : New


----------------------------------------
----------------------------------------
Timestamp: 6/7/2023 6:12:13 AM

Message: contentType : Telerik.Sitefinity.DynamicTypes.Model.Form.Appointments action : Updated


----------------------------------------
----------------------------------------
Timestamp: 6/7/2023 6:12:18 AM

Message: contentType : Telerik.Sitefinity.DynamicTypes.Model.Form.Appointments action : Updated


----------------------------------------
----------------------------------------
Timestamp: 6/7/2023 6:12:18 AM

Message: contentType : Telerik.Sitefinity.DynamicTypes.Model.Form.Appointments action : New


----------------------------------------
----------------------------------------
Timestamp: 6/7/2023 6:12:18 AM

Message: APpoiintment not image base64 value, SKIP


----------------------------------------
----------------------------------------
Timestamp: 6/7/2023 7:34:15 AM

Message: contentType : Telerik.Sitefinity.Pages.Model.PageTemplate action : New


----------------------------------------
----------------------------------------
Timestamp: 6/7/2023 7:34:15 AM

Message: contentType : Telerik.Sitefinity.Pages.Model.PageTemplate action : Updated


----------------------------------------
----------------------------------------
Timestamp: 6/7/2023 7:34:15 AM

Message: contentType : Telerik.Sitefinity.Pages.Model.PageTemplate action : Updated


----------------------------------------
----------------------------------------
Timestamp: 6/7/2023 7:34:16 AM

Message: contentType : Telerik.Sitefinity.Pages.Model.PageTemplate action : Updated


----------------------------------------
----------------------------------------
Timestamp: 6/7/2023 7:34:49 AM

Message: contentType : Telerik.Sitefinity.Pages.Model.PageTemplate action : Updated


----------------------------------------
----------------------------------------
Timestamp: 6/7/2023 7:35:24 AM

Message: contentType : Telerik.Sitefinity.Pages.Model.PageTemplate action : Updated


----------------------------------------
----------------------------------------
Timestamp: 6/7/2023 7:36:19 AM

Message: contentType : Telerik.Sitefinity.Pages.Model.PageNode action : New


----------------------------------------
----------------------------------------
Timestamp: 6/7/2023 7:36:19 AM

Message: contentType : Telerik.Sitefinity.Pages.Model.PageNode action : New


----------------------------------------
----------------------------------------
Timestamp: 6/7/2023 7:36:19 AM

Message: contentType : Telerik.Sitefinity.Pages.Model.PageNode action : Updated


----------------------------------------
----------------------------------------
Timestamp: 6/7/2023 7:36:37 AM

Message: contentType : Telerik.Sitefinity.Pages.Model.PageNode action : Updated


----------------------------------------
----------------------------------------
Timestamp: 6/7/2023 7:36:37 AM

Message: contentType : Telerik.Sitefinity.Pages.Model.PageNode action : Updated


----------------------------------------
----------------------------------------
Timestamp: 6/7/2023 7:37:15 AM

Message: contentType : Telerik.Sitefinity.Pages.Model.PageNode action : New


----------------------------------------
----------------------------------------
Timestamp: 6/7/2023 7:37:15 AM

Message: contentType : Telerik.Sitefinity.Pages.Model.PageNode action : New


----------------------------------------
----------------------------------------
Timestamp: 6/7/2023 7:37:16 AM

Message: contentType : Telerik.Sitefinity.Pages.Model.PageNode action : Updated


----------------------------------------
----------------------------------------
Timestamp: 6/7/2023 7:37:26 AM

Message: contentType : Telerik.Sitefinity.Pages.Model.PageNode action : Updated


----------------------------------------
----------------------------------------
Timestamp: 6/7/2023 7:37:26 AM

Message: contentType : Telerik.Sitefinity.Pages.Model.PageNode action : Updated


----------------------------------------
----------------------------------------
Timestamp: 6/7/2023 7:37:56 AM

Message: contentType : Telerik.Sitefinity.Pages.Model.PageNode action : New


----------------------------------------
----------------------------------------
Timestamp: 6/7/2023 7:37:56 AM

Message: contentType : Telerik.Sitefinity.Pages.Model.PageNode action : New


----------------------------------------
----------------------------------------
Timestamp: 6/7/2023 7:37:56 AM

Message: contentType : Telerik.Sitefinity.Pages.Model.PageNode action : Updated


----------------------------------------
----------------------------------------
Timestamp: 6/7/2023 7:38:06 AM

Message: contentType : Telerik.Sitefinity.Pages.Model.PageNode action : Updated


----------------------------------------
----------------------------------------
Timestamp: 6/7/2023 7:38:06 AM

Message: contentType : Telerik.Sitefinity.Pages.Model.PageNode action : Updated


----------------------------------------
----------------------------------------
Timestamp: 6/7/2023 7:38:26 AM

Message: contentType : Telerik.Sitefinity.Pages.Model.PageTemplate action : Updated


----------------------------------------
----------------------------------------
Timestamp: 6/7/2023 7:38:27 AM

Message: contentType : Telerik.Sitefinity.Pages.Model.PageTemplate action : Updated


----------------------------------------
----------------------------------------
Timestamp: 6/7/2023 7:38:54 AM

Message: contentType : Telerik.Sitefinity.Pages.Model.PageNode action : New


----------------------------------------
----------------------------------------
Timestamp: 6/7/2023 7:38:54 AM

Message: contentType : Telerik.Sitefinity.Pages.Model.PageNode action : New


----------------------------------------
----------------------------------------
Timestamp: 6/7/2023 7:38:54 AM

Message: contentType : Telerik.Sitefinity.Pages.Model.PageNode action : Updated


----------------------------------------
----------------------------------------
Timestamp: 6/7/2023 7:39:05 AM

Message: contentType : Telerik.Sitefinity.Pages.Model.PageNode action : Updated


----------------------------------------
----------------------------------------
Timestamp: 6/7/2023 7:39:05 AM

Message: contentType : Telerik.Sitefinity.Pages.Model.PageNode action : Updated


----------------------------------------
----------------------------------------
Timestamp: 6/7/2023 7:39:38 AM

Message: contentType : Telerik.Sitefinity.Pages.Model.PageNode action : New


----------------------------------------
----------------------------------------
Timestamp: 6/7/2023 7:39:38 AM

Message: contentType : Telerik.Sitefinity.Pages.Model.PageNode action : New


----------------------------------------
----------------------------------------
Timestamp: 6/7/2023 7:39:38 AM

Message: contentType : Telerik.Sitefinity.Pages.Model.PageNode action : Updated


----------------------------------------
----------------------------------------
Timestamp: 6/7/2023 7:39:51 AM

Message: contentType : Telerik.Sitefinity.Pages.Model.PageNode action : Updated


----------------------------------------
----------------------------------------
Timestamp: 6/7/2023 7:39:51 AM

Message: contentType : Telerik.Sitefinity.Pages.Model.PageNode action : Updated


----------------------------------------
----------------------------------------
Timestamp: 6/7/2023 7:40:16 AM

Message: contentType : Telerik.Sitefinity.Pages.Model.PageNode action : New


----------------------------------------
----------------------------------------
Timestamp: 6/7/2023 7:40:16 AM

Message: contentType : Telerik.Sitefinity.Pages.Model.PageNode action : New


----------------------------------------
----------------------------------------
Timestamp: 6/7/2023 7:40:16 AM

Message: contentType : Telerik.Sitefinity.Pages.Model.PageNode action : Updated


----------------------------------------
----------------------------------------
Timestamp: 6/7/2023 7:40:26 AM

Message: contentType : Telerik.Sitefinity.Pages.Model.PageNode action : Updated


----------------------------------------
----------------------------------------
Timestamp: 6/7/2023 7:40:26 AM

Message: contentType : Telerik.Sitefinity.Pages.Model.PageNode action : Updated


----------------------------------------
----------------------------------------
Timestamp: 6/7/2023 7:40:57 AM

Message: contentType : Telerik.Sitefinity.Pages.Model.PageNode action : New


----------------------------------------
----------------------------------------
Timestamp: 6/7/2023 7:40:57 AM

Message: contentType : Telerik.Sitefinity.Pages.Model.PageNode action : New


----------------------------------------
----------------------------------------
Timestamp: 6/7/2023 7:40:57 AM

Message: contentType : Telerik.Sitefinity.Pages.Model.PageNode action : Updated


----------------------------------------
----------------------------------------
Timestamp: 6/7/2023 7:41:07 AM

Message: contentType : Telerik.Sitefinity.Pages.Model.PageNode action : Updated


----------------------------------------
----------------------------------------
Timestamp: 6/7/2023 7:41:07 AM

Message: contentType : Telerik.Sitefinity.Pages.Model.PageNode action : Updated


----------------------------------------
----------------------------------------
Timestamp: 6/7/2023 7:44:04 AM

Message: contentType : Telerik.Sitefinity.Pages.Model.PageNode action : Updated


----------------------------------------
----------------------------------------
Timestamp: 6/7/2023 7:45:10 AM

Message: contentType : Telerik.Sitefinity.Pages.Model.PageNode action : New


----------------------------------------
----------------------------------------
Timestamp: 6/7/2023 7:45:10 AM

Message: contentType : Telerik.Sitefinity.Pages.Model.PageNode action : New


----------------------------------------
----------------------------------------
Timestamp: 6/7/2023 7:45:10 AM

Message: contentType : Telerik.Sitefinity.Pages.Model.PageNode action : Updated


----------------------------------------
----------------------------------------
Timestamp: 6/7/2023 7:45:20 AM

Message: contentType : Telerik.Sitefinity.Pages.Model.PageNode action : Updated


----------------------------------------
----------------------------------------
Timestamp: 6/7/2023 7:45:20 AM

Message: contentType : Telerik.Sitefinity.Pages.Model.PageNode action : Updated


----------------------------------------
----------------------------------------
Timestamp: 6/7/2023 7:46:09 AM

Message: contentType : Telerik.Sitefinity.Pages.Model.PageNode action : New


----------------------------------------
----------------------------------------
Timestamp: 6/7/2023 7:46:09 AM

Message: contentType : Telerik.Sitefinity.Pages.Model.PageNode action : New


----------------------------------------
----------------------------------------
Timestamp: 6/7/2023 7:46:09 AM

Message: contentType : Telerik.Sitefinity.Pages.Model.PageNode action : Updated


----------------------------------------
----------------------------------------
Timestamp: 6/7/2023 7:46:22 AM

Message: contentType : Telerik.Sitefinity.Pages.Model.PageNode action : Updated


----------------------------------------
----------------------------------------
Timestamp: 6/7/2023 7:46:22 AM

Message: contentType : Telerik.Sitefinity.Pages.Model.PageNode action : Updated


----------------------------------------
----------------------------------------
Timestamp: 07/06/2023 07.58.40

Message: contentType : Telerik.Sitefinity.Pages.Model.PageNode action : New


----------------------------------------
----------------------------------------
Timestamp: 07/06/2023 07.58.40

Message: contentType : Telerik.Sitefinity.Pages.Model.PageNode action : New


----------------------------------------
----------------------------------------
Timestamp: 07/06/2023 07.58.40

Message: contentType : Telerik.Sitefinity.Pages.Model.PageNode action : Updated


----------------------------------------
----------------------------------------
Timestamp: 07/06/2023 07.58.40

Message: contentType : Telerik.Sitefinity.Pages.Model.PageNode action : Updated


----------------------------------------
----------------------------------------
Timestamp: 07/06/2023 07.58.40

Message: Page url id updated


----------------------------------------
----------------------------------------
Timestamp: 07/06/2023 07.58.40

Message: Page url id updated


----------------------------------------
----------------------------------------
Timestamp: 07/06/2023 07.58.40

Message: contentType : Telerik.Sitefinity.Pages.Model.PageNode action : Updated


----------------------------------------
----------------------------------------
Timestamp: 07/06/2023 07.58.40

Message: Page url id updated


----------------------------------------
----------------------------------------
Timestamp: 07/06/2023 07.58.52

Message: contentType : Telerik.Sitefinity.Pages.Model.PageNode action : Updated


----------------------------------------
----------------------------------------
Timestamp: 07/06/2023 07.58.52

Message: Page url id updated


----------------------------------------
----------------------------------------
Timestamp: 07/06/2023 07.58.52

Message: contentType : Telerik.Sitefinity.Pages.Model.PageNode action : Updated


----------------------------------------
----------------------------------------
Timestamp: 07/06/2023 07.58.52

Message: Page url id updated


----------------------------------------
----------------------------------------
Timestamp: 07/06/2023 07.59.19

Message: contentType : Telerik.Sitefinity.Pages.Model.PageNode action : Updated


----------------------------------------
----------------------------------------
Timestamp: 07/06/2023 07.59.19

Message: contentType : Telerik.Sitefinity.Pages.Model.PageNode action : Updated


----------------------------------------
----------------------------------------
Timestamp: 07/06/2023 07.59.19

Message: contentType : Telerik.Sitefinity.Pages.Model.PageNode action : Updated


----------------------------------------
----------------------------------------
Timestamp: 07/06/2023 07.59.19

Message: contentType : Telerik.Sitefinity.Pages.Model.PageNode action : Updated


----------------------------------------
----------------------------------------
Timestamp: 07/06/2023 07.59.19

Message: contentType : Telerik.Sitefinity.Pages.Model.PageNode action : Updated


----------------------------------------
----------------------------------------
Timestamp: 07/06/2023 07.59.19

Message: contentType : Telerik.Sitefinity.Pages.Model.PageNode action : Updated


----------------------------------------
----------------------------------------
Timestamp: 07/06/2023 07.59.19

Message: contentType : Telerik.Sitefinity.Pages.Model.PageNode action : Updated


----------------------------------------
----------------------------------------
Timestamp: 07/06/2023 07.59.20

Message: contentType : Telerik.Sitefinity.Pages.Model.PageNode action : Updated


----------------------------------------
----------------------------------------
Timestamp: 07/06/2023 07.59.25

Message: contentType : Telerik.Sitefinity.Pages.Model.PageNode action : New


----------------------------------------
----------------------------------------
Timestamp: 07/06/2023 07.59.25

Message: contentType : Telerik.Sitefinity.Pages.Model.PageNode action : New


----------------------------------------
----------------------------------------
Timestamp: 07/06/2023 07.59.25

Message: contentType : Telerik.Sitefinity.Pages.Model.PageNode action : Updated


----------------------------------------
----------------------------------------
Timestamp: 07/06/2023 07.59.25

Message: contentType : Telerik.Sitefinity.Pages.Model.PageNode action : Updated


----------------------------------------
----------------------------------------
Timestamp: 07/06/2023 07.59.25

Message: Page url id updated


----------------------------------------
----------------------------------------
Timestamp: 07/06/2023 07.59.25

Message: Page url id updated


----------------------------------------
----------------------------------------
Timestamp: 07/06/2023 07.59.25

Message: contentType : Telerik.Sitefinity.Pages.Model.PageNode action : Updated


----------------------------------------
----------------------------------------
Timestamp: 07/06/2023 07.59.25

Message: Page url id updated


----------------------------------------
----------------------------------------
Timestamp: 07/06/2023 07.59.36

Message: contentType : Telerik.Sitefinity.Pages.Model.PageNode action : Updated


----------------------------------------
----------------------------------------
Timestamp: 07/06/2023 07.59.36

Message: Page url id updated


----------------------------------------
----------------------------------------
Timestamp: 07/06/2023 07.59.36

Message: contentType : Telerik.Sitefinity.Pages.Model.PageNode action : Updated


----------------------------------------
----------------------------------------
Timestamp: 07/06/2023 07.59.36

Message: Page url id updated


----------------------------------------
----------------------------------------
Timestamp: 07/06/2023 08.00.00

Message: contentType : Telerik.Sitefinity.Pages.Model.PageNode action : New


----------------------------------------
----------------------------------------
Timestamp: 07/06/2023 08.00.00

Message: contentType : Telerik.Sitefinity.Pages.Model.PageNode action : New


----------------------------------------
----------------------------------------
Timestamp: 07/06/2023 08.00.00

Message: contentType : Telerik.Sitefinity.Pages.Model.PageNode action : Updated


----------------------------------------
----------------------------------------
Timestamp: 07/06/2023 08.00.01

Message: contentType : Telerik.Sitefinity.Pages.Model.PageNode action : Updated


----------------------------------------
----------------------------------------
Timestamp: 07/06/2023 08.00.01

Message: Page url id updated


----------------------------------------
----------------------------------------
Timestamp: 07/06/2023 08.00.01

Message: Page url id updated


----------------------------------------
----------------------------------------
Timestamp: 07/06/2023 08.00.01

Message: contentType : Telerik.Sitefinity.Pages.Model.PageNode action : Updated


----------------------------------------
----------------------------------------
Timestamp: 07/06/2023 08.00.01

Message: Page url id updated


----------------------------------------
----------------------------------------
Timestamp: 07/06/2023 08.00.14

Message: contentType : Telerik.Sitefinity.Pages.Model.PageNode action : Updated


----------------------------------------
----------------------------------------
Timestamp: 07/06/2023 08.00.14

Message: Page url id updated


----------------------------------------
----------------------------------------
Timestamp: 07/06/2023 08.00.14

Message: contentType : Telerik.Sitefinity.Pages.Model.PageNode action : Updated


----------------------------------------
----------------------------------------
Timestamp: 07/06/2023 08.00.14

Message: Page url id updated


----------------------------------------
----------------------------------------
Timestamp: 07/06/2023 08.01.02

Message: contentType : Telerik.Sitefinity.Pages.Model.PageNode action : New


----------------------------------------
----------------------------------------
Timestamp: 07/06/2023 08.01.02

Message: contentType : Telerik.Sitefinity.Pages.Model.PageNode action : New


----------------------------------------
----------------------------------------
Timestamp: 07/06/2023 08.01.02

Message: contentType : Telerik.Sitefinity.Pages.Model.PageNode action : Updated


----------------------------------------
----------------------------------------
Timestamp: 07/06/2023 08.01.02

Message: contentType : Telerik.Sitefinity.Pages.Model.PageNode action : Updated


----------------------------------------
----------------------------------------
Timestamp: 07/06/2023 08.01.02

Message: Page url id updated


----------------------------------------
----------------------------------------
Timestamp: 07/06/2023 08.01.02

Message: Page url id updated


----------------------------------------
----------------------------------------
Timestamp: 07/06/2023 08.01.02

Message: contentType : Telerik.Sitefinity.Pages.Model.PageNode action : Updated


----------------------------------------
----------------------------------------
Timestamp: 07/06/2023 08.01.02

Message: Page url id updated


----------------------------------------
----------------------------------------
Timestamp: 07/06/2023 08.01.15

Message: contentType : Telerik.Sitefinity.Pages.Model.PageNode action : Updated


----------------------------------------
----------------------------------------
Timestamp: 07/06/2023 08.01.15

Message: Page url id updated


----------------------------------------
----------------------------------------
Timestamp: 07/06/2023 08.01.15

Message: contentType : Telerik.Sitefinity.Pages.Model.PageNode action : Updated


----------------------------------------
----------------------------------------
Timestamp: 07/06/2023 08.01.15

Message: Page url id updated


----------------------------------------
----------------------------------------
Timestamp: 07/06/2023 08.01.42

Message: contentType : Telerik.Sitefinity.Pages.Model.PageNode action : New


----------------------------------------
----------------------------------------
Timestamp: 07/06/2023 08.01.42

Message: contentType : Telerik.Sitefinity.Pages.Model.PageNode action : New


----------------------------------------
----------------------------------------
Timestamp: 07/06/2023 08.01.43

Message: contentType : Telerik.Sitefinity.Pages.Model.PageNode action : Updated


----------------------------------------
----------------------------------------
Timestamp: 07/06/2023 08.01.43

Message: contentType : Telerik.Sitefinity.Pages.Model.PageNode action : Updated


----------------------------------------
----------------------------------------
Timestamp: 07/06/2023 08.01.43

Message: Page url id updated


----------------------------------------
----------------------------------------
Timestamp: 07/06/2023 08.01.43

Message: Page url id updated


----------------------------------------
----------------------------------------
Timestamp: 07/06/2023 08.01.43

Message: contentType : Telerik.Sitefinity.Pages.Model.PageNode action : Updated


----------------------------------------
----------------------------------------
Timestamp: 07/06/2023 08.01.43

Message: Page url id updated


----------------------------------------
----------------------------------------
Timestamp: 07/06/2023 08.01.55

Message: contentType : Telerik.Sitefinity.Pages.Model.PageNode action : Updated


----------------------------------------
----------------------------------------
Timestamp: 07/06/2023 08.01.55

Message: Page url id updated


----------------------------------------
----------------------------------------
Timestamp: 07/06/2023 08.01.55

Message: contentType : Telerik.Sitefinity.Pages.Model.PageNode action : Updated


----------------------------------------
----------------------------------------
Timestamp: 07/06/2023 08.01.55

Message: Page url id updated


----------------------------------------
----------------------------------------
Timestamp: 07/06/2023 08.02.23

Message: contentType : Telerik.Sitefinity.Pages.Model.PageNode action : New


----------------------------------------
----------------------------------------
Timestamp: 07/06/2023 08.02.23

Message: contentType : Telerik.Sitefinity.Pages.Model.PageNode action : New


----------------------------------------
----------------------------------------
Timestamp: 07/06/2023 08.02.24

Message: contentType : Telerik.Sitefinity.Pages.Model.PageNode action : Updated


----------------------------------------
----------------------------------------
Timestamp: 07/06/2023 08.02.24

Message: contentType : Telerik.Sitefinity.Pages.Model.PageNode action : Updated


----------------------------------------
----------------------------------------
Timestamp: 07/06/2023 08.02.24

Message: Page url id updated


----------------------------------------
----------------------------------------
Timestamp: 07/06/2023 08.02.24

Message: Page url id updated


----------------------------------------
----------------------------------------
Timestamp: 07/06/2023 08.02.24

Message: contentType : Telerik.Sitefinity.Pages.Model.PageNode action : Updated


----------------------------------------
----------------------------------------
Timestamp: 07/06/2023 08.02.24

Message: Page url id updated


----------------------------------------
----------------------------------------
Timestamp: 07/06/2023 08.02.36

Message: contentType : Telerik.Sitefinity.Pages.Model.PageNode action : Updated


----------------------------------------
----------------------------------------
Timestamp: 07/06/2023 08.02.36

Message: Page url id updated


----------------------------------------
----------------------------------------
Timestamp: 07/06/2023 08.02.36

Message: contentType : Telerik.Sitefinity.Pages.Model.PageNode action : Updated


----------------------------------------
----------------------------------------
Timestamp: 07/06/2023 08.02.36

Message: Page url id updated


----------------------------------------
----------------------------------------
Timestamp: 07/06/2023 08.03.09

Message: contentType : Telerik.Sitefinity.Pages.Model.PageNode action : New


----------------------------------------
----------------------------------------
Timestamp: 07/06/2023 08.03.09

Message: contentType : Telerik.Sitefinity.Pages.Model.PageNode action : New


----------------------------------------
----------------------------------------
Timestamp: 07/06/2023 08.03.10

Message: contentType : Telerik.Sitefinity.Pages.Model.PageNode action : Updated


----------------------------------------
----------------------------------------
Timestamp: 07/06/2023 08.03.10

Message: contentType : Telerik.Sitefinity.Pages.Model.PageNode action : Updated


----------------------------------------
----------------------------------------
Timestamp: 07/06/2023 08.03.10

Message: Page url id updated


----------------------------------------
----------------------------------------
Timestamp: 07/06/2023 08.03.10

Message: Page url id updated


----------------------------------------
----------------------------------------
Timestamp: 07/06/2023 08.03.10

Message: contentType : Telerik.Sitefinity.Pages.Model.PageNode action : Updated


----------------------------------------
----------------------------------------
Timestamp: 07/06/2023 08.03.10

Message: Page url id updated


----------------------------------------
----------------------------------------
Timestamp: 07/06/2023 08.03.22

Message: contentType : Telerik.Sitefinity.Pages.Model.PageNode action : Updated


----------------------------------------
----------------------------------------
Timestamp: 07/06/2023 08.03.22

Message: Page url id updated


----------------------------------------
----------------------------------------
Timestamp: 07/06/2023 08.03.22

Message: contentType : Telerik.Sitefinity.Pages.Model.PageNode action : Updated


----------------------------------------
----------------------------------------
Timestamp: 07/06/2023 08.03.22

Message: Page url id updated


----------------------------------------
----------------------------------------
Timestamp: 07/06/2023 08.04.01

Message: contentType : Telerik.Sitefinity.Pages.Model.PageNode action : New


----------------------------------------
----------------------------------------
Timestamp: 07/06/2023 08.04.01

Message: contentType : Telerik.Sitefinity.Pages.Model.PageNode action : New


----------------------------------------
----------------------------------------
Timestamp: 07/06/2023 08.04.01

Message: contentType : Telerik.Sitefinity.Pages.Model.PageNode action : Updated


----------------------------------------
----------------------------------------
Timestamp: 07/06/2023 08.04.01

Message: contentType : Telerik.Sitefinity.Pages.Model.PageNode action : Updated


----------------------------------------
----------------------------------------
Timestamp: 07/06/2023 08.04.01

Message: Page url id updated


----------------------------------------
----------------------------------------
Timestamp: 07/06/2023 08.04.01

Message: Page url id updated


----------------------------------------
----------------------------------------
Timestamp: 07/06/2023 08.04.02

Message: contentType : Telerik.Sitefinity.Pages.Model.PageNode action : Updated


----------------------------------------
----------------------------------------
Timestamp: 07/06/2023 08.04.02

Message: Page url id updated


----------------------------------------
----------------------------------------
Timestamp: 07/06/2023 08.04.18

Message: contentType : Telerik.Sitefinity.Pages.Model.PageNode action : Updated


----------------------------------------
----------------------------------------
Timestamp: 07/06/2023 08.04.18

Message: Page url id updated


----------------------------------------
----------------------------------------
Timestamp: 07/06/2023 08.04.18

Message: contentType : Telerik.Sitefinity.Pages.Model.PageNode action : Updated


----------------------------------------
----------------------------------------
Timestamp: 07/06/2023 08.04.18

Message: Page url id updated


----------------------------------------
----------------------------------------
Timestamp: 07/06/2023 08.04.29

Message: contentType : Telerik.Sitefinity.Pages.Model.PageNode action : Updated


----------------------------------------
----------------------------------------
Timestamp: 07/06/2023 08.04.29

Message: Page url id updated


----------------------------------------
----------------------------------------
Timestamp: 07/06/2023 08.07.29

Message: contentType : Telerik.Sitefinity.Pages.Model.PageNode action : New


----------------------------------------
----------------------------------------
Timestamp: 07/06/2023 08.07.29

Message: contentType : Telerik.Sitefinity.Pages.Model.PageNode action : New


----------------------------------------
----------------------------------------
Timestamp: 07/06/2023 08.07.29

Message: contentType : Telerik.Sitefinity.Pages.Model.PageNode action : Updated


----------------------------------------
----------------------------------------
Timestamp: 07/06/2023 08.07.29

Message: contentType : Telerik.Sitefinity.Pages.Model.PageNode action : Updated


----------------------------------------
----------------------------------------
Timestamp: 07/06/2023 08.07.29

Message: Page url id updated


----------------------------------------
----------------------------------------
Timestamp: 07/06/2023 08.07.29

Message: Page url id updated


----------------------------------------
----------------------------------------
Timestamp: 07/06/2023 08.07.29

Message: contentType : Telerik.Sitefinity.Pages.Model.PageNode action : Updated


----------------------------------------
----------------------------------------
Timestamp: 07/06/2023 08.07.29

Message: Page url id updated


----------------------------------------
----------------------------------------
Timestamp: 07/06/2023 08.07.56

Message: contentType : Telerik.Sitefinity.Pages.Model.PageNode action : Updated


----------------------------------------
----------------------------------------
Timestamp: 07/06/2023 08.07.56

Message: Page url id updated


----------------------------------------
----------------------------------------
Timestamp: 07/06/2023 08.07.56

Message: contentType : Telerik.Sitefinity.Pages.Model.PageNode action : Updated


----------------------------------------
----------------------------------------
Timestamp: 07/06/2023 08.07.56

Message: Page url id updated


----------------------------------------
----------------------------------------
Timestamp: 6/7/2023 8:20:19 AM

Message: contentType : Telerik.Sitefinity.Pages.Model.PageTemplate action : Updated


----------------------------------------
----------------------------------------
Timestamp: 6/7/2023 8:20:34 AM

Message: contentType : Telerik.Sitefinity.Pages.Model.ControlPresentation action : Updated


----------------------------------------
----------------------------------------
Timestamp: 6/7/2023 8:20:34 AM

Message: contentType : Telerik.Sitefinity.Pages.Model.ControlPresentation action : New


----------------------------------------
----------------------------------------
Timestamp: 6/7/2023 8:20:34 AM

Message: contentType : Telerik.Sitefinity.Pages.Model.ControlPresentation action : Updated


----------------------------------------
----------------------------------------
Timestamp: 6/7/2023 8:21:09 AM

Message: contentType : Telerik.Sitefinity.Pages.Model.PageTemplate action : Updated


----------------------------------------
----------------------------------------
Timestamp: 6/7/2023 8:22:21 AM

Message: contentType : Telerik.Sitefinity.Pages.Model.PageTemplate action : Updated


----------------------------------------
----------------------------------------
Timestamp: 6/7/2023 8:22:39 AM

Message: contentType : Telerik.Sitefinity.Pages.Model.PageTemplate action : Updated


----------------------------------------
----------------------------------------
Timestamp: 6/7/2023 8:23:50 AM

Message: contentType : Telerik.Sitefinity.Pages.Model.PageTemplate action : Updated


----------------------------------------
----------------------------------------
Timestamp: 6/7/2023 8:23:51 AM

Message: contentType : Telerik.Sitefinity.Pages.Model.PageTemplate action : Updated


----------------------------------------
----------------------------------------
Timestamp: 6/7/2023 8:31:06 AM

Message: contentType : Telerik.Sitefinity.Pages.Model.ControlPresentation action : Updated


----------------------------------------
----------------------------------------
Timestamp: 6/7/2023 8:34:09 AM

Message: contentType : Telerik.Sitefinity.Pages.Model.PageTemplate action : Updated


----------------------------------------
----------------------------------------
Timestamp: 6/7/2023 8:42:35 AM

Message: contentType : Telerik.Sitefinity.Pages.Model.ControlPresentation action : Updated


----------------------------------------
----------------------------------------
Timestamp: 6/7/2023 8:43:33 AM

Message: contentType : Telerik.Sitefinity.Pages.Model.PageTemplate action : Updated


----------------------------------------
----------------------------------------
Timestamp: 6/7/2023 9:03:48 AM

Message: contentType : Telerik.Sitefinity.Pages.Model.PageTemplate action : Updated


----------------------------------------
----------------------------------------
Timestamp: 6/7/2023 9:09:03 AM

Message: contentType : Telerik.Sitefinity.Pages.Model.ControlPresentation action : Updated


----------------------------------------
----------------------------------------
Timestamp: 6/7/2023 9:09:47 AM

Message: contentType : Telerik.Sitefinity.Pages.Model.ControlPresentation action : Updated


----------------------------------------
----------------------------------------
Timestamp: 6/7/2023 9:10:18 AM

Message: contentType : Telerik.Sitefinity.Pages.Model.ControlPresentation action : Updated


----------------------------------------
----------------------------------------
Timestamp: 6/7/2023 9:12:03 AM

Message: contentType : Telerik.Sitefinity.DynamicTypes.Model.Form.Enquiries action : New


----------------------------------------
----------------------------------------
Timestamp: 6/7/2023 9:12:03 AM

Message: contentType : Telerik.Sitefinity.DynamicTypes.Model.Form.Enquiries action : New


----------------------------------------
----------------------------------------
Timestamp: 6/7/2023 9:12:03 AM

Message: contentType : Telerik.Sitefinity.DynamicTypes.Model.Form.Enquiries action : New


----------------------------------------
----------------------------------------
Timestamp: 6/7/2023 9:12:03 AM

Message: contentType : Telerik.Sitefinity.DynamicTypes.Model.Form.Enquiries action : New


----------------------------------------
----------------------------------------
Timestamp: 6/7/2023 9:12:03 AM

Message: contentType : Telerik.Sitefinity.DynamicTypes.Model.Form.Enquiries action : Updated


----------------------------------------
----------------------------------------
Timestamp: 6/7/2023 9:12:03 AM

Message: contentType : Telerik.Sitefinity.DynamicTypes.Model.Form.Enquiries action : Updated


----------------------------------------
----------------------------------------
Timestamp: 6/7/2023 9:12:03 AM

Message: contentType : Telerik.Sitefinity.DynamicTypes.Model.Form.Enquiries action : New


----------------------------------------
----------------------------------------
Timestamp: 6/7/2023 9:12:03 AM

Message: contentType : Telerik.Sitefinity.DynamicTypes.Model.Form.Enquiries action : Updated


----------------------------------------
----------------------------------------
Timestamp: 6/7/2023 9:12:06 AM

Message: contentType : Telerik.Sitefinity.DynamicTypes.Model.Form.Enquiries action : Updated


----------------------------------------
----------------------------------------
Timestamp: 6/7/2023 9:12:06 AM

Message: contentType : Telerik.Sitefinity.DynamicTypes.Model.Form.Enquiries action : New


----------------------------------------
----------------------------------------
Timestamp: 6/7/2023 9:14:04 AM

Message: contentType : Telerik.Sitefinity.Pages.Model.PageTemplate action : Updated


----------------------------------------
----------------------------------------
Timestamp: 6/7/2023 9:14:49 AM

Message: contentType : Telerik.Sitefinity.Pages.Model.PageTemplate action : Updated


----------------------------------------
----------------------------------------
Timestamp: 6/7/2023 9:15:19 AM

Message: contentType : Telerik.Sitefinity.Pages.Model.PageTemplate action : Updated


----------------------------------------
----------------------------------------
Timestamp: 6/7/2023 9:17:17 AM

Message: contentType : Telerik.Sitefinity.DynamicTypes.Model.Form.Enquiries action : New


----------------------------------------
----------------------------------------
Timestamp: 6/7/2023 9:17:17 AM

Message: contentType : Telerik.Sitefinity.DynamicTypes.Model.Form.Enquiries action : New


----------------------------------------
----------------------------------------
Timestamp: 6/7/2023 9:17:17 AM

Message: contentType : Telerik.Sitefinity.DynamicTypes.Model.Form.Enquiries action : New


----------------------------------------
----------------------------------------
Timestamp: 6/7/2023 9:17:17 AM

Message: contentType : Telerik.Sitefinity.DynamicTypes.Model.Form.Enquiries action : New


----------------------------------------
----------------------------------------
Timestamp: 6/7/2023 9:17:17 AM

Message: contentType : Telerik.Sitefinity.DynamicTypes.Model.Form.Enquiries action : Updated


----------------------------------------
----------------------------------------
Timestamp: 6/7/2023 9:17:17 AM

Message: contentType : Telerik.Sitefinity.DynamicTypes.Model.Form.Enquiries action : Updated


----------------------------------------
----------------------------------------
Timestamp: 6/7/2023 9:17:17 AM

Message: contentType : Telerik.Sitefinity.DynamicTypes.Model.Form.Enquiries action : New


----------------------------------------
----------------------------------------
Timestamp: 6/7/2023 9:17:17 AM

Message: contentType : Telerik.Sitefinity.DynamicTypes.Model.Form.Enquiries action : Updated


----------------------------------------
----------------------------------------
Timestamp: 6/7/2023 9:17:19 AM

Message: contentType : Telerik.Sitefinity.DynamicTypes.Model.Form.Enquiries action : Updated


----------------------------------------
----------------------------------------
Timestamp: 6/7/2023 9:17:19 AM

Message: contentType : Telerik.Sitefinity.DynamicTypes.Model.Form.Enquiries action : New


----------------------------------------
----------------------------------------
Timestamp: 6/7/2023 9:17:35 AM

Message: contentType : Telerik.Sitefinity.Pages.Model.PageTemplate action : Updated


----------------------------------------
----------------------------------------
Timestamp: 6/7/2023 9:18:52 AM

Message: contentType : Telerik.Sitefinity.DynamicTypes.Model.Form.Enquiries action : Deleted


----------------------------------------
----------------------------------------
Timestamp: 6/7/2023 9:18:52 AM

Message: contentType : Telerik.Sitefinity.DynamicTypes.Model.Form.Enquiries action : Deleted


----------------------------------------
----------------------------------------
Timestamp: 6/7/2023 9:18:52 AM

Message: contentType : Telerik.Sitefinity.DynamicTypes.Model.Form.Enquiries action : Deleted


----------------------------------------
----------------------------------------
Timestamp: 6/7/2023 9:18:52 AM

Message: contentType : Telerik.Sitefinity.DynamicTypes.Model.Form.Enquiries action : Deleted


----------------------------------------
----------------------------------------
Timestamp: 6/7/2023 9:18:52 AM

Message: contentType : Telerik.Sitefinity.DynamicTypes.Model.Form.Enquiries action : Deleted


----------------------------------------
----------------------------------------
Timestamp: 6/7/2023 9:18:52 AM

Message: contentType : Telerik.Sitefinity.DynamicTypes.Model.Form.Enquiries action : Deleted


----------------------------------------
----------------------------------------
Timestamp: 6/7/2023 9:18:52 AM

Message: contentType : Telerik.Sitefinity.DynamicTypes.Model.Form.Enquiries action : Deleted


----------------------------------------
----------------------------------------
Timestamp: 6/7/2023 9:18:52 AM

Message: contentType : Telerik.Sitefinity.DynamicTypes.Model.Form.Enquiries action : Deleted


----------------------------------------
----------------------------------------
Timestamp: 6/7/2023 9:18:52 AM

Message: contentType : Telerik.Sitefinity.DynamicTypes.Model.Form.Enquiries action : Deleted


----------------------------------------
----------------------------------------
Timestamp: 6/7/2023 9:18:52 AM

Message: contentType : Telerik.Sitefinity.DynamicTypes.Model.Form.Enquiries action : Deleted


----------------------------------------
----------------------------------------
Timestamp: 6/7/2023 9:18:52 AM

Message: contentType : Telerik.Sitefinity.DynamicTypes.Model.Form.Enquiries action : Deleted


----------------------------------------
----------------------------------------
Timestamp: 6/7/2023 9:18:52 AM

Message: contentType : Telerik.Sitefinity.DynamicTypes.Model.Form.Enquiries action : Deleted


----------------------------------------
----------------------------------------
Timestamp: 6/7/2023 9:18:52 AM

Message: contentType : Telerik.Sitefinity.DynamicTypes.Model.Form.Enquiries action : Deleted


----------------------------------------
----------------------------------------
Timestamp: 6/7/2023 9:18:52 AM

Message: contentType : Telerik.Sitefinity.DynamicTypes.Model.Form.Enquiries action : Deleted


----------------------------------------
----------------------------------------
Timestamp: 6/7/2023 9:18:52 AM

Message: contentType : Telerik.Sitefinity.DynamicTypes.Model.Form.Enquiries action : Deleted


----------------------------------------
----------------------------------------
Timestamp: 6/7/2023 9:18:53 AM

Message: contentType : Telerik.Sitefinity.DynamicTypes.Model.Form.Enquiries action : Deleted


----------------------------------------
----------------------------------------
Timestamp: 6/7/2023 9:18:53 AM

Message: contentType : Telerik.Sitefinity.DynamicTypes.Model.Form.Enquiries action : Deleted


----------------------------------------
----------------------------------------
Timestamp: 6/7/2023 9:18:53 AM

Message: contentType : Telerik.Sitefinity.DynamicTypes.Model.Form.Enquiries action : Deleted


----------------------------------------
----------------------------------------
Timestamp: 6/7/2023 9:18:53 AM

Message: contentType : Telerik.Sitefinity.DynamicTypes.Model.Form.Enquiries action : Deleted


----------------------------------------
----------------------------------------
Timestamp: 6/7/2023 9:18:53 AM

Message: contentType : Telerik.Sitefinity.DynamicTypes.Model.Form.Enquiries action : Deleted


----------------------------------------
----------------------------------------
Timestamp: 6/7/2023 9:18:53 AM

Message: contentType : Telerik.Sitefinity.DynamicTypes.Model.Form.Enquiries action : Deleted


----------------------------------------
----------------------------------------
Timestamp: 6/7/2023 9:18:53 AM

Message: contentType : Telerik.Sitefinity.DynamicTypes.Model.Form.Enquiries action : Deleted


----------------------------------------
----------------------------------------
Timestamp: 6/7/2023 9:18:53 AM

Message: contentType : Telerik.Sitefinity.DynamicTypes.Model.Form.Enquiries action : Deleted


----------------------------------------
----------------------------------------
Timestamp: 6/7/2023 9:18:53 AM

Message: contentType : Telerik.Sitefinity.DynamicTypes.Model.Form.Enquiries action : Deleted


----------------------------------------
----------------------------------------
Timestamp: 6/7/2023 9:18:53 AM

Message: contentType : Telerik.Sitefinity.DynamicTypes.Model.Form.Enquiries action : Deleted


----------------------------------------
----------------------------------------
Timestamp: 6/7/2023 9:18:53 AM

Message: contentType : Telerik.Sitefinity.DynamicTypes.Model.Form.Enquiries action : Deleted


----------------------------------------
----------------------------------------
Timestamp: 6/7/2023 9:18:53 AM

Message: contentType : Telerik.Sitefinity.DynamicTypes.Model.Form.Enquiries action : Deleted


----------------------------------------
----------------------------------------
Timestamp: 6/7/2023 9:18:53 AM

Message: contentType : Telerik.Sitefinity.DynamicTypes.Model.Form.Enquiries action : Deleted


----------------------------------------
----------------------------------------
Timestamp: 6/7/2023 9:18:53 AM

Message: contentType : Telerik.Sitefinity.DynamicTypes.Model.Form.Enquiries action : Deleted


----------------------------------------
----------------------------------------
Timestamp: 6/7/2023 9:18:54 AM

Message: contentType : Telerik.Sitefinity.DynamicTypes.Model.Form.Enquiries action : Deleted


----------------------------------------
----------------------------------------
Timestamp: 6/7/2023 9:18:54 AM

Message: contentType : Telerik.Sitefinity.DynamicTypes.Model.Form.Enquiries action : Deleted


----------------------------------------
----------------------------------------
Timestamp: 6/7/2023 9:18:54 AM

Message: contentType : Telerik.Sitefinity.DynamicTypes.Model.Form.Enquiries action : Deleted


----------------------------------------
----------------------------------------
Timestamp: 6/7/2023 9:18:54 AM

Message: contentType : Telerik.Sitefinity.DynamicTypes.Model.Form.Enquiries action : Deleted


----------------------------------------
----------------------------------------
Timestamp: 6/7/2023 9:18:54 AM

Message: contentType : Telerik.Sitefinity.DynamicTypes.Model.Form.Enquiries action : Deleted


----------------------------------------
----------------------------------------
Timestamp: 6/7/2023 9:18:54 AM

Message: contentType : Telerik.Sitefinity.DynamicTypes.Model.Form.Enquiries action : Deleted


----------------------------------------
----------------------------------------
Timestamp: 6/7/2023 9:18:54 AM

Message: contentType : Telerik.Sitefinity.DynamicTypes.Model.Form.Enquiries action : Deleted


----------------------------------------
----------------------------------------
Timestamp: 6/7/2023 9:18:54 AM

Message: contentType : Telerik.Sitefinity.DynamicTypes.Model.Form.Enquiries action : Deleted


----------------------------------------
----------------------------------------
Timestamp: 6/7/2023 9:18:54 AM

Message: contentType : Telerik.Sitefinity.DynamicTypes.Model.Form.Enquiries action : Deleted


----------------------------------------
----------------------------------------
Timestamp: 6/7/2023 9:18:54 AM

Message: contentType : Telerik.Sitefinity.DynamicTypes.Model.Form.Enquiries action : Deleted


----------------------------------------
----------------------------------------
Timestamp: 6/7/2023 9:18:54 AM

Message: contentType : Telerik.Sitefinity.DynamicTypes.Model.Form.Enquiries action : Deleted


----------------------------------------
----------------------------------------
Timestamp: 6/7/2023 9:18:54 AM

Message: contentType : Telerik.Sitefinity.DynamicTypes.Model.Form.Enquiries action : Deleted


----------------------------------------
----------------------------------------
Timestamp: 6/7/2023 9:18:54 AM

Message: contentType : Telerik.Sitefinity.DynamicTypes.Model.Form.Enquiries action : Deleted


----------------------------------------
----------------------------------------
Timestamp: 6/7/2023 9:18:54 AM

Message: contentType : Telerik.Sitefinity.DynamicTypes.Model.Form.Enquiries action : Deleted


----------------------------------------
----------------------------------------
Timestamp: 6/7/2023 9:18:54 AM

Message: contentType : Telerik.Sitefinity.DynamicTypes.Model.Form.Enquiries action : Deleted


----------------------------------------
----------------------------------------
Timestamp: 6/7/2023 9:18:54 AM

Message: contentType : Telerik.Sitefinity.DynamicTypes.Model.Form.Enquiries action : Deleted


----------------------------------------
----------------------------------------
Timestamp: 6/7/2023 9:18:54 AM

Message: contentType : Telerik.Sitefinity.DynamicTypes.Model.Form.Enquiries action : Deleted


----------------------------------------
----------------------------------------
Timestamp: 6/7/2023 9:18:54 AM

Message: contentType : Telerik.Sitefinity.DynamicTypes.Model.Form.Enquiries action : Deleted


----------------------------------------
----------------------------------------
Timestamp: 6/7/2023 9:18:54 AM

Message: contentType : Telerik.Sitefinity.DynamicTypes.Model.Form.Enquiries action : Deleted


----------------------------------------
----------------------------------------
Timestamp: 6/7/2023 9:18:54 AM

Message: contentType : Telerik.Sitefinity.DynamicTypes.Model.Form.Enquiries action : Deleted


----------------------------------------
----------------------------------------
Timestamp: 6/7/2023 9:18:54 AM

Message: contentType : Telerik.Sitefinity.DynamicTypes.Model.Form.Enquiries action : Deleted


----------------------------------------
----------------------------------------
Timestamp: 6/7/2023 9:18:54 AM

Message: contentType : Telerik.Sitefinity.DynamicTypes.Model.Form.Enquiries action : Deleted


----------------------------------------
----------------------------------------
Timestamp: 6/7/2023 9:18:54 AM

Message: contentType : Telerik.Sitefinity.DynamicTypes.Model.Form.Enquiries action : Deleted


----------------------------------------
----------------------------------------
Timestamp: 6/7/2023 9:18:54 AM

Message: contentType : Telerik.Sitefinity.DynamicTypes.Model.Form.Enquiries action : Deleted


----------------------------------------
----------------------------------------
Timestamp: 6/7/2023 9:18:54 AM

Message: contentType : Telerik.Sitefinity.DynamicTypes.Model.Form.Enquiries action : Deleted


----------------------------------------
----------------------------------------
Timestamp: 6/7/2023 9:18:54 AM

Message: contentType : Telerik.Sitefinity.DynamicTypes.Model.Form.Enquiries action : Deleted


----------------------------------------
----------------------------------------
Timestamp: 6/7/2023 9:18:54 AM

Message: contentType : Telerik.Sitefinity.DynamicTypes.Model.Form.Enquiries action : Deleted


----------------------------------------
----------------------------------------
Timestamp: 6/7/2023 9:18:54 AM

Message: contentType : Telerik.Sitefinity.DynamicTypes.Model.Form.Enquiries action : Deleted


----------------------------------------
----------------------------------------
Timestamp: 6/7/2023 9:18:54 AM

Message: contentType : Telerik.Sitefinity.DynamicTypes.Model.Form.Enquiries action : Deleted


----------------------------------------
----------------------------------------
Timestamp: 6/7/2023 9:18:54 AM

Message: contentType : Telerik.Sitefinity.DynamicTypes.Model.Form.Enquiries action : Deleted


----------------------------------------
----------------------------------------
Timestamp: 6/7/2023 9:18:54 AM

Message: contentType : Telerik.Sitefinity.DynamicTypes.Model.Form.Enquiries action : Deleted


----------------------------------------
----------------------------------------
Timestamp: 6/7/2023 9:18:54 AM

Message: contentType : Telerik.Sitefinity.DynamicTypes.Model.Form.Enquiries action : Deleted


----------------------------------------
----------------------------------------
Timestamp: 6/7/2023 9:18:54 AM

Message: contentType : Telerik.Sitefinity.DynamicTypes.Model.Form.Enquiries action : Deleted


----------------------------------------
----------------------------------------
Timestamp: 6/7/2023 9:18:54 AM

Message: contentType : Telerik.Sitefinity.DynamicTypes.Model.Form.Enquiries action : Deleted


----------------------------------------
----------------------------------------
Timestamp: 6/7/2023 9:18:54 AM

Message: contentType : Telerik.Sitefinity.DynamicTypes.Model.Form.Enquiries action : Deleted


----------------------------------------
----------------------------------------
Timestamp: 6/7/2023 9:18:54 AM

Message: contentType : Telerik.Sitefinity.DynamicTypes.Model.Form.Enquiries action : Deleted


----------------------------------------
----------------------------------------
Timestamp: 6/7/2023 9:18:54 AM

Message: contentType : Telerik.Sitefinity.DynamicTypes.Model.Form.Enquiries action : Deleted


----------------------------------------
----------------------------------------
Timestamp: 6/7/2023 9:18:54 AM

Message: contentType : Telerik.Sitefinity.DynamicTypes.Model.Form.Enquiries action : Deleted


----------------------------------------
----------------------------------------
Timestamp: 6/7/2023 9:18:54 AM

Message: contentType : Telerik.Sitefinity.DynamicTypes.Model.Form.Enquiries action : Deleted


----------------------------------------
----------------------------------------
Timestamp: 6/7/2023 9:18:54 AM

Message: contentType : Telerik.Sitefinity.DynamicTypes.Model.Form.Enquiries action : Deleted


----------------------------------------
----------------------------------------
Timestamp: 6/7/2023 9:18:54 AM

Message: contentType : Telerik.Sitefinity.DynamicTypes.Model.Form.Enquiries action : Deleted


----------------------------------------
----------------------------------------
Timestamp: 6/7/2023 9:18:54 AM

Message: contentType : Telerik.Sitefinity.DynamicTypes.Model.Form.Enquiries action : Deleted


----------------------------------------
----------------------------------------
Timestamp: 6/7/2023 9:18:54 AM

Message: contentType : Telerik.Sitefinity.DynamicTypes.Model.Form.Enquiries action : Deleted


----------------------------------------
----------------------------------------
Timestamp: 07/06/2023 09.38.41

Message: contentType : Telerik.Sitefinity.Pages.Model.PageNode action : Updated


----------------------------------------
----------------------------------------
Timestamp: 07/06/2023 09.38.41

Message: Page url id updated


----------------------------------------
----------------------------------------
Timestamp: 07/06/2023 09.38.41

Message: contentType : Telerik.Sitefinity.Pages.Model.PageNode action : Updated


----------------------------------------
----------------------------------------
Timestamp: 07/06/2023 09.38.41

Message: Page url id updated


----------------------------------------
----------------------------------------
Timestamp: 6/7/2023 9:48:21 AM

Message: contentType : Telerik.Sitefinity.DynamicTypes.Model.Hospitals.Contactinfos action : New


----------------------------------------
----------------------------------------
Timestamp: 6/7/2023 9:48:21 AM

Message: contentType : Telerik.Sitefinity.DynamicTypes.Model.Hospitals.Contactinfos action : New


----------------------------------------
----------------------------------------
Timestamp: 6/7/2023 9:48:24 AM

Message: contentType : Telerik.Sitefinity.DynamicTypes.Model.Hospitals.Contactinfos action : Updated


----------------------------------------
----------------------------------------
Timestamp: 6/7/2023 9:48:25 AM

Message: contentType : Telerik.Sitefinity.DynamicTypes.Model.Hospitals.Contactinfos action : Updated


----------------------------------------
----------------------------------------
Timestamp: 6/7/2023 9:48:25 AM

Message: contentType : Telerik.Sitefinity.DynamicTypes.Model.Hospitals.Contactinfos action : Updated


----------------------------------------
----------------------------------------
Timestamp: 6/7/2023 9:48:25 AM

Message: contentType : Telerik.Sitefinity.DynamicTypes.Model.Hospitals.Contactinfos action : Updated


----------------------------------------
----------------------------------------
Timestamp: 6/7/2023 9:48:25 AM

Message: contentType : Telerik.Sitefinity.DynamicTypes.Model.Hospitals.Contactinfos action : Updated


----------------------------------------
----------------------------------------
Timestamp: 6/7/2023 9:48:25 AM

Message: contentType : Telerik.Sitefinity.DynamicTypes.Model.Hospitals.Contactinfos action : Updated


----------------------------------------
----------------------------------------
Timestamp: 6/7/2023 9:48:25 AM

Message: contentType : Telerik.Sitefinity.DynamicTypes.Model.Hospitals.Contactinfos action : Updated


----------------------------------------
----------------------------------------
Timestamp: 6/7/2023 9:48:25 AM

Message: contentType : Telerik.Sitefinity.DynamicTypes.Model.Hospitals.Contactinfos action : Updated


----------------------------------------
----------------------------------------
Timestamp: 6/7/2023 9:48:38 AM

Message: contentType : Telerik.Sitefinity.DynamicTypes.Model.Hospitals.Contactinfos action : New


----------------------------------------
----------------------------------------
Timestamp: 6/7/2023 9:48:38 AM

Message: contentType : Telerik.Sitefinity.DynamicTypes.Model.Hospitals.Contactinfos action : New


----------------------------------------
----------------------------------------
Timestamp: 6/7/2023 9:48:41 AM

Message: contentType : Telerik.Sitefinity.DynamicTypes.Model.Hospitals.Contactinfos action : Updated


----------------------------------------
----------------------------------------
Timestamp: 6/7/2023 9:48:41 AM

Message: contentType : Telerik.Sitefinity.DynamicTypes.Model.Hospitals.Contactinfos action : Updated


----------------------------------------
----------------------------------------
Timestamp: 6/7/2023 9:48:41 AM

Message: contentType : Telerik.Sitefinity.DynamicTypes.Model.Hospitals.Contactinfos action : Updated


----------------------------------------
----------------------------------------
Timestamp: 6/7/2023 9:48:41 AM

Message: contentType : Telerik.Sitefinity.DynamicTypes.Model.Hospitals.Contactinfos action : Updated


----------------------------------------
----------------------------------------
Timestamp: 6/7/2023 9:48:41 AM

Message: contentType : Telerik.Sitefinity.DynamicTypes.Model.Hospitals.Contactinfos action : Updated


----------------------------------------
----------------------------------------
Timestamp: 6/7/2023 9:48:41 AM

Message: contentType : Telerik.Sitefinity.DynamicTypes.Model.Hospitals.Contactinfos action : Updated


----------------------------------------
----------------------------------------
Timestamp: 6/7/2023 9:48:41 AM

Message: contentType : Telerik.Sitefinity.DynamicTypes.Model.Hospitals.Contactinfos action : Updated


----------------------------------------
----------------------------------------
Timestamp: 6/7/2023 9:48:41 AM

Message: contentType : Telerik.Sitefinity.DynamicTypes.Model.Hospitals.Contactinfos action : Updated


----------------------------------------
----------------------------------------
Timestamp: 6/7/2023 9:48:48 AM

Message: contentType : Telerik.Sitefinity.DynamicTypes.Model.Hospitals.Contactinfos action : Updated


----------------------------------------
----------------------------------------
Timestamp: 6/7/2023 9:48:48 AM

Message: contentType : Telerik.Sitefinity.DynamicTypes.Model.Hospitals.Contactinfos action : Updated


----------------------------------------
----------------------------------------
Timestamp: 6/7/2023 9:48:48 AM

Message: contentType : Telerik.Sitefinity.DynamicTypes.Model.Hospitals.Contactinfos action : Updated


----------------------------------------
----------------------------------------
Timestamp: 6/7/2023 9:48:48 AM

Message: contentType : Telerik.Sitefinity.DynamicTypes.Model.Hospitals.Contactinfos action : Updated


----------------------------------------
----------------------------------------
Timestamp: 6/7/2023 9:48:48 AM

Message: contentType : Telerik.Sitefinity.DynamicTypes.Model.Hospitals.Contactinfos action : Updated


----------------------------------------
----------------------------------------
Timestamp: 6/7/2023 9:48:48 AM

Message: contentType : Telerik.Sitefinity.DynamicTypes.Model.Hospitals.Contactinfos action : Updated


----------------------------------------
----------------------------------------
Timestamp: 6/7/2023 9:48:48 AM

Message: contentType : Telerik.Sitefinity.DynamicTypes.Model.Hospitals.Contactinfos action : Updated


----------------------------------------
----------------------------------------
Timestamp: 6/7/2023 9:48:48 AM

Message: contentType : Telerik.Sitefinity.DynamicTypes.Model.Hospitals.Contactinfos action : Updated


----------------------------------------
----------------------------------------
Timestamp: 6/7/2023 9:48:48 AM

Message: contentType : Telerik.Sitefinity.DynamicTypes.Model.Hospitals.Contactinfos action : Updated


----------------------------------------
----------------------------------------
Timestamp: 6/7/2023 9:48:48 AM

Message: contentType : Telerik.Sitefinity.DynamicTypes.Model.Hospitals.Contactinfos action : Updated


----------------------------------------
----------------------------------------
Timestamp: 6/7/2023 9:48:58 AM

Message: contentType : Telerik.Sitefinity.DynamicTypes.Model.Hospitals.Contactinfos action : New


----------------------------------------
----------------------------------------
Timestamp: 6/7/2023 9:48:58 AM

Message: contentType : Telerik.Sitefinity.DynamicTypes.Model.Hospitals.Contactinfos action : New


----------------------------------------
----------------------------------------
Timestamp: 6/7/2023 9:48:59 AM

Message: contentType : Telerik.Sitefinity.DynamicTypes.Model.Hospitals.Contactinfos action : Updated


----------------------------------------
----------------------------------------
Timestamp: 6/7/2023 9:48:59 AM

Message: contentType : Telerik.Sitefinity.DynamicTypes.Model.Hospitals.Contactinfos action : Updated


----------------------------------------
----------------------------------------
Timestamp: 6/7/2023 9:48:59 AM

Message: contentType : Telerik.Sitefinity.DynamicTypes.Model.Hospitals.Contactinfos action : Updated


----------------------------------------
----------------------------------------
Timestamp: 6/7/2023 9:48:59 AM

Message: contentType : Telerik.Sitefinity.DynamicTypes.Model.Hospitals.Contactinfos action : Updated


----------------------------------------
----------------------------------------
Timestamp: 6/7/2023 9:48:59 AM

Message: contentType : Telerik.Sitefinity.DynamicTypes.Model.Hospitals.Contactinfos action : Updated


----------------------------------------
----------------------------------------
Timestamp: 6/7/2023 9:48:59 AM

Message: contentType : Telerik.Sitefinity.DynamicTypes.Model.Hospitals.Contactinfos action : Updated


----------------------------------------
----------------------------------------
Timestamp: 6/7/2023 9:48:59 AM

Message: contentType : Telerik.Sitefinity.DynamicTypes.Model.Hospitals.Contactinfos action : Updated


----------------------------------------
----------------------------------------
Timestamp: 6/7/2023 9:48:59 AM

Message: contentType : Telerik.Sitefinity.DynamicTypes.Model.Hospitals.Contactinfos action : Updated


----------------------------------------
----------------------------------------
Timestamp: 6/7/2023 10:01:03 AM

Message: Scheduler: Task executed: 'Telerik.Sitefinity.ABTesting.Scheduling.ABTestsSyncTask'. Start time: 6/7/2023 10:01:03 AM. End time: 6/7/2023 10:01:03 AM. Task data: ''


----------------------------------------
----------------------------------------
Timestamp: 6/7/2023 12:35:48 PM

Message: contentType : Telerik.Sitefinity.DynamicTypes.Model.Form.Enquiries action : New


----------------------------------------
----------------------------------------
Timestamp: 6/7/2023 12:35:48 PM

Message: contentType : Telerik.Sitefinity.DynamicTypes.Model.Form.Enquiries action : New


----------------------------------------
----------------------------------------
Timestamp: 6/7/2023 12:35:48 PM

Message: contentType : Telerik.Sitefinity.DynamicTypes.Model.Form.Enquiries action : New


----------------------------------------
----------------------------------------
Timestamp: 6/7/2023 12:35:48 PM

Message: contentType : Telerik.Sitefinity.DynamicTypes.Model.Form.Enquiries action : New


----------------------------------------
----------------------------------------
Timestamp: 6/7/2023 12:35:49 PM

Message: contentType : Telerik.Sitefinity.DynamicTypes.Model.Form.Enquiries action : Updated


----------------------------------------
----------------------------------------
Timestamp: 6/7/2023 12:35:49 PM

Message: contentType : Telerik.Sitefinity.DynamicTypes.Model.Form.Enquiries action : Updated


----------------------------------------
----------------------------------------
Timestamp: 6/7/2023 12:35:49 PM

Message: contentType : Telerik.Sitefinity.DynamicTypes.Model.Form.Enquiries action : New


----------------------------------------
----------------------------------------
Timestamp: 6/7/2023 12:35:49 PM

Message: contentType : Telerik.Sitefinity.DynamicTypes.Model.Form.Enquiries action : Updated


----------------------------------------
----------------------------------------
Timestamp: 6/7/2023 12:35:52 PM

Message: contentType : Telerik.Sitefinity.DynamicTypes.Model.Form.Enquiries action : Updated


----------------------------------------
----------------------------------------
Timestamp: 6/7/2023 12:35:52 PM

Message: contentType : Telerik.Sitefinity.DynamicTypes.Model.Form.Enquiries action : New


----------------------------------------
----------------------------------------
Timestamp: 6/7/2023 4:00:07 PM

Message: Scheduler: Task executed: 'Telerik.Sitefinity.ExternalNotifications.ExternalNotificationsRetrieverTask'. Start time: 6/7/2023 4:00:07 PM. End time: 6/7/2023 4:00:07 PM. Task data: '{}'


----------------------------------------
----------------------------------------
Timestamp: 6/7/2023 4:00:07 PM

Message: Scheduler: Task executed: 'Telerik.Sitefinity.Services.Notifications.Scheduling.NotificationsCleanupTask'. Start time: 6/7/2023 4:00:07 PM. End time: 6/7/2023 4:00:07 PM. Task data: ''


----------------------------------------
----------------------------------------
Timestamp: 6/7/2023 4:00:07 PM

Message: Scheduler: Task executed: 'Telerik.Sitefinity.Translations.Synchronization.TranslationImportTask'. Start time: 6/7/2023 4:00:07 PM. End time: 6/7/2023 4:00:07 PM. Task data: ''


----------------------------------------
----------------------------------------
Timestamp: 6/7/2023 4:01:04 PM

Message: Scheduler: Task executed: 'Telerik.Sitefinity.ABTesting.Scheduling.ABTestsSyncTask'. Start time: 6/7/2023 4:01:04 PM. End time: 6/7/2023 4:01:04 PM. Task data: ''


----------------------------------------
----------------------------------------
Timestamp: 6/7/2023 5:00:01 PM

Message: Scheduler: Task executed: 'Telerik.Sitefinity.Versioning.Cleaner.VersioningCleanerTask'. Start time: 6/7/2023 5:00:01 PM. End time: 6/7/2023 5:00:01 PM. Task data: ''


----------------------------------------
