----------------------------------------
Timestamp: 6/10/2023 12:00:07 AM

Message: Scheduler: Task executed: 'Telerik.Sitefinity.Authentication.Data.TransientDataCleanupTask'. Start time: 6/10/2023 12:00:07 AM. End time: 6/10/2023 12:00:07 AM. Task data: ''


----------------------------------------
----------------------------------------
Timestamp: 6/10/2023 12:00:07 AM

Message: Scheduler: Task executed: 'Telerik.Sitefinity.Services.Notifications.Scheduling.NotificationsCleanupTask'. Start time: 6/10/2023 12:00:07 AM. End time: 6/10/2023 12:00:07 AM. Task data: ''


----------------------------------------
----------------------------------------
Timestamp: 6/10/2023 12:00:07 AM

Message: Scheduler: Task executed: 'Telerik.Sitefinity.ServiceHooks.Scheduling.ServiceHooksActivitiesCleanupTask'. Start time: 6/10/2023 12:00:07 AM. End time: 6/10/2023 12:00:07 AM. Task data: ''


----------------------------------------
----------------------------------------
Timestamp: 6/10/2023 12:00:07 AM

Message: Scheduler: Task executed: 'Telerik.Sitefinity.ExternalNotifications.ExternalNotificationsRetrieverTask'. Start time: 6/10/2023 12:00:07 AM. End time: 6/10/2023 12:00:07 AM. Task data: '{}'


----------------------------------------
----------------------------------------
Timestamp: 6/10/2023 12:00:07 AM

Message: Scheduler: Task executed: 'Telerik.Sitefinity.Translations.Synchronization.TranslationSyncTask'. Start time: 6/10/2023 12:00:07 AM. End time: 6/10/2023 12:00:07 AM. Task data: ''


----------------------------------------
----------------------------------------
Timestamp: 6/10/2023 12:00:08 AM

Message: Scheduler: Task executed: 'Telerik.Sitefinity.Translations.Synchronization.TranslationImportTask'. Start time: 6/10/2023 12:00:08 AM. End time: 6/10/2023 12:00:08 AM. Task data: ''


----------------------------------------
----------------------------------------
Timestamp: 6/10/2023 12:01:08 AM

Message: Scheduler: Task executed: 'Telerik.Sitefinity.ABTesting.Scheduling.ABTestsSyncTask'. Start time: 6/10/2023 12:01:08 AM. End time: 6/10/2023 12:01:08 AM. Task data: ''


----------------------------------------
----------------------------------------
Timestamp: 6/10/2023 6:01:08 AM

Message: Scheduler: Task executed: 'Telerik.Sitefinity.ABTesting.Scheduling.ABTestsSyncTask'. Start time: 6/10/2023 6:01:08 AM. End time: 6/10/2023 6:01:08 AM. Task data: ''


----------------------------------------
----------------------------------------
Timestamp: 6/10/2023 9:00:05 AM

Message: Scheduler: Task executed: 'Telerik.Sitefinity.Versioning.Cleaner.VersioningCleanerTask'. Start time: 6/10/2023 9:00:05 AM. End time: 6/10/2023 9:00:05 AM. Task data: ''


----------------------------------------
----------------------------------------
Timestamp: 6/10/2023 9:56:25 AM

Message: contentType : Telerik.Sitefinity.DynamicTypes.Model.Form.Appointments action : New


----------------------------------------
----------------------------------------
Timestamp: 6/10/2023 9:56:25 AM

Message: contentType : Telerik.Sitefinity.DynamicTypes.Model.Form.Appointments action : New


----------------------------------------
----------------------------------------
Timestamp: 6/10/2023 9:56:26 AM

Message: contentType : Telerik.Sitefinity.DynamicTypes.Model.Form.Appointments action : New


----------------------------------------
----------------------------------------
Timestamp: 6/10/2023 9:56:26 AM

Message: APpoiintment not image base64 value, SKIP


----------------------------------------
----------------------------------------
Timestamp: 6/10/2023 9:56:26 AM

Message: contentType : Telerik.Sitefinity.DynamicTypes.Model.Form.Appointments action : New


----------------------------------------
----------------------------------------
Timestamp: 6/10/2023 9:56:26 AM

Message: APpoiintment not image base64 value, SKIP


----------------------------------------
----------------------------------------
Timestamp: 6/10/2023 9:56:26 AM

Message: contentType : Telerik.Sitefinity.DynamicTypes.Model.Form.Appointments action : Updated


----------------------------------------
----------------------------------------
Timestamp: 6/10/2023 9:56:26 AM

Message: contentType : Telerik.Sitefinity.DynamicTypes.Model.Form.Appointments action : Updated


----------------------------------------
----------------------------------------
Timestamp: 6/10/2023 9:56:26 AM

Message: contentType : Telerik.Sitefinity.DynamicTypes.Model.Form.Appointments action : New


----------------------------------------
----------------------------------------
Timestamp: 6/10/2023 9:56:26 AM

Message: contentType : Telerik.Sitefinity.DynamicTypes.Model.Form.Appointments action : Updated


----------------------------------------
----------------------------------------
Timestamp: 6/10/2023 9:56:31 AM

Message: contentType : Telerik.Sitefinity.DynamicTypes.Model.Form.Appointments action : Updated


----------------------------------------
----------------------------------------
Timestamp: 6/10/2023 9:56:31 AM

Message: contentType : Telerik.Sitefinity.DynamicTypes.Model.Form.Appointments action : New


----------------------------------------
----------------------------------------
Timestamp: 6/10/2023 9:56:31 AM

Message: APpoiintment not image base64 value, SKIP


----------------------------------------
----------------------------------------
Timestamp: 6/10/2023 11:10:57 AM

Message: contentType : Telerik.Sitefinity.DynamicTypes.Model.Form.Appointments action : New


----------------------------------------
----------------------------------------
Timestamp: 6/10/2023 11:10:57 AM

Message: contentType : Telerik.Sitefinity.DynamicTypes.Model.Form.Appointments action : New


----------------------------------------
----------------------------------------
Timestamp: 6/10/2023 11:10:57 AM

Message: contentType : Telerik.Sitefinity.DynamicTypes.Model.Form.Appointments action : New


----------------------------------------
----------------------------------------
Timestamp: 6/10/2023 11:10:57 AM

Message: APpoiintment not image base64 value, SKIP


----------------------------------------
----------------------------------------
Timestamp: 6/10/2023 11:10:57 AM

Message: contentType : Telerik.Sitefinity.DynamicTypes.Model.Form.Appointments action : New


----------------------------------------
----------------------------------------
Timestamp: 6/10/2023 11:10:57 AM

Message: APpoiintment not image base64 value, SKIP


----------------------------------------
----------------------------------------
Timestamp: 6/10/2023 11:10:57 AM

Message: contentType : Telerik.Sitefinity.DynamicTypes.Model.Form.Appointments action : Updated


----------------------------------------
----------------------------------------
Timestamp: 6/10/2023 11:10:57 AM

Message: contentType : Telerik.Sitefinity.DynamicTypes.Model.Form.Appointments action : Updated


----------------------------------------
----------------------------------------
Timestamp: 6/10/2023 11:10:57 AM

Message: contentType : Telerik.Sitefinity.DynamicTypes.Model.Form.Appointments action : New


----------------------------------------
----------------------------------------
Timestamp: 6/10/2023 11:10:57 AM

Message: contentType : Telerik.Sitefinity.DynamicTypes.Model.Form.Appointments action : Updated


----------------------------------------
----------------------------------------
Timestamp: 6/10/2023 11:11:02 AM

Message: contentType : Telerik.Sitefinity.DynamicTypes.Model.Form.Appointments action : Updated


----------------------------------------
----------------------------------------
Timestamp: 6/10/2023 11:11:02 AM

Message: contentType : Telerik.Sitefinity.DynamicTypes.Model.Form.Appointments action : New


----------------------------------------
----------------------------------------
Timestamp: 6/10/2023 11:11:02 AM

Message: APpoiintment not image base64 value, SKIP


----------------------------------------
----------------------------------------
Timestamp: 6/10/2023 12:01:05 PM

Message: Scheduler: Task executed: 'Telerik.Sitefinity.ABTesting.Scheduling.ABTestsSyncTask'. Start time: 6/10/2023 12:01:05 PM. End time: 6/10/2023 12:01:05 PM. Task data: ''


----------------------------------------
----------------------------------------
Timestamp: 6/10/2023 4:00:06 PM

Message: contentType : Telerik.Sitefinity.Libraries.Model.Image action : Deleted


----------------------------------------
----------------------------------------
Timestamp: 6/10/2023 4:00:06 PM

Message: contentType : Telerik.Sitefinity.Libraries.Model.Image action : Deleted


----------------------------------------
----------------------------------------
Timestamp: 6/10/2023 4:00:06 PM

Message: contentType : Telerik.Sitefinity.Libraries.Model.Image action : Deleted


----------------------------------------
----------------------------------------
Timestamp: 6/10/2023 4:00:06 PM

Message: contentType : Telerik.Sitefinity.Libraries.Model.Image action : Deleted


----------------------------------------
----------------------------------------
Timestamp: 6/10/2023 4:00:06 PM

Message: contentType : Telerik.Sitefinity.Libraries.Model.Image action : Deleted


----------------------------------------
----------------------------------------
Timestamp: 6/10/2023 4:00:06 PM

Message: contentType : Telerik.Sitefinity.Libraries.Model.Image action : Deleted


----------------------------------------
----------------------------------------
Timestamp: 6/10/2023 4:00:06 PM

Message: contentType : Telerik.Sitefinity.Libraries.Model.Image action : Deleted


----------------------------------------
----------------------------------------
Timestamp: 6/10/2023 4:00:06 PM

Message: contentType : Telerik.Sitefinity.Libraries.Model.Image action : Deleted


----------------------------------------
----------------------------------------
Timestamp: 6/10/2023 4:00:06 PM

Message: contentType : Telerik.Sitefinity.Libraries.Model.Image action : Deleted


----------------------------------------
----------------------------------------
Timestamp: 6/10/2023 4:00:06 PM

Message: contentType : Telerik.Sitefinity.Libraries.Model.Image action : Deleted


----------------------------------------
----------------------------------------
Timestamp: 6/10/2023 4:00:06 PM

Message: contentType : Telerik.Sitefinity.Libraries.Model.Image action : Deleted


----------------------------------------
----------------------------------------
Timestamp: 6/10/2023 4:00:06 PM

Message: contentType : Telerik.Sitefinity.Libraries.Model.Image action : Deleted


----------------------------------------
----------------------------------------
Timestamp: 6/10/2023 4:00:06 PM

Message: contentType : Telerik.Sitefinity.Libraries.Model.Image action : Deleted


----------------------------------------
----------------------------------------
Timestamp: 6/10/2023 4:00:06 PM

Message: contentType : Telerik.Sitefinity.Libraries.Model.Image action : Deleted


----------------------------------------
----------------------------------------
Timestamp: 6/10/2023 4:00:06 PM

Message: contentType : Telerik.Sitefinity.Libraries.Model.Image action : Deleted


----------------------------------------
----------------------------------------
Timestamp: 6/10/2023 4:00:06 PM

Message: contentType : Telerik.Sitefinity.Libraries.Model.Image action : Deleted


----------------------------------------
----------------------------------------
Timestamp: 6/10/2023 4:00:08 PM

Message: contentType : Telerik.Sitefinity.DynamicTypes.Model.Hospitals.Section action : Deleted


----------------------------------------
----------------------------------------
Timestamp: 6/10/2023 4:00:08 PM

Message: contentType : Telerik.Sitefinity.DynamicTypes.Model.Hospitals.Section action : Deleted


----------------------------------------
----------------------------------------
Timestamp: 6/10/2023 4:00:08 PM

Message: contentType : Telerik.Sitefinity.DynamicTypes.Model.Hospitals.Section action : Deleted


----------------------------------------
----------------------------------------
Timestamp: 6/10/2023 4:00:08 PM

Message: contentType : Telerik.Sitefinity.DynamicTypes.Model.Hospitals.Section action : Deleted


----------------------------------------
----------------------------------------
Timestamp: 6/10/2023 4:00:08 PM

Message: contentType : Telerik.Sitefinity.DynamicTypes.Model.Hospitals.Section action : Deleted


----------------------------------------
----------------------------------------
Timestamp: 6/10/2023 4:00:08 PM

Message: contentType : Telerik.Sitefinity.DynamicTypes.Model.Hospitals.Section action : Deleted


----------------------------------------
----------------------------------------
Timestamp: 6/10/2023 4:00:08 PM

Message: contentType : Telerik.Sitefinity.DynamicTypes.Model.Hospitals.Section action : Deleted


----------------------------------------
----------------------------------------
Timestamp: 6/10/2023 4:00:08 PM

Message: contentType : Telerik.Sitefinity.DynamicTypes.Model.Hospitals.Section action : Deleted


----------------------------------------
----------------------------------------
Timestamp: 6/10/2023 4:00:08 PM

Message: contentType : Telerik.Sitefinity.DynamicTypes.Model.Hospitals.Section action : Deleted


----------------------------------------
----------------------------------------
Timestamp: 6/10/2023 4:00:08 PM

Message: contentType : Telerik.Sitefinity.DynamicTypes.Model.Hospitals.Section action : Deleted


----------------------------------------
----------------------------------------
Timestamp: 6/10/2023 4:00:08 PM

Message: contentType : Telerik.Sitefinity.DynamicTypes.Model.Hospitals.Section action : Deleted


----------------------------------------
----------------------------------------
Timestamp: 6/10/2023 4:00:08 PM

Message: contentType : Telerik.Sitefinity.DynamicTypes.Model.Hospitals.Section action : Deleted


----------------------------------------
----------------------------------------
Timestamp: 6/10/2023 4:00:08 PM

Message: contentType : Telerik.Sitefinity.DynamicTypes.Model.Hospitals.Section action : Deleted


----------------------------------------
----------------------------------------
Timestamp: 6/10/2023 4:00:08 PM

Message: contentType : Telerik.Sitefinity.DynamicTypes.Model.Hospitals.Section action : Deleted


----------------------------------------
----------------------------------------
Timestamp: 6/10/2023 4:00:08 PM

Message: contentType : Telerik.Sitefinity.DynamicTypes.Model.Hospitals.Section action : Deleted


----------------------------------------
----------------------------------------
Timestamp: 6/10/2023 4:00:08 PM

Message: contentType : Telerik.Sitefinity.DynamicTypes.Model.Hospitals.Section action : Deleted


----------------------------------------
----------------------------------------
Timestamp: 6/10/2023 4:00:08 PM

Message: contentType : Telerik.Sitefinity.DynamicTypes.Model.Hospitals.Articles action : Deleted


----------------------------------------
----------------------------------------
Timestamp: 6/10/2023 4:00:08 PM

Message: contentType : Telerik.Sitefinity.DynamicTypes.Model.Hospitals.Articles action : Deleted


----------------------------------------
----------------------------------------
Timestamp: 6/10/2023 4:00:08 PM

Message: contentType : Telerik.Sitefinity.DynamicTypes.Model.Hospitals.Articles action : Deleted


----------------------------------------
----------------------------------------
Timestamp: 6/10/2023 4:00:08 PM

Message: contentType : Telerik.Sitefinity.DynamicTypes.Model.Hospitals.Articles action : Deleted


----------------------------------------
----------------------------------------
Timestamp: 6/10/2023 4:00:08 PM

Message: contentType : Telerik.Sitefinity.DynamicTypes.Model.Hospitals.Articles action : Deleted


----------------------------------------
----------------------------------------
Timestamp: 6/10/2023 4:00:08 PM

Message: contentType : Telerik.Sitefinity.DynamicTypes.Model.Hospitals.Articles action : Deleted


----------------------------------------
----------------------------------------
Timestamp: 6/10/2023 4:00:10 PM

Message: contentType : Telerik.Sitefinity.DynamicTypes.Model.TravelGuides.airlines action : Deleted


----------------------------------------
----------------------------------------
Timestamp: 6/10/2023 4:00:10 PM

Message: contentType : Telerik.Sitefinity.DynamicTypes.Model.TravelGuides.airlines action : Deleted


----------------------------------------
----------------------------------------
Timestamp: 6/10/2023 4:00:10 PM

Message: contentType : Telerik.Sitefinity.DynamicTypes.Model.TravelGuides.airlines action : Deleted


----------------------------------------
----------------------------------------
Timestamp: 6/10/2023 4:00:10 PM

Message: contentType : Telerik.Sitefinity.DynamicTypes.Model.TravelGuides.airlines action : Deleted


----------------------------------------
----------------------------------------
Timestamp: 6/10/2023 4:00:10 PM

Message: contentType : Telerik.Sitefinity.DynamicTypes.Model.TravelGuides.airlines action : Deleted


----------------------------------------
----------------------------------------
Timestamp: 6/10/2023 4:00:10 PM

Message: contentType : Telerik.Sitefinity.DynamicTypes.Model.TravelGuides.airlines action : Deleted


----------------------------------------
----------------------------------------
Timestamp: 6/10/2023 4:00:10 PM

Message: contentType : Telerik.Sitefinity.DynamicTypes.Model.TravelGuides.airlines action : Deleted


----------------------------------------
----------------------------------------
Timestamp: 6/10/2023 4:00:10 PM

Message: contentType : Telerik.Sitefinity.DynamicTypes.Model.TravelGuides.airlines action : Deleted


----------------------------------------
----------------------------------------
Timestamp: 6/10/2023 4:00:10 PM

Message: contentType : Telerik.Sitefinity.DynamicTypes.Model.TravelGuides.airlines action : Deleted


----------------------------------------
----------------------------------------
Timestamp: 6/10/2023 4:00:10 PM

Message: contentType : Telerik.Sitefinity.DynamicTypes.Model.TravelGuides.airlines action : Deleted


----------------------------------------
----------------------------------------
Timestamp: 6/10/2023 4:00:10 PM

Message: contentType : Telerik.Sitefinity.DynamicTypes.Model.TravelGuides.airlines action : Deleted


----------------------------------------
----------------------------------------
Timestamp: 6/10/2023 4:00:10 PM

Message: contentType : Telerik.Sitefinity.DynamicTypes.Model.TravelGuides.airlines action : Deleted


----------------------------------------
----------------------------------------
Timestamp: 6/10/2023 4:00:10 PM

Message: contentType : Telerik.Sitefinity.DynamicTypes.Model.TravelGuides.airlines action : Deleted


----------------------------------------
----------------------------------------
Timestamp: 6/10/2023 4:00:10 PM

Message: contentType : Telerik.Sitefinity.DynamicTypes.Model.TravelGuides.airlines action : Deleted


----------------------------------------
----------------------------------------
Timestamp: 6/10/2023 4:00:10 PM

Message: contentType : Telerik.Sitefinity.DynamicTypes.Model.TravelGuides.airlines action : Deleted


----------------------------------------
----------------------------------------
Timestamp: 6/10/2023 4:00:10 PM

Message: contentType : Telerik.Sitefinity.DynamicTypes.Model.TravelGuides.airlines action : Deleted


----------------------------------------
----------------------------------------
Timestamp: 6/10/2023 4:00:10 PM

Message: contentType : Telerik.Sitefinity.DynamicTypes.Model.TravelGuides.airlines action : Deleted


----------------------------------------
----------------------------------------
Timestamp: 6/10/2023 4:00:10 PM

Message: contentType : Telerik.Sitefinity.DynamicTypes.Model.TravelGuides.airlines action : Deleted


----------------------------------------
----------------------------------------
Timestamp: 6/10/2023 4:00:10 PM

Message: contentType : Telerik.Sitefinity.DynamicTypes.Model.TravelGuides.airlines action : Deleted


----------------------------------------
----------------------------------------
Timestamp: 6/10/2023 4:00:10 PM

Message: contentType : Telerik.Sitefinity.DynamicTypes.Model.TravelGuides.airlines action : Deleted


----------------------------------------
----------------------------------------
Timestamp: 6/10/2023 4:00:10 PM

Message: Scheduler: Task executed: 'Telerik.Sitefinity.Lifecycle.Cleanup.TempItemsCleanupTask'. Start time: 6/10/2023 4:00:05 PM. End time: 6/10/2023 4:00:10 PM. Task data: ''


----------------------------------------
----------------------------------------
Timestamp: 6/10/2023 4:00:13 PM

Message: Scheduler: Task executed: 'Telerik.Sitefinity.UsageTracking.Scheduling.UsageTrackingTask'. Start time: 6/10/2023 4:00:07 PM. End time: 6/10/2023 4:00:13 PM. Task data: ''


----------------------------------------
----------------------------------------
Timestamp: 6/10/2023 4:41:29 PM

Message: contentType : Telerik.Sitefinity.DynamicTypes.Model.Form.Enquiries action : New


----------------------------------------
----------------------------------------
Timestamp: 6/10/2023 4:41:29 PM

Message: contentType : Telerik.Sitefinity.DynamicTypes.Model.Form.Enquiries action : New


----------------------------------------
----------------------------------------
Timestamp: 6/10/2023 4:41:29 PM

Message: contentType : Telerik.Sitefinity.DynamicTypes.Model.Form.Enquiries action : New


----------------------------------------
----------------------------------------
Timestamp: 6/10/2023 4:41:29 PM

Message: contentType : Telerik.Sitefinity.DynamicTypes.Model.Form.Enquiries action : New


----------------------------------------
----------------------------------------
Timestamp: 6/10/2023 4:41:30 PM

Message: contentType : Telerik.Sitefinity.DynamicTypes.Model.Form.Enquiries action : Updated


----------------------------------------
----------------------------------------
Timestamp: 6/10/2023 4:41:30 PM

Message: contentType : Telerik.Sitefinity.DynamicTypes.Model.Form.Enquiries action : Updated


----------------------------------------
----------------------------------------
Timestamp: 6/10/2023 4:41:30 PM

Message: contentType : Telerik.Sitefinity.DynamicTypes.Model.Form.Enquiries action : New


----------------------------------------
----------------------------------------
Timestamp: 6/10/2023 4:41:30 PM

Message: contentType : Telerik.Sitefinity.DynamicTypes.Model.Form.Enquiries action : Updated


----------------------------------------
----------------------------------------
Timestamp: 6/10/2023 4:41:32 PM

Message: contentType : Telerik.Sitefinity.DynamicTypes.Model.Form.Enquiries action : Updated


----------------------------------------
----------------------------------------
Timestamp: 6/10/2023 4:41:32 PM

Message: contentType : Telerik.Sitefinity.DynamicTypes.Model.Form.Enquiries action : New


----------------------------------------
----------------------------------------
Timestamp: 6/10/2023 6:01:08 PM

Message: Scheduler: Task executed: 'Telerik.Sitefinity.ABTesting.Scheduling.ABTestsSyncTask'. Start time: 6/10/2023 6:01:08 PM. End time: 6/10/2023 6:01:08 PM. Task data: ''


----------------------------------------
