----------------------------------------
Timestamp: 6/15/2023 2:36:05 AM

Message: contentType : Telerik.Sitefinity.DynamicTypes.Model.Form.Enquiries action : New


----------------------------------------
----------------------------------------
Timestamp: 6/15/2023 2:36:05 AM

Message: contentType : Telerik.Sitefinity.DynamicTypes.Model.Form.Enquiries action : New


----------------------------------------
----------------------------------------
Timestamp: 6/15/2023 2:36:05 AM

Message: contentType : Telerik.Sitefinity.DynamicTypes.Model.Form.Enquiries action : New


----------------------------------------
----------------------------------------
Timestamp: 6/15/2023 2:36:05 AM

Message: contentType : Telerik.Sitefinity.DynamicTypes.Model.Form.Enquiries action : New


----------------------------------------
----------------------------------------
Timestamp: 6/15/2023 2:36:06 AM

Message: contentType : Telerik.Sitefinity.DynamicTypes.Model.Form.Enquiries action : Updated


----------------------------------------
----------------------------------------
Timestamp: 6/15/2023 2:36:06 AM

Message: contentType : Telerik.Sitefinity.DynamicTypes.Model.Form.Enquiries action : Updated


----------------------------------------
----------------------------------------
Timestamp: 6/15/2023 2:36:06 AM

Message: contentType : Telerik.Sitefinity.DynamicTypes.Model.Form.Enquiries action : New


----------------------------------------
----------------------------------------
Timestamp: 6/15/2023 2:36:06 AM

Message: contentType : Telerik.Sitefinity.DynamicTypes.Model.Form.Enquiries action : Updated


----------------------------------------
----------------------------------------
Timestamp: 6/15/2023 2:36:09 AM

Message: contentType : Telerik.Sitefinity.DynamicTypes.Model.Form.Enquiries action : Updated


----------------------------------------
----------------------------------------
Timestamp: 6/15/2023 2:36:09 AM

Message: contentType : Telerik.Sitefinity.DynamicTypes.Model.Form.Enquiries action : New


----------------------------------------
----------------------------------------
Timestamp: 6/15/2023 6:01:01 AM

Message: Scheduler: Task executed: 'Telerik.Sitefinity.ABTesting.Scheduling.ABTestsSyncTask'. Start time: 6/15/2023 6:01:01 AM. End time: 6/15/2023 6:01:01 AM. Task data: ''


----------------------------------------
----------------------------------------
Timestamp: 6/15/2023 7:22:53 AM

Message: contentType : Telerik.Sitefinity.DynamicTypes.Model.Form.Appointments action : New


----------------------------------------
----------------------------------------
Timestamp: 6/15/2023 7:22:53 AM

Message: contentType : Telerik.Sitefinity.DynamicTypes.Model.Form.Appointments action : New


----------------------------------------
----------------------------------------
Timestamp: 6/15/2023 7:22:53 AM

Message: contentType : Telerik.Sitefinity.DynamicTypes.Model.Form.Appointments action : New


----------------------------------------
----------------------------------------
Timestamp: 6/15/2023 7:22:53 AM

Message: APpoiintment not image base64 value, SKIP


----------------------------------------
----------------------------------------
Timestamp: 6/15/2023 7:22:53 AM

Message: contentType : Telerik.Sitefinity.DynamicTypes.Model.Form.Appointments action : New


----------------------------------------
----------------------------------------
Timestamp: 6/15/2023 7:22:53 AM

Message: APpoiintment not image base64 value, SKIP


----------------------------------------
----------------------------------------
Timestamp: 6/15/2023 7:22:53 AM

Message: contentType : Telerik.Sitefinity.DynamicTypes.Model.Form.Appointments action : Updated


----------------------------------------
----------------------------------------
Timestamp: 6/15/2023 7:22:53 AM

Message: contentType : Telerik.Sitefinity.DynamicTypes.Model.Form.Appointments action : Updated


----------------------------------------
----------------------------------------
Timestamp: 6/15/2023 7:22:53 AM

Message: contentType : Telerik.Sitefinity.DynamicTypes.Model.Form.Appointments action : New


----------------------------------------
----------------------------------------
Timestamp: 6/15/2023 7:22:53 AM

Message: contentType : Telerik.Sitefinity.DynamicTypes.Model.Form.Appointments action : Updated


----------------------------------------
----------------------------------------
Timestamp: 6/15/2023 7:22:58 AM

Message: contentType : Telerik.Sitefinity.DynamicTypes.Model.Form.Appointments action : Updated


----------------------------------------
----------------------------------------
Timestamp: 6/15/2023 7:22:58 AM

Message: contentType : Telerik.Sitefinity.DynamicTypes.Model.Form.Appointments action : New


----------------------------------------
----------------------------------------
Timestamp: 6/15/2023 7:22:58 AM

Message: APpoiintment not image base64 value, SKIP


----------------------------------------
----------------------------------------
Timestamp: 6/15/2023 7:24:58 AM

Message: contentType : Telerik.Sitefinity.Libraries.Model.Document action : New


----------------------------------------
----------------------------------------
Timestamp: 6/15/2023 7:24:58 AM

Message: contentType : Telerik.Sitefinity.Libraries.Model.Document action : New


----------------------------------------
----------------------------------------
Timestamp: 6/15/2023 7:24:58 AM

Message: contentType : Telerik.Sitefinity.Libraries.Model.Document action : Updated


----------------------------------------
----------------------------------------
Timestamp: 6/15/2023 7:24:59 AM

Message: contentType : Telerik.Sitefinity.Libraries.Model.Document action : Updated


----------------------------------------
----------------------------------------
Timestamp: 6/15/2023 7:24:59 AM

Message: contentType : Telerik.Sitefinity.Libraries.Model.Document action : Updated


----------------------------------------
----------------------------------------
Timestamp: 6/15/2023 7:24:59 AM

Message: contentType : Telerik.Sitefinity.Libraries.Model.Document action : New


----------------------------------------
----------------------------------------
Timestamp: 6/15/2023 7:24:59 AM

Message: contentType : Telerik.Sitefinity.DynamicTypes.Model.Form.Appointments action : New


----------------------------------------
----------------------------------------
Timestamp: 6/15/2023 7:24:59 AM

Message: contentType : Telerik.Sitefinity.DynamicTypes.Model.Form.Appointments action : New


----------------------------------------
----------------------------------------
Timestamp: 6/15/2023 7:24:59 AM

Message: contentType : Telerik.Sitefinity.DynamicTypes.Model.Form.Appointments action : New


----------------------------------------
----------------------------------------
Timestamp: 6/15/2023 7:24:59 AM

Message: APpoiintment not image base64 value, SKIP


----------------------------------------
----------------------------------------
Timestamp: 6/15/2023 7:24:59 AM

Message: contentType : Telerik.Sitefinity.DynamicTypes.Model.Form.Appointments action : New


----------------------------------------
----------------------------------------
Timestamp: 6/15/2023 7:24:59 AM

Message: APpoiintment not image base64 value, SKIP


----------------------------------------
----------------------------------------
Timestamp: 6/15/2023 7:25:00 AM

Message: contentType : Telerik.Sitefinity.DynamicTypes.Model.Form.Appointments action : Updated


----------------------------------------
----------------------------------------
Timestamp: 6/15/2023 7:25:00 AM

Message: contentType : Telerik.Sitefinity.DynamicTypes.Model.Form.Appointments action : Updated


----------------------------------------
----------------------------------------
Timestamp: 6/15/2023 7:25:00 AM

Message: contentType : Telerik.Sitefinity.DynamicTypes.Model.Form.Appointments action : New


----------------------------------------
----------------------------------------
Timestamp: 6/15/2023 7:25:00 AM

Message: contentType : Telerik.Sitefinity.DynamicTypes.Model.Form.Appointments action : Updated


----------------------------------------
----------------------------------------
Timestamp: 6/15/2023 7:25:04 AM

Message: contentType : Telerik.Sitefinity.DynamicTypes.Model.Form.Appointments action : Updated


----------------------------------------
----------------------------------------
Timestamp: 6/15/2023 7:25:04 AM

Message: contentType : Telerik.Sitefinity.DynamicTypes.Model.Form.Appointments action : New


----------------------------------------
----------------------------------------
Timestamp: 6/15/2023 7:25:04 AM

Message: APpoiintment not image base64 value, SKIP


----------------------------------------
----------------------------------------
Timestamp: 6/15/2023 12:01:01 PM

Message: Scheduler: Task executed: 'Telerik.Sitefinity.ABTesting.Scheduling.ABTestsSyncTask'. Start time: 6/15/2023 12:01:01 PM. End time: 6/15/2023 12:01:01 PM. Task data: ''


----------------------------------------
----------------------------------------
Timestamp: 6/15/2023 6:01:08 PM

Message: Scheduler: Task executed: 'Telerik.Sitefinity.ABTesting.Scheduling.ABTestsSyncTask'. Start time: 6/15/2023 6:01:08 PM. End time: 6/15/2023 6:01:08 PM. Task data: ''


----------------------------------------
----------------------------------------
Timestamp: 6/15/2023 9:19:57 PM

Message: contentType : Telerik.Sitefinity.DynamicTypes.Model.Form.Appointments action : New


----------------------------------------
----------------------------------------
Timestamp: 6/15/2023 9:19:57 PM

Message: contentType : Telerik.Sitefinity.DynamicTypes.Model.Form.Appointments action : New


----------------------------------------
----------------------------------------
Timestamp: 6/15/2023 9:19:57 PM

Message: contentType : Telerik.Sitefinity.DynamicTypes.Model.Form.Appointments action : New


----------------------------------------
----------------------------------------
Timestamp: 6/15/2023 9:19:57 PM

Message: APpoiintment not image base64 value, SKIP


----------------------------------------
----------------------------------------
Timestamp: 6/15/2023 9:19:57 PM

Message: contentType : Telerik.Sitefinity.DynamicTypes.Model.Form.Appointments action : New


----------------------------------------
----------------------------------------
Timestamp: 6/15/2023 9:19:57 PM

Message: APpoiintment not image base64 value, SKIP


----------------------------------------
----------------------------------------
Timestamp: 6/15/2023 9:20:01 PM

Message: contentType : Telerik.Sitefinity.DynamicTypes.Model.Form.Appointments action : Updated


----------------------------------------
----------------------------------------
Timestamp: 6/15/2023 9:20:01 PM

Message: contentType : Telerik.Sitefinity.DynamicTypes.Model.Form.Appointments action : Updated


----------------------------------------
----------------------------------------
Timestamp: 6/15/2023 9:20:01 PM

Message: contentType : Telerik.Sitefinity.DynamicTypes.Model.Form.Appointments action : New


----------------------------------------
----------------------------------------
Timestamp: 6/15/2023 9:20:01 PM

Message: contentType : Telerik.Sitefinity.DynamicTypes.Model.Form.Appointments action : Updated


----------------------------------------
----------------------------------------
Timestamp: 6/15/2023 9:20:07 PM

Message: contentType : Telerik.Sitefinity.DynamicTypes.Model.Form.Appointments action : Updated


----------------------------------------
----------------------------------------
Timestamp: 6/15/2023 9:20:08 PM

Message: contentType : Telerik.Sitefinity.DynamicTypes.Model.Form.Appointments action : New


----------------------------------------
----------------------------------------
Timestamp: 6/15/2023 9:20:08 PM

Message: APpoiintment not image base64 value, SKIP


----------------------------------------
----------------------------------------
Timestamp: 6/15/2023 11:15:38 PM

Message: contentType : Telerik.Sitefinity.DynamicTypes.Model.Form.Appointments action : New


----------------------------------------
----------------------------------------
Timestamp: 6/15/2023 11:15:38 PM

Message: contentType : Telerik.Sitefinity.DynamicTypes.Model.Form.Appointments action : New


----------------------------------------
----------------------------------------
Timestamp: 6/15/2023 11:15:38 PM

Message: contentType : Telerik.Sitefinity.DynamicTypes.Model.Form.Appointments action : New


----------------------------------------
----------------------------------------
Timestamp: 6/15/2023 11:15:38 PM

Message: APpoiintment not image base64 value, SKIP


----------------------------------------
----------------------------------------
Timestamp: 6/15/2023 11:15:38 PM

Message: contentType : Telerik.Sitefinity.DynamicTypes.Model.Form.Appointments action : New


----------------------------------------
----------------------------------------
Timestamp: 6/15/2023 11:15:38 PM

Message: APpoiintment not image base64 value, SKIP


----------------------------------------
----------------------------------------
Timestamp: 6/15/2023 11:15:38 PM

Message: contentType : Telerik.Sitefinity.DynamicTypes.Model.Form.Appointments action : Updated


----------------------------------------
----------------------------------------
Timestamp: 6/15/2023 11:15:38 PM

Message: contentType : Telerik.Sitefinity.DynamicTypes.Model.Form.Appointments action : Updated


----------------------------------------
----------------------------------------
Timestamp: 6/15/2023 11:15:38 PM

Message: contentType : Telerik.Sitefinity.DynamicTypes.Model.Form.Appointments action : New


----------------------------------------
----------------------------------------
Timestamp: 6/15/2023 11:15:38 PM

Message: contentType : Telerik.Sitefinity.DynamicTypes.Model.Form.Appointments action : Updated


----------------------------------------
----------------------------------------
Timestamp: 6/15/2023 11:15:43 PM

Message: contentType : Telerik.Sitefinity.DynamicTypes.Model.Form.Appointments action : Updated


----------------------------------------
----------------------------------------
Timestamp: 6/15/2023 11:15:43 PM

Message: contentType : Telerik.Sitefinity.DynamicTypes.Model.Form.Appointments action : New


----------------------------------------
----------------------------------------
Timestamp: 6/15/2023 11:15:43 PM

Message: APpoiintment not image base64 value, SKIP


----------------------------------------
----------------------------------------
Timestamp: 6/16/2023 12:00:03 AM

Message: Scheduler: Task executed: 'Telerik.Sitefinity.Translations.Synchronization.TranslationSyncTask'. Start time: 6/16/2023 12:00:03 AM. End time: 6/16/2023 12:00:03 AM. Task data: ''


----------------------------------------
----------------------------------------
Timestamp: 6/16/2023 12:00:03 AM

Message: Scheduler: Task executed: 'Telerik.Sitefinity.ServiceHooks.Scheduling.ServiceHooksActivitiesCleanupTask'. Start time: 6/16/2023 12:00:03 AM. End time: 6/16/2023 12:00:03 AM. Task data: ''


----------------------------------------
----------------------------------------
Timestamp: 6/16/2023 12:00:03 AM

Message: Scheduler: Task executed: 'Telerik.Sitefinity.Services.Notifications.Scheduling.NotificationsCleanupTask'. Start time: 6/16/2023 12:00:03 AM. End time: 6/16/2023 12:00:03 AM. Task data: ''


----------------------------------------
----------------------------------------
Timestamp: 6/16/2023 12:00:07 AM

Message: Scheduler: Task executed: 'Telerik.Sitefinity.Authentication.Data.TransientDataCleanupTask'. Start time: 6/16/2023 12:00:07 AM. End time: 6/16/2023 12:00:07 AM. Task data: ''


----------------------------------------
----------------------------------------
Timestamp: 6/16/2023 12:00:07 AM

Message: Scheduler: Task executed: 'Telerik.Sitefinity.ExternalNotifications.ExternalNotificationsRetrieverTask'. Start time: 6/16/2023 12:00:07 AM. End time: 6/16/2023 12:00:07 AM. Task data: '{}'


----------------------------------------
----------------------------------------
Timestamp: 6/16/2023 12:00:07 AM

Message: Scheduler: Task executed: 'Telerik.Sitefinity.Translations.Synchronization.TranslationImportTask'. Start time: 6/16/2023 12:00:07 AM. End time: 6/16/2023 12:00:07 AM. Task data: ''


----------------------------------------
----------------------------------------
Timestamp: 6/16/2023 12:01:02 AM

Message: Scheduler: Task executed: 'Telerik.Sitefinity.ABTesting.Scheduling.ABTestsSyncTask'. Start time: 6/16/2023 12:01:02 AM. End time: 6/16/2023 12:01:02 AM. Task data: ''


----------------------------------------
----------------------------------------
Timestamp: 6/16/2023 1:00:09 AM

Message: Scheduler: Task executed: 'Telerik.Sitefinity.Versioning.Cleaner.VersioningCleanerTask'. Start time: 6/16/2023 1:00:09 AM. End time: 6/16/2023 1:00:09 AM. Task data: ''


----------------------------------------
----------------------------------------
Timestamp: 6/16/2023 1:47:32 AM

Message: contentType : Telerik.Sitefinity.DynamicTypes.Model.Form.Appointments action : New


----------------------------------------
----------------------------------------
Timestamp: 6/16/2023 1:47:32 AM

Message: contentType : Telerik.Sitefinity.DynamicTypes.Model.Form.Appointments action : New


----------------------------------------
----------------------------------------
Timestamp: 6/16/2023 1:47:33 AM

Message: contentType : Telerik.Sitefinity.DynamicTypes.Model.Form.Appointments action : New


----------------------------------------
----------------------------------------
Timestamp: 6/16/2023 1:47:33 AM

Message: APpoiintment not image base64 value, SKIP


----------------------------------------
----------------------------------------
Timestamp: 6/16/2023 1:47:33 AM

Message: contentType : Telerik.Sitefinity.DynamicTypes.Model.Form.Appointments action : New


----------------------------------------
----------------------------------------
Timestamp: 6/16/2023 1:47:33 AM

Message: APpoiintment not image base64 value, SKIP


----------------------------------------
----------------------------------------
Timestamp: 6/16/2023 1:47:33 AM

Message: contentType : Telerik.Sitefinity.DynamicTypes.Model.Form.Appointments action : Updated


----------------------------------------
----------------------------------------
Timestamp: 6/16/2023 1:47:33 AM

Message: contentType : Telerik.Sitefinity.DynamicTypes.Model.Form.Appointments action : Updated


----------------------------------------
----------------------------------------
Timestamp: 6/16/2023 1:47:33 AM

Message: contentType : Telerik.Sitefinity.DynamicTypes.Model.Form.Appointments action : New


----------------------------------------
----------------------------------------
Timestamp: 6/16/2023 1:47:33 AM

Message: contentType : Telerik.Sitefinity.DynamicTypes.Model.Form.Appointments action : Updated


----------------------------------------
----------------------------------------
Timestamp: 6/16/2023 1:47:38 AM

Message: contentType : Telerik.Sitefinity.DynamicTypes.Model.Form.Appointments action : Updated


----------------------------------------
----------------------------------------
Timestamp: 6/16/2023 1:47:38 AM

Message: contentType : Telerik.Sitefinity.DynamicTypes.Model.Form.Appointments action : New


----------------------------------------
----------------------------------------
Timestamp: 6/16/2023 1:47:38 AM

Message: APpoiintment not image base64 value, SKIP


----------------------------------------
