----------------------------------------
Timestamp: 6/4/2023 12:01:04 PM

Message: Scheduler: Task executed: 'Telerik.Sitefinity.ABTesting.Scheduling.ABTestsSyncTask'. Start time: 6/4/2023 12:01:04 PM. End time: 6/4/2023 12:01:04 PM. Task data: ''


----------------------------------------
----------------------------------------
Timestamp: 6/4/2023 2:02:55 PM

Message: contentType : Telerik.Sitefinity.DynamicTypes.Model.Form.Appointments action : New


----------------------------------------
----------------------------------------
Timestamp: 6/4/2023 2:02:55 PM

Message: contentType : Telerik.Sitefinity.DynamicTypes.Model.Form.Appointments action : New


----------------------------------------
----------------------------------------
Timestamp: 6/4/2023 2:02:55 PM

Message: contentType : Telerik.Sitefinity.DynamicTypes.Model.Form.Appointments action : New


----------------------------------------
----------------------------------------
Timestamp: 6/4/2023 2:02:55 PM

Message: APpoiintment not image base64 value, SKIP


----------------------------------------
----------------------------------------
Timestamp: 6/4/2023 2:02:55 PM

Message: contentType : Telerik.Sitefinity.DynamicTypes.Model.Form.Appointments action : New


----------------------------------------
----------------------------------------
Timestamp: 6/4/2023 2:02:55 PM

Message: APpoiintment not image base64 value, SKIP


----------------------------------------
----------------------------------------
Timestamp: 6/4/2023 2:02:56 PM

Message: contentType : Telerik.Sitefinity.DynamicTypes.Model.Form.Appointments action : Updated


----------------------------------------
----------------------------------------
Timestamp: 6/4/2023 2:02:56 PM

Message: contentType : Telerik.Sitefinity.DynamicTypes.Model.Form.Appointments action : Updated


----------------------------------------
----------------------------------------
Timestamp: 6/4/2023 2:02:56 PM

Message: contentType : Telerik.Sitefinity.DynamicTypes.Model.Form.Appointments action : New


----------------------------------------
----------------------------------------
Timestamp: 6/4/2023 2:02:56 PM

Message: contentType : Telerik.Sitefinity.DynamicTypes.Model.Form.Appointments action : Updated


----------------------------------------
----------------------------------------
Timestamp: 6/4/2023 2:03:01 PM

Message: contentType : Telerik.Sitefinity.DynamicTypes.Model.Form.Appointments action : Updated


----------------------------------------
----------------------------------------
Timestamp: 6/4/2023 2:03:01 PM

Message: contentType : Telerik.Sitefinity.DynamicTypes.Model.Form.Appointments action : New


----------------------------------------
----------------------------------------
Timestamp: 6/4/2023 2:03:01 PM

Message: APpoiintment not image base64 value, SKIP


----------------------------------------
----------------------------------------
Timestamp: 04/06/2023 15.02.52

Message: contentType : Telerik.Sitefinity.Pages.Model.PageNode action : Updated


----------------------------------------
----------------------------------------
Timestamp: 04/06/2023 15.02.52

Message: contentType : Telerik.Sitefinity.Pages.Model.PageNode action : Updated


----------------------------------------
----------------------------------------
Timestamp: 04/06/2023 15.02.52

Message: contentType : Telerik.Sitefinity.Pages.Model.PageNode action : Updated


----------------------------------------
----------------------------------------
Timestamp: 04/06/2023 15.02.52

Message: Page url id updated


----------------------------------------
----------------------------------------
Timestamp: 04/06/2023 15.02.52

Message: contentType : Telerik.Sitefinity.Pages.Model.PageNode action : Updated


----------------------------------------
----------------------------------------
Timestamp: 04/06/2023 15.02.52

Message: Page url id updated


----------------------------------------
----------------------------------------
Timestamp: 04/06/2023 15.02.52

Message: Page url id updated


----------------------------------------
----------------------------------------
Timestamp: 04/06/2023 15.02.52

Message: Page url id updated


----------------------------------------
----------------------------------------
Timestamp: 04/06/2023 15.02.52

Message: contentType : Telerik.Sitefinity.Pages.Model.PageNode action : Updated


----------------------------------------
----------------------------------------
Timestamp: 04/06/2023 15.02.52

Message: Page url id updated


----------------------------------------
----------------------------------------
Timestamp: 04/06/2023 15.02.52

Message: contentType : Telerik.Sitefinity.Pages.Model.PageNode action : Updated


----------------------------------------
----------------------------------------
Timestamp: 04/06/2023 15.02.52

Message: contentType : Telerik.Sitefinity.Pages.Model.PageNode action : Updated


----------------------------------------
----------------------------------------
Timestamp: 04/06/2023 15.02.52

Message: Page url id updated


----------------------------------------
----------------------------------------
Timestamp: 04/06/2023 15.02.52

Message: contentType : Telerik.Sitefinity.Pages.Model.PageNode action : Updated


----------------------------------------
----------------------------------------
Timestamp: 04/06/2023 15.02.52

Message: Page url id updated


----------------------------------------
----------------------------------------
Timestamp: 04/06/2023 15.02.52

Message: Page url id updated


----------------------------------------
----------------------------------------
Timestamp: 04/06/2023 15.02.52

Message: contentType : Telerik.Sitefinity.Pages.Model.PageNode action : Updated


----------------------------------------
----------------------------------------
Timestamp: 04/06/2023 15.02.52

Message: Page url id updated


----------------------------------------
----------------------------------------
Timestamp: 04/06/2023 15.02.52

Message: contentType : Telerik.Sitefinity.Pages.Model.PageNode action : Updated


----------------------------------------
----------------------------------------
Timestamp: 04/06/2023 15.02.52

Message: Page url id updated


----------------------------------------
----------------------------------------
Timestamp: 04/06/2023 15.02.52

Message: contentType : Telerik.Sitefinity.Pages.Model.PageNode action : Updated


----------------------------------------
----------------------------------------
Timestamp: 04/06/2023 15.02.52

Message: Page url id updated


----------------------------------------
----------------------------------------
Timestamp: 04/06/2023 15.02.52

Message: contentType : Telerik.Sitefinity.Pages.Model.PageNode action : Updated


----------------------------------------
----------------------------------------
Timestamp: 04/06/2023 15.02.52

Message: Page url id updated


----------------------------------------
----------------------------------------
Timestamp: 04/06/2023 15.03.24

Message: contentType : Telerik.Sitefinity.Pages.Model.PageNode action : Updated


----------------------------------------
----------------------------------------
Timestamp: 04/06/2023 15.03.24

Message: Page url id updated


----------------------------------------
----------------------------------------
Timestamp: 04/06/2023 15.03.24

Message: contentType : Telerik.Sitefinity.Pages.Model.PageNode action : Updated


----------------------------------------
----------------------------------------
Timestamp: 04/06/2023 15.03.24

Message: Page url id updated


----------------------------------------
----------------------------------------
Timestamp: 04/06/2023 15.04.01

Message: contentType : Telerik.Sitefinity.Pages.Model.PageNode action : Updated


----------------------------------------
----------------------------------------
Timestamp: 04/06/2023 15.04.01

Message: Page url id updated


----------------------------------------
----------------------------------------
Timestamp: 04/06/2023 15.04.01

Message: contentType : Telerik.Sitefinity.Pages.Model.PageNode action : Updated


----------------------------------------
----------------------------------------
Timestamp: 04/06/2023 15.04.01

Message: Page url id updated


----------------------------------------
----------------------------------------
Timestamp: 04/06/2023 15.04.08

Message: contentType : Telerik.Sitefinity.Pages.Model.PageNode action : Updated


----------------------------------------
----------------------------------------
Timestamp: 04/06/2023 15.04.08

Message: Page url id updated


----------------------------------------
----------------------------------------
Timestamp: 04/06/2023 15.04.43

Message: contentType : Telerik.Sitefinity.Pages.Model.PageNode action : Updated


----------------------------------------
----------------------------------------
Timestamp: 04/06/2023 15.04.43

Message: Page url id updated


----------------------------------------
----------------------------------------
Timestamp: 04/06/2023 15.04.43

Message: contentType : Telerik.Sitefinity.Pages.Model.PageNode action : Updated


----------------------------------------
----------------------------------------
Timestamp: 04/06/2023 15.04.43

Message: Page url id updated


----------------------------------------
----------------------------------------
Timestamp: 04/06/2023 15.05.07

Message: contentType : Telerik.Sitefinity.Pages.Model.PageNode action : Updated


----------------------------------------
----------------------------------------
Timestamp: 04/06/2023 15.05.07

Message: Page url id updated


----------------------------------------
----------------------------------------
Timestamp: 04/06/2023 15.05.07

Message: contentType : Telerik.Sitefinity.Pages.Model.PageNode action : Updated


----------------------------------------
----------------------------------------
Timestamp: 04/06/2023 15.05.07

Message: Page url id updated


----------------------------------------
----------------------------------------
Timestamp: 04/06/2023 15.05.26

Message: contentType : Telerik.Sitefinity.Pages.Model.PageNode action : Updated


----------------------------------------
----------------------------------------
Timestamp: 04/06/2023 15.05.26

Message: Page url id updated


----------------------------------------
----------------------------------------
Timestamp: 04/06/2023 15.05.26

Message: contentType : Telerik.Sitefinity.Pages.Model.PageNode action : Updated


----------------------------------------
----------------------------------------
Timestamp: 04/06/2023 15.05.26

Message: Page url id updated


----------------------------------------
----------------------------------------
Timestamp: 04/06/2023 15.05.35

Message: contentType : Telerik.Sitefinity.Pages.Model.PageNode action : Updated


----------------------------------------
----------------------------------------
Timestamp: 04/06/2023 15.05.35

Message: Page url id updated


----------------------------------------
----------------------------------------
Timestamp: 04/06/2023 15.05.35

Message: contentType : Telerik.Sitefinity.Pages.Model.PageNode action : Updated


----------------------------------------
----------------------------------------
Timestamp: 04/06/2023 15.05.35

Message: Page url id updated


----------------------------------------
----------------------------------------
Timestamp: 04/06/2023 15.05.44

Message: contentType : Telerik.Sitefinity.Pages.Model.PageNode action : Updated


----------------------------------------
----------------------------------------
Timestamp: 04/06/2023 15.05.44

Message: Page url id updated


----------------------------------------
----------------------------------------
Timestamp: 04/06/2023 15.05.44

Message: contentType : Telerik.Sitefinity.Pages.Model.PageNode action : Updated


----------------------------------------
----------------------------------------
Timestamp: 04/06/2023 15.05.44

Message: Page url id updated


----------------------------------------
----------------------------------------
Timestamp: 04/06/2023 15.05.53

Message: contentType : Telerik.Sitefinity.Pages.Model.PageNode action : Updated


----------------------------------------
----------------------------------------
Timestamp: 04/06/2023 15.05.53

Message: Page url id updated


----------------------------------------
----------------------------------------
Timestamp: 04/06/2023 15.05.53

Message: contentType : Telerik.Sitefinity.Pages.Model.PageNode action : Updated


----------------------------------------
----------------------------------------
Timestamp: 04/06/2023 15.05.53

Message: Page url id updated


----------------------------------------
----------------------------------------
Timestamp: 04/06/2023 15.06.01

Message: contentType : Telerik.Sitefinity.Pages.Model.PageNode action : Updated


----------------------------------------
----------------------------------------
Timestamp: 04/06/2023 15.06.01

Message: Page url id updated


----------------------------------------
----------------------------------------
Timestamp: 04/06/2023 15.06.01

Message: contentType : Telerik.Sitefinity.Pages.Model.PageNode action : Updated


----------------------------------------
----------------------------------------
Timestamp: 04/06/2023 15.06.01

Message: Page url id updated


----------------------------------------
----------------------------------------
Timestamp: 04/06/2023 15.06.09

Message: contentType : Telerik.Sitefinity.Pages.Model.PageNode action : Updated


----------------------------------------
----------------------------------------
Timestamp: 04/06/2023 15.06.09

Message: Page url id updated


----------------------------------------
----------------------------------------
Timestamp: 04/06/2023 15.06.09

Message: contentType : Telerik.Sitefinity.Pages.Model.PageNode action : Updated


----------------------------------------
----------------------------------------
Timestamp: 04/06/2023 15.06.09

Message: Page url id updated


----------------------------------------
----------------------------------------
Timestamp: 04/06/2023 15.06.17

Message: contentType : Telerik.Sitefinity.Pages.Model.PageNode action : Updated


----------------------------------------
----------------------------------------
Timestamp: 04/06/2023 15.06.17

Message: Page url id updated


----------------------------------------
----------------------------------------
Timestamp: 04/06/2023 15.06.17

Message: contentType : Telerik.Sitefinity.Pages.Model.PageNode action : Updated


----------------------------------------
----------------------------------------
Timestamp: 04/06/2023 15.06.17

Message: Page url id updated


----------------------------------------
----------------------------------------
Timestamp: 04/06/2023 15.06.40

Message: contentType : Telerik.Sitefinity.Pages.Model.PageNode action : Updated


----------------------------------------
----------------------------------------
Timestamp: 04/06/2023 15.06.40

Message: Page url id updated


----------------------------------------
----------------------------------------
Timestamp: 04/06/2023 15.06.40

Message: contentType : Telerik.Sitefinity.Pages.Model.PageNode action : Updated


----------------------------------------
----------------------------------------
Timestamp: 04/06/2023 15.06.40

Message: Page url id updated


----------------------------------------
----------------------------------------
Timestamp: 04/06/2023 15.06.48

Message: contentType : Telerik.Sitefinity.Pages.Model.PageNode action : Updated


----------------------------------------
----------------------------------------
Timestamp: 04/06/2023 15.06.48

Message: Page url id updated


----------------------------------------
----------------------------------------
Timestamp: 04/06/2023 15.06.48

Message: contentType : Telerik.Sitefinity.Pages.Model.PageNode action : Updated


----------------------------------------
----------------------------------------
Timestamp: 04/06/2023 15.06.48

Message: Page url id updated


----------------------------------------
----------------------------------------
Timestamp: 04/06/2023 15.07.08

Message: contentType : Telerik.Sitefinity.Pages.Model.PageNode action : Updated


----------------------------------------
----------------------------------------
Timestamp: 04/06/2023 15.07.08

Message: Page url id updated


----------------------------------------
----------------------------------------
Timestamp: 04/06/2023 15.07.08

Message: contentType : Telerik.Sitefinity.Pages.Model.PageNode action : Updated


----------------------------------------
----------------------------------------
Timestamp: 04/06/2023 15.07.08

Message: Page url id updated


----------------------------------------
----------------------------------------
Timestamp: 04/06/2023 15.11.03

Message: contentType : Telerik.Sitefinity.Pages.Model.PageNode action : Updated


----------------------------------------
----------------------------------------
Timestamp: 04/06/2023 15.11.03

Message: Page url id updated


----------------------------------------
----------------------------------------
Timestamp: 04/06/2023 15.11.03

Message: contentType : Telerik.Sitefinity.Pages.Model.PageNode action : Updated


----------------------------------------
----------------------------------------
Timestamp: 04/06/2023 15.11.03

Message: Page url id updated


----------------------------------------
----------------------------------------
Timestamp: 04/06/2023 15.11.12

Message: contentType : Telerik.Sitefinity.Pages.Model.PageNode action : Updated


----------------------------------------
----------------------------------------
Timestamp: 04/06/2023 15.11.12

Message: Page url id updated


----------------------------------------
----------------------------------------
Timestamp: 04/06/2023 15.11.12

Message: contentType : Telerik.Sitefinity.Pages.Model.PageNode action : Updated


----------------------------------------
----------------------------------------
Timestamp: 04/06/2023 15.11.12

Message: Page url id updated


----------------------------------------
----------------------------------------
Timestamp: 04/06/2023 15.11.21

Message: contentType : Telerik.Sitefinity.Pages.Model.PageNode action : Updated


----------------------------------------
----------------------------------------
Timestamp: 04/06/2023 15.11.21

Message: Page url id updated


----------------------------------------
----------------------------------------
Timestamp: 04/06/2023 15.11.21

Message: contentType : Telerik.Sitefinity.Pages.Model.PageNode action : Updated


----------------------------------------
----------------------------------------
Timestamp: 04/06/2023 15.11.21

Message: Page url id updated


----------------------------------------
----------------------------------------
Timestamp: 04/06/2023 15.11.34

Message: contentType : Telerik.Sitefinity.Pages.Model.PageNode action : Updated


----------------------------------------
----------------------------------------
Timestamp: 04/06/2023 15.11.34

Message: Page url id updated


----------------------------------------
----------------------------------------
Timestamp: 04/06/2023 15.11.34

Message: contentType : Telerik.Sitefinity.Pages.Model.PageNode action : Updated


----------------------------------------
----------------------------------------
Timestamp: 04/06/2023 15.11.34

Message: Page url id updated


----------------------------------------
----------------------------------------
Timestamp: 04/06/2023 15.11.45

Message: contentType : Telerik.Sitefinity.Pages.Model.PageNode action : Updated


----------------------------------------
----------------------------------------
Timestamp: 04/06/2023 15.11.45

Message: Page url id updated


----------------------------------------
----------------------------------------
Timestamp: 04/06/2023 15.11.45

Message: contentType : Telerik.Sitefinity.Pages.Model.PageNode action : Updated


----------------------------------------
----------------------------------------
Timestamp: 04/06/2023 15.11.45

Message: Page url id updated


----------------------------------------
----------------------------------------
Timestamp: 04/06/2023 15.11.54

Message: contentType : Telerik.Sitefinity.Pages.Model.PageNode action : Updated


----------------------------------------
----------------------------------------
Timestamp: 04/06/2023 15.11.54

Message: Page url id updated


----------------------------------------
----------------------------------------
Timestamp: 04/06/2023 15.11.54

Message: contentType : Telerik.Sitefinity.Pages.Model.PageNode action : Updated


----------------------------------------
----------------------------------------
Timestamp: 04/06/2023 15.11.54

Message: Page url id updated


----------------------------------------
----------------------------------------
Timestamp: 04/06/2023 15.12.02

Message: contentType : Telerik.Sitefinity.Pages.Model.PageNode action : Updated


----------------------------------------
----------------------------------------
Timestamp: 04/06/2023 15.12.02

Message: Page url id updated


----------------------------------------
----------------------------------------
Timestamp: 04/06/2023 15.12.02

Message: contentType : Telerik.Sitefinity.Pages.Model.PageNode action : Updated


----------------------------------------
----------------------------------------
Timestamp: 04/06/2023 15.12.02

Message: Page url id updated


----------------------------------------
----------------------------------------
Timestamp: 04/06/2023 15.12.10

Message: contentType : Telerik.Sitefinity.Pages.Model.PageNode action : Updated


----------------------------------------
----------------------------------------
Timestamp: 04/06/2023 15.12.10

Message: Page url id updated


----------------------------------------
----------------------------------------
Timestamp: 04/06/2023 15.12.10

Message: contentType : Telerik.Sitefinity.Pages.Model.PageNode action : Updated


----------------------------------------
----------------------------------------
Timestamp: 04/06/2023 15.12.10

Message: Page url id updated


----------------------------------------
----------------------------------------
Timestamp: 04/06/2023 15.12.19

Message: contentType : Telerik.Sitefinity.Pages.Model.PageNode action : Updated


----------------------------------------
----------------------------------------
Timestamp: 04/06/2023 15.12.19

Message: Page url id updated


----------------------------------------
----------------------------------------
Timestamp: 04/06/2023 15.12.19

Message: contentType : Telerik.Sitefinity.Pages.Model.PageNode action : Updated


----------------------------------------
----------------------------------------
Timestamp: 04/06/2023 15.12.19

Message: Page url id updated


----------------------------------------
----------------------------------------
Timestamp: 04/06/2023 15.17.30

Message: contentType : Telerik.Sitefinity.Pages.Model.PageNode action : Updated


----------------------------------------
----------------------------------------
Timestamp: 04/06/2023 15.17.30

Message: Page url id updated


----------------------------------------
----------------------------------------
Timestamp: 04/06/2023 15.17.30

Message: contentType : Telerik.Sitefinity.Pages.Model.PageNode action : Updated


----------------------------------------
----------------------------------------
Timestamp: 04/06/2023 15.17.30

Message: Page url id updated


----------------------------------------
----------------------------------------
Timestamp: 04/06/2023 15.17.38

Message: contentType : Telerik.Sitefinity.Pages.Model.PageNode action : Updated


----------------------------------------
----------------------------------------
Timestamp: 04/06/2023 15.17.38

Message: Page url id updated


----------------------------------------
----------------------------------------
Timestamp: 04/06/2023 15.17.38

Message: contentType : Telerik.Sitefinity.Pages.Model.PageNode action : Updated


----------------------------------------
----------------------------------------
Timestamp: 04/06/2023 15.17.38

Message: Page url id updated


----------------------------------------
----------------------------------------
Timestamp: 04/06/2023 15.17.47

Message: contentType : Telerik.Sitefinity.Pages.Model.PageNode action : Updated


----------------------------------------
----------------------------------------
Timestamp: 04/06/2023 15.17.47

Message: Page url id updated


----------------------------------------
----------------------------------------
Timestamp: 04/06/2023 15.17.47

Message: contentType : Telerik.Sitefinity.Pages.Model.PageNode action : Updated


----------------------------------------
----------------------------------------
Timestamp: 04/06/2023 15.17.47

Message: Page url id updated


----------------------------------------
----------------------------------------
Timestamp: 04/06/2023 15.25.29

Message: contentType : Telerik.Sitefinity.Pages.Model.PageNode action : Updated


----------------------------------------
----------------------------------------
Timestamp: 04/06/2023 15.25.29

Message: Page url id updated


----------------------------------------
----------------------------------------
Timestamp: 04/06/2023 15.25.29

Message: contentType : Telerik.Sitefinity.Pages.Model.PageNode action : Updated


----------------------------------------
----------------------------------------
Timestamp: 04/06/2023 15.25.29

Message: Page url id updated


----------------------------------------
----------------------------------------
Timestamp: 04/06/2023 15.25.38

Message: contentType : Telerik.Sitefinity.Pages.Model.PageNode action : Updated


----------------------------------------
----------------------------------------
Timestamp: 04/06/2023 15.25.38

Message: Page url id updated


----------------------------------------
----------------------------------------
Timestamp: 04/06/2023 15.25.38

Message: contentType : Telerik.Sitefinity.Pages.Model.PageNode action : Updated


----------------------------------------
----------------------------------------
Timestamp: 04/06/2023 15.25.38

Message: Page url id updated


----------------------------------------
----------------------------------------
Timestamp: 04/06/2023 15.27.54

Message: contentType : Telerik.Sitefinity.Pages.Model.PageNode action : Updated


----------------------------------------
----------------------------------------
Timestamp: 04/06/2023 15.27.54

Message: Page url id updated


----------------------------------------
----------------------------------------
Timestamp: 04/06/2023 15.27.54

Message: contentType : Telerik.Sitefinity.Pages.Model.PageNode action : Updated


----------------------------------------
----------------------------------------
Timestamp: 04/06/2023 15.27.54

Message: Page url id updated


----------------------------------------
----------------------------------------
Timestamp: 04/06/2023 15.28.04

Message: contentType : Telerik.Sitefinity.Pages.Model.PageNode action : Updated


----------------------------------------
----------------------------------------
Timestamp: 04/06/2023 15.28.04

Message: Page url id updated


----------------------------------------
----------------------------------------
Timestamp: 04/06/2023 15.28.04

Message: contentType : Telerik.Sitefinity.Pages.Model.PageNode action : Updated


----------------------------------------
----------------------------------------
Timestamp: 04/06/2023 15.28.04

Message: Page url id updated


----------------------------------------
----------------------------------------
Timestamp: 04/06/2023 15.28.13

Message: contentType : Telerik.Sitefinity.Pages.Model.PageNode action : Updated


----------------------------------------
----------------------------------------
Timestamp: 04/06/2023 15.28.13

Message: Page url id updated


----------------------------------------
----------------------------------------
Timestamp: 04/06/2023 15.28.13

Message: contentType : Telerik.Sitefinity.Pages.Model.PageNode action : Updated


----------------------------------------
----------------------------------------
Timestamp: 04/06/2023 15.28.13

Message: Page url id updated


----------------------------------------
----------------------------------------
Timestamp: 04/06/2023 15.28.22

Message: contentType : Telerik.Sitefinity.Pages.Model.PageNode action : Updated


----------------------------------------
----------------------------------------
Timestamp: 04/06/2023 15.28.22

Message: Page url id updated


----------------------------------------
----------------------------------------
Timestamp: 04/06/2023 15.28.22

Message: contentType : Telerik.Sitefinity.Pages.Model.PageNode action : Updated


----------------------------------------
----------------------------------------
Timestamp: 04/06/2023 15.28.22

Message: Page url id updated


----------------------------------------
----------------------------------------
Timestamp: 04/06/2023 15.28.30

Message: contentType : Telerik.Sitefinity.Pages.Model.PageNode action : Updated


----------------------------------------
----------------------------------------
Timestamp: 04/06/2023 15.28.30

Message: Page url id updated


----------------------------------------
----------------------------------------
Timestamp: 04/06/2023 15.28.30

Message: contentType : Telerik.Sitefinity.Pages.Model.PageNode action : Updated


----------------------------------------
----------------------------------------
Timestamp: 04/06/2023 15.28.30

Message: Page url id updated


----------------------------------------
----------------------------------------
Timestamp: 04/06/2023 15.28.38

Message: contentType : Telerik.Sitefinity.Pages.Model.PageNode action : Updated


----------------------------------------
----------------------------------------
Timestamp: 04/06/2023 15.28.38

Message: Page url id updated


----------------------------------------
----------------------------------------
Timestamp: 04/06/2023 15.28.38

Message: contentType : Telerik.Sitefinity.Pages.Model.PageNode action : Updated


----------------------------------------
----------------------------------------
Timestamp: 04/06/2023 15.28.38

Message: Page url id updated


----------------------------------------
----------------------------------------
Timestamp: 04/06/2023 15.28.47

Message: contentType : Telerik.Sitefinity.Pages.Model.PageNode action : Updated


----------------------------------------
----------------------------------------
Timestamp: 04/06/2023 15.28.47

Message: Page url id updated


----------------------------------------
----------------------------------------
Timestamp: 04/06/2023 15.28.47

Message: contentType : Telerik.Sitefinity.Pages.Model.PageNode action : Updated


----------------------------------------
----------------------------------------
Timestamp: 04/06/2023 15.28.47

Message: Page url id updated


----------------------------------------
----------------------------------------
Timestamp: 04/06/2023 15.28.57

Message: contentType : Telerik.Sitefinity.Pages.Model.PageNode action : Updated


----------------------------------------
----------------------------------------
Timestamp: 04/06/2023 15.28.57

Message: Page url id updated


----------------------------------------
----------------------------------------
Timestamp: 04/06/2023 15.28.57

Message: contentType : Telerik.Sitefinity.Pages.Model.PageNode action : Updated


----------------------------------------
----------------------------------------
Timestamp: 04/06/2023 15.28.57

Message: Page url id updated


----------------------------------------
----------------------------------------
Timestamp: 04/06/2023 15.29.04

Message: contentType : Telerik.Sitefinity.Pages.Model.PageNode action : Updated


----------------------------------------
----------------------------------------
Timestamp: 04/06/2023 15.29.04

Message: Page url id updated


----------------------------------------
----------------------------------------
Timestamp: 04/06/2023 15.29.04

Message: contentType : Telerik.Sitefinity.Pages.Model.PageNode action : Updated


----------------------------------------
----------------------------------------
Timestamp: 04/06/2023 15.29.04

Message: Page url id updated


----------------------------------------
----------------------------------------
Timestamp: 04/06/2023 15.29.11

Message: contentType : Telerik.Sitefinity.Pages.Model.PageNode action : Updated


----------------------------------------
----------------------------------------
Timestamp: 04/06/2023 15.29.11

Message: Page url id updated


----------------------------------------
----------------------------------------
Timestamp: 04/06/2023 15.29.11

Message: contentType : Telerik.Sitefinity.Pages.Model.PageNode action : Updated


----------------------------------------
----------------------------------------
Timestamp: 04/06/2023 15.29.11

Message: Page url id updated


----------------------------------------
----------------------------------------
Timestamp: 04/06/2023 15.29.18

Message: contentType : Telerik.Sitefinity.Pages.Model.PageNode action : Updated


----------------------------------------
----------------------------------------
Timestamp: 04/06/2023 15.29.18

Message: Page url id updated


----------------------------------------
----------------------------------------
Timestamp: 04/06/2023 15.29.18

Message: contentType : Telerik.Sitefinity.Pages.Model.PageNode action : Updated


----------------------------------------
----------------------------------------
Timestamp: 04/06/2023 15.29.18

Message: Page url id updated


----------------------------------------
----------------------------------------
Timestamp: 04/06/2023 15.29.26

Message: contentType : Telerik.Sitefinity.Pages.Model.PageNode action : Updated


----------------------------------------
----------------------------------------
Timestamp: 04/06/2023 15.29.26

Message: Page url id updated


----------------------------------------
----------------------------------------
Timestamp: 04/06/2023 15.29.26

Message: contentType : Telerik.Sitefinity.Pages.Model.PageNode action : Updated


----------------------------------------
----------------------------------------
Timestamp: 04/06/2023 15.29.26

Message: Page url id updated


----------------------------------------
----------------------------------------
Timestamp: 04/06/2023 15.29.33

Message: contentType : Telerik.Sitefinity.Pages.Model.PageNode action : Updated


----------------------------------------
----------------------------------------
Timestamp: 04/06/2023 15.29.33

Message: Page url id updated


----------------------------------------
----------------------------------------
Timestamp: 04/06/2023 15.29.33

Message: contentType : Telerik.Sitefinity.Pages.Model.PageNode action : Updated


----------------------------------------
----------------------------------------
Timestamp: 04/06/2023 15.29.33

Message: Page url id updated


----------------------------------------
----------------------------------------
Timestamp: 04/06/2023 15.29.40

Message: contentType : Telerik.Sitefinity.Pages.Model.PageNode action : Updated


----------------------------------------
----------------------------------------
Timestamp: 04/06/2023 15.29.40

Message: Page url id updated


----------------------------------------
----------------------------------------
Timestamp: 04/06/2023 15.29.40

Message: contentType : Telerik.Sitefinity.Pages.Model.PageNode action : Updated


----------------------------------------
----------------------------------------
Timestamp: 04/06/2023 15.29.40

Message: Page url id updated


----------------------------------------
----------------------------------------
Timestamp: 6/4/2023 3:30:28 PM

Message: contentType : Telerik.Sitefinity.Pages.Model.PageNode action : Updated


----------------------------------------
----------------------------------------
Timestamp: 04/06/2023 15.30.28

Message: Page url id updated


----------------------------------------
----------------------------------------
Timestamp: 6/4/2023 3:30:39 PM

Message: Scheduler: Task executed: 'Telerik.Sitefinity.Security.ChangePermissionsTask'. Start time: 6/4/2023 3:30:39 PM. End time: 6/4/2023 3:30:39 PM. Task data: '{"ActionName":"View","CurrentUserClaims":[{"m_issuer":"https:\/\/www.ihhmalaysia-international.com\/","m_originalIssuer":"https:\/\/www.ihhmalaysia-international.com\/","m_properties":null,"m_type":"http:\/\/schemas.sitefinity.com\/ws\/2011\/06\/identity\/claims\/userid","m_value":"6a505fec-a640-44e9-8027-4eba09a35a1b","m_valueType":"http:\/\/www.w3.org\/2001\/XMLSchema#string"},{"m_issuer":"https:\/\/www.ihhmalaysia-international.com\/","m_originalIssuer":"https:\/\/www.ihhmalaysia-international.com\/","m_properties":null,"m_type":"http:\/\/schemas.xmlsoap.org\/ws\/2005\/05\/identity\/claims\/name","m_value":"siyi@vintedge.com","m_valueType":"http:\/\/www.w3.org\/2001\/XMLSchema#string"},{"m_issuer":"https:\/\/www.ihhmalaysia-international.com\/","m_originalIssuer":"https:\/\/www.ihhmalaysia-international.com\/","m_properties":null,"m_type":"http:\/\/schemas.sitefinity.com\/ws\/2011\/06\/identity\/claims\/domain","m_value":"Default","m_valueType":"http:\/\/www.w3.org\/2001\/XMLSchema#string"},{"m_issuer":"https:\/\/www.ihhmalaysia-international.com\/","m_originalIssuer":"https:\/\/www.ihhmalaysia-international.com\/","m_properties":null,"m_type":"http:\/\/schemas.sitefinity.com\/ws\/2011\/06\/identity\/claims\/lastlogindate","m_value":"2023-06-04 14:55:54Z","m_valueType":"http:\/\/www.w3.org\/2001\/XMLSchema#dateTime"},{"m_issuer":"https:\/\/www.ihhmalaysia-international.com\/","m_originalIssuer":"https:\/\/www.ihhmalaysia-international.com\/","m_properties":null,"m_type":"http:\/\/schemas.sitefinity.com\/ws\/2011\/06\/identity\/claims\/role","m_value":"450ed23e-75f0-4ad8-9d23-5f1db5f70c17;Everyone;XmlConfigProvider","m_valueType":"http:\/\/www.w3.org\/2001\/XMLSchema#string"},{"m_issuer":"https:\/\/www.ihhmalaysia-international.com\/","m_originalIssuer":"https:\/\/www.ihhmalaysia-international.com\/","m_properties":null,"m_type":"http:\/\/schemas.sitefinity.com\/ws\/2011\/06\/identity\/claims\/role","m_value":"06b529d9-6113-450b-a644-96915f83c76a;Authenticated;XmlConfigProvider","m_valueType":"http:\/\/www.w3.org\/2001\/XMLSchema#string"},{"m_issuer":"https:\/\/www.ihhmalaysia-international.com\/","m_originalIssuer":"https:\/\/www.ihhmalaysia-international.com\/","m_properties":null,"m_type":"http:\/\/schemas.sitefinity.com\/ws\/2011\/06\/identity\/claims\/role","m_value":"01495dba-3ab1-462a-8edf-42831b274f63;Administrators;AppRoles","m_valueType":"http:\/\/www.w3.org\/2001\/XMLSchema#string"},{"m_issuer":"LOCAL AUTHORITY","m_originalIssuer":"LOCAL AUTHORITY","m_properties":null,"m_type":"http:\/\/schemas.sitefinity.com\/ws\/2011\/06\/identity\/claims\/issuedate","m_value":"2023-06-04 14:55:54Z","m_valueType":"http:\/\/www.w3.org\/2001\/XMLSchema#string"},{"m_issuer":"LOCAL AUTHORITY","m_originalIssuer":"LOCAL AUTHORITY","m_properties":null,"m_type":"http:\/\/schemas.sitefinity.com\/ws\/2011\/06\/identity\/claims\/tokenid","m_value":"4528ddfe-d5eb-40fb-962f-cd3bf056e836","m_valueType":"http:\/\/www.w3.org\/2001\/XMLSchema#string"},{"m_issuer":"LOCAL AUTHORITY","m_originalIssuer":"LOCAL AUTHORITY","m_properties":null,"m_type":"http:\/\/schemas.sitefinity.com\/ws\/2011\/06\/identity\/claims\/adjusted","m_value":"","m_valueType":"http:\/\/www.w3.org\/2001\/XMLSchema#string"}],"CurrentUserId":"6a505fec-a640-44e9-8027-4eba09a35a1b","DataProviderName":"OpenAccessDataProvider","DynamicDataProviderName":null,"ManagerClassName":"Telerik.Sitefinity.Modules.Pages.PageManager, Telerik.Sitefinity, Version=14.3.8000.0, Culture=neutral, PublicKeyToken=b28c218413bdf563","PermissionObjectRootID":"b36a4321-be7a-4b86-bfc9-5a4efb3a71ae","PermissionsSetName":"Pages","Principals":[],"RootId":"6addaace-3783-436a-a08d-d01ec80c82d6","SecuredObjectID":"6addaace-3783-436a-a08d-d01ec80c82d6","SecuredObjectType":"Telerik.Sitefinity.Pages.Model.PageNode","TransactionName":"permissionInheritanceTransactionNamecc43dec4-9e5d-4737-876f-b07aeb8b352e"}'


----------------------------------------
----------------------------------------
Timestamp: 6/4/2023 3:32:01 PM

Message: contentType : Telerik.Sitefinity.Pages.Model.PageNode action : Updated


----------------------------------------
----------------------------------------
Timestamp: 6/4/2023 3:32:12 PM

Message: Scheduler: Task executed: 'Telerik.Sitefinity.Security.ChangePermissionsTask'. Start time: 6/4/2023 3:32:11 PM. End time: 6/4/2023 3:32:12 PM. Task data: '{"ActionName":"View","CurrentUserClaims":[{"m_issuer":"https:\/\/www.ihhmalaysia-international.com\/","m_originalIssuer":"https:\/\/www.ihhmalaysia-international.com\/","m_properties":null,"m_type":"http:\/\/schemas.sitefinity.com\/ws\/2011\/06\/identity\/claims\/userid","m_value":"6a505fec-a640-44e9-8027-4eba09a35a1b","m_valueType":"http:\/\/www.w3.org\/2001\/XMLSchema#string"},{"m_issuer":"https:\/\/www.ihhmalaysia-international.com\/","m_originalIssuer":"https:\/\/www.ihhmalaysia-international.com\/","m_properties":null,"m_type":"http:\/\/schemas.xmlsoap.org\/ws\/2005\/05\/identity\/claims\/name","m_value":"siyi@vintedge.com","m_valueType":"http:\/\/www.w3.org\/2001\/XMLSchema#string"},{"m_issuer":"https:\/\/www.ihhmalaysia-international.com\/","m_originalIssuer":"https:\/\/www.ihhmalaysia-international.com\/","m_properties":null,"m_type":"http:\/\/schemas.sitefinity.com\/ws\/2011\/06\/identity\/claims\/domain","m_value":"Default","m_valueType":"http:\/\/www.w3.org\/2001\/XMLSchema#string"},{"m_issuer":"https:\/\/www.ihhmalaysia-international.com\/","m_originalIssuer":"https:\/\/www.ihhmalaysia-international.com\/","m_properties":null,"m_type":"http:\/\/schemas.sitefinity.com\/ws\/2011\/06\/identity\/claims\/lastlogindate","m_value":"2023-06-04 14:55:54Z","m_valueType":"http:\/\/www.w3.org\/2001\/XMLSchema#dateTime"},{"m_issuer":"https:\/\/www.ihhmalaysia-international.com\/","m_originalIssuer":"https:\/\/www.ihhmalaysia-international.com\/","m_properties":null,"m_type":"http:\/\/schemas.sitefinity.com\/ws\/2011\/06\/identity\/claims\/role","m_value":"450ed23e-75f0-4ad8-9d23-5f1db5f70c17;Everyone;XmlConfigProvider","m_valueType":"http:\/\/www.w3.org\/2001\/XMLSchema#string"},{"m_issuer":"https:\/\/www.ihhmalaysia-international.com\/","m_originalIssuer":"https:\/\/www.ihhmalaysia-international.com\/","m_properties":null,"m_type":"http:\/\/schemas.sitefinity.com\/ws\/2011\/06\/identity\/claims\/role","m_value":"06b529d9-6113-450b-a644-96915f83c76a;Authenticated;XmlConfigProvider","m_valueType":"http:\/\/www.w3.org\/2001\/XMLSchema#string"},{"m_issuer":"https:\/\/www.ihhmalaysia-international.com\/","m_originalIssuer":"https:\/\/www.ihhmalaysia-international.com\/","m_properties":null,"m_type":"http:\/\/schemas.sitefinity.com\/ws\/2011\/06\/identity\/claims\/role","m_value":"01495dba-3ab1-462a-8edf-42831b274f63;Administrators;AppRoles","m_valueType":"http:\/\/www.w3.org\/2001\/XMLSchema#string"},{"m_issuer":"LOCAL AUTHORITY","m_originalIssuer":"LOCAL AUTHORITY","m_properties":null,"m_type":"http:\/\/schemas.sitefinity.com\/ws\/2011\/06\/identity\/claims\/issuedate","m_value":"2023-06-04 14:55:54Z","m_valueType":"http:\/\/www.w3.org\/2001\/XMLSchema#string"},{"m_issuer":"LOCAL AUTHORITY","m_originalIssuer":"LOCAL AUTHORITY","m_properties":null,"m_type":"http:\/\/schemas.sitefinity.com\/ws\/2011\/06\/identity\/claims\/tokenid","m_value":"4528ddfe-d5eb-40fb-962f-cd3bf056e836","m_valueType":"http:\/\/www.w3.org\/2001\/XMLSchema#string"},{"m_issuer":"LOCAL AUTHORITY","m_originalIssuer":"LOCAL AUTHORITY","m_properties":null,"m_type":"http:\/\/schemas.sitefinity.com\/ws\/2011\/06\/identity\/claims\/adjusted","m_value":"","m_valueType":"http:\/\/www.w3.org\/2001\/XMLSchema#string"}],"CurrentUserId":"6a505fec-a640-44e9-8027-4eba09a35a1b","DataProviderName":"OpenAccessDataProvider","DynamicDataProviderName":null,"ManagerClassName":"Telerik.Sitefinity.Modules.Pages.PageManager, Telerik.Sitefinity, Version=14.3.8000.0, Culture=neutral, PublicKeyToken=b28c218413bdf563","PermissionObjectRootID":"b36a4321-be7a-4b86-bfc9-5a4efb3a71ae","PermissionsSetName":"Pages","Principals":[],"RootId":"31ce47fc-6178-4b70-9610-c2567a6a4190","SecuredObjectID":"31ce47fc-6178-4b70-9610-c2567a6a4190","SecuredObjectType":"Telerik.Sitefinity.Pages.Model.PageNode","TransactionName":"permissionInheritanceTransactionName1e45fb36-d0b0-43ca-89fb-ce9cc9b520bb"}'


----------------------------------------
----------------------------------------
Timestamp: 6/4/2023 3:32:35 PM

Message: contentType : Telerik.Sitefinity.Pages.Model.PageNode action : Deleted


----------------------------------------
----------------------------------------
Timestamp: 6/4/2023 3:43:25 PM

Message: contentType : Telerik.Sitefinity.Pages.Model.PageTemplate action : Updated


----------------------------------------
----------------------------------------
Timestamp: 6/4/2023 3:51:18 PM

Message: contentType : Telerik.Sitefinity.Pages.Model.PageTemplate action : Updated


----------------------------------------
----------------------------------------
Timestamp: 6/4/2023 3:57:51 PM

Message: contentType : Telerik.Sitefinity.Pages.Model.ControlPresentation action : Updated


----------------------------------------
----------------------------------------
Timestamp: 6/4/2023 4:00:05 PM

Message: Scheduler: Task executed: 'Telerik.Sitefinity.ServiceHooks.Scheduling.ServiceHooksActivitiesCleanupTask'. Start time: 6/4/2023 4:00:05 PM. End time: 6/4/2023 4:00:05 PM. Task data: ''


----------------------------------------
----------------------------------------
Timestamp: 6/4/2023 4:00:05 PM

Message: Scheduler: Task executed: 'Telerik.Sitefinity.Translations.Synchronization.TranslationSyncTask'. Start time: 6/4/2023 4:00:05 PM. End time: 6/4/2023 4:00:05 PM. Task data: ''


----------------------------------------
----------------------------------------
Timestamp: 6/4/2023 4:00:05 PM

Message: Scheduler: Task executed: 'Telerik.Sitefinity.Authentication.Data.TransientDataCleanupTask'. Start time: 6/4/2023 4:00:05 PM. End time: 6/4/2023 4:00:05 PM. Task data: ''


----------------------------------------
----------------------------------------
Timestamp: 6/4/2023 4:00:05 PM

Message: Scheduler: Task executed: 'Telerik.Sitefinity.Services.Notifications.Scheduling.NotificationsCleanupTask'. Start time: 6/4/2023 4:00:05 PM. End time: 6/4/2023 4:00:05 PM. Task data: ''


----------------------------------------
----------------------------------------
Timestamp: 6/4/2023 4:00:05 PM

Message: Scheduler: Task executed: 'Telerik.Sitefinity.Translations.Synchronization.TranslationImportTask'. Start time: 6/4/2023 4:00:05 PM. End time: 6/4/2023 4:00:05 PM. Task data: ''


----------------------------------------
----------------------------------------
Timestamp: 6/4/2023 4:14:11 PM

Message: contentType : Telerik.Sitefinity.Pages.Model.PageTemplate action : Updated


----------------------------------------
----------------------------------------
Timestamp: 6/4/2023 4:19:29 PM

Message: contentType : Telerik.Sitefinity.Pages.Model.ControlPresentation action : Updated


----------------------------------------
----------------------------------------
Timestamp: 6/4/2023 4:19:29 PM

Message: contentType : Telerik.Sitefinity.Pages.Model.ControlPresentation action : New


----------------------------------------
----------------------------------------
Timestamp: 6/4/2023 4:19:29 PM

Message: contentType : Telerik.Sitefinity.Pages.Model.ControlPresentation action : Updated


----------------------------------------
----------------------------------------
Timestamp: 6/4/2023 4:20:04 PM

Message: contentType : Telerik.Sitefinity.Pages.Model.PageTemplate action : Updated


----------------------------------------
----------------------------------------
Timestamp: 6/4/2023 4:20:05 PM

Message: contentType : Telerik.Sitefinity.Pages.Model.PageTemplate action : Updated


----------------------------------------
----------------------------------------
Timestamp: 6/4/2023 4:20:41 PM

Message: contentType : Telerik.Sitefinity.Pages.Model.PageTemplate action : Updated


----------------------------------------
----------------------------------------
Timestamp: 6/4/2023 4:21:31 PM

Message: contentType : Telerik.Sitefinity.Pages.Model.PageTemplate action : Updated


----------------------------------------
----------------------------------------
Timestamp: 6/4/2023 4:21:31 PM

Message: contentType : Telerik.Sitefinity.Pages.Model.PageTemplate action : Updated


----------------------------------------
----------------------------------------
Timestamp: 6/4/2023 4:37:45 PM

Message: contentType : Telerik.Sitefinity.DynamicTypes.Model.Hospitals.Packageandpromotions action : Updated


----------------------------------------
----------------------------------------
Timestamp: 6/4/2023 4:37:45 PM

Message: contentType : Telerik.Sitefinity.DynamicTypes.Model.Hospitals.Packageandpromotions action : Updated


----------------------------------------
----------------------------------------
Timestamp: 6/4/2023 4:37:49 PM

Message: contentType : Telerik.Sitefinity.DynamicTypes.Model.Hospitals.Packageandpromotions action : Updated


----------------------------------------
----------------------------------------
Timestamp: 6/4/2023 4:37:49 PM

Message: contentType : Telerik.Sitefinity.DynamicTypes.Model.Hospitals.Packageandpromotions action : Updated


----------------------------------------
----------------------------------------
Timestamp: 04/06/2023 16.37.53

Message: contentType : Telerik.Sitefinity.DynamicTypes.Model.Hospitals.Packageandpromotions action : New


----------------------------------------
----------------------------------------
Timestamp: 04/06/2023 16.37.53

Message: contentType : Telerik.Sitefinity.DynamicTypes.Model.Hospitals.Packageandpromotions action : New


----------------------------------------
----------------------------------------
Timestamp: 04/06/2023 16.39.49

Message: contentType : Telerik.Sitefinity.DynamicTypes.Model.Hospitals.Packageandpromotions action : Updated


----------------------------------------
----------------------------------------
Timestamp: 04/06/2023 16.39.49

Message: contentType : Telerik.Sitefinity.DynamicTypes.Model.Hospitals.Packageandpromotions action : Updated


----------------------------------------
----------------------------------------
Timestamp: 04/06/2023 16.39.50

Message: contentType : Telerik.Sitefinity.DynamicTypes.Model.Hospitals.Packageandpromotions action : Updated


----------------------------------------
----------------------------------------
Timestamp: 04/06/2023 16.39.50

Message: contentType : Telerik.Sitefinity.DynamicTypes.Model.Hospitals.Packageandpromotions action : New


----------------------------------------
----------------------------------------
Timestamp: 04/06/2023 16.39.50

Message: contentType : Telerik.Sitefinity.DynamicTypes.Model.Hospitals.Packageandpromotions action : New


----------------------------------------
----------------------------------------
Timestamp: 04/06/2023 16.39.50

Message: contentType : Telerik.Sitefinity.DynamicTypes.Model.Hospitals.Packageandpromotions action : Updated


----------------------------------------
----------------------------------------
Timestamp: 6/4/2023 4:39:50 PM

Message: contentType : Telerik.Sitefinity.DynamicTypes.Model.Hospitals.Packageandpromotions action : New


----------------------------------------
----------------------------------------
Timestamp: 6/4/2023 4:39:50 PM

Message: contentType : Telerik.Sitefinity.DynamicTypes.Model.Hospitals.Packageandpromotions action : New


----------------------------------------
----------------------------------------
Timestamp: 6/4/2023 4:40:03 PM

Message: contentType : Telerik.Sitefinity.DynamicTypes.Model.Hospitals.Packageandpromotions action : Updated


----------------------------------------
----------------------------------------
Timestamp: 6/4/2023 4:40:03 PM

Message: contentType : Telerik.Sitefinity.DynamicTypes.Model.Hospitals.Packageandpromotions action : Updated


----------------------------------------
----------------------------------------
Timestamp: 6/4/2023 4:40:06 PM

Message: contentType : Telerik.Sitefinity.DynamicTypes.Model.Hospitals.Packageandpromotions action : Updated


----------------------------------------
----------------------------------------
Timestamp: 6/4/2023 4:40:06 PM

Message: contentType : Telerik.Sitefinity.DynamicTypes.Model.Hospitals.Packageandpromotions action : Updated


----------------------------------------
----------------------------------------
Timestamp: 04/06/2023 16.40.09

Message: contentType : Telerik.Sitefinity.DynamicTypes.Model.Hospitals.Packageandpromotions action : New


----------------------------------------
----------------------------------------
Timestamp: 04/06/2023 16.40.09

Message: contentType : Telerik.Sitefinity.DynamicTypes.Model.Hospitals.Packageandpromotions action : New


----------------------------------------
----------------------------------------
Timestamp: 04/06/2023 16.40.25

Message: contentType : Telerik.Sitefinity.DynamicTypes.Model.Hospitals.Packageandpromotions action : Updated


----------------------------------------
----------------------------------------
Timestamp: 04/06/2023 16.40.25

Message: contentType : Telerik.Sitefinity.DynamicTypes.Model.Hospitals.Packageandpromotions action : Updated


----------------------------------------
----------------------------------------
Timestamp: 04/06/2023 16.40.25

Message: contentType : Telerik.Sitefinity.DynamicTypes.Model.Hospitals.Packageandpromotions action : Updated


----------------------------------------
----------------------------------------
Timestamp: 04/06/2023 16.40.25

Message: contentType : Telerik.Sitefinity.DynamicTypes.Model.Hospitals.Packageandpromotions action : New


----------------------------------------
----------------------------------------
Timestamp: 04/06/2023 16.40.25

Message: contentType : Telerik.Sitefinity.DynamicTypes.Model.Hospitals.Packageandpromotions action : New


----------------------------------------
----------------------------------------
Timestamp: 04/06/2023 16.40.25

Message: contentType : Telerik.Sitefinity.DynamicTypes.Model.Hospitals.Packageandpromotions action : Updated


----------------------------------------
----------------------------------------
Timestamp: 6/4/2023 4:40:25 PM

Message: contentType : Telerik.Sitefinity.DynamicTypes.Model.Hospitals.Packageandpromotions action : New


----------------------------------------
----------------------------------------
Timestamp: 6/4/2023 4:40:25 PM

Message: contentType : Telerik.Sitefinity.DynamicTypes.Model.Hospitals.Packageandpromotions action : New


----------------------------------------
----------------------------------------
Timestamp: 04/06/2023 16.40.42

Message: contentType : Telerik.Sitefinity.DynamicTypes.Model.Hospitals.Packageandpromotions action : New


----------------------------------------
----------------------------------------
Timestamp: 04/06/2023 16.40.42

Message: contentType : Telerik.Sitefinity.DynamicTypes.Model.Hospitals.Packageandpromotions action : New


----------------------------------------
----------------------------------------
Timestamp: 04/06/2023 16.40.57

Message: contentType : Telerik.Sitefinity.DynamicTypes.Model.Hospitals.Packageandpromotions action : Updated


----------------------------------------
----------------------------------------
Timestamp: 04/06/2023 16.40.57

Message: contentType : Telerik.Sitefinity.DynamicTypes.Model.Hospitals.Packageandpromotions action : Updated


----------------------------------------
----------------------------------------
Timestamp: 04/06/2023 16.40.57

Message: contentType : Telerik.Sitefinity.DynamicTypes.Model.Hospitals.Packageandpromotions action : Updated


----------------------------------------
----------------------------------------
Timestamp: 04/06/2023 16.40.57

Message: contentType : Telerik.Sitefinity.DynamicTypes.Model.Hospitals.Packageandpromotions action : New


----------------------------------------
----------------------------------------
Timestamp: 04/06/2023 16.40.57

Message: contentType : Telerik.Sitefinity.DynamicTypes.Model.Hospitals.Packageandpromotions action : New


----------------------------------------
----------------------------------------
Timestamp: 04/06/2023 16.40.57

Message: contentType : Telerik.Sitefinity.DynamicTypes.Model.Hospitals.Packageandpromotions action : Updated


----------------------------------------
----------------------------------------
Timestamp: 6/4/2023 4:40:57 PM

Message: contentType : Telerik.Sitefinity.DynamicTypes.Model.Hospitals.Packageandpromotions action : New


----------------------------------------
----------------------------------------
Timestamp: 6/4/2023 4:40:57 PM

Message: contentType : Telerik.Sitefinity.DynamicTypes.Model.Hospitals.Packageandpromotions action : New


----------------------------------------
----------------------------------------
Timestamp: 04/06/2023 16.41.41

Message: contentType : Telerik.Sitefinity.DynamicTypes.Model.Hospitals.Packageandpromotions action : New


----------------------------------------
----------------------------------------
Timestamp: 04/06/2023 16.41.41

Message: contentType : Telerik.Sitefinity.DynamicTypes.Model.Hospitals.Packageandpromotions action : New


----------------------------------------
----------------------------------------
Timestamp: 04/06/2023 16.41.49

Message: contentType : Telerik.Sitefinity.DynamicTypes.Model.Hospitals.Packageandpromotions action : Updated


----------------------------------------
----------------------------------------
Timestamp: 04/06/2023 16.41.49

Message: contentType : Telerik.Sitefinity.DynamicTypes.Model.Hospitals.Packageandpromotions action : Updated


----------------------------------------
----------------------------------------
Timestamp: 04/06/2023 16.41.49

Message: contentType : Telerik.Sitefinity.DynamicTypes.Model.Hospitals.Packageandpromotions action : Updated


----------------------------------------
----------------------------------------
Timestamp: 04/06/2023 16.41.49

Message: contentType : Telerik.Sitefinity.DynamicTypes.Model.Hospitals.Packageandpromotions action : New


----------------------------------------
----------------------------------------
Timestamp: 04/06/2023 16.41.49

Message: contentType : Telerik.Sitefinity.DynamicTypes.Model.Hospitals.Packageandpromotions action : New


----------------------------------------
----------------------------------------
Timestamp: 04/06/2023 16.41.49

Message: contentType : Telerik.Sitefinity.DynamicTypes.Model.Hospitals.Packageandpromotions action : Updated


----------------------------------------
----------------------------------------
Timestamp: 6/4/2023 4:41:49 PM

Message: contentType : Telerik.Sitefinity.DynamicTypes.Model.Hospitals.Packageandpromotions action : New


----------------------------------------
----------------------------------------
Timestamp: 6/4/2023 4:41:49 PM

Message: contentType : Telerik.Sitefinity.DynamicTypes.Model.Hospitals.Packageandpromotions action : New


----------------------------------------
----------------------------------------
Timestamp: 04/06/2023 16.42.10

Message: contentType : Telerik.Sitefinity.DynamicTypes.Model.Hospitals.Packageandpromotions action : New


----------------------------------------
----------------------------------------
Timestamp: 04/06/2023 16.42.10

Message: contentType : Telerik.Sitefinity.DynamicTypes.Model.Hospitals.Packageandpromotions action : New


----------------------------------------
----------------------------------------
Timestamp: 04/06/2023 16.42.14

Message: contentType : Telerik.Sitefinity.DynamicTypes.Model.Hospitals.Packageandpromotions action : Updated


----------------------------------------
----------------------------------------
Timestamp: 04/06/2023 16.42.14

Message: contentType : Telerik.Sitefinity.DynamicTypes.Model.Hospitals.Packageandpromotions action : Updated


----------------------------------------
----------------------------------------
Timestamp: 04/06/2023 16.42.15

Message: contentType : Telerik.Sitefinity.DynamicTypes.Model.Hospitals.Packageandpromotions action : Updated


----------------------------------------
----------------------------------------
Timestamp: 04/06/2023 16.42.15

Message: contentType : Telerik.Sitefinity.DynamicTypes.Model.Hospitals.Packageandpromotions action : New


----------------------------------------
----------------------------------------
Timestamp: 04/06/2023 16.42.15

Message: contentType : Telerik.Sitefinity.DynamicTypes.Model.Hospitals.Packageandpromotions action : New


----------------------------------------
----------------------------------------
Timestamp: 04/06/2023 16.42.15

Message: contentType : Telerik.Sitefinity.DynamicTypes.Model.Hospitals.Packageandpromotions action : Updated


----------------------------------------
----------------------------------------
Timestamp: 6/4/2023 4:42:15 PM

Message: contentType : Telerik.Sitefinity.DynamicTypes.Model.Hospitals.Packageandpromotions action : New


----------------------------------------
----------------------------------------
Timestamp: 6/4/2023 4:42:15 PM

Message: contentType : Telerik.Sitefinity.DynamicTypes.Model.Hospitals.Packageandpromotions action : New


----------------------------------------
----------------------------------------
Timestamp: 6/4/2023 4:42:35 PM

Message: contentType : Telerik.Sitefinity.DynamicTypes.Model.Hospitals.Packageandpromotions action : Updated


----------------------------------------
----------------------------------------
Timestamp: 6/4/2023 4:42:35 PM

Message: contentType : Telerik.Sitefinity.DynamicTypes.Model.Hospitals.Packageandpromotions action : Updated


----------------------------------------
----------------------------------------
Timestamp: 6/4/2023 4:42:40 PM

Message: contentType : Telerik.Sitefinity.DynamicTypes.Model.Hospitals.Packageandpromotions action : Updated


----------------------------------------
----------------------------------------
Timestamp: 6/4/2023 4:42:40 PM

Message: contentType : Telerik.Sitefinity.DynamicTypes.Model.Hospitals.Packageandpromotions action : Updated


----------------------------------------
----------------------------------------
Timestamp: 04/06/2023 16.42.43

Message: contentType : Telerik.Sitefinity.DynamicTypes.Model.Hospitals.Packageandpromotions action : New


----------------------------------------
----------------------------------------
Timestamp: 04/06/2023 16.42.43

Message: contentType : Telerik.Sitefinity.DynamicTypes.Model.Hospitals.Packageandpromotions action : New


----------------------------------------
----------------------------------------
Timestamp: 04/06/2023 16.42.52

Message: contentType : Telerik.Sitefinity.DynamicTypes.Model.Hospitals.Packageandpromotions action : Updated


----------------------------------------
----------------------------------------
Timestamp: 04/06/2023 16.42.52

Message: contentType : Telerik.Sitefinity.DynamicTypes.Model.Hospitals.Packageandpromotions action : Updated


----------------------------------------
----------------------------------------
Timestamp: 04/06/2023 16.42.52

Message: contentType : Telerik.Sitefinity.DynamicTypes.Model.Hospitals.Packageandpromotions action : Updated


----------------------------------------
----------------------------------------
Timestamp: 04/06/2023 16.42.52

Message: contentType : Telerik.Sitefinity.DynamicTypes.Model.Hospitals.Packageandpromotions action : New


----------------------------------------
----------------------------------------
Timestamp: 04/06/2023 16.42.52

Message: contentType : Telerik.Sitefinity.DynamicTypes.Model.Hospitals.Packageandpromotions action : New


----------------------------------------
----------------------------------------
Timestamp: 04/06/2023 16.42.52

Message: contentType : Telerik.Sitefinity.DynamicTypes.Model.Hospitals.Packageandpromotions action : Updated


----------------------------------------
----------------------------------------
Timestamp: 6/4/2023 4:42:52 PM

Message: contentType : Telerik.Sitefinity.DynamicTypes.Model.Hospitals.Packageandpromotions action : New


----------------------------------------
----------------------------------------
Timestamp: 6/4/2023 4:42:53 PM

Message: contentType : Telerik.Sitefinity.DynamicTypes.Model.Hospitals.Packageandpromotions action : New


----------------------------------------
----------------------------------------
Timestamp: 6/4/2023 4:43:06 PM

Message: contentType : Telerik.Sitefinity.DynamicTypes.Model.Hospitals.Packageandpromotions action : Updated


----------------------------------------
----------------------------------------
Timestamp: 6/4/2023 4:43:06 PM

Message: contentType : Telerik.Sitefinity.DynamicTypes.Model.Hospitals.Packageandpromotions action : Updated


----------------------------------------
----------------------------------------
Timestamp: 6/4/2023 4:43:10 PM

Message: contentType : Telerik.Sitefinity.DynamicTypes.Model.Hospitals.Packageandpromotions action : Updated


----------------------------------------
----------------------------------------
Timestamp: 6/4/2023 4:43:10 PM

Message: contentType : Telerik.Sitefinity.DynamicTypes.Model.Hospitals.Packageandpromotions action : Updated


----------------------------------------
----------------------------------------
Timestamp: 04/06/2023 16.43.14

Message: contentType : Telerik.Sitefinity.DynamicTypes.Model.Hospitals.Packageandpromotions action : New


----------------------------------------
----------------------------------------
Timestamp: 04/06/2023 16.43.14

Message: contentType : Telerik.Sitefinity.DynamicTypes.Model.Hospitals.Packageandpromotions action : New


----------------------------------------
----------------------------------------
Timestamp: 04/06/2023 16.43.20

Message: contentType : Telerik.Sitefinity.DynamicTypes.Model.Hospitals.Packageandpromotions action : Updated


----------------------------------------
----------------------------------------
Timestamp: 04/06/2023 16.43.20

Message: contentType : Telerik.Sitefinity.DynamicTypes.Model.Hospitals.Packageandpromotions action : Updated


----------------------------------------
----------------------------------------
Timestamp: 04/06/2023 16.43.21

Message: contentType : Telerik.Sitefinity.DynamicTypes.Model.Hospitals.Packageandpromotions action : Updated


----------------------------------------
----------------------------------------
Timestamp: 04/06/2023 16.43.21

Message: contentType : Telerik.Sitefinity.DynamicTypes.Model.Hospitals.Packageandpromotions action : New


----------------------------------------
----------------------------------------
Timestamp: 04/06/2023 16.43.21

Message: contentType : Telerik.Sitefinity.DynamicTypes.Model.Hospitals.Packageandpromotions action : New


----------------------------------------
----------------------------------------
Timestamp: 04/06/2023 16.43.21

Message: contentType : Telerik.Sitefinity.DynamicTypes.Model.Hospitals.Packageandpromotions action : Updated


----------------------------------------
----------------------------------------
Timestamp: 6/4/2023 4:43:21 PM

Message: contentType : Telerik.Sitefinity.DynamicTypes.Model.Hospitals.Packageandpromotions action : New


----------------------------------------
----------------------------------------
Timestamp: 6/4/2023 4:43:21 PM

Message: contentType : Telerik.Sitefinity.DynamicTypes.Model.Hospitals.Packageandpromotions action : New


----------------------------------------
----------------------------------------
Timestamp: 04/06/2023 16.44.38

Message: contentType : Telerik.Sitefinity.DynamicTypes.Model.Hospitals.Packageandpromotions action : New


----------------------------------------
----------------------------------------
Timestamp: 04/06/2023 16.44.39

Message: contentType : Telerik.Sitefinity.DynamicTypes.Model.Hospitals.Packageandpromotions action : New


----------------------------------------
----------------------------------------
Timestamp: 04/06/2023 16.44.43

Message: contentType : Telerik.Sitefinity.DynamicTypes.Model.Hospitals.Packageandpromotions action : Updated


----------------------------------------
----------------------------------------
Timestamp: 04/06/2023 16.44.43

Message: contentType : Telerik.Sitefinity.DynamicTypes.Model.Hospitals.Packageandpromotions action : Updated


----------------------------------------
----------------------------------------
Timestamp: 04/06/2023 16.44.43

Message: contentType : Telerik.Sitefinity.DynamicTypes.Model.Hospitals.Packageandpromotions action : Updated


----------------------------------------
----------------------------------------
Timestamp: 04/06/2023 16.44.43

Message: contentType : Telerik.Sitefinity.DynamicTypes.Model.Hospitals.Packageandpromotions action : New


----------------------------------------
----------------------------------------
Timestamp: 04/06/2023 16.44.43

Message: contentType : Telerik.Sitefinity.DynamicTypes.Model.Hospitals.Packageandpromotions action : New


----------------------------------------
----------------------------------------
Timestamp: 04/06/2023 16.44.43

Message: contentType : Telerik.Sitefinity.DynamicTypes.Model.Hospitals.Packageandpromotions action : Updated


----------------------------------------
----------------------------------------
Timestamp: 6/4/2023 4:44:43 PM

Message: contentType : Telerik.Sitefinity.DynamicTypes.Model.Hospitals.Packageandpromotions action : New


----------------------------------------
----------------------------------------
Timestamp: 6/4/2023 4:44:43 PM

Message: contentType : Telerik.Sitefinity.DynamicTypes.Model.Hospitals.Packageandpromotions action : New


----------------------------------------
----------------------------------------
Timestamp: 04/06/2023 16.45.03

Message: contentType : Telerik.Sitefinity.DynamicTypes.Model.Hospitals.Packageandpromotions action : New


----------------------------------------
----------------------------------------
Timestamp: 04/06/2023 16.45.03

Message: contentType : Telerik.Sitefinity.DynamicTypes.Model.Hospitals.Packageandpromotions action : New


----------------------------------------
----------------------------------------
Timestamp: 04/06/2023 16.45.08

Message: contentType : Telerik.Sitefinity.DynamicTypes.Model.Hospitals.Packageandpromotions action : Updated


----------------------------------------
----------------------------------------
Timestamp: 04/06/2023 16.45.08

Message: contentType : Telerik.Sitefinity.DynamicTypes.Model.Hospitals.Packageandpromotions action : Updated


----------------------------------------
----------------------------------------
Timestamp: 04/06/2023 16.45.08

Message: contentType : Telerik.Sitefinity.DynamicTypes.Model.Hospitals.Packageandpromotions action : Updated


----------------------------------------
----------------------------------------
Timestamp: 04/06/2023 16.45.08

Message: contentType : Telerik.Sitefinity.DynamicTypes.Model.Hospitals.Packageandpromotions action : New


----------------------------------------
----------------------------------------
Timestamp: 04/06/2023 16.45.08

Message: contentType : Telerik.Sitefinity.DynamicTypes.Model.Hospitals.Packageandpromotions action : New


----------------------------------------
----------------------------------------
Timestamp: 04/06/2023 16.45.08

Message: contentType : Telerik.Sitefinity.DynamicTypes.Model.Hospitals.Packageandpromotions action : Updated


----------------------------------------
----------------------------------------
Timestamp: 6/4/2023 4:45:08 PM

Message: contentType : Telerik.Sitefinity.DynamicTypes.Model.Hospitals.Packageandpromotions action : New


----------------------------------------
----------------------------------------
Timestamp: 6/4/2023 4:45:08 PM

Message: contentType : Telerik.Sitefinity.DynamicTypes.Model.Hospitals.Packageandpromotions action : New


----------------------------------------
----------------------------------------
Timestamp: 6/4/2023 10:01:01 PM

Message: Scheduler: Task executed: 'Telerik.Sitefinity.ABTesting.Scheduling.ABTestsSyncTask'. Start time: 6/4/2023 10:01:01 PM. End time: 6/4/2023 10:01:01 PM. Task data: ''


----------------------------------------
----------------------------------------
Timestamp: 6/5/2023 12:00:00 AM

Message: Scheduler: Task executed: 'Telerik.Sitefinity.ExternalNotifications.ExternalNotificationsRetrieverTask'. Start time: 6/5/2023 12:00:00 AM. End time: 6/5/2023 12:00:00 AM. Task data: '{}'


----------------------------------------
----------------------------------------
Timestamp: 6/5/2023 12:00:02 AM

Message: Scheduler: Task executed: 'Telerik.Sitefinity.Services.Notifications.Scheduling.NotificationsCleanupTask'. Start time: 6/5/2023 12:00:02 AM. End time: 6/5/2023 12:00:02 AM. Task data: ''


----------------------------------------
----------------------------------------
Timestamp: 6/5/2023 12:00:02 AM

Message: Scheduler: Task executed: 'Telerik.Sitefinity.Translations.Synchronization.TranslationSyncTask'. Start time: 6/5/2023 12:00:02 AM. End time: 6/5/2023 12:00:02 AM. Task data: ''


----------------------------------------
----------------------------------------
Timestamp: 6/5/2023 12:00:02 AM

Message: Scheduler: Task executed: 'Telerik.Sitefinity.ServiceHooks.Scheduling.ServiceHooksActivitiesCleanupTask'. Start time: 6/5/2023 12:00:02 AM. End time: 6/5/2023 12:00:02 AM. Task data: ''


----------------------------------------
----------------------------------------
Timestamp: 6/5/2023 12:00:02 AM

Message: Scheduler: Task executed: 'Telerik.Sitefinity.Authentication.Data.TransientDataCleanupTask'. Start time: 6/5/2023 12:00:02 AM. End time: 6/5/2023 12:00:02 AM. Task data: ''


----------------------------------------
----------------------------------------
Timestamp: 6/5/2023 6:19:44 AM

Message: contentType : Telerik.Sitefinity.DynamicTypes.Model.Form.Appointments action : New


----------------------------------------
----------------------------------------
Timestamp: 6/5/2023 6:19:44 AM

Message: contentType : Telerik.Sitefinity.DynamicTypes.Model.Form.Appointments action : New


----------------------------------------
----------------------------------------
Timestamp: 6/5/2023 6:19:44 AM

Message: contentType : Telerik.Sitefinity.DynamicTypes.Model.Form.Appointments action : New


----------------------------------------
----------------------------------------
Timestamp: 6/5/2023 6:19:44 AM

Message: APpoiintment not image base64 value, SKIP


----------------------------------------
----------------------------------------
Timestamp: 6/5/2023 6:19:44 AM

Message: contentType : Telerik.Sitefinity.DynamicTypes.Model.Form.Appointments action : New


----------------------------------------
----------------------------------------
Timestamp: 6/5/2023 6:19:44 AM

Message: APpoiintment not image base64 value, SKIP


----------------------------------------
----------------------------------------
Timestamp: 6/5/2023 6:19:45 AM

Message: contentType : Telerik.Sitefinity.DynamicTypes.Model.Form.Appointments action : Updated


----------------------------------------
----------------------------------------
Timestamp: 6/5/2023 6:19:45 AM

Message: contentType : Telerik.Sitefinity.DynamicTypes.Model.Form.Appointments action : Updated


----------------------------------------
----------------------------------------
Timestamp: 6/5/2023 6:19:45 AM

Message: contentType : Telerik.Sitefinity.DynamicTypes.Model.Form.Appointments action : New


----------------------------------------
----------------------------------------
Timestamp: 6/5/2023 6:19:45 AM

Message: contentType : Telerik.Sitefinity.DynamicTypes.Model.Form.Appointments action : Updated


----------------------------------------
----------------------------------------
Timestamp: 6/5/2023 6:19:50 AM

Message: contentType : Telerik.Sitefinity.DynamicTypes.Model.Form.Appointments action : Updated


----------------------------------------
----------------------------------------
Timestamp: 6/5/2023 6:19:50 AM

Message: contentType : Telerik.Sitefinity.DynamicTypes.Model.Form.Appointments action : New


----------------------------------------
----------------------------------------
Timestamp: 6/5/2023 6:19:50 AM

Message: APpoiintment not image base64 value, SKIP


----------------------------------------
----------------------------------------
Timestamp: 6/5/2023 7:46:12 AM

Message: contentType : Telerik.Sitefinity.DynamicTypes.Model.Form.Appointments action : New


----------------------------------------
----------------------------------------
Timestamp: 6/5/2023 7:46:12 AM

Message: contentType : Telerik.Sitefinity.DynamicTypes.Model.Form.Appointments action : New


----------------------------------------
----------------------------------------
Timestamp: 6/5/2023 7:46:12 AM

Message: contentType : Telerik.Sitefinity.DynamicTypes.Model.Form.Appointments action : New


----------------------------------------
----------------------------------------
Timestamp: 6/5/2023 7:46:12 AM

Message: APpoiintment not image base64 value, SKIP


----------------------------------------
----------------------------------------
Timestamp: 6/5/2023 7:46:12 AM

Message: contentType : Telerik.Sitefinity.DynamicTypes.Model.Form.Appointments action : New


----------------------------------------
----------------------------------------
Timestamp: 6/5/2023 7:46:12 AM

Message: APpoiintment not image base64 value, SKIP


----------------------------------------
----------------------------------------
Timestamp: 6/5/2023 7:46:13 AM

Message: contentType : Telerik.Sitefinity.DynamicTypes.Model.Form.Appointments action : Updated


----------------------------------------
----------------------------------------
Timestamp: 6/5/2023 7:46:13 AM

Message: contentType : Telerik.Sitefinity.DynamicTypes.Model.Form.Appointments action : Updated


----------------------------------------
----------------------------------------
Timestamp: 6/5/2023 7:46:13 AM

Message: contentType : Telerik.Sitefinity.DynamicTypes.Model.Form.Appointments action : New


----------------------------------------
----------------------------------------
Timestamp: 6/5/2023 7:46:13 AM

Message: contentType : Telerik.Sitefinity.DynamicTypes.Model.Form.Appointments action : Updated


----------------------------------------
----------------------------------------
Timestamp: 6/5/2023 7:46:17 AM

Message: contentType : Telerik.Sitefinity.DynamicTypes.Model.Form.Appointments action : Updated


----------------------------------------
----------------------------------------
Timestamp: 6/5/2023 7:46:17 AM

Message: contentType : Telerik.Sitefinity.DynamicTypes.Model.Form.Appointments action : New


----------------------------------------
----------------------------------------
Timestamp: 6/5/2023 7:46:17 AM

Message: APpoiintment not image base64 value, SKIP


----------------------------------------
----------------------------------------
Timestamp: 6/5/2023 9:59:40 AM

Message: contentType : Telerik.Sitefinity.DynamicTypes.Model.Form.Appointments action : New


----------------------------------------
----------------------------------------
Timestamp: 6/5/2023 9:59:40 AM

Message: contentType : Telerik.Sitefinity.DynamicTypes.Model.Form.Appointments action : New


----------------------------------------
----------------------------------------
Timestamp: 6/5/2023 9:59:40 AM

Message: contentType : Telerik.Sitefinity.DynamicTypes.Model.Form.Appointments action : New


----------------------------------------
----------------------------------------
Timestamp: 6/5/2023 9:59:40 AM

Message: APpoiintment not image base64 value, SKIP


----------------------------------------
----------------------------------------
Timestamp: 6/5/2023 9:59:40 AM

Message: contentType : Telerik.Sitefinity.DynamicTypes.Model.Form.Appointments action : New


----------------------------------------
----------------------------------------
Timestamp: 6/5/2023 9:59:40 AM

Message: APpoiintment not image base64 value, SKIP


----------------------------------------
----------------------------------------
Timestamp: 6/5/2023 9:59:40 AM

Message: contentType : Telerik.Sitefinity.DynamicTypes.Model.Form.Appointments action : Updated


----------------------------------------
----------------------------------------
Timestamp: 6/5/2023 9:59:40 AM

Message: contentType : Telerik.Sitefinity.DynamicTypes.Model.Form.Appointments action : Updated


----------------------------------------
----------------------------------------
Timestamp: 6/5/2023 9:59:40 AM

Message: contentType : Telerik.Sitefinity.DynamicTypes.Model.Form.Appointments action : New


----------------------------------------
----------------------------------------
Timestamp: 6/5/2023 9:59:40 AM

Message: contentType : Telerik.Sitefinity.DynamicTypes.Model.Form.Appointments action : Updated


----------------------------------------
----------------------------------------
Timestamp: 6/5/2023 9:59:45 AM

Message: contentType : Telerik.Sitefinity.DynamicTypes.Model.Form.Appointments action : Updated


----------------------------------------
----------------------------------------
Timestamp: 6/5/2023 9:59:46 AM

Message: contentType : Telerik.Sitefinity.DynamicTypes.Model.Form.Appointments action : New


----------------------------------------
----------------------------------------
Timestamp: 6/5/2023 9:59:46 AM

Message: APpoiintment not image base64 value, SKIP


----------------------------------------
----------------------------------------
Timestamp: 6/5/2023 10:06:07 AM

Message: contentType : Telerik.Sitefinity.DynamicTypes.Model.Form.Appointments action : New


----------------------------------------
----------------------------------------
Timestamp: 6/5/2023 10:06:07 AM

Message: contentType : Telerik.Sitefinity.DynamicTypes.Model.Form.Appointments action : New


----------------------------------------
----------------------------------------
Timestamp: 6/5/2023 10:06:07 AM

Message: contentType : Telerik.Sitefinity.DynamicTypes.Model.Form.Appointments action : New


----------------------------------------
----------------------------------------
Timestamp: 6/5/2023 10:06:07 AM

Message: APpoiintment not image base64 value, SKIP


----------------------------------------
----------------------------------------
Timestamp: 6/5/2023 10:06:07 AM

Message: contentType : Telerik.Sitefinity.DynamicTypes.Model.Form.Appointments action : New


----------------------------------------
----------------------------------------
Timestamp: 6/5/2023 10:06:07 AM

Message: APpoiintment not image base64 value, SKIP


----------------------------------------
----------------------------------------
Timestamp: 6/5/2023 10:06:07 AM

Message: contentType : Telerik.Sitefinity.DynamicTypes.Model.Form.Appointments action : Updated


----------------------------------------
----------------------------------------
Timestamp: 6/5/2023 10:06:07 AM

Message: contentType : Telerik.Sitefinity.DynamicTypes.Model.Form.Appointments action : Updated


----------------------------------------
----------------------------------------
Timestamp: 6/5/2023 10:06:07 AM

Message: contentType : Telerik.Sitefinity.DynamicTypes.Model.Form.Appointments action : New


----------------------------------------
----------------------------------------
Timestamp: 6/5/2023 10:06:07 AM

Message: contentType : Telerik.Sitefinity.DynamicTypes.Model.Form.Appointments action : Updated


----------------------------------------
----------------------------------------
Timestamp: 6/5/2023 10:06:11 AM

Message: contentType : Telerik.Sitefinity.DynamicTypes.Model.Form.Appointments action : Updated


----------------------------------------
----------------------------------------
Timestamp: 6/5/2023 10:06:12 AM

Message: contentType : Telerik.Sitefinity.DynamicTypes.Model.Form.Appointments action : New


----------------------------------------
----------------------------------------
Timestamp: 6/5/2023 10:06:12 AM

Message: APpoiintment not image base64 value, SKIP


----------------------------------------
